<?xml version="1.0" encoding="UTF-8"?>
<testsuite xmlns:xsi="http://www.w3.org/2001/XMLSchema-instance" xsi:noNamespaceSchemaLocation="https://maven.apache.org/surefire/maven-surefire-plugin/xsd/surefire-test-report-3.0.xsd" version="3.0" name="testRunner.TestRunner" time="20.361" tests="2" errors="0" skipped="0" failures="0">
  <properties>
    <property name="java.specification.version" value="17"/>
    <property name="webdriver.chrome.driver" value="C:\Users\loges\.cache\selenium\chromedriver\win64\122.0.6261.94\chromedriver.exe"/>
    <property name="sun.cpu.isalist" value="amd64"/>
    <property name="sun.jnu.encoding" value="Cp1252"/>
    <property name="java.class.path" value="D:\Eclipse Workspace\SecondMavenCucumberProject\target\test-classes;D:\Eclipse Workspace\SecondMavenCucumberProject\target\classes;C:\Users\loges\.m2\repository\ch\qos\logback\logback-classic\1.2.6\logback-classic-1.2.6.jar;C:\Users\loges\.m2\repository\ch\qos\logback\logback-core\1.2.6\logback-core-1.2.6.jar;C:\Users\loges\.m2\repository\org\slf4j\slf4j-api\1.7.32\slf4j-api-1.7.32.jar;C:\Users\loges\.m2\repository\org\testng\testng\7.9.0\testng-7.9.0.jar;C:\Users\loges\.m2\repository\com\beust\jcommander\1.82\jcommander-1.82.jar;C:\Users\loges\.m2\repository\org\webjars\jquery\3.7.1\jquery-3.7.1.jar;C:\Users\loges\.m2\repository\org\projectlombok\lombok\1.18.30\lombok-1.18.30.jar;C:\Users\loges\.m2\repository\commons-io\commons-io\2.11.0\commons-io-2.11.0.jar;C:\Users\loges\.m2\repository\org\seleniumhq\selenium\selenium-java\4.18.1\selenium-java-4.18.1.jar;C:\Users\loges\.m2\repository\org\seleniumhq\selenium\selenium-api\4.18.1\selenium-api-4.18.1.jar;C:\Users\loges\.m2\repository\org\seleniumhq\selenium\selenium-chrome-driver\4.18.1\selenium-chrome-driver-4.18.1.jar;C:\Users\loges\.m2\repository\com\google\auto\service\auto-service-annotations\1.1.1\auto-service-annotations-1.1.1.jar;C:\Users\loges\.m2\repository\org\seleniumhq\selenium\selenium-chromium-driver\4.18.1\selenium-chromium-driver-4.18.1.jar;C:\Users\loges\.m2\repository\org\seleniumhq\selenium\selenium-json\4.18.1\selenium-json-4.18.1.jar;C:\Users\loges\.m2\repository\org\seleniumhq\selenium\selenium-manager\4.18.1\selenium-manager-4.18.1.jar;C:\Users\loges\.m2\repository\org\seleniumhq\selenium\selenium-devtools-v120\4.18.1\selenium-devtools-v120-4.18.1.jar;C:\Users\loges\.m2\repository\org\seleniumhq\selenium\selenium-devtools-v121\4.18.1\selenium-devtools-v121-4.18.1.jar;C:\Users\loges\.m2\repository\org\seleniumhq\selenium\selenium-devtools-v122\4.18.1\selenium-devtools-v122-4.18.1.jar;C:\Users\loges\.m2\repository\org\seleniumhq\selenium\selenium-devtools-v85\4.18.1\selenium-devtools-v85-4.18.1.jar;C:\Users\loges\.m2\repository\org\seleniumhq\selenium\selenium-edge-driver\4.18.1\selenium-edge-driver-4.18.1.jar;C:\Users\loges\.m2\repository\org\seleniumhq\selenium\selenium-firefox-driver\4.18.1\selenium-firefox-driver-4.18.1.jar;C:\Users\loges\.m2\repository\org\seleniumhq\selenium\selenium-http\4.18.1\selenium-http-4.18.1.jar;C:\Users\loges\.m2\repository\dev\failsafe\failsafe\3.3.2\failsafe-3.3.2.jar;C:\Users\loges\.m2\repository\org\seleniumhq\selenium\selenium-ie-driver\4.18.1\selenium-ie-driver-4.18.1.jar;C:\Users\loges\.m2\repository\org\seleniumhq\selenium\selenium-remote-driver\4.18.1\selenium-remote-driver-4.18.1.jar;C:\Users\loges\.m2\repository\com\google\guava\guava\33.0.0-jre\guava-33.0.0-jre.jar;C:\Users\loges\.m2\repository\com\google\guava\failureaccess\1.0.2\failureaccess-1.0.2.jar;C:\Users\loges\.m2\repository\com\google\guava\listenablefuture\9999.0-empty-to-avoid-conflict-with-guava\listenablefuture-9999.0-empty-to-avoid-conflict-with-guava.jar;C:\Users\loges\.m2\repository\com\google\code\findbugs\jsr305\3.0.2\jsr305-3.0.2.jar;C:\Users\loges\.m2\repository\org\checkerframework\checker-qual\3.41.0\checker-qual-3.41.0.jar;C:\Users\loges\.m2\repository\com\google\errorprone\error_prone_annotations\2.23.0\error_prone_annotations-2.23.0.jar;C:\Users\loges\.m2\repository\com\google\j2objc\j2objc-annotations\2.8\j2objc-annotations-2.8.jar;C:\Users\loges\.m2\repository\io\opentelemetry\semconv\opentelemetry-semconv\1.23.1-alpha\opentelemetry-semconv-1.23.1-alpha.jar;C:\Users\loges\.m2\repository\io\opentelemetry\opentelemetry-api\1.35.0\opentelemetry-api-1.35.0.jar;C:\Users\loges\.m2\repository\io\opentelemetry\opentelemetry-context\1.35.0\opentelemetry-context-1.35.0.jar;C:\Users\loges\.m2\repository\io\opentelemetry\opentelemetry-exporter-logging\1.35.0\opentelemetry-exporter-logging-1.35.0.jar;C:\Users\loges\.m2\repository\io\opentelemetry\opentelemetry-sdk-common\1.35.0\opentelemetry-sdk-common-1.35.0.jar;C:\Users\loges\.m2\repository\io\opentelemetry\opentelemetry-sdk-extension-autoconfigure-spi\1.35.0\opentelemetry-sdk-extension-autoconfigure-spi-1.35.0.jar;C:\Users\loges\.m2\repository\io\opentelemetry\opentelemetry-sdk-extension-autoconfigure\1.35.0\opentelemetry-sdk-extension-autoconfigure-1.35.0.jar;C:\Users\loges\.m2\repository\io\opentelemetry\opentelemetry-api-events\1.35.0-alpha\opentelemetry-api-events-1.35.0-alpha.jar;C:\Users\loges\.m2\repository\io\opentelemetry\opentelemetry-sdk-trace\1.35.0\opentelemetry-sdk-trace-1.35.0.jar;C:\Users\loges\.m2\repository\io\opentelemetry\opentelemetry-extension-incubator\1.35.0-alpha\opentelemetry-extension-incubator-1.35.0-alpha.jar;C:\Users\loges\.m2\repository\io\opentelemetry\opentelemetry-sdk\1.35.0\opentelemetry-sdk-1.35.0.jar;C:\Users\loges\.m2\repository\io\opentelemetry\opentelemetry-sdk-metrics\1.35.0\opentelemetry-sdk-metrics-1.35.0.jar;C:\Users\loges\.m2\repository\io\opentelemetry\opentelemetry-sdk-logs\1.35.0\opentelemetry-sdk-logs-1.35.0.jar;C:\Users\loges\.m2\repository\net\bytebuddy\byte-buddy\1.14.12\byte-buddy-1.14.12.jar;C:\Users\loges\.m2\repository\org\seleniumhq\selenium\selenium-os\4.18.1\selenium-os-4.18.1.jar;C:\Users\loges\.m2\repository\org\apache\commons\commons-exec\1.3\commons-exec-1.3.jar;C:\Users\loges\.m2\repository\org\seleniumhq\selenium\selenium-safari-driver\4.18.1\selenium-safari-driver-4.18.1.jar;C:\Users\loges\.m2\repository\org\seleniumhq\selenium\selenium-support\4.18.1\selenium-support-4.18.1.jar;C:\Users\loges\.m2\repository\io\github\bonigarcia\webdrivermanager\5.7.0\webdrivermanager-5.7.0.jar;C:\Users\loges\.m2\repository\com\google\code\gson\gson\2.10.1\gson-2.10.1.jar;C:\Users\loges\.m2\repository\com\github\docker-java\docker-java\3.3.5\docker-java-3.3.5.jar;C:\Users\loges\.m2\repository\com\github\docker-java\docker-java-core\3.3.5\docker-java-core-3.3.5.jar;C:\Users\loges\.m2\repository\com\github\docker-java\docker-java-api\3.3.5\docker-java-api-3.3.5.jar;C:\Users\loges\.m2\repository\com\fasterxml\jackson\core\jackson-annotations\2.10.3\jackson-annotations-2.10.3.jar;C:\Users\loges\.m2\repository\com\fasterxml\jackson\core\jackson-databind\2.10.3\jackson-databind-2.10.3.jar;C:\Users\loges\.m2\repository\com\fasterxml\jackson\core\jackson-core\2.10.3\jackson-core-2.10.3.jar;C:\Users\loges\.m2\repository\org\bouncycastle\bcpkix-jdk18on\1.76\bcpkix-jdk18on-1.76.jar;C:\Users\loges\.m2\repository\org\bouncycastle\bcprov-jdk18on\1.76\bcprov-jdk18on-1.76.jar;C:\Users\loges\.m2\repository\org\bouncycastle\bcutil-jdk18on\1.76\bcutil-jdk18on-1.76.jar;C:\Users\loges\.m2\repository\org\slf4j\jcl-over-slf4j\1.7.30\jcl-over-slf4j-1.7.30.jar;C:\Users\loges\.m2\repository\com\github\docker-java\docker-java-transport-httpclient5\3.3.5\docker-java-transport-httpclient5-3.3.5.jar;C:\Users\loges\.m2\repository\com\github\docker-java\docker-java-transport\3.3.5\docker-java-transport-3.3.5.jar;C:\Users\loges\.m2\repository\net\java\dev\jna\jna\5.13.0\jna-5.13.0.jar;C:\Users\loges\.m2\repository\org\brotli\dec\0.1.2\dec-0.1.2.jar;C:\Users\loges\.m2\repository\org\apache\commons\commons-lang3\3.14.0\commons-lang3-3.14.0.jar;C:\Users\loges\.m2\repository\org\apache\commons\commons-compress\1.26.0\commons-compress-1.26.0.jar;C:\Users\loges\.m2\repository\org\apache\httpcomponents\client5\httpclient5\5.2.1\httpclient5-5.2.1.jar;C:\Users\loges\.m2\repository\org\apache\httpcomponents\core5\httpcore5\5.2\httpcore5-5.2.jar;C:\Users\loges\.m2\repository\org\apache\httpcomponents\core5\httpcore5-h2\5.2\httpcore5-h2-5.2.jar;C:\Users\loges\.m2\repository\io\cucumber\cucumber-testng\7.15.0\cucumber-testng-7.15.0.jar;C:\Users\loges\.m2\repository\org\apiguardian\apiguardian-api\1.1.2\apiguardian-api-1.1.2.jar;C:\Users\loges\.m2\repository\io\cucumber\cucumber-core\7.15.0\cucumber-core-7.15.0.jar;C:\Users\loges\.m2\repository\io\cucumber\cucumber-gherkin\7.15.0\cucumber-gherkin-7.15.0.jar;C:\Users\loges\.m2\repository\io\cucumber\cucumber-gherkin-messages\7.15.0\cucumber-gherkin-messages-7.15.0.jar;C:\Users\loges\.m2\repository\io\cucumber\gherkin\26.2.0\gherkin-26.2.0.jar;C:\Users\loges\.m2\repository\io\cucumber\messages\22.0.0\messages-22.0.0.jar;C:\Users\loges\.m2\repository\io\cucumber\tag-expressions\6.0.0\tag-expressions-6.0.0.jar;C:\Users\loges\.m2\repository\io\cucumber\cucumber-expressions\17.0.1\cucumber-expressions-17.0.1.jar;C:\Users\loges\.m2\repository\io\cucumber\datatable\7.15.0\datatable-7.15.0.jar;C:\Users\loges\.m2\repository\io\cucumber\cucumber-plugin\7.15.0\cucumber-plugin-7.15.0.jar;C:\Users\loges\.m2\repository\io\cucumber\docstring\7.15.0\docstring-7.15.0.jar;C:\Users\loges\.m2\repository\io\cucumber\html-formatter\20.4.0\html-formatter-20.4.0.jar;C:\Users\loges\.m2\repository\io\cucumber\junit-xml-formatter\0.2.0\junit-xml-formatter-0.2.0.jar;C:\Users\loges\.m2\repository\io\cucumber\ci-environment\10.0.0\ci-environment-10.0.0.jar;C:\Users\loges\.m2\repository\org\apache\poi\poi\5.2.3\poi-5.2.3.jar;C:\Users\loges\.m2\repository\commons-codec\commons-codec\1.15\commons-codec-1.15.jar;C:\Users\loges\.m2\repository\org\apache\commons\commons-collections4\4.4\commons-collections4-4.4.jar;C:\Users\loges\.m2\repository\org\apache\commons\commons-math3\3.6.1\commons-math3-3.6.1.jar;C:\Users\loges\.m2\repository\com\zaxxer\SparseBitSet\1.2\SparseBitSet-1.2.jar;C:\Users\loges\.m2\repository\org\apache\logging\log4j\log4j-api\2.18.0\log4j-api-2.18.0.jar;C:\Users\loges\.m2\repository\org\apache\poi\poi-ooxml\5.2.3\poi-ooxml-5.2.3.jar;C:\Users\loges\.m2\repository\org\apache\poi\poi-ooxml-lite\5.2.3\poi-ooxml-lite-5.2.3.jar;C:\Users\loges\.m2\repository\org\apache\xmlbeans\xmlbeans\5.1.1\xmlbeans-5.1.1.jar;C:\Users\loges\.m2\repository\com\github\virtuald\curvesapi\1.07\curvesapi-1.07.jar;C:\Users\loges\.m2\repository\io\cucumber\cucumber-java\7.15.0\cucumber-java-7.15.0.jar;C:\Users\loges\.m2\repository\tech\grasshopper\extentreports-cucumber7-adapter\1.10.1\extentreports-cucumber7-adapter-1.10.1.jar;C:\Users\loges\.m2\repository\tech\grasshopper\extent-pdf-report\2.9.1\extent-pdf-report-2.9.1.jar;C:\Users\loges\.m2\repository\tech\grasshopper\cucumber-pdf-report\2.11.1\cucumber-pdf-report-2.11.1.jar;C:\Users\loges\.m2\repository\org\apache\pdfbox\pdfbox\2.0.26\pdfbox-2.0.26.jar;C:\Users\loges\.m2\repository\org\apache\pdfbox\fontbox\2.0.26\fontbox-2.0.26.jar;C:\Users\loges\.m2\repository\org\knowm\xchart\xchart\3.8.0\xchart-3.8.0.jar;C:\Users\loges\.m2\repository\de\erichseifert\vectorgraphics2d\VectorGraphics2D\0.13\VectorGraphics2D-0.13.jar;C:\Users\loges\.m2\repository\de\rototor\pdfbox\graphics2d\0.30\graphics2d-0.30.jar;C:\Users\loges\.m2\repository\com\madgag\animated-gif-lib\1.4\animated-gif-lib-1.4.jar;C:\Users\loges\.m2\repository\org\yaml\snakeyaml\1.28\snakeyaml-1.28.jar;C:\Users\loges\.m2\repository\tech\grasshopper\table-layout\1.5.1\table-layout-1.5.1.jar;C:\Users\loges\.m2\repository\tech\grasshopper\rest-assured-cucumber-pdf-report\1.4.1\rest-assured-cucumber-pdf-report-1.4.1.jar;C:\Users\loges\.m2\repository\org\jsoup\jsoup\1.15.3\jsoup-1.15.3.jar;C:\Users\loges\.m2\repository\com\aventstack\klov-reporter\5.0.9\klov-reporter-5.0.9.jar;C:\Users\loges\.m2\repository\org\mongodb\mongodb-driver\3.6.4\mongodb-driver-3.6.4.jar;C:\Users\loges\.m2\repository\org\mongodb\mongodb-driver-core\3.6.4\mongodb-driver-core-3.6.4.jar;C:\Users\loges\.m2\repository\org\mongodb\bson\3.6.4\bson-3.6.4.jar;C:\Users\loges\.m2\repository\org\apache\httpcomponents\httpclient\4.5.13\httpclient-4.5.13.jar;C:\Users\loges\.m2\repository\org\apache\httpcomponents\httpcore\4.4.13\httpcore-4.4.13.jar;C:\Users\loges\.m2\repository\commons-logging\commons-logging\1.2\commons-logging-1.2.jar;C:\Users\loges\.m2\repository\org\apache\httpcomponents\httpmime\4.5.13\httpmime-4.5.13.jar;C:\Users\loges\.m2\repository\tech\grasshopper\htmlextentreporter\1.0.1\htmlextentreporter-1.0.1.jar;C:\Users\loges\.m2\repository\tech\grasshopper\extent-excel-report\1.3.0\extent-excel-report-1.3.0.jar;C:\Users\loges\.m2\repository\io\cucumber\cucumber-junit\7.15.0\cucumber-junit-7.15.0.jar;C:\Users\loges\.m2\repository\junit\junit\4.13.2\junit-4.13.2.jar;C:\Users\loges\.m2\repository\org\hamcrest\hamcrest-core\1.3\hamcrest-core-1.3.jar;C:\Users\loges\.m2\repository\io\qameta\allure\allure-junit5\2.24.0\allure-junit5-2.24.0.jar;C:\Users\loges\.m2\repository\io\qameta\allure\allure-junit-platform\2.24.0\allure-junit-platform-2.24.0.jar;C:\Users\loges\.m2\repository\io\qameta\allure\allure-test-filter\2.24.0\allure-test-filter-2.24.0.jar;C:\Users\loges\.m2\repository\org\junit\jupiter\junit-jupiter-api\5.9.2\junit-jupiter-api-5.9.2.jar;C:\Users\loges\.m2\repository\org\opentest4j\opentest4j\1.2.0\opentest4j-1.2.0.jar;C:\Users\loges\.m2\repository\org\junit\platform\junit-platform-commons\1.9.2\junit-platform-commons-1.9.2.jar;C:\Users\loges\.m2\repository\org\junit\platform\junit-platform-launcher\1.9.2\junit-platform-launcher-1.9.2.jar;C:\Users\loges\.m2\repository\org\junit\platform\junit-platform-engine\1.9.2\junit-platform-engine-1.9.2.jar;C:\Users\loges\.m2\repository\io\qameta\allure\allure-attachments\2.25.0\allure-attachments-2.25.0.jar;C:\Users\loges\.m2\repository\io\qameta\allure\allure-java-commons\2.25.0\allure-java-commons-2.25.0.jar;C:\Users\loges\.m2\repository\io\qameta\allure\allure-model\2.25.0\allure-model-2.25.0.jar;C:\Users\loges\.m2\repository\org\freemarker\freemarker\2.3.31\freemarker-2.3.31.jar;C:\Users\loges\.m2\repository\com\aventstack\extentreports\5.0.9\extentreports-5.0.9.jar;C:\Users\loges\.m2\repository\io\reactivex\rxjava3\rxjava\3.0.4\rxjava-3.0.4.jar;C:\Users\loges\.m2\repository\org\reactivestreams\reactive-streams\1.0.3\reactive-streams-1.0.3.jar;C:\Users\loges\.m2\repository\org\apache\maven\maven-plugin-api\3.9.6\maven-plugin-api-3.9.6.jar;C:\Users\loges\.m2\repository\org\apache\maven\maven-model\3.9.6\maven-model-3.9.6.jar;C:\Users\loges\.m2\repository\org\apache\maven\maven-artifact\3.9.6\maven-artifact-3.9.6.jar;C:\Users\loges\.m2\repository\org\eclipse\sisu\org.eclipse.sisu.plexus\0.9.0.M2\org.eclipse.sisu.plexus-0.9.0.M2.jar;C:\Users\loges\.m2\repository\javax\annotation\javax.annotation-api\1.2\javax.annotation-api-1.2.jar;C:\Users\loges\.m2\repository\org\eclipse\sisu\org.eclipse.sisu.inject\0.9.0.M2\org.eclipse.sisu.inject-0.9.0.M2.jar;C:\Users\loges\.m2\repository\org\codehaus\plexus\plexus-component-annotations\2.1.0\plexus-component-annotations-2.1.0.jar;C:\Users\loges\.m2\repository\org\codehaus\plexus\plexus-utils\3.5.1\plexus-utils-3.5.1.jar;C:\Users\loges\.m2\repository\org\codehaus\plexus\plexus-classworlds\2.7.0\plexus-classworlds-2.7.0.jar;"/>
    <property name="java.vm.vendor" value="Eclipse Adoptium"/>
    <property name="sun.arch.data.model" value="64"/>
    <property name="user.variant" value=""/>
    <property name="java.vendor.url" value="https://adoptium.net/"/>
    <property name="user.timezone" value="Asia/Calcutta"/>
    <property name="os.name" value="Windows 11"/>
    <property name="java.vm.specification.version" value="17"/>
    <property name="sun.java.launcher" value="SUN_STANDARD"/>
    <property name="user.country" value="IN"/>
    <property name="sun.boot.library.path" value="D:\eclipse\plugins\org.eclipse.justj.openjdk.hotspot.jre.full.win32.x86_64_17.0.10.v20240120-1143\jre\bin"/>
    <property name="sun.java.command" value="C:\Users\loges\AppData\Local\Temp\surefire2627550916079785977\surefirebooter16885051783141640506.jar C:\Users\loges\AppData\Local\Temp\surefire2627550916079785977 2024-03-06T12-49-30_405-jvmRun1 surefire15022988546193184765tmp surefire_010873222022334352827tmp"/>
    <property name="jdk.debug" value="release"/>
    <property name="surefire.test.class.path" value="D:\Eclipse Workspace\SecondMavenCucumberProject\target\test-classes;D:\Eclipse Workspace\SecondMavenCucumberProject\target\classes;C:\Users\loges\.m2\repository\ch\qos\logback\logback-classic\1.2.6\logback-classic-1.2.6.jar;C:\Users\loges\.m2\repository\ch\qos\logback\logback-core\1.2.6\logback-core-1.2.6.jar;C:\Users\loges\.m2\repository\org\slf4j\slf4j-api\1.7.32\slf4j-api-1.7.32.jar;C:\Users\loges\.m2\repository\org\testng\testng\7.9.0\testng-7.9.0.jar;C:\Users\loges\.m2\repository\com\beust\jcommander\1.82\jcommander-1.82.jar;C:\Users\loges\.m2\repository\org\webjars\jquery\3.7.1\jquery-3.7.1.jar;C:\Users\loges\.m2\repository\org\projectlombok\lombok\1.18.30\lombok-1.18.30.jar;C:\Users\loges\.m2\repository\commons-io\commons-io\2.11.0\commons-io-2.11.0.jar;C:\Users\loges\.m2\repository\org\seleniumhq\selenium\selenium-java\4.18.1\selenium-java-4.18.1.jar;C:\Users\loges\.m2\repository\org\seleniumhq\selenium\selenium-api\4.18.1\selenium-api-4.18.1.jar;C:\Users\loges\.m2\repository\org\seleniumhq\selenium\selenium-chrome-driver\4.18.1\selenium-chrome-driver-4.18.1.jar;C:\Users\loges\.m2\repository\com\google\auto\service\auto-service-annotations\1.1.1\auto-service-annotations-1.1.1.jar;C:\Users\loges\.m2\repository\org\seleniumhq\selenium\selenium-chromium-driver\4.18.1\selenium-chromium-driver-4.18.1.jar;C:\Users\loges\.m2\repository\org\seleniumhq\selenium\selenium-json\4.18.1\selenium-json-4.18.1.jar;C:\Users\loges\.m2\repository\org\seleniumhq\selenium\selenium-manager\4.18.1\selenium-manager-4.18.1.jar;C:\Users\loges\.m2\repository\org\seleniumhq\selenium\selenium-devtools-v120\4.18.1\selenium-devtools-v120-4.18.1.jar;C:\Users\loges\.m2\repository\org\seleniumhq\selenium\selenium-devtools-v121\4.18.1\selenium-devtools-v121-4.18.1.jar;C:\Users\loges\.m2\repository\org\seleniumhq\selenium\selenium-devtools-v122\4.18.1\selenium-devtools-v122-4.18.1.jar;C:\Users\loges\.m2\repository\org\seleniumhq\selenium\selenium-devtools-v85\4.18.1\selenium-devtools-v85-4.18.1.jar;C:\Users\loges\.m2\repository\org\seleniumhq\selenium\selenium-edge-driver\4.18.1\selenium-edge-driver-4.18.1.jar;C:\Users\loges\.m2\repository\org\seleniumhq\selenium\selenium-firefox-driver\4.18.1\selenium-firefox-driver-4.18.1.jar;C:\Users\loges\.m2\repository\org\seleniumhq\selenium\selenium-http\4.18.1\selenium-http-4.18.1.jar;C:\Users\loges\.m2\repository\dev\failsafe\failsafe\3.3.2\failsafe-3.3.2.jar;C:\Users\loges\.m2\repository\org\seleniumhq\selenium\selenium-ie-driver\4.18.1\selenium-ie-driver-4.18.1.jar;C:\Users\loges\.m2\repository\org\seleniumhq\selenium\selenium-remote-driver\4.18.1\selenium-remote-driver-4.18.1.jar;C:\Users\loges\.m2\repository\com\google\guava\guava\33.0.0-jre\guava-33.0.0-jre.jar;C:\Users\loges\.m2\repository\com\google\guava\failureaccess\1.0.2\failureaccess-1.0.2.jar;C:\Users\loges\.m2\repository\com\google\guava\listenablefuture\9999.0-empty-to-avoid-conflict-with-guava\listenablefuture-9999.0-empty-to-avoid-conflict-with-guava.jar;C:\Users\loges\.m2\repository\com\google\code\findbugs\jsr305\3.0.2\jsr305-3.0.2.jar;C:\Users\loges\.m2\repository\org\checkerframework\checker-qual\3.41.0\checker-qual-3.41.0.jar;C:\Users\loges\.m2\repository\com\google\errorprone\error_prone_annotations\2.23.0\error_prone_annotations-2.23.0.jar;C:\Users\loges\.m2\repository\com\google\j2objc\j2objc-annotations\2.8\j2objc-annotations-2.8.jar;C:\Users\loges\.m2\repository\io\opentelemetry\semconv\opentelemetry-semconv\1.23.1-alpha\opentelemetry-semconv-1.23.1-alpha.jar;C:\Users\loges\.m2\repository\io\opentelemetry\opentelemetry-api\1.35.0\opentelemetry-api-1.35.0.jar;C:\Users\loges\.m2\repository\io\opentelemetry\opentelemetry-context\1.35.0\opentelemetry-context-1.35.0.jar;C:\Users\loges\.m2\repository\io\opentelemetry\opentelemetry-exporter-logging\1.35.0\opentelemetry-exporter-logging-1.35.0.jar;C:\Users\loges\.m2\repository\io\opentelemetry\opentelemetry-sdk-common\1.35.0\opentelemetry-sdk-common-1.35.0.jar;C:\Users\loges\.m2\repository\io\opentelemetry\opentelemetry-sdk-extension-autoconfigure-spi\1.35.0\opentelemetry-sdk-extension-autoconfigure-spi-1.35.0.jar;C:\Users\loges\.m2\repository\io\opentelemetry\opentelemetry-sdk-extension-autoconfigure\1.35.0\opentelemetry-sdk-extension-autoconfigure-1.35.0.jar;C:\Users\loges\.m2\repository\io\opentelemetry\opentelemetry-api-events\1.35.0-alpha\opentelemetry-api-events-1.35.0-alpha.jar;C:\Users\loges\.m2\repository\io\opentelemetry\opentelemetry-sdk-trace\1.35.0\opentelemetry-sdk-trace-1.35.0.jar;C:\Users\loges\.m2\repository\io\opentelemetry\opentelemetry-extension-incubator\1.35.0-alpha\opentelemetry-extension-incubator-1.35.0-alpha.jar;C:\Users\loges\.m2\repository\io\opentelemetry\opentelemetry-sdk\1.35.0\opentelemetry-sdk-1.35.0.jar;C:\Users\loges\.m2\repository\io\opentelemetry\opentelemetry-sdk-metrics\1.35.0\opentelemetry-sdk-metrics-1.35.0.jar;C:\Users\loges\.m2\repository\io\opentelemetry\opentelemetry-sdk-logs\1.35.0\opentelemetry-sdk-logs-1.35.0.jar;C:\Users\loges\.m2\repository\net\bytebuddy\byte-buddy\1.14.12\byte-buddy-1.14.12.jar;C:\Users\loges\.m2\repository\org\seleniumhq\selenium\selenium-os\4.18.1\selenium-os-4.18.1.jar;C:\Users\loges\.m2\repository\org\apache\commons\commons-exec\1.3\commons-exec-1.3.jar;C:\Users\loges\.m2\repository\org\seleniumhq\selenium\selenium-safari-driver\4.18.1\selenium-safari-driver-4.18.1.jar;C:\Users\loges\.m2\repository\org\seleniumhq\selenium\selenium-support\4.18.1\selenium-support-4.18.1.jar;C:\Users\loges\.m2\repository\io\github\bonigarcia\webdrivermanager\5.7.0\webdrivermanager-5.7.0.jar;C:\Users\loges\.m2\repository\com\google\code\gson\gson\2.10.1\gson-2.10.1.jar;C:\Users\loges\.m2\repository\com\github\docker-java\docker-java\3.3.5\docker-java-3.3.5.jar;C:\Users\loges\.m2\repository\com\github\docker-java\docker-java-core\3.3.5\docker-java-core-3.3.5.jar;C:\Users\loges\.m2\repository\com\github\docker-java\docker-java-api\3.3.5\docker-java-api-3.3.5.jar;C:\Users\loges\.m2\repository\com\fasterxml\jackson\core\jackson-annotations\2.10.3\jackson-annotations-2.10.3.jar;C:\Users\loges\.m2\repository\com\fasterxml\jackson\core\jackson-databind\2.10.3\jackson-databind-2.10.3.jar;C:\Users\loges\.m2\repository\com\fasterxml\jackson\core\jackson-core\2.10.3\jackson-core-2.10.3.jar;C:\Users\loges\.m2\repository\org\bouncycastle\bcpkix-jdk18on\1.76\bcpkix-jdk18on-1.76.jar;C:\Users\loges\.m2\repository\org\bouncycastle\bcprov-jdk18on\1.76\bcprov-jdk18on-1.76.jar;C:\Users\loges\.m2\repository\org\bouncycastle\bcutil-jdk18on\1.76\bcutil-jdk18on-1.76.jar;C:\Users\loges\.m2\repository\org\slf4j\jcl-over-slf4j\1.7.30\jcl-over-slf4j-1.7.30.jar;C:\Users\loges\.m2\repository\com\github\docker-java\docker-java-transport-httpclient5\3.3.5\docker-java-transport-httpclient5-3.3.5.jar;C:\Users\loges\.m2\repository\com\github\docker-java\docker-java-transport\3.3.5\docker-java-transport-3.3.5.jar;C:\Users\loges\.m2\repository\net\java\dev\jna\jna\5.13.0\jna-5.13.0.jar;C:\Users\loges\.m2\repository\org\brotli\dec\0.1.2\dec-0.1.2.jar;C:\Users\loges\.m2\repository\org\apache\commons\commons-lang3\3.14.0\commons-lang3-3.14.0.jar;C:\Users\loges\.m2\repository\org\apache\commons\commons-compress\1.26.0\commons-compress-1.26.0.jar;C:\Users\loges\.m2\repository\org\apache\httpcomponents\client5\httpclient5\5.2.1\httpclient5-5.2.1.jar;C:\Users\loges\.m2\repository\org\apache\httpcomponents\core5\httpcore5\5.2\httpcore5-5.2.jar;C:\Users\loges\.m2\repository\org\apache\httpcomponents\core5\httpcore5-h2\5.2\httpcore5-h2-5.2.jar;C:\Users\loges\.m2\repository\io\cucumber\cucumber-testng\7.15.0\cucumber-testng-7.15.0.jar;C:\Users\loges\.m2\repository\org\apiguardian\apiguardian-api\1.1.2\apiguardian-api-1.1.2.jar;C:\Users\loges\.m2\repository\io\cucumber\cucumber-core\7.15.0\cucumber-core-7.15.0.jar;C:\Users\loges\.m2\repository\io\cucumber\cucumber-gherkin\7.15.0\cucumber-gherkin-7.15.0.jar;C:\Users\loges\.m2\repository\io\cucumber\cucumber-gherkin-messages\7.15.0\cucumber-gherkin-messages-7.15.0.jar;C:\Users\loges\.m2\repository\io\cucumber\gherkin\26.2.0\gherkin-26.2.0.jar;C:\Users\loges\.m2\repository\io\cucumber\messages\22.0.0\messages-22.0.0.jar;C:\Users\loges\.m2\repository\io\cucumber\tag-expressions\6.0.0\tag-expressions-6.0.0.jar;C:\Users\loges\.m2\repository\io\cucumber\cucumber-expressions\17.0.1\cucumber-expressions-17.0.1.jar;C:\Users\loges\.m2\repository\io\cucumber\datatable\7.15.0\datatable-7.15.0.jar;C:\Users\loges\.m2\repository\io\cucumber\cucumber-plugin\7.15.0\cucumber-plugin-7.15.0.jar;C:\Users\loges\.m2\repository\io\cucumber\docstring\7.15.0\docstring-7.15.0.jar;C:\Users\loges\.m2\repository\io\cucumber\html-formatter\20.4.0\html-formatter-20.4.0.jar;C:\Users\loges\.m2\repository\io\cucumber\junit-xml-formatter\0.2.0\junit-xml-formatter-0.2.0.jar;C:\Users\loges\.m2\repository\io\cucumber\ci-environment\10.0.0\ci-environment-10.0.0.jar;C:\Users\loges\.m2\repository\org\apache\poi\poi\5.2.3\poi-5.2.3.jar;C:\Users\loges\.m2\repository\commons-codec\commons-codec\1.15\commons-codec-1.15.jar;C:\Users\loges\.m2\repository\org\apache\commons\commons-collections4\4.4\commons-collections4-4.4.jar;C:\Users\loges\.m2\repository\org\apache\commons\commons-math3\3.6.1\commons-math3-3.6.1.jar;C:\Users\loges\.m2\repository\com\zaxxer\SparseBitSet\1.2\SparseBitSet-1.2.jar;C:\Users\loges\.m2\repository\org\apache\logging\log4j\log4j-api\2.18.0\log4j-api-2.18.0.jar;C:\Users\loges\.m2\repository\org\apache\poi\poi-ooxml\5.2.3\poi-ooxml-5.2.3.jar;C:\Users\loges\.m2\repository\org\apache\poi\poi-ooxml-lite\5.2.3\poi-ooxml-lite-5.2.3.jar;C:\Users\loges\.m2\repository\org\apache\xmlbeans\xmlbeans\5.1.1\xmlbeans-5.1.1.jar;C:\Users\loges\.m2\repository\com\github\virtuald\curvesapi\1.07\curvesapi-1.07.jar;C:\Users\loges\.m2\repository\io\cucumber\cucumber-java\7.15.0\cucumber-java-7.15.0.jar;C:\Users\loges\.m2\repository\tech\grasshopper\extentreports-cucumber7-adapter\1.10.1\extentreports-cucumber7-adapter-1.10.1.jar;C:\Users\loges\.m2\repository\tech\grasshopper\extent-pdf-report\2.9.1\extent-pdf-report-2.9.1.jar;C:\Users\loges\.m2\repository\tech\grasshopper\cucumber-pdf-report\2.11.1\cucumber-pdf-report-2.11.1.jar;C:\Users\loges\.m2\repository\org\apache\pdfbox\pdfbox\2.0.26\pdfbox-2.0.26.jar;C:\Users\loges\.m2\repository\org\apache\pdfbox\fontbox\2.0.26\fontbox-2.0.26.jar;C:\Users\loges\.m2\repository\org\knowm\xchart\xchart\3.8.0\xchart-3.8.0.jar;C:\Users\loges\.m2\repository\de\erichseifert\vectorgraphics2d\VectorGraphics2D\0.13\VectorGraphics2D-0.13.jar;C:\Users\loges\.m2\repository\de\rototor\pdfbox\graphics2d\0.30\graphics2d-0.30.jar;C:\Users\loges\.m2\repository\com\madgag\animated-gif-lib\1.4\animated-gif-lib-1.4.jar;C:\Users\loges\.m2\repository\org\yaml\snakeyaml\1.28\snakeyaml-1.28.jar;C:\Users\loges\.m2\repository\tech\grasshopper\table-layout\1.5.1\table-layout-1.5.1.jar;C:\Users\loges\.m2\repository\tech\grasshopper\rest-assured-cucumber-pdf-report\1.4.1\rest-assured-cucumber-pdf-report-1.4.1.jar;C:\Users\loges\.m2\repository\org\jsoup\jsoup\1.15.3\jsoup-1.15.3.jar;C:\Users\loges\.m2\repository\com\aventstack\klov-reporter\5.0.9\klov-reporter-5.0.9.jar;C:\Users\loges\.m2\repository\org\mongodb\mongodb-driver\3.6.4\mongodb-driver-3.6.4.jar;C:\Users\loges\.m2\repository\org\mongodb\mongodb-driver-core\3.6.4\mongodb-driver-core-3.6.4.jar;C:\Users\loges\.m2\repository\org\mongodb\bson\3.6.4\bson-3.6.4.jar;C:\Users\loges\.m2\repository\org\apache\httpcomponents\httpclient\4.5.13\httpclient-4.5.13.jar;C:\Users\loges\.m2\repository\org\apache\httpcomponents\httpcore\4.4.13\httpcore-4.4.13.jar;C:\Users\loges\.m2\repository\commons-logging\commons-logging\1.2\commons-logging-1.2.jar;C:\Users\loges\.m2\repository\org\apache\httpcomponents\httpmime\4.5.13\httpmime-4.5.13.jar;C:\Users\loges\.m2\repository\tech\grasshopper\htmlextentreporter\1.0.1\htmlextentreporter-1.0.1.jar;C:\Users\loges\.m2\repository\tech\grasshopper\extent-excel-report\1.3.0\extent-excel-report-1.3.0.jar;C:\Users\loges\.m2\repository\io\cucumber\cucumber-junit\7.15.0\cucumber-junit-7.15.0.jar;C:\Users\loges\.m2\repository\junit\junit\4.13.2\junit-4.13.2.jar;C:\Users\loges\.m2\repository\org\hamcrest\hamcrest-core\1.3\hamcrest-core-1.3.jar;C:\Users\loges\.m2\repository\io\qameta\allure\allure-junit5\2.24.0\allure-junit5-2.24.0.jar;C:\Users\loges\.m2\repository\io\qameta\allure\allure-junit-platform\2.24.0\allure-junit-platform-2.24.0.jar;C:\Users\loges\.m2\repository\io\qameta\allure\allure-test-filter\2.24.0\allure-test-filter-2.24.0.jar;C:\Users\loges\.m2\repository\org\junit\jupiter\junit-jupiter-api\5.9.2\junit-jupiter-api-5.9.2.jar;C:\Users\loges\.m2\repository\org\opentest4j\opentest4j\1.2.0\opentest4j-1.2.0.jar;C:\Users\loges\.m2\repository\org\junit\platform\junit-platform-commons\1.9.2\junit-platform-commons-1.9.2.jar;C:\Users\loges\.m2\repository\org\junit\platform\junit-platform-launcher\1.9.2\junit-platform-launcher-1.9.2.jar;C:\Users\loges\.m2\repository\org\junit\platform\junit-platform-engine\1.9.2\junit-platform-engine-1.9.2.jar;C:\Users\loges\.m2\repository\io\qameta\allure\allure-attachments\2.25.0\allure-attachments-2.25.0.jar;C:\Users\loges\.m2\repository\io\qameta\allure\allure-java-commons\2.25.0\allure-java-commons-2.25.0.jar;C:\Users\loges\.m2\repository\io\qameta\allure\allure-model\2.25.0\allure-model-2.25.0.jar;C:\Users\loges\.m2\repository\org\freemarker\freemarker\2.3.31\freemarker-2.3.31.jar;C:\Users\loges\.m2\repository\com\aventstack\extentreports\5.0.9\extentreports-5.0.9.jar;C:\Users\loges\.m2\repository\io\reactivex\rxjava3\rxjava\3.0.4\rxjava-3.0.4.jar;C:\Users\loges\.m2\repository\org\reactivestreams\reactive-streams\1.0.3\reactive-streams-1.0.3.jar;C:\Users\loges\.m2\repository\org\apache\maven\maven-plugin-api\3.9.6\maven-plugin-api-3.9.6.jar;C:\Users\loges\.m2\repository\org\apache\maven\maven-model\3.9.6\maven-model-3.9.6.jar;C:\Users\loges\.m2\repository\org\apache\maven\maven-artifact\3.9.6\maven-artifact-3.9.6.jar;C:\Users\loges\.m2\repository\org\eclipse\sisu\org.eclipse.sisu.plexus\0.9.0.M2\org.eclipse.sisu.plexus-0.9.0.M2.jar;C:\Users\loges\.m2\repository\javax\annotation\javax.annotation-api\1.2\javax.annotation-api-1.2.jar;C:\Users\loges\.m2\repository\org\eclipse\sisu\org.eclipse.sisu.inject\0.9.0.M2\org.eclipse.sisu.inject-0.9.0.M2.jar;C:\Users\loges\.m2\repository\org\codehaus\plexus\plexus-component-annotations\2.1.0\plexus-component-annotations-2.1.0.jar;C:\Users\loges\.m2\repository\org\codehaus\plexus\plexus-utils\3.5.1\plexus-utils-3.5.1.jar;C:\Users\loges\.m2\repository\org\codehaus\plexus\plexus-classworlds\2.7.0\plexus-classworlds-2.7.0.jar;"/>
    <property name="sun.cpu.endian" value="little"/>
    <property name="user.home" value="C:\Users\loges"/>
    <property name="user.language" value="en"/>
    <property name="java.specification.vendor" value="Oracle Corporation"/>
    <property name="java.version.date" value="2024-01-16"/>
    <property name="java.home" value="D:\eclipse\plugins\org.eclipse.justj.openjdk.hotspot.jre.full.win32.x86_64_17.0.10.v20240120-1143\jre"/>
    <property name="file.separator" value="\"/>
    <property name="style.color" value="always"/>
    <property name="basedir" value="D:\Eclipse Workspace\SecondMavenCucumberProject"/>
    <property name="java.vm.compressedOopsMode" value="Zero based"/>
    <property name="line.separator" value="&#10;"/>
    <property name="java.vm.specification.vendor" value="Oracle Corporation"/>
    <property name="java.specification.name" value="Java Platform API Specification"/>
    <property name="surefire.real.class.path" value="C:\Users\loges\AppData\Local\Temp\surefire2627550916079785977\surefirebooter16885051783141640506.jar"/>
    <property name="user.script" value=""/>
    <property name="sun.management.compiler" value="HotSpot 64-Bit Tiered Compilers"/>
    <property name="java.runtime.version" value="17.0.10+7"/>
    <property name="user.name" value="loges"/>
    <property name="path.separator" value=";"/>
    <property name="os.version" value="10.0"/>
    <property name="java.runtime.name" value="OpenJDK Runtime Environment"/>
    <property name="file.encoding" value="Cp1252"/>
    <property name="java.vm.name" value="OpenJDK 64-Bit Server VM"/>
    <property name="java.vendor.version" value="Temurin-17.0.10+7"/>
    <property name="localRepository" value="C:\Users\loges\.m2\repository"/>
    <property name="java.vendor.url.bug" value="https://github.com/adoptium/adoptium-support/issues"/>
    <property name="java.io.tmpdir" value="C:\Users\loges\AppData\Local\Temp\"/>
    <property name="java.version" value="17.0.10"/>
    <property name="user.dir" value="D:\Eclipse Workspace\SecondMavenCucumberProject"/>
    <property name="os.arch" value="amd64"/>
    <property name="java.vm.specification.name" value="Java Virtual Machine Specification"/>
    <property name="sun.os.patch.level" value=""/>
    <property name="native.encoding" value="Cp1252"/>
    <property name="java.library.path" value="D:\eclipse\plugins\org.eclipse.justj.openjdk.hotspot.jre.full.win32.x86_64_17.0.10.v20240120-1143\jre\bin;C:\WINDOWS\Sun\Java\bin;C:\WINDOWS\system32;C:\WINDOWS;D:/eclipse//plugins/org.eclipse.justj.openjdk.hotspot.jre.full.win32.x86_64_17.0.10.v20240120-1143/jre/bin/server;D:/eclipse//plugins/org.eclipse.justj.openjdk.hotspot.jre.full.win32.x86_64_17.0.10.v20240120-1143/jre/bin;C:\Program Files\Python312\Scripts\;C:\Program Files\Python312\;C:\Program Files\Common Files\Oracle\Java\javapath;C:\Program Files (x86)\Common Files\Oracle\Java\javapath;C:\Program Files (x86)\NVIDIA Corporation\PhysX\Common;C:\Program Files\NVIDIA Corporation\NVIDIA NvDLISR;C:\WINDOWS\system32;C:\WINDOWS;C:\WINDOWS\System32\Wbem;C:\WINDOWS\System32\WindowsPowerShell\v1.0\;C:\WINDOWS\System32\OpenSSH\;C:\Program Files\dotnet\;C:\Program Files\Git\cmd;C:\Program Files\nodejs\;C:\Program Files\apache-maven-3.9.6\bin;C:\Program Files\Java\jdk-17\bin;C:\Program Files\Cloudflare\Cloudflare WARP\;C:\Users\loges\AppData\Local\Programs\Python\Python311\Scripts\;C:\Users\loges\AppData\Local\Programs\Python\Python311\;C:\Users\loges\AppData\Local\Programs\Python\Launcher\;C:\Users\loges\AppData\Local\Microsoft\WindowsApps;;C:\Users\loges\AppData\Local\Programs\Microsoft VS Code\bin;C:\Users\loges\AppData\Roaming\npm;D:\eclipse;;."/>
    <property name="java.vm.info" value="mixed mode"/>
    <property name="java.vendor" value="Eclipse Adoptium"/>
    <property name="java.vm.version" value="17.0.10+7"/>
    <property name="sun.io.unicode.encoding" value="UnicodeLittle"/>
    <property name="java.class.version" value="61.0"/>
  </properties>
  <testcase name="Launch Browser" classname="Login to Facebook" time="2.503">
    <system-out><![CDATA[
Scenario: Launch Browser          # src/test/resources/features/login_facebook.feature:3
12:49:32.252 [main] DEBUG io.github.bonigarcia.wdm.WebDriverManager - Using WebDriverManager 5.7.0
12:49:32.532 [main] DEBUG io.github.bonigarcia.wdm.cache.ResolutionCache - Removing resolution chrome=122 from cache (expired on Mon Mar 04 15:30:49 IST 2024)
12:49:32.559 [main] DEBUG org.apache.hc.client5.http.impl.classic.InternalHttpClient - ex-0000000001 preparing request execution
12:49:32.569 [main] DEBUG org.apache.hc.client5.http.impl.classic.ProtocolExec - ex-0000000001 target auth state: UNCHALLENGED
12:49:32.569 [main] DEBUG org.apache.hc.client5.http.impl.classic.ProtocolExec - ex-0000000001 proxy auth state: UNCHALLENGED
12:49:32.569 [main] DEBUG org.apache.hc.client5.http.impl.classic.ConnectExec - ex-0000000001 acquiring connection with route {s}->https://raw.githubusercontent.com:443
12:49:32.569 [main] DEBUG org.apache.hc.client5.http.impl.classic.InternalHttpClient - ex-0000000001 acquiring endpoint (3 MINUTES)
12:49:32.570 [main] DEBUG org.apache.hc.client5.http.impl.io.PoolingHttpClientConnectionManager - ex-0000000001 endpoint lease request (3 MINUTES) [route: {s}->https://raw.githubusercontent.com:443][total available: 0; route allocated: 0 of 5; total allocated: 0 of 25]
12:49:32.576 [main] DEBUG org.apache.hc.client5.http.impl.io.PoolingHttpClientConnectionManager - ex-0000000001 endpoint leased [route: {s}->https://raw.githubusercontent.com:443][total available: 0; route allocated: 1 of 5; total allocated: 1 of 25]
12:49:32.583 [main] DEBUG org.apache.hc.client5.http.impl.io.PoolingHttpClientConnectionManager - ex-0000000001 acquired ep-0000000001
12:49:32.583 [main] DEBUG org.apache.hc.client5.http.impl.classic.InternalHttpClient - ex-0000000001 acquired endpoint ep-0000000001
12:49:32.583 [main] DEBUG org.apache.hc.client5.http.impl.classic.ConnectExec - ex-0000000001 opening connection {s}->https://raw.githubusercontent.com:443
12:49:32.583 [main] DEBUG org.apache.hc.client5.http.impl.classic.InternalHttpClient - ep-0000000001 connecting endpoint (null)
12:49:32.584 [main] DEBUG org.apache.hc.client5.http.impl.io.PoolingHttpClientConnectionManager - ep-0000000001 connecting endpoint to https://raw.githubusercontent.com:443 (30 SECONDS)
12:49:32.585 [main] DEBUG org.apache.hc.client5.http.impl.io.DefaultHttpClientConnectionOperator - raw.githubusercontent.com resolving remote address
12:49:32.591 [main] DEBUG org.apache.hc.client5.http.impl.io.DefaultHttpClientConnectionOperator - raw.githubusercontent.com resolved to [raw.githubusercontent.com/185.199.109.133, raw.githubusercontent.com/185.199.110.133, raw.githubusercontent.com/185.199.108.133, raw.githubusercontent.com/185.199.111.133, raw.githubusercontent.com/2606:50c0:8003:0:0:0:0:154, raw.githubusercontent.com/2606:50c0:8000:0:0:0:0:154, raw.githubusercontent.com/2606:50c0:8001:0:0:0:0:154, raw.githubusercontent.com/2606:50c0:8002:0:0:0:0:154]
12:49:32.598 [main] DEBUG org.apache.hc.client5.http.impl.io.DefaultHttpClientConnectionOperator - raw.githubusercontent.com:443 connecting null->raw.githubusercontent.com/185.199.109.133:443 (30 SECONDS)
12:49:32.598 [main] DEBUG org.apache.hc.client5.http.ssl.SSLConnectionSocketFactory - Connecting socket to raw.githubusercontent.com/185.199.109.133:443 with timeout 30 SECONDS
12:49:32.646 [main] DEBUG org.apache.hc.client5.http.ssl.SSLConnectionSocketFactory - Enabled protocols: [TLSv1.3, TLSv1.2]
12:49:32.648 [main] DEBUG org.apache.hc.client5.http.ssl.SSLConnectionSocketFactory - Enabled cipher suites: [TLS_AES_256_GCM_SHA384, TLS_AES_128_GCM_SHA256, TLS_CHACHA20_POLY1305_SHA256, TLS_ECDHE_ECDSA_WITH_AES_256_GCM_SHA384, TLS_ECDHE_ECDSA_WITH_AES_128_GCM_SHA256, TLS_ECDHE_ECDSA_WITH_CHACHA20_POLY1305_SHA256, TLS_ECDHE_RSA_WITH_AES_256_GCM_SHA384, TLS_ECDHE_RSA_WITH_CHACHA20_POLY1305_SHA256, TLS_ECDHE_RSA_WITH_AES_128_GCM_SHA256, TLS_DHE_RSA_WITH_AES_256_GCM_SHA384, TLS_DHE_RSA_WITH_CHACHA20_POLY1305_SHA256, TLS_DHE_DSS_WITH_AES_256_GCM_SHA384, TLS_DHE_RSA_WITH_AES_128_GCM_SHA256, TLS_DHE_DSS_WITH_AES_128_GCM_SHA256, TLS_ECDHE_ECDSA_WITH_AES_256_CBC_SHA384, TLS_ECDHE_RSA_WITH_AES_256_CBC_SHA384, TLS_ECDHE_ECDSA_WITH_AES_128_CBC_SHA256, TLS_ECDHE_RSA_WITH_AES_128_CBC_SHA256, TLS_DHE_RSA_WITH_AES_256_CBC_SHA256, TLS_DHE_DSS_WITH_AES_256_CBC_SHA256, TLS_DHE_RSA_WITH_AES_128_CBC_SHA256, TLS_DHE_DSS_WITH_AES_128_CBC_SHA256, TLS_ECDH_ECDSA_WITH_AES_256_GCM_SHA384, TLS_ECDH_RSA_WITH_AES_256_GCM_SHA384, TLS_ECDH_ECDSA_WITH_AES_128_GCM_SHA256, TLS_ECDH_RSA_WITH_AES_128_GCM_SHA256, TLS_ECDH_ECDSA_WITH_AES_256_CBC_SHA384, TLS_ECDH_RSA_WITH_AES_256_CBC_SHA384, TLS_ECDH_ECDSA_WITH_AES_128_CBC_SHA256, TLS_ECDH_RSA_WITH_AES_128_CBC_SHA256, TLS_ECDHE_ECDSA_WITH_AES_256_CBC_SHA, TLS_ECDHE_RSA_WITH_AES_256_CBC_SHA, TLS_ECDHE_ECDSA_WITH_AES_128_CBC_SHA, TLS_ECDHE_RSA_WITH_AES_128_CBC_SHA, TLS_DHE_RSA_WITH_AES_256_CBC_SHA, TLS_DHE_DSS_WITH_AES_256_CBC_SHA, TLS_DHE_RSA_WITH_AES_128_CBC_SHA, TLS_DHE_DSS_WITH_AES_128_CBC_SHA, TLS_ECDH_ECDSA_WITH_AES_256_CBC_SHA, TLS_ECDH_RSA_WITH_AES_256_CBC_SHA, TLS_ECDH_ECDSA_WITH_AES_128_CBC_SHA, TLS_ECDH_RSA_WITH_AES_128_CBC_SHA, TLS_RSA_WITH_AES_256_GCM_SHA384, TLS_RSA_WITH_AES_128_GCM_SHA256, TLS_RSA_WITH_AES_256_CBC_SHA256, TLS_RSA_WITH_AES_128_CBC_SHA256, TLS_RSA_WITH_AES_256_CBC_SHA, TLS_RSA_WITH_AES_128_CBC_SHA, TLS_EMPTY_RENEGOTIATION_INFO_SCSV]
12:49:32.648 [main] DEBUG org.apache.hc.client5.http.ssl.SSLConnectionSocketFactory - Starting handshake (null)
12:49:32.854 [main] DEBUG org.apache.hc.client5.http.ssl.SSLConnectionSocketFactory - Secure session established
12:49:32.854 [main] DEBUG org.apache.hc.client5.http.ssl.SSLConnectionSocketFactory -  negotiated protocol: TLSv1.3
12:49:32.854 [main] DEBUG org.apache.hc.client5.http.ssl.SSLConnectionSocketFactory -  negotiated cipher suite: TLS_AES_128_GCM_SHA256
12:49:32.854 [main] DEBUG org.apache.hc.client5.http.ssl.SSLConnectionSocketFactory -  peer principal: CN=*.github.io, O="GitHub, Inc.", L=San Francisco, ST=California, C=US
12:49:32.855 [main] DEBUG org.apache.hc.client5.http.ssl.SSLConnectionSocketFactory -  peer alternative names: [*.github.io, github.io, *.github.com, github.com, www.github.com, *.githubusercontent.com, githubusercontent.com]
12:49:32.855 [main] DEBUG org.apache.hc.client5.http.ssl.SSLConnectionSocketFactory -  issuer principal: CN=DigiCert TLS RSA SHA256 2020 CA1, O=DigiCert Inc, C=US
12:49:32.856 [main] DEBUG org.apache.hc.client5.http.impl.io.DefaultManagedHttpClientConnection - http-outgoing-0 set socket timeout to 3 MINUTES
12:49:32.856 [main] DEBUG org.apache.hc.client5.http.impl.io.DefaultHttpClientConnectionOperator - raw.githubusercontent.com:443 connected null->raw.githubusercontent.com/185.199.109.133:443 as http-outgoing-0
12:49:32.856 [main] DEBUG org.apache.hc.client5.http.impl.io.PoolingHttpClientConnectionManager - ep-0000000001 connected http-outgoing-0
12:49:32.856 [main] DEBUG org.apache.hc.client5.http.impl.classic.InternalHttpClient - ep-0000000001 endpoint connected
12:49:32.856 [main] DEBUG org.apache.hc.client5.http.impl.classic.MainClientExec - ex-0000000001 executing GET /bonigarcia/webdrivermanager/master/src/main/resources/commands.properties HTTP/1.1
12:49:32.857 [main] DEBUG org.apache.hc.client5.http.protocol.RequestAddCookies - ex-0000000001 Cookie spec selected: strict
12:49:32.861 [main] DEBUG org.apache.hc.client5.http.impl.classic.InternalHttpClient - ep-0000000001 start execution ex-0000000001
12:49:32.861 [main] DEBUG org.apache.hc.client5.http.impl.io.PoolingHttpClientConnectionManager - ep-0000000001 executing exchange ex-0000000001 over http-outgoing-0
12:49:32.861 [main] DEBUG org.apache.hc.client5.http.headers - http-outgoing-0 >> GET /bonigarcia/webdrivermanager/master/src/main/resources/commands.properties HTTP/1.1
12:49:32.861 [main] DEBUG org.apache.hc.client5.http.headers - http-outgoing-0 >> user-agent: Apache-HttpClient/5.0
12:49:32.861 [main] DEBUG org.apache.hc.client5.http.headers - http-outgoing-0 >> accept-encoding: gzip, deflate, br
12:49:32.861 [main] DEBUG org.apache.hc.client5.http.headers - http-outgoing-0 >> cache-control: max-age=0
12:49:32.861 [main] DEBUG org.apache.hc.client5.http.headers - http-outgoing-0 >> connection: keep-alive
12:49:32.861 [main] DEBUG org.apache.hc.client5.http.headers - http-outgoing-0 >> Host: raw.githubusercontent.com
12:49:32.861 [main] DEBUG org.apache.hc.client5.http.wire - http-outgoing-0 >> "GET /bonigarcia/webdrivermanager/master/src/main/resources/commands.properties HTTP/1.1[\r][\n]"
12:49:32.861 [main] DEBUG org.apache.hc.client5.http.wire - http-outgoing-0 >> "user-agent: Apache-HttpClient/5.0[\r][\n]"
12:49:32.861 [main] DEBUG org.apache.hc.client5.http.wire - http-outgoing-0 >> "accept-encoding: gzip, deflate, br[\r][\n]"
12:49:32.861 [main] DEBUG org.apache.hc.client5.http.wire - http-outgoing-0 >> "cache-control: max-age=0[\r][\n]"
12:49:32.861 [main] DEBUG org.apache.hc.client5.http.wire - http-outgoing-0 >> "connection: keep-alive[\r][\n]"
12:49:32.862 [main] DEBUG org.apache.hc.client5.http.wire - http-outgoing-0 >> "Host: raw.githubusercontent.com[\r][\n]"
12:49:32.862 [main] DEBUG org.apache.hc.client5.http.wire - http-outgoing-0 >> "[\r][\n]"
12:49:32.872 [main] DEBUG org.apache.hc.client5.http.wire - http-outgoing-0 << "HTTP/1.1 200 OK[\r][\n]"
12:49:32.872 [main] DEBUG org.apache.hc.client5.http.wire - http-outgoing-0 << "Connection: keep-alive[\r][\n]"
12:49:32.872 [main] DEBUG org.apache.hc.client5.http.wire - http-outgoing-0 << "Content-Length: 745[\r][\n]"
12:49:32.872 [main] DEBUG org.apache.hc.client5.http.wire - http-outgoing-0 << "Cache-Control: max-age=300[\r][\n]"
12:49:32.872 [main] DEBUG org.apache.hc.client5.http.wire - http-outgoing-0 << "Content-Security-Policy: default-src 'none'; style-src 'unsafe-inline'; sandbox[\r][\n]"
12:49:32.872 [main] DEBUG org.apache.hc.client5.http.wire - http-outgoing-0 << "Content-Type: text/plain; charset=utf-8[\r][\n]"
12:49:32.872 [main] DEBUG org.apache.hc.client5.http.wire - http-outgoing-0 << "ETag: W/"dd41edff335272162022217759820159dac501cff56850e2510f504462cd9b5f"[\r][\n]"
12:49:32.872 [main] DEBUG org.apache.hc.client5.http.wire - http-outgoing-0 << "Strict-Transport-Security: max-age=31536000[\r][\n]"
12:49:32.872 [main] DEBUG org.apache.hc.client5.http.wire - http-outgoing-0 << "X-Content-Type-Options: nosniff[\r][\n]"
12:49:32.872 [main] DEBUG org.apache.hc.client5.http.wire - http-outgoing-0 << "X-Frame-Options: deny[\r][\n]"
12:49:32.872 [main] DEBUG org.apache.hc.client5.http.wire - http-outgoing-0 << "X-XSS-Protection: 1; mode=block[\r][\n]"
12:49:32.872 [main] DEBUG org.apache.hc.client5.http.wire - http-outgoing-0 << "X-GitHub-Request-Id: 087E:351C49:F858E:14756E:65E663E6[\r][\n]"
12:49:32.872 [main] DEBUG org.apache.hc.client5.http.wire - http-outgoing-0 << "Content-Encoding: gzip[\r][\n]"
12:49:32.872 [main] DEBUG org.apache.hc.client5.http.wire - http-outgoing-0 << "Accept-Ranges: bytes[\r][\n]"
12:49:32.872 [main] DEBUG org.apache.hc.client5.http.wire - http-outgoing-0 << "Date: Wed, 06 Mar 2024 07:19:37 GMT[\r][\n]"
12:49:32.872 [main] DEBUG org.apache.hc.client5.http.wire - http-outgoing-0 << "Via: 1.1 varnish[\r][\n]"
12:49:32.872 [main] DEBUG org.apache.hc.client5.http.wire - http-outgoing-0 << "X-Served-By: cache-maa10232-MAA[\r][\n]"
12:49:32.874 [main] DEBUG org.apache.hc.client5.http.wire - http-outgoing-0 << "X-Cache: HIT[\r][\n]"
12:49:32.874 [main] DEBUG org.apache.hc.client5.http.wire - http-outgoing-0 << "X-Cache-Hits: 1[\r][\n]"
12:49:32.874 [main] DEBUG org.apache.hc.client5.http.wire - http-outgoing-0 << "X-Timer: S1709709578.508357,VS0,VE1[\r][\n]"
12:49:32.874 [main] DEBUG org.apache.hc.client5.http.wire - http-outgoing-0 << "Vary: Authorization,Accept-Encoding,Origin[\r][\n]"
12:49:32.874 [main] DEBUG org.apache.hc.client5.http.wire - http-outgoing-0 << "Access-Control-Allow-Origin: *[\r][\n]"
12:49:32.874 [main] DEBUG org.apache.hc.client5.http.wire - http-outgoing-0 << "Cross-Origin-Resource-Policy: cross-origin[\r][\n]"
12:49:32.874 [main] DEBUG org.apache.hc.client5.http.wire - http-outgoing-0 << "X-Fastly-Request-ID: c77772fe15bfc9aa534156641d29f0207f073df7[\r][\n]"
12:49:32.874 [main] DEBUG org.apache.hc.client5.http.wire - http-outgoing-0 << "Expires: Wed, 06 Mar 2024 07:24:37 GMT[\r][\n]"
12:49:32.874 [main] DEBUG org.apache.hc.client5.http.wire - http-outgoing-0 << "Source-Age: 88[\r][\n]"
12:49:32.874 [main] DEBUG org.apache.hc.client5.http.wire - http-outgoing-0 << "[\r][\n]"
12:49:32.875 [main] DEBUG org.apache.hc.client5.http.headers - http-outgoing-0 << HTTP/1.1 200 OK
12:49:32.875 [main] DEBUG org.apache.hc.client5.http.headers - http-outgoing-0 << Connection: keep-alive
12:49:32.875 [main] DEBUG org.apache.hc.client5.http.headers - http-outgoing-0 << Content-Length: 745
12:49:32.875 [main] DEBUG org.apache.hc.client5.http.headers - http-outgoing-0 << Cache-Control: max-age=300
12:49:32.875 [main] DEBUG org.apache.hc.client5.http.headers - http-outgoing-0 << Content-Security-Policy: default-src 'none'; style-src 'unsafe-inline'; sandbox
12:49:32.875 [main] DEBUG org.apache.hc.client5.http.headers - http-outgoing-0 << Content-Type: text/plain; charset=utf-8
12:49:32.875 [main] DEBUG org.apache.hc.client5.http.headers - http-outgoing-0 << ETag: W/"dd41edff335272162022217759820159dac501cff56850e2510f504462cd9b5f"
12:49:32.875 [main] DEBUG org.apache.hc.client5.http.headers - http-outgoing-0 << Strict-Transport-Security: max-age=31536000
12:49:32.875 [main] DEBUG org.apache.hc.client5.http.headers - http-outgoing-0 << X-Content-Type-Options: nosniff
12:49:32.875 [main] DEBUG org.apache.hc.client5.http.headers - http-outgoing-0 << X-Frame-Options: deny
12:49:32.875 [main] DEBUG org.apache.hc.client5.http.headers - http-outgoing-0 << X-XSS-Protection: 1; mode=block
12:49:32.875 [main] DEBUG org.apache.hc.client5.http.headers - http-outgoing-0 << X-GitHub-Request-Id: 087E:351C49:F858E:14756E:65E663E6
12:49:32.875 [main] DEBUG org.apache.hc.client5.http.headers - http-outgoing-0 << Content-Encoding: gzip
12:49:32.875 [main] DEBUG org.apache.hc.client5.http.headers - http-outgoing-0 << Accept-Ranges: bytes
12:49:32.875 [main] DEBUG org.apache.hc.client5.http.headers - http-outgoing-0 << Date: Wed, 06 Mar 2024 07:19:37 GMT
12:49:32.875 [main] DEBUG org.apache.hc.client5.http.headers - http-outgoing-0 << Via: 1.1 varnish
12:49:32.875 [main] DEBUG org.apache.hc.client5.http.headers - http-outgoing-0 << X-Served-By: cache-maa10232-MAA
12:49:32.876 [main] DEBUG org.apache.hc.client5.http.headers - http-outgoing-0 << X-Cache: HIT
12:49:32.876 [main] DEBUG org.apache.hc.client5.http.headers - http-outgoing-0 << X-Cache-Hits: 1
12:49:32.876 [main] DEBUG org.apache.hc.client5.http.headers - http-outgoing-0 << X-Timer: S1709709578.508357,VS0,VE1
12:49:32.876 [main] DEBUG org.apache.hc.client5.http.headers - http-outgoing-0 << Vary: Authorization,Accept-Encoding,Origin
12:49:32.876 [main] DEBUG org.apache.hc.client5.http.headers - http-outgoing-0 << Access-Control-Allow-Origin: *
12:49:32.876 [main] DEBUG org.apache.hc.client5.http.headers - http-outgoing-0 << Cross-Origin-Resource-Policy: cross-origin
12:49:32.876 [main] DEBUG org.apache.hc.client5.http.headers - http-outgoing-0 << X-Fastly-Request-ID: c77772fe15bfc9aa534156641d29f0207f073df7
12:49:32.876 [main] DEBUG org.apache.hc.client5.http.headers - http-outgoing-0 << Expires: Wed, 06 Mar 2024 07:24:37 GMT
12:49:32.876 [main] DEBUG org.apache.hc.client5.http.headers - http-outgoing-0 << Source-Age: 88
12:49:32.878 [main] DEBUG org.apache.hc.client5.http.impl.classic.MainClientExec - ex-0000000001 connection can be kept alive for 3 MINUTES
12:49:32.884 [main] DEBUG org.apache.hc.client5.http.wire - http-outgoing-0 << "[0x1f][0xffffff8b][0x8][0x0][0x0][0x0][0x0][0x0][0x0][0x3][0xffffffb5]W]o[0xffffffda]0[0x14]}[0xffffffe7]W\QUj% [0x1b][0xffffffad][0xffffffa6]i[0x12][0xf]4c[0xffffffdd]4*[0x18][0xffffffb4][0xffffffdd]&[0xfffffff9][0xffffffc5]$N[0xffffffb0][0xffffff94][0xffffffd8][0xffffffc8]NJ[0xffffffb7]_?[0xffffffdb][0xfffffff9]X[0xffffff92]:[0xffffffa3]k[0xffffffe8][0x1b][0xffffffb6][0xffffffef]=[0xffffffe7][0xffffffd8][0xfffffff7][0xffffffe4][0xffffffda][0xffffff9c][0xffffff80][0xffffffcb][0xffffffe3][0x18]3_[0xffffff82][0xffffff8f][0x13][0xffffffbc][0xffffffc1][0xffffff92][0xfffffff4]N[0xffffffe0]vK%[0x4]4"[0xffffffe0]q[0xffffff96]`[0xffffffca]$$[=[0xffffffc8]C[0x13][0xe][0x1b][0x2][0xffffffe4][0xffffff91]xiB|[0xffffffa0][0xffffffcc],[0xffffffcb]-[0xffffff89]"=[0xffffffe0][0xffffffc2]'B[0x7][0xfffffff9]$!^b[0x16][0x1f][0xffffff88][0xffffff90][0xffffff94][0xffffffab][0xffffffb5][0x0][0xffffff88][0xfffffffa][0x1d][\n]"
12:49:32.884 [main] DEBUG org.apache.hc.client5.http.wire - http-outgoing-0 << "B[0x18]l[0x4][0xffffffdf]K[0xffffffb5][0xffffffa0]([0xffffffcf][0xffffffdc][0xffffffad][0xffffffe0]1[0x19][0xffffffc0]'*H[0xffffffc0][0x1f][0x7][0xffffffb0][0xffffffd8][0x11][0xffffff81][0x7]0[0xfffffff3]C5kVi[0x1a][0xffffff9f]k|[0xffffff9f][0x6][0x1][0x11][0xffffff84]%[0xffffffc0]uLBY[0x8][0xfffffff2][0xffffff97]LH,[0xffffffe1][0xffffffec];e[0xffffffbe]B[0x1d][0xffffffc0][0xffffff9c][0xffffffb2]T[0xffffffc1][0xffffffdc]`[0xf][0x16][0xffffffeb][0xfffffff3][0xffffff9e][0xffffffe2][0xffffffc8](z[0xfffffff9]6F[0xffffff9e][0x19][0xffffff8e][0xfffffff6]Y[0xffffffc2][0xffffffe8][0xffffffcd][0xffffffdb][0xffffff89][0x17][0xfffffffb]#[0xffffffb5]+p\[0xffffffd8][0xffffffc7][0xffffffd4]3Gb[0xffffff8e]a[0xffffffbf]U|[0xffffffc0]pL&[0xfffffffd][0xffffffd3][0xffffffe5]jq[0xffffffbd][0xffffff9a][0xffffffde]|[0xfffffffa]2[0xffffff9f][0xffffffad]?[0xffffffa0][0x9]B[0xffffffa7][0x8]]s[0x1e]F[0x4][0xffffffa1][0xffffff8c][0x2][0xffffffa1][0xffffffe9]n[0x17]QOI[0xffffffe3][0xc][0xffffffa1][0xffffff9c]H![0xfffffff7]!$[0x9][0xffffffdc][0xffffffe7]g[0xffffffe1]<[0xffffffe0](m[0xffffffd7]3~[0xffffff81][0xffffff9e][0xffffffb3][0x1f][0xffffffef][0xffffffdf][0xffffff9d][0xffffffbf][0xffffffa6][0xffffffa8][0xffffff8b]g[0xffffff8a][0xffffff9a]/[0xffffffdc][0xffffffe9]|[0xffffffba]\~[0xffffff9c][0xffffffde]N_S[0xffffffcf][0xffffffe5]d5[0xffffffbb][0xffffff86]ow[0xffffffb3][0xffffffd5]O[0xfffffff8][0xfffffffc][0xffffffd5][0xffffffbd]Ck[0x1e]${,H[0xffffffc1][0xffffff96][0xffffff93]][0xffffffcd][0xffffffaf][0x8][0xfffffff6][0xc]^[0xffffffe1][0xffffffc5]^[0x13]4[0xffffffd2][0xffffff8e][0xffffffd1]>pR)[0xffffff9c][\r]eNh0[0xffffff86][0xffffffd9]:[0xc][0xffffff87]E[0xffffffa6]=q<i[0xffffff8b]o&[0xffffffc4][0xffffffd8]3<[0xffffff95][0x13][0xffffff90]N&8w[0xffffffe9][0x8][0xffffffef]v[0xffffff8e][0xffffffab][0xffffffbe]>es[0xffffffe9]([0x13]/[0xffffffd6][0xfffffff5][0xffffff80]*[0xffffffba][0xfffffff2]v[0xfffffffe][0xffffffd9][0xffffff94]DA6>[0xffffff8e][0xffffffbb]o[0xfffffff8]o[0x1a]E[0xffffffb8] A[0xffffffa8]@?T[0xffffffad]'*:{[0xfffffffa]xR.*[0xffffffce][0xffffffe9][0xffffffd7][0xffffffad][0xffffff93][0xffffff93]4[0xffffffc9][0xfffffffa][0xffffffda]<n*t[0xffffffeb][0xffffffb9]oV[0xffffffb6][0xffffffc0]/M[0xffffff94]O[0xffffffc0][0xfffffff0][0xffffffe1]i[0xffffff90][0xffffffb5][0xfffffffe]9[0xffffff8b][0xffffffad][0xfffffff2]U,Ul[0xffffffdd][0x13]KL[0xffffffa2][0x6][0xffffffdd][0xffffffca]\?`[0xffffffea][0x9].[0xffffffd5]I [0xffffffa4]i[0x1a]_i,[\r][0xffffffdd][0xffffffa1][0xffffffc3][0xffffffae]kzI[0xffffffd1]_Q[0xffffffce]Ek[0xffffffcb][0xfffffff8]Kf[0xffffffb8][0xfffffffe][0xffffffd9]3[0xc][0xffffffe6][0xffffffd3][0xffffff8e][0x11][0x17][0x10]C[0x1d]`i[0x19][0xffffffd5][0xffffffbc][0xfffffff1][0xffffffa4]5[0xffffffbc][0x1e]o[0xfffffff5]K[0xffffffa9][0xffffffd6][0xfffffff8][0xffffffc1]f[0xffffff9b]z[0x4][0xffffffd4][0x1a][0xffffff86][0xffffffb9]^K[0x16]s[0xffffff91][0xfffffffe][0xffffffbf][0xffffff8b]l]~)x(p,[0x11]2[0x14][0x8]E8e[0xffffff9e][0xffffffca]:X[0xffffffa6][0xffffff86][0xffffff88].[0xffffffb6]9[0xffffff9a][0xffffff88].[0xfffffff7]]G[0xffffffea][0xffffffcb][0xe][0xfffffffb][0x7f].u[0xffffff83][0xffffffbb][0xfffffff4][0xffffffb3][0x19][0xffffffda][0xffffffec][0xffffff98][0xffffffc5]Y[0xfffffffd]h8m6\4[0xffffffc1][0xffffff8a][0xffffffb7][0xffffff98]z[0xffffffd0][0xffffffd5]oF5q[0x1c][0x13][0x16][0xfffffff0][0x1d][0x1e][0x19]5-[0xffffff9d][0xffffffef][0xffffffad]c[0xb]z[0xffffffae]/m[0xffffffe6]8[0xffffffb6][0xffffff96][0xfffffff6]7X[0xffffffc9]t[0xfffffff8][0xfffffff9][0xffffffa5][0x11]K[0xfffffffb][0x15]3[0xffffffc3][0xfffffffc][0x1f]B[0xffffffdb][0xffffffd3][0xffffffab][0xffffff92]4.[0xffffff93]Z[0xffffffdf]]:[0xffffffda][0xffffffea][0xffffffdc]B[0xffffffa6][0xffffffcd][0xffffffbc][0xffffffae][0x5][0xfffffff5][0x4][0xffffffd6]8[0xffffffc0][0xffffff82][0xffffff96][0xfffffff0][0xffffffd2][0xc][0xffffffed][0xffffffe0]Y[0xffffffa8][\r]:[[0xffffffa9][0x0][0xffffffff][0x1][0xfffffff8][0x15][0xffffffb4][0xffffffee][0xffffff8e][\r][0x0][0x0]"
12:49:32.885 [main] DEBUG org.apache.hc.client5.http.impl.classic.InternalHttpClient - ep-0000000001 releasing valid endpoint
12:49:32.885 [main] DEBUG org.apache.hc.client5.http.impl.io.PoolingHttpClientConnectionManager - ep-0000000001 releasing endpoint
12:49:32.885 [main] DEBUG org.apache.hc.client5.http.impl.io.PoolingHttpClientConnectionManager - ep-0000000001 connection http-outgoing-0 can be kept alive for 3 MINUTES
12:49:32.885 [main] DEBUG org.apache.hc.client5.http.impl.io.PoolingHttpClientConnectionManager - ep-0000000001 connection released [route: {s}->https://raw.githubusercontent.com:443][total available: 1; route allocated: 1 of 5; total allocated: 1 of 25]
12:49:32.885 [main] DEBUG io.github.bonigarcia.wdm.versions.VersionDetector - Detecting chrome version using online commands.properties
12:49:32.887 [main] DEBUG io.github.bonigarcia.wdm.versions.Shell - Running command on the shell: [cmd.exe, /C, wmic, datafile, where, name="%PROGRAMFILES:\=\\%\\Google\\Chrome\\Application\\chrome.exe", get, Version, /value]
12:49:33.048 [main] DEBUG io.github.bonigarcia.wdm.versions.Shell - Result: Version=122.0.6261.95
12:49:33.050 [main] DEBUG io.github.bonigarcia.wdm.cache.ResolutionCache - Removing resolution chrome122=122.0.6261.94 from cache (expired on Tue Mar 05 14:30:49 IST 2024)
12:49:33.055 [main] DEBUG org.apache.hc.client5.http.impl.classic.InternalHttpClient - ex-0000000002 preparing request execution
12:49:33.055 [main] DEBUG org.apache.hc.client5.http.impl.classic.ProtocolExec - ex-0000000002 target auth state: UNCHALLENGED
12:49:33.055 [main] DEBUG org.apache.hc.client5.http.impl.classic.ProtocolExec - ex-0000000002 proxy auth state: UNCHALLENGED
12:49:33.055 [main] DEBUG org.apache.hc.client5.http.impl.classic.ConnectExec - ex-0000000002 acquiring connection with route {s}->https://googlechromelabs.github.io:443
12:49:33.055 [main] DEBUG org.apache.hc.client5.http.impl.classic.InternalHttpClient - ex-0000000002 acquiring endpoint (3 MINUTES)
12:49:33.055 [main] DEBUG org.apache.hc.client5.http.impl.io.PoolingHttpClientConnectionManager - ex-0000000002 endpoint lease request (3 MINUTES) [route: {s}->https://googlechromelabs.github.io:443][total available: 1; route allocated: 0 of 5; total allocated: 1 of 25]
12:49:33.055 [main] DEBUG org.apache.hc.client5.http.impl.io.PoolingHttpClientConnectionManager - ex-0000000002 endpoint leased [route: {s}->https://googlechromelabs.github.io:443][total available: 1; route allocated: 1 of 5; total allocated: 2 of 25]
12:49:33.055 [main] DEBUG org.apache.hc.client5.http.impl.io.PoolingHttpClientConnectionManager - ex-0000000002 acquired ep-0000000002
12:49:33.055 [main] DEBUG org.apache.hc.client5.http.impl.classic.InternalHttpClient - ex-0000000002 acquired endpoint ep-0000000002
12:49:33.055 [main] DEBUG org.apache.hc.client5.http.impl.classic.ConnectExec - ex-0000000002 opening connection {s}->https://googlechromelabs.github.io:443
12:49:33.055 [main] DEBUG org.apache.hc.client5.http.impl.classic.InternalHttpClient - ep-0000000002 connecting endpoint (null)
12:49:33.055 [main] DEBUG org.apache.hc.client5.http.impl.io.PoolingHttpClientConnectionManager - ep-0000000002 connecting endpoint to https://googlechromelabs.github.io:443 (30 SECONDS)
12:49:33.055 [main] DEBUG org.apache.hc.client5.http.impl.io.DefaultHttpClientConnectionOperator - googlechromelabs.github.io resolving remote address
12:49:33.108 [main] DEBUG org.apache.hc.client5.http.impl.io.DefaultHttpClientConnectionOperator - googlechromelabs.github.io resolved to [googlechromelabs.github.io/185.199.111.153, googlechromelabs.github.io/185.199.109.153, googlechromelabs.github.io/185.199.110.153, googlechromelabs.github.io/185.199.108.153, googlechromelabs.github.io/2606:50c0:8000:0:0:0:0:153, googlechromelabs.github.io/2606:50c0:8001:0:0:0:0:153, googlechromelabs.github.io/2606:50c0:8002:0:0:0:0:153, googlechromelabs.github.io/2606:50c0:8003:0:0:0:0:153]
12:49:33.109 [main] DEBUG org.apache.hc.client5.http.impl.io.DefaultHttpClientConnectionOperator - googlechromelabs.github.io:443 connecting null->googlechromelabs.github.io/185.199.111.153:443 (30 SECONDS)
12:49:33.109 [main] DEBUG org.apache.hc.client5.http.ssl.SSLConnectionSocketFactory - Connecting socket to googlechromelabs.github.io/185.199.111.153:443 with timeout 30 SECONDS
12:49:33.120 [main] DEBUG org.apache.hc.client5.http.ssl.SSLConnectionSocketFactory - Enabled protocols: [TLSv1.3, TLSv1.2]
12:49:33.120 [main] DEBUG org.apache.hc.client5.http.ssl.SSLConnectionSocketFactory - Enabled cipher suites: [TLS_AES_256_GCM_SHA384, TLS_AES_128_GCM_SHA256, TLS_CHACHA20_POLY1305_SHA256, TLS_ECDHE_ECDSA_WITH_AES_256_GCM_SHA384, TLS_ECDHE_ECDSA_WITH_AES_128_GCM_SHA256, TLS_ECDHE_ECDSA_WITH_CHACHA20_POLY1305_SHA256, TLS_ECDHE_RSA_WITH_AES_256_GCM_SHA384, TLS_ECDHE_RSA_WITH_CHACHA20_POLY1305_SHA256, TLS_ECDHE_RSA_WITH_AES_128_GCM_SHA256, TLS_DHE_RSA_WITH_AES_256_GCM_SHA384, TLS_DHE_RSA_WITH_CHACHA20_POLY1305_SHA256, TLS_DHE_DSS_WITH_AES_256_GCM_SHA384, TLS_DHE_RSA_WITH_AES_128_GCM_SHA256, TLS_DHE_DSS_WITH_AES_128_GCM_SHA256, TLS_ECDHE_ECDSA_WITH_AES_256_CBC_SHA384, TLS_ECDHE_RSA_WITH_AES_256_CBC_SHA384, TLS_ECDHE_ECDSA_WITH_AES_128_CBC_SHA256, TLS_ECDHE_RSA_WITH_AES_128_CBC_SHA256, TLS_DHE_RSA_WITH_AES_256_CBC_SHA256, TLS_DHE_DSS_WITH_AES_256_CBC_SHA256, TLS_DHE_RSA_WITH_AES_128_CBC_SHA256, TLS_DHE_DSS_WITH_AES_128_CBC_SHA256, TLS_ECDH_ECDSA_WITH_AES_256_GCM_SHA384, TLS_ECDH_RSA_WITH_AES_256_GCM_SHA384, TLS_ECDH_ECDSA_WITH_AES_128_GCM_SHA256, TLS_ECDH_RSA_WITH_AES_128_GCM_SHA256, TLS_ECDH_ECDSA_WITH_AES_256_CBC_SHA384, TLS_ECDH_RSA_WITH_AES_256_CBC_SHA384, TLS_ECDH_ECDSA_WITH_AES_128_CBC_SHA256, TLS_ECDH_RSA_WITH_AES_128_CBC_SHA256, TLS_ECDHE_ECDSA_WITH_AES_256_CBC_SHA, TLS_ECDHE_RSA_WITH_AES_256_CBC_SHA, TLS_ECDHE_ECDSA_WITH_AES_128_CBC_SHA, TLS_ECDHE_RSA_WITH_AES_128_CBC_SHA, TLS_DHE_RSA_WITH_AES_256_CBC_SHA, TLS_DHE_DSS_WITH_AES_256_CBC_SHA, TLS_DHE_RSA_WITH_AES_128_CBC_SHA, TLS_DHE_DSS_WITH_AES_128_CBC_SHA, TLS_ECDH_ECDSA_WITH_AES_256_CBC_SHA, TLS_ECDH_RSA_WITH_AES_256_CBC_SHA, TLS_ECDH_ECDSA_WITH_AES_128_CBC_SHA, TLS_ECDH_RSA_WITH_AES_128_CBC_SHA, TLS_RSA_WITH_AES_256_GCM_SHA384, TLS_RSA_WITH_AES_128_GCM_SHA256, TLS_RSA_WITH_AES_256_CBC_SHA256, TLS_RSA_WITH_AES_128_CBC_SHA256, TLS_RSA_WITH_AES_256_CBC_SHA, TLS_RSA_WITH_AES_128_CBC_SHA, TLS_EMPTY_RENEGOTIATION_INFO_SCSV]
12:49:33.120 [main] DEBUG org.apache.hc.client5.http.ssl.SSLConnectionSocketFactory - Starting handshake (null)
12:49:33.267 [main] DEBUG org.apache.hc.client5.http.ssl.SSLConnectionSocketFactory - Secure session established
12:49:33.267 [main] DEBUG org.apache.hc.client5.http.ssl.SSLConnectionSocketFactory -  negotiated protocol: TLSv1.3
12:49:33.267 [main] DEBUG org.apache.hc.client5.http.ssl.SSLConnectionSocketFactory -  negotiated cipher suite: TLS_AES_128_GCM_SHA256
12:49:33.267 [main] DEBUG org.apache.hc.client5.http.ssl.SSLConnectionSocketFactory -  peer principal: CN=*.github.io, O="GitHub, Inc.", L=San Francisco, ST=California, C=US
12:49:33.267 [main] DEBUG org.apache.hc.client5.http.ssl.SSLConnectionSocketFactory -  peer alternative names: [*.github.io, github.io, *.github.com, github.com, www.github.com, *.githubusercontent.com, githubusercontent.com]
12:49:33.267 [main] DEBUG org.apache.hc.client5.http.ssl.SSLConnectionSocketFactory -  issuer principal: CN=DigiCert TLS RSA SHA256 2020 CA1, O=DigiCert Inc, C=US
12:49:33.267 [main] DEBUG org.apache.hc.client5.http.impl.io.DefaultManagedHttpClientConnection - http-outgoing-1 set socket timeout to 3 MINUTES
12:49:33.267 [main] DEBUG org.apache.hc.client5.http.impl.io.DefaultHttpClientConnectionOperator - googlechromelabs.github.io:443 connected null->googlechromelabs.github.io/185.199.111.153:443 as http-outgoing-1
12:49:33.267 [main] DEBUG org.apache.hc.client5.http.impl.io.PoolingHttpClientConnectionManager - ep-0000000002 connected http-outgoing-1
12:49:33.267 [main] DEBUG org.apache.hc.client5.http.impl.classic.InternalHttpClient - ep-0000000002 endpoint connected
12:49:33.267 [main] DEBUG org.apache.hc.client5.http.impl.classic.MainClientExec - ex-0000000002 executing GET /chrome-for-testing/known-good-versions-with-downloads.json HTTP/1.1
12:49:33.267 [main] DEBUG org.apache.hc.client5.http.protocol.RequestAddCookies - ex-0000000002 Cookie spec selected: strict
12:49:33.267 [main] DEBUG org.apache.hc.client5.http.impl.classic.InternalHttpClient - ep-0000000002 start execution ex-0000000002
12:49:33.267 [main] DEBUG org.apache.hc.client5.http.impl.io.PoolingHttpClientConnectionManager - ep-0000000002 executing exchange ex-0000000002 over http-outgoing-1
12:49:33.267 [main] DEBUG org.apache.hc.client5.http.headers - http-outgoing-1 >> GET /chrome-for-testing/known-good-versions-with-downloads.json HTTP/1.1
12:49:33.267 [main] DEBUG org.apache.hc.client5.http.headers - http-outgoing-1 >> user-agent: Apache-HttpClient/5.0
12:49:33.267 [main] DEBUG org.apache.hc.client5.http.headers - http-outgoing-1 >> accept-encoding: gzip, deflate, br
12:49:33.267 [main] DEBUG org.apache.hc.client5.http.headers - http-outgoing-1 >> cache-control: max-age=0
12:49:33.267 [main] DEBUG org.apache.hc.client5.http.headers - http-outgoing-1 >> connection: keep-alive
12:49:33.267 [main] DEBUG org.apache.hc.client5.http.headers - http-outgoing-1 >> Host: googlechromelabs.github.io
12:49:33.267 [main] DEBUG org.apache.hc.client5.http.wire - http-outgoing-1 >> "GET /chrome-for-testing/known-good-versions-with-downloads.json HTTP/1.1[\r][\n]"
12:49:33.267 [main] DEBUG org.apache.hc.client5.http.wire - http-outgoing-1 >> "user-agent: Apache-HttpClient/5.0[\r][\n]"
12:49:33.267 [main] DEBUG org.apache.hc.client5.http.wire - http-outgoing-1 >> "accept-encoding: gzip, deflate, br[\r][\n]"
12:49:33.267 [main] DEBUG org.apache.hc.client5.http.wire - http-outgoing-1 >> "cache-control: max-age=0[\r][\n]"
12:49:33.268 [main] DEBUG org.apache.hc.client5.http.wire - http-outgoing-1 >> "connection: keep-alive[\r][\n]"
12:49:33.268 [main] DEBUG org.apache.hc.client5.http.wire - http-outgoing-1 >> "Host: googlechromelabs.github.io[\r][\n]"
12:49:33.268 [main] DEBUG org.apache.hc.client5.http.wire - http-outgoing-1 >> "[\r][\n]"
12:49:33.280 [main] DEBUG org.apache.hc.client5.http.wire - http-outgoing-1 << "HTTP/1.1 200 OK[\r][\n]"
12:49:33.280 [main] DEBUG org.apache.hc.client5.http.wire - http-outgoing-1 << "Connection: keep-alive[\r][\n]"
12:49:33.280 [main] DEBUG org.apache.hc.client5.http.wire - http-outgoing-1 << "Content-Length: 30497[\r][\n]"
12:49:33.280 [main] DEBUG org.apache.hc.client5.http.wire - http-outgoing-1 << "Server: GitHub.com[\r][\n]"
12:49:33.280 [main] DEBUG org.apache.hc.client5.http.wire - http-outgoing-1 << "Content-Type: application/json; charset=utf-8[\r][\n]"
12:49:33.280 [main] DEBUG org.apache.hc.client5.http.wire - http-outgoing-1 << "permissions-policy: interest-cohort=()[\r][\n]"
12:49:33.280 [main] DEBUG org.apache.hc.client5.http.wire - http-outgoing-1 << "x-origin-cache: HIT[\r][\n]"
12:49:33.280 [main] DEBUG org.apache.hc.client5.http.wire - http-outgoing-1 << "Last-Modified: Wed, 06 Mar 2024 07:09:25 GMT[\r][\n]"
12:49:33.280 [main] DEBUG org.apache.hc.client5.http.wire - http-outgoing-1 << "Access-Control-Allow-Origin: *[\r][\n]"
12:49:33.280 [main] DEBUG org.apache.hc.client5.http.wire - http-outgoing-1 << "Strict-Transport-Security: max-age=31556952[\r][\n]"
12:49:33.280 [main] DEBUG org.apache.hc.client5.http.wire - http-outgoing-1 << "ETag: W/"65e816a5-e1aa8"[\r][\n]"
12:49:33.280 [main] DEBUG org.apache.hc.client5.http.wire - http-outgoing-1 << "expires: Wed, 06 Mar 2024 07:19:30 GMT[\r][\n]"
12:49:33.280 [main] DEBUG org.apache.hc.client5.http.wire - http-outgoing-1 << "Cache-Control: max-age=600[\r][\n]"
12:49:33.280 [main] DEBUG org.apache.hc.client5.http.wire - http-outgoing-1 << "Content-Encoding: gzip[\r][\n]"
12:49:33.280 [main] DEBUG org.apache.hc.client5.http.wire - http-outgoing-1 << "x-proxy-cache: HIT[\r][\n]"
12:49:33.280 [main] DEBUG org.apache.hc.client5.http.wire - http-outgoing-1 << "X-GitHub-Request-Id: 9984:31A12:79374:90CD9:65E81760[\r][\n]"
12:49:33.280 [main] DEBUG org.apache.hc.client5.http.wire - http-outgoing-1 << "Accept-Ranges: bytes[\r][\n]"
12:49:33.280 [main] DEBUG org.apache.hc.client5.http.wire - http-outgoing-1 << "Date: Wed, 06 Mar 2024 07:19:37 GMT[\r][\n]"
12:49:33.280 [main] DEBUG org.apache.hc.client5.http.wire - http-outgoing-1 << "Via: 1.1 varnish[\r][\n]"
12:49:33.280 [main] DEBUG org.apache.hc.client5.http.wire - http-outgoing-1 << "Age: 392[\r][\n]"
12:49:33.280 [main] DEBUG org.apache.hc.client5.http.wire - http-outgoing-1 << "X-Served-By: cache-maa10229-MAA[\r][\n]"
12:49:33.280 [main] DEBUG org.apache.hc.client5.http.wire - http-outgoing-1 << "X-Cache: HIT[\r][\n]"
12:49:33.280 [main] DEBUG org.apache.hc.client5.http.wire - http-outgoing-1 << "X-Cache-Hits: 6[\r][\n]"
12:49:33.280 [main] DEBUG org.apache.hc.client5.http.wire - http-outgoing-1 << "X-Timer: S1709709578.913579,VS0,VE1[\r][\n]"
12:49:33.280 [main] DEBUG org.apache.hc.client5.http.wire - http-outgoing-1 << "Vary: Accept-Encoding[\r][\n]"
12:49:33.280 [main] DEBUG org.apache.hc.client5.http.wire - http-outgoing-1 << "X-Fastly-Request-ID: cec55d964d5ab827340680918c16c569bb5439c6[\r][\n]"
12:49:33.280 [main] DEBUG org.apache.hc.client5.http.wire - http-outgoing-1 << "[\r][\n]"
12:49:33.281 [main] DEBUG org.apache.hc.client5.http.headers - http-outgoing-1 << HTTP/1.1 200 OK
12:49:33.281 [main] DEBUG org.apache.hc.client5.http.headers - http-outgoing-1 << Connection: keep-alive
12:49:33.281 [main] DEBUG org.apache.hc.client5.http.headers - http-outgoing-1 << Content-Length: 30497
12:49:33.281 [main] DEBUG org.apache.hc.client5.http.headers - http-outgoing-1 << Server: GitHub.com
12:49:33.281 [main] DEBUG org.apache.hc.client5.http.headers - http-outgoing-1 << Content-Type: application/json; charset=utf-8
12:49:33.281 [main] DEBUG org.apache.hc.client5.http.headers - http-outgoing-1 << permissions-policy: interest-cohort=()
12:49:33.281 [main] DEBUG org.apache.hc.client5.http.headers - http-outgoing-1 << x-origin-cache: HIT
12:49:33.281 [main] DEBUG org.apache.hc.client5.http.headers - http-outgoing-1 << Last-Modified: Wed, 06 Mar 2024 07:09:25 GMT
12:49:33.281 [main] DEBUG org.apache.hc.client5.http.headers - http-outgoing-1 << Access-Control-Allow-Origin: *
12:49:33.281 [main] DEBUG org.apache.hc.client5.http.headers - http-outgoing-1 << Strict-Transport-Security: max-age=31556952
12:49:33.281 [main] DEBUG org.apache.hc.client5.http.headers - http-outgoing-1 << ETag: W/"65e816a5-e1aa8"
12:49:33.281 [main] DEBUG org.apache.hc.client5.http.headers - http-outgoing-1 << expires: Wed, 06 Mar 2024 07:19:30 GMT
12:49:33.281 [main] DEBUG org.apache.hc.client5.http.headers - http-outgoing-1 << Cache-Control: max-age=600
12:49:33.281 [main] DEBUG org.apache.hc.client5.http.headers - http-outgoing-1 << Content-Encoding: gzip
12:49:33.281 [main] DEBUG org.apache.hc.client5.http.headers - http-outgoing-1 << x-proxy-cache: HIT
12:49:33.281 [main] DEBUG org.apache.hc.client5.http.headers - http-outgoing-1 << X-GitHub-Request-Id: 9984:31A12:79374:90CD9:65E81760
12:49:33.281 [main] DEBUG org.apache.hc.client5.http.headers - http-outgoing-1 << Accept-Ranges: bytes
12:49:33.281 [main] DEBUG org.apache.hc.client5.http.headers - http-outgoing-1 << Date: Wed, 06 Mar 2024 07:19:37 GMT
12:49:33.281 [main] DEBUG org.apache.hc.client5.http.headers - http-outgoing-1 << Via: 1.1 varnish
12:49:33.281 [main] DEBUG org.apache.hc.client5.http.headers - http-outgoing-1 << Age: 392
12:49:33.281 [main] DEBUG org.apache.hc.client5.http.headers - http-outgoing-1 << X-Served-By: cache-maa10229-MAA
12:49:33.281 [main] DEBUG org.apache.hc.client5.http.headers - http-outgoing-1 << X-Cache: HIT
12:49:33.281 [main] DEBUG org.apache.hc.client5.http.headers - http-outgoing-1 << X-Cache-Hits: 6
12:49:33.281 [main] DEBUG org.apache.hc.client5.http.headers - http-outgoing-1 << X-Timer: S1709709578.913579,VS0,VE1
12:49:33.281 [main] DEBUG org.apache.hc.client5.http.headers - http-outgoing-1 << Vary: Accept-Encoding
12:49:33.281 [main] DEBUG org.apache.hc.client5.http.headers - http-outgoing-1 << X-Fastly-Request-ID: cec55d964d5ab827340680918c16c569bb5439c6
12:49:33.281 [main] DEBUG org.apache.hc.client5.http.impl.classic.MainClientExec - ex-0000000002 connection can be kept alive for 3 MINUTES
12:49:33.282 [main] DEBUG org.apache.hc.client5.http.wire - http-outgoing-1 << "[0x1f][0xffffff8b][0x8][0x0][0x0][0x0][0x0][0x0][0x0][0x3][0xffffffcd][0xffffffbd][0xffffffcd][0xffffff8e],[0xffffffcb]uf9[0xffffffef][0xffffffc7][0xffffffe0][0xffffffb8]x[0x15]nfn?z[0xffffff8e][0x1e]u[0xffffffa3][0x6]l[0xffffff89]-[0x11][0xffffffa0]D[0xffffff81]TU5[0xffffffba]P[0xffffffef][0xffffffde][0xffffff91][0xffffff91]yN[0xffffffe6][0xffffffb5][0xfffffffd][0xffffffc5][0xffffffe9][0x1b]~[0xffffff88][0xffffffbd][0xffffffbe]A[0xffffffa1] [0xffffff95][0xfffffff2][0xffffffb8][0xffffff95][0xffffffb0][0xffffffb0][0xffffffb0][0xffffffe8]a{[0xfffffffb][0xffffffff][0xfffffffc][0xffffffdd][0x7f][0xfffffffe][0xffffffe9][0xffffffdf][0xfffffffe][0xfffffff8][0xffffffb7][0xffffffff][0xfffffffc][0xffffffc3][0xffffffbf][0xfffffffd][0xffffffc7][0xffffffef][0xfffffffe][0xfffffff1]w[0xffffffe5]V[0xffffffda][0xffffffef]o[0xfffffff5][0xfffffff7][0xffffffb7][0xfffffff3][0x7f]?[0xffffffda]?[0xffffffde][0xffffffd6]?[0xffffffde][0xffffffda]/[0xffffffa5][0xffffff95][0xffffffff][0xffffffe3]w[0xffffffff][0xffffffe5]w[0xffffffff][0xfffffffd][0xffffff8f][0x7f][0xfffffffd][0xffffffdb][0xffffff9f][0xfffffffe][0xfffffff2][0xffffffef][0x7f][0xfffffffb][0xffffffdd]?[0xfffffffe][0xffffff9f][0xffffffff][0xfffffff3][0xffffffdb][0x7f]q[0xffffffff][0xffffff8b][0xffffffe3][0xffffffa8][0xffffffbf][0xffffffdc]~9[0xfffffffb]([0xffffffbf][0xffffffdc][0xffffffee][0xffffffff]S[0x7f][0xfffffffd][0xffffffe3][0x7f][0xffffffff][0xffffffd3][0xfffffff7][0xffffffff][0xffffff97]r[0xffffffb4][0xfffffff3][0xffffffbc][0xffffffff]7[0xffffffff][0xfffffff9]/[0xffffffff][0xffffffe3][0xffffffdf][0xffffffff][0xfffffffc][0xffffff97]?[0xfffffffc][0xfffffff3][0xfffffffd]o[0xffffffff][0xffffffe7][0xffffffef][0xfffffffe][0xffffffe9]_[0xffffffff][0xfffffffa][0xffffff97][0x7f][0xfffffffb][0xffffffe3][0xffffffe3]_[0xfffffff9][0xffffff8f]?[0xffffffff][0xffffffe1]?[0xffffffff][0xffffffef][0xffffffbf][0xfffffffc][0xfffffff5][0xffffffdf][0xffffffee][0xffffffff][0xffffffc3][0x7f][0xfffffffe][0xffffffd3][0xffffffbf][0xffffffff][0xffffffb7][0xffffffff][0xffffffa7][0xffffffb7][0xfffffffb][0xffffffff][0xfffffff0][0x7f][0xfffffffb][0xffffffeb][0xffffff9f][0xffffffef][0xffffffff][0xfffffff5][0xffffffbf][0xfffffffe][0xffffffe7][0x7f][0xfffffffe][0xffffffc7][0xffffffdf][0xfffffffe][0xfffffff1][0x1f][0xfffffffe][0xffffffe1]o[0xffffffff][0xfffffff9][0xffffff97][0xffffffbf][0xfffffffe][0xffffffe1]_[0xfffffffe][0xfffffff8][0xffffffcb][0xffffffbf][0xfffffffc][0xffffffe5]/[0xffffffff][0xfffffff2][0xffffffe7]?[0xfffffffe][0xffffffe1]?[0xfffffffe][0xfffffff4][0xffffffb7]_[0xfffffffe][0xffffffe9]/[0xffffffff][0xfffffff6][0xf][0xffffffef][0xffffffff][0xffffffc8][0xffffffef][0xffffffef][0x7f][0xfffffffc][0xfffffffb][0xffffffff][0xffffffbc][0x1f][0xfffffffe]O[0xffffffff][0xfffffffe]/[0xffffffbf][0xffffffff][0xffffff8f][0xffffffff][0xfffffff6][0x7f][0xfffffffd][0xfffffff9]O[0xffffffff][0xfffffff4][0xf]_[0xffffffcf][0xfffffff3][0xf][0x1f][0xffffffff][0xffffffea][0xffffffb7][0xffffffff][0xfffffff1][0xffffff8f][0xffffffff][0xfffffff2][0xffffff97][0xffffffff][0xfffffff7]O[0xffffffff][0xfffffff1][0xffffffbb][0xffffffff][0xfffffff5]_~[0xfffffff5][0xfffffffc][0x7f][0xfffffffb][0xffffffc3]?[0xfffffffd][0xfffffffe][0xf][0x7f][0xfffffffd][0xffffffb7][0xffffffbf][0xfffffffb][0x9][0xffffffbe][0xffffffff][0xffffffbb][0xffffffdf][0xfffffffe][0xffffffe0][0xfffffffb][0x7f][0xffffffe3][0xffffffd9])[0xfffffffe][0xfffffffe][0xffffffff][[0xfffffff8][0xfffffff8]W[0xffffffbf][0xffffff9e][0xffffffe0][0xffffffc9][0xffffffff][0x16][0xfffffffe][0xffffffc7][0xffffff9f][0xfffffffe][0xffffffbd][0xffffff96][0xffffffbf][0xfffffff3][0xffffffd3][0x1f][0xffffffff][0xffffffe6][0xffffffb7][0xffffffff][0xffffffe1][0xffffffc7][0x7f][0xfffffff1][0xffffffe4][0xffffffc9][0x7f][0xfffffff7][0xffffffff][0x7f]?[0xfffffffe][0xffffffcd]/O[0xfffffffe][0xfffffff6][0xffffffff][0xffffffe7][0xffffffff][0xfffffffa][0xffffffbf][0xffffffde][0x1e].[0x11][0xffffffae][0xffffffa7][0x19][0xffffffc3][0xfffffff5][0xffffffc4]![0xffffffbe][0x1f][0xffffff81][0xffffffa7][0xfffffff8][0xffffffe3][0x10][0x14][0xffffffc6][0xfffffff7][0xffffffc7]S[0x1c][0xffffffbf]?[0xfffffffa]U[0xffffff90]{5[0x3][0xffffffb9]W[0x1c][0xffffffe4][0xfffffffb][0x11]x[0xffffff90]?[0xe]A[0xffffff81]|[0x7f]<[0x5][0xfffffff2][0xfffffffb][0xffffffa3][0x7f]#[0xffffffc8][0xffffffed][0xfffffff1]W[0xffffffab][0xffffff8b][0xffffffa8][0xffffffe8][0xffffffa5][0xffffffaf]t[0xffffff8e]?[0xffffffcf]Ca[0xfffffffc][0xffffffe5][0x4][0x18][0xffffffc5][0xffffffdb][0x19][0xffffff92]![0xfffffffe][0xfffffff2][0xfffffff4]d[0xffffff86][0x7f][0xfffffffd][0xffffffe4]W[0x10][0x1e][0xffffffb7])[0x10][0xffffff9e][0xfffffff5]<[0x18][0xffffff84][0x1f][0xffffffe7]A[0x11]~?[0x1][0xffffff8b][0xfffffff0][0xffffffe7][0x19][0x8][0xffffff84][0xffffffdf][0xffffff9f]N [0xfffffffc][0xfffffffd][0xffffffc9][0xffffffaf]![0xffffffbc][0x14][0xffffffc2]gk[0x14][0xffffffc2][0xb]Gx[0x19] [0xffffffbc]P[0xffffff84][0x17][0xffffff86][0xfffffff0][0xffffffba][0xffffff80][0xfffffff0]qS[0x8][0xffffffcf]:![0xffffff84][0xffffffdf][0xffffffce][0xffffffc3]"[0xfffffffc]8[0x1][0xffffff8c][0xfffffff0][0xfffffff7]3 [0x8]?[0xffffff9e][0xffffff8e] [0xfffffffc][0xffffffed][0xffffffc9][0xffffffaf]!|[0xfffffffc][0x12][0xffffffff]3[0xffffffdd]:[0xfffffffa][0xffffff8d]B[0xfffffff8]~[0x1e][0x18][0xffffffe1][0xffffffb7][0x13][0xffffffd0][0x8][0x7f];[0x3][0xffffff83][0xfffffff0][0xffffffdb][0xffffffd3][0x19][0xffffff84]?[0xffffff9e][0xfffffffc][0x1a][0xffffffc2]UXx[0xffffff8d]N[0xffffff85][0xffffffc4][0xffffffdb]y`[0xffffff84][0xffffffab][0xffffff81][0xffffff85]+j[0xffffffe1][0xffffff8a]Y[0xffffffb8]^[0xffffffb1][0xfffffff0][0x19][0x11][0xffffffae][0xffffffb7]:+[0xffffff85][0xfffffff0][0xffffff89]#|[0x1a] |[0xffffffa2][0x8][0xffffff9f][0x18][0xffffffc2][0xffffffe7][0x15][0xffffff84][0xffffffc5][0x1b][0xffffff89]z[0x14][0xffffffe0][0xffffffe5][0xfffffff0][0xffffffe7]y`[0xffffff84][\r][0xffffffde]H[0x1c][0xffffffe8][0x1b][0xffffff89][0x3]{#q\y#Qn[0xffffffbf][0xffffffb4][0xffffff88][0xfffffff0][0xffffffbc]u[0x8][0xffffffe1][0xffffffb7][0xfffffff3][0xffffffb0][0x8]?N[0x0]#[0xfffffffc][0xfffffffd][0xc][0x8][0xffffffc2][0xffffff8f][0xffffffa7]#[0x8][0x7f]{[0xfffffff2]k[0x8][0xffffff8b][0xfffffffb][0x12][0xffffffb5]4[0xe]a[0xfffffff0][0xffffffbe][0xffffffc4][0xffffff97][0x13][0xffffffd0][0x8]C[0xfffffff7]%[0xffffffbe]<[0xffffff9d]A[0xfffffff8][0xffffffb5][0xfffffffb][0x12][0x1f][0x7f][0xffffffd4][0x4][0xffffffc2][0xfffffff5]vPo$[0xffffffde][0xffffffce][0x3]#[0xffffffdc][0xc][0x10]n([0xffffffc2][\r]C[0xffffffb8]]AX[0xffffffb5]p+[0x7][0xfffffff5][0xffffffeb]\[0xffffffc1][[0xffffffb8][0x18][0xffffffb4]pA[[0xffffffb8]`-\[0xffffffae][0xffffffb4]pU![0xffffffd1][0xffffffda]*[0x10][0xffffffc2][0x15][0xf][0xffffff89]j[0x10][0x12][0x15][\r][0xffffff89][0xffffff8a][0xffffff85]D[0xffffffbd][0x12][0x12]U[0xffffffbc][0x17][0xffffffae]m[0xe][0xffffffea][0xffffff8d]D[0xffffffc5][0xffffffdf][0xb]W[0xffffff83][0xfffffff7][0xffffffc2][0x15]}/\[0xffffffb1][0xfffffff7][0xffffffc2][0xfffffff5][0xffffffca]{[0xffffffe1][0xffffffaa]Z[0xfffffff8]<n[0x18][0xffffffc2]x[0xb]W[0xffffff83][0x16][0xfffffffe]~[0x6][0x6]a[0xffffffac][0xffffff85][0xffffffbf]=[0xfffffff9]5[0xffffff84][0xffffffd5]O[0x1b][0xffffffe7]9[0xffffffa8][0xffffffff]8W[0xfffffff1][0xffffff9f]6[0xffffffaa][0xffffffc1]O[0x1b][0x15][0xfffffffd]i[0xffffffa3]b?m[0xffffffd4]+?m[0xffffffdc][0xffffffff][0xffffffa8][0xffffff98]!\p[0xffffff84][0xffffff8b][0x1][0xffffffc2][0x5]E[0xffffffb8]`[0x8][0xffffff97]+[0x8][0xffffff87]k>0[0xffffffc2][0xfffffff0]5[0xffffff9f][0xffffffc7][0x9]x[0xffffff84][0xffffffc1]k>[0xffffff8f][0xffffffa7]S[0x8][0xffffffbf]~[0xffffffcd][0xffffffe7][0xfffffffe]G[0xffffffdd][0xc][0xffffffe1][0xffffff8e]#[0xffffffdc][\r][0x10][0xffffffee]([0xffffffc2][0x1d]C[0xffffffb8]_A[0xfffffff8]pc[0xfffffff8][0xffffffe0]!>[0x1c](>X[0xffffff8c][0xf][0xffffff8e][0xffffffe3][0xffffffe3][0x12][0xffffffc8][0xffffffc5][\r][0xffffffe4][0xffffffc2][0xffffff83]\[0x1c]@.,[0xffffffc8][0xffffff85][0x3][0xffffffb9]\[0x2]9[0xe][0xffffffe7][0xffffffc3] s[0xffffffc3][0xfffffff9]_[0xffffff8f][0xffffffc0][0xffffff83][0xffffffcc][0xc][0xffffffe7][0x7f]}<[0x5][0xfffffff2]K[0xffffffc3][0xfffffff9][0xffffffdf][0xffffffff][0xffffffaa][0xffffffb9][0xffffff81][0xffffffdc]x[0xffffff90][0xffffff9b][0x3][0xffffffc8][0xffffff8d][0x5][0xffffffb9]q [0xffffffb7]K /[0xffffffb7][0x17][0xffffffc6][0xffffff8b][0x7f]c|?[0x2][0xf][0xfffffff2][0xffffffc7]!([0xffffff90][0x17][0xfffffff7][0xffffffd2]x]zk|T[0xffffffb7][0xffffff97]n[0xfffffff7][0x13][0xffffffe1]([0xffffffbf][0xffffff9d][0xffffff81]g[0xfffffff9][0xffffffdb])([0xffffff98][0xffffffdf][0xffffff9e]O[0xffffffd1][0xfffffffc][0xfffffff1][0xffffffec][0xffffffdf][0xffffff88][0xfffffff3][0xfffffff9][0xfffffffe]gb\[0xffffffbf][0xffffff8e][[0xffffffcf][0xffffffbf][0x10][0xfffffff4]y[0x1e][\n]"
12:49:33.282 [main] DEBUG org.apache.hc.client5.http.wire - http-outgoing-1 << "[0xffffffe5]/'[0xffffffc0]@[0xffffffde][0xffffffce][0xffffff90][0xffffff8c][0xfffffff1][0xffffff97][0xffffffa7]'C[0xfffffffc][0xffffffeb]'[0xffffffbf][0xffffff84]p[0x13][0xffffffe3][0xfffffffa]u[0xffffffd4][0xffffff99][0x7f]-[0xfffffff3][0xfffffff3]<,[0xffffffc2][\r][0x1d][0xffffffd7][0xffffffdf][0xffffffce][0xffffff80] [0xffffffdc][0xffffff80]q[0xfffffffd]_?[0xfffffff9]5[0xffffff84][0xf][0xffffff85][0xfffffff0][0xffffffd9][0xfffffff2][0xffffff93][0xffffffe2][0xfffffff3]<0[0xffffffc2][0xffffff87][0x1][0xffffffc2][0x7][0xffffff8a][0xfffffff0][0xffffff81]!|\AX[0xffffffdd],[0x1e][0xffffffe7][0x1a][0x14][0xffffffc2][0xffffffe0][0xffffffcd][0xffffffe2]/'[0xffffffa0][0x11][0xffffff86]n[0x16][0x7f]y:[0xffffff83][0xfffffff0]k7[0xffffff8b]?[0xfffffffe]H[0xffffffdd],[0x1e][0xffffffbd][0xffffffe5]/[0x10][0xfffffffc]<[0xf][0xffffff8c]0z[0xffffffb3]x;[0x3][0xffffff83]0p[0xffffffb3][0xfffffff8][0xffffffd7]O~[\r][0xffffffe1]&[0x11]^[0xfffffff9][0x1b]'>[0xffffffcf][0x3]#[0xffffffdc][0xc][0x10]n([0xffffffc2][\r]C[0xffffffb8]]Ax[0x8][0xffffff84]g)XH[0xc][0x1c][0xffffffe1]a[0xffffff80][0xfffffff0]@[0x11][0x1e][0x18][0xffffffc2][0xffffffe3][\n]"
12:49:33.282 [main] DEBUG org.apache.hc.client5.http.wire - http-outgoing-1 << "[0xffffffc2][0xffffffea][0xffffffa5][0xffffffda][0xffffff9c]'fa[0xfffffffc][0xffffffa5]Z3x[0xffffffa9][0xffffffd6][0xffffffd0][0xffffff97]j[\r]{[0xffffffa9][0xffffffd6][0xffffffae][0xffffffbc]T;[0xffffffd5]K[0xffffffb5]U[0xe][\n]"
12:49:33.282 [main] DEBUG org.apache.hc.client5.http.wire - http-outgoing-1 << "[0xffffffe1][0x13][0x7f][0xffffffa9]v[0x1a][0xffffffbc]T;[0xffffffd1][0xffffff97]j'[0xfffffff6]R[0xffffffed][0xffffffbc][0xfffffff2]R[0xffffffed]T/[0xffffffd5]V+[0xffffffd4]K[0xffffffb5][0x13][0x7f][0xffffffa9]v[0x1a][0xffffffbc]T;[0xffffffd1][0xffffff97]j'[0xfffffff6]R[0xffffffed][0xffffffbc][0xfffffff2]R[0xffffffed][0xfffffffe]GqD[0xffffff89]E[0x18][0x1b]Q[0xfffffffa]r[0x2][0x1e]adD[0xffffffe9][0xffffffcb][0xffffffd3])[0xffffff84]_[0x19]Q[0xfffffffa][0xfffffff8][0xffffffa3][0xffffffa2][0x10][0xffffffbe]w5[0xffffff85]p[0xffffffc1][0x11].[0x6][0x8][0x17][0x14][0xffffffe1][0xffffff82]"
12:49:33.282 [main] DEBUG org.apache.hc.client5.http.wire - http-outgoing-1 << "!\[0xffffffae] ,[0xffffffde][0xb][0xffffffb7][0xffffffdb][0xffffffad][0xffffffe4]o_[0xfffffffb]<[0xf][0xffffff8c][0xffffffb0][0xffffffc1]{[0xffffffe1][0x13]}/|b[0xffffffef][0xffffff85][0xffffffcf]+[0xffffffef][0xffffff85][0xffffffcf]S!|[0x2][0x1b]'>[0xffffffcf][0x3]#|[0x1a] |[0xffffffa2][0x8][0xffffff9f][0x18][0xffffffc2][0xffffffe7][0x15][0xffffff84][0xffffffc5][0xffffffe7][0xffffffbd][0xffffffee][0x8]c7[0xffffffd5]N[0xfffffff0][0xfffffff3]^_N@#[0xc]}[0xffffffde][0xffffffeb][0xffffffcb][0xffffffd3][0x19][0xffffff84]_[0xfffffffb][0xffffffbc][0xffffffd7][0xffffffc7][0x1f][0xffffff89][0xffffff9f]6[0xffffffda][0xffffffad]s[0x16][0xffffffc6][0x7f][0xffffffda]8[\r]~[0xffffffda]8[0xffffffd1][0xffffff9f]6N[0xffffffec][0xffffffa7][0xffffff8d][0xfffffff3][0xffffffca]O[0x1b][0xffffffa7][0xffffffd8][0xffffff81]yG[0x18][0xfffffff8][0xffffffb0][0xffffffcc][0xffffffe7]y`[0xffffff84][0xffffffd1][0x1d][0xffffff98][0xffffffdb][0x19][0x18][0xffffff84][0xffffff81][0x1d][0xffffff98][0xffffffbf]~[0xfffffff2]k[0x8][0xffffff8b]_[0xffffffe7][0xffffffda]m[0xc][0xffffffea][0xffffffbe][0xfffffff0][0xffffff89][0xffffffff]:w[0x1a][0xfffffffc]:w[0xffffffa2][0xffffffbf][0xffffffce][0xffffff9d][0xffffffd8][0xffffffaf]s[0xffffffe7][0xffffff95]_[0xffffffe7][0xffffffba][0xfffffff8]i[0xffffffa3]!_[0xffffffe5][0xfffffff8]<[0xf][0xffffff8b]p7[0xfffffff8]i[0xffffffa3][0xffffffa3]?mt[0xffffffec][0xffffffa7][0xffffff8d]~[0xffffffe5][0xffffffa7][0xffffff8d].[0xffffffee][0xb][0xffffffb7][0xffffffa3]W[0xffffffea][0xffffffa5]Z[0xffffffc7][0xffffffef][0xb]w[0xffffff83][0xfffffffb][0xffffffc2][0x1d][0xffffffbd]/[0xffffffdc][0xffffffb1][0xfffffffb][0xffffffc2][0xfffffffd][0xffffffca]}[0xffffffe1][0xfffffffb][0x1f]53[0xffffff84][0xffffffb1][0xf][0xffffffcb]|9[0x1][0xffffff8f]0[0xfffffff2]a[0xffffff99]/O[0xffffffa7][0x10]~[0xffffffe5][0xffffffc3]2[0x1f][0x7f][0xffffffa4]~[0xffffffda]8V[0xffffffa7]Z[0xffffffb8][0xffffffe3]?mt[0xffffff83][0xffffff9f]6:[0xfffffffa][0xffffffd3]F[0xffffffc7]~[0xffffffda][0xffffffe8]?[0xfffffffc]i[0xffffffe3][0xffffffbf]|@[0xfffffff8][0xffffffcf][0x7f][0xfffffffd][0xffffffd3][0x1d]d[0x2][0xffffffc5][0xfffffff7]';[0x0][0xfffffff9]q[0x12][0x1c][0xffffffcb]/[0xffffffe7][0xffffff80][0xffffffe0][0xfffffffc]8[0x1][0xffffff86][0xffffffe8][0xffffffe7][0xfffffff3][0xffffffff][0x7f]]{[\n]"
12:49:33.282 [main] DEBUG org.apache.hc.client5.http.wire - http-outgoing-1 << "[0xffffffd7][0xffffff96][0xe]|V[0xfffffffc][0xfffffff3]<[0xffffffb0]kO[0x3][0xffffffd7][0xffffff9e][0x1][0xffffffea]L[0xffffff9c]O[0xffffffcc][0xffffffb5][0xffffffa7][0xffffff93]k#[0xffffff8a][0xffffff8c]k[0x15][0xffffff90][0xffffff8c]k#[0xffffff96][0xfffffff9][0xffffffae][0xffffffdd][0xffffffe1][0xffffffcc]v[0xffffffed][0xffffff8e][0xffffffe8][0xb][0xffffffae]U[0xffffffbf][0xffffffb4][0xffffffd5]cb[0xffffffae][0xffffffc5][0x7f]i[0xffffffeb][0x6][0xffffffbf][0xffffffb4]u[0xfffffff4][0xffffff97][0xffffffb6][0xffffff8e][0xfffffffd][0xffffffd2][0xffffffd6][0x7f][0xfffffff8]K[[0xffffffb6]k#[0xffffff8a][0xffffff8c]k[0x15][0xffffff90][0xffffff8c]k#[0xffffff96][0xfffffff9][0xffffffae][0xffffffdd][0xffffffe1][0xffffffcc]v[0xffffffed][0xffffff8e][0xffffffe8][0xb][0xffffffae]U?[0x9][0xffffffd7][0xffffffb3]b?F[0xffffffe0]?[0x9]w[0xffffff83][0xffffff9f][0xffffff84];[0xfffffffa][0xffffff93]p[0xffffffc7]~[0x12][0xffffffee]?[0xfffffffc]I8[0xffffffdb][0xffffffb5][0x11]E[0xffffffc6][0xffffffb5][\n]"
12:49:33.282 [main] DEBUG org.apache.hc.client5.http.wire - http-outgoing-1 << "H[0xffffffc6][0xffffffb5][0x11][0xffffffcb]|[0xffffffd7][0xffffffee]pf[0xffffffbb]vG[0xfffffff4][0x5][0xffffffd7][0xffffffaa][0xffffffbb][0xb][0xffffffb5][0xffffff9f][0xffffffd4][0xffffff8a][0xffffff92][0xffffff8e][0xffffffdf]][0xffffffe8][0x6]w[0x17]:zw[0xffffffa1]cw[0x17][0xfffffffa][0xf][0xffffffef].d[0xffffffbb]6[0xffffffa2][0xffffffc8][0xffffffb8]V[0x1][0xffffffc9][0xffffffb8]6b[0xffffff99][0xffffffef][0xffffffda][0x1d][0xffffffce]l[0xffffffd7][0xffffffee][0xffffff88][0xfffffffe]v[0xffffffd7][0xe]1[0x2][0xffffffdf][0xffffffea]8[0xffffffa8][0xffffffc9][0xffffffb5][0xffffff81][0xffffff8f][0xffffffc0][0xf][0xffffff83][0x11][0xfffffff8][0xffffff81][0xffffff8e][0xffffffc0][0xf]l[0x4]~[0xfffffffc]p[0x4]>[0xffffffd9][0xffffffb5][0x2]E[0xffffffc4][0xffffffb5][0x12]H[0xffffffc4][0xffffffb5][0x2][0xffffffcb]t[0xffffffd7][0x6]8[0xffffff93]][0x1b][0x10]}[0xffffffc1][0xffffffb5][0xffffffea]Bc[0xffffffbd][0xffffff97]2[0xffffffe5]Z[0xfffffffc]B[0xffffffe3]0[0xffffffb8][0xffffffd0]8[0xffffffd0][0xb][0xffffff8d][0x3][0xffffffbb][0xffffffd0]8~x[0xffffffa1]1[0xffffffdb][0xffffffb5][0x11]E[0xffffffc6][0xffffffb5][\n]"
12:49:33.282 [main] DEBUG org.apache.hc.client5.http.wire - http-outgoing-1 << "H[0xffffffc6][0xffffffb5][0x11][0xffffffcb]|[0xffffffd7][0xffffffee]pf[0xffffffbb]vG[0xfffffff4][0x5][0xffffffd7][0xffffffaa][0xffffff9b][0xffffffb7]u[0x1e][0xffffffd4][0xffffffb5][0xffffffc5][0xffffff81][0xffffffdf][0xffffffbc][0x1d][0x6]7o[0x7]z[0xfffffff3]v`7o[0xffffffc7][0xf]o[0xffffffde]f[0xffffffbb]6[0xffffffa2][0xffffffc8][0xffffffb8]V[0x1][0xffffffc9][0xffffffb8]6b[0xffffff99][0xffffffef][0xffffffda][0x1d][0xffffffce]l[0xffffffd7][0xffffffee][0xffffff88][0xffffffbe][0xffffffe0]Zu[0xffffffbf][0xffffffb6].[0xffffffe0][A[0xffffff9f][0xffffffe7][0xffffff81]]kp[0xffffffbf]v[0xffffffc4][0xffffff8b][0xffffff8c][0xffffff99]8c[0xfffffff7]k[0xffffffc7]~y[0x11]u[0xffffffad][0xffffffc9][0xfffffffd]Z[0x9]$[0xffffffe3]Z[0xffffff83][0xfffffffb][0xffffffb5][0x1][0xffffffce]l[0xffffffd7]^[0xffffffbf]_{[0xffffffff][0xffffffd3]f[0xffffffe6]Zx[0x1c][0xffffffe7]q[0x2][0xffffffde][0xffffffb5][0xffffffe0]8[0xffffffce][0xffffffe3][0xffffffe9][0xffffff94]k[0x7f]0[0xffffff8e][0xffffff93][0xffffffef][0xffffffda][0x1d]E[0xffffffca][0xffffffb5][0x11]H[0xffffffca][0xffffffb5];[0xffffff96][0xffffff84]k[0x1b][0xffffffec][0xffffffda]v[0xffffffd5][0xffffffb5]j[0x19]S[[0xffffffd8]z[0xffffffe8][0xffffff81]/c[0x1a][0x6][0xffffffcb][0xffffff98][0x6][0xffffffba][0xffffff8c]i`[0xffffffcb][0xffffff98][0xffffffc6][0xf][0xffffff97]1e[0xffffffbb]6[0xffffffa2][0xffffffc8][0xffffffb8]V[0x1][0xffffffc9][0xffffffb8]6b[0xffffff99][0xffffffef][0xffffffda][0x1d][0xffffffce]l[0xffffffd7][0xffffffee][0xffffff88][0xffffffbe][0xffffffe0]Z5[0xffffffcb]p[0x16][0xffffffec]k[0x12][0x3][0xffffff9f]e[0x18][0x6][0xffffffb3][0xc]#^[0x1a][0xffffffcf][0xffffffc4][0x19][0xffffff9b]e[0x18][0xfffffffb]Eq[0xffffffd4][0xffffffb5]&[0xffffffb3][0xc][0x12]H[0xffffffc6][0xffffffb5][0x6][0xffffffb3][0xc][0x1][0xffffffce]l[0xffffffd7]^[0xffffff9f]e[0xffffff98][0xffffffea][0x1e]Bo[0xffffffd8]'[0x0]'~[0xf]a[0x1a][0xffffffdc]C[0xffffff98][0xfffffff1][0x7][0xffffffdf]D[0xffffff9c]'v[0xf]a[0xffffffee]?[0xfffffff2][0xffffff92][0xffffffae][0x15]("[0xffffffae][0xffffff95]@"[0xffffffae][0x15]X[0xffffffa6][0xffffffbb]6[0xffffffc0][0xffffff99][0xffffffec][0xffffffda][0xffffff80][0xffffffe8][0xb][0xffffffae]=[0xffffff95]kWi[0xffffff94]kO[0xffffffdc][0xffffffb5][0xffffffa7][0xffffff81]k[0xffffffcf][0x0]u&[0xffffffce]'[0xffffffe6][0xffffffda][0xffffffd3][0xffffffc9][0xffffffb5][0x11]E[0xffffffc6][0xffffffb5][\n]"
12:49:33.282 [main] DEBUG org.apache.hc.client5.http.wire - http-outgoing-1 << "H[0xffffffc6][0xffffffb5][0x11][0xffffffcb]|[0xffffffd7][0xffffffee]pf[0xffffffbb]vG[0xfffffff4][0x5][0xffffffd7][0xffffffaa][0xffffffb9][0xffffffb1]q[0xffffffff][0x17])[0xffffffd7][0xffffffe2]sc[0xffffffd3]`nl[0xffffffc6][0x1][0xffffff9d]L[0xffffff9c][0xffffffb1][0xffffffb9][0xffffffb1][0xffffffb9][0xf][0xffffffe5][0xffffffa0][0xffffffae]5[0xffffff99][0x1b][0xffffff93]@2[0xffffffae]5[0xffffff98][0x1b][0xb]pf[0xffffffbb][0xfffffff6][0xfffffffa][0xffffffdc][0xffffffd8][0xffffffba][0xfffffffd]R[0xffffff83]k[0xffffffe7][0xfffffffd][0xffffffff]@[0xffffffae]};[0xf][0xffffffeb][0xffffffda][0xffffffc7][0x9]`[0xffffffd7]~?[0x3][0xffffffe2][0xffffffda][0xffffffc7][0xffffffd3][0x11][0xffffffd7]~{[0xffffffb2][0xffffff85]k[0x5][0xffffff8a][0xffffff88]k%[0xffffff90][0xffffff88]k[0x5][0xffffff96][0xffffffe9][0xffffffae][\r]p&[0xffffffbb]6 [0xfffffffa][0xffffff92]k[0xf]7[0xffffffd9][0x1e][0xffffffbc]m[0xf][0x7][0xffffffdd][0x1e][0xffffffac]o[0xf]N[0xffffffb8][0xffffff87][0xffffff95]q[0x3][0xffffff8f][0xffffff94]r[0x5][0xffffff95][0xffffff94]s[0x3][0xffffff9b][0xffffff84]t[0xf][0xffffffda][0xffffffba][0xffffffc7]Oh[0xfffffff7][0xfffffff1][0xffffff9a][0xffffffd6]I[0xffffffbb][0x5][0xffffffbe]l[0xfffffffb]~[0x4]^[0xffffffbb][0x5][0xffffffbc]n[0xfffffffb][0xfffffffe]xJ[0xffffffbb][0xffffffc5][0xffffffe7][0xffffffc2][0xffffffad][0xffffffe2][0xffffff91][0xffffffd2][0xffffffae][0xffffffa0][0xffffff92][0xffffffd2]n`[0xffffff93][0xffffffd0]nA/[0xffffffdd]FN_[0xffffffd2][0xffffffee][0xffffffd9][0xffffffcd][0xffffffb4]{v\[0xffffffbb][0xfffffff7]#[0xfffffff0][0xffffffda][0xfffffffd]8[0x4][0xffffffa5][0xffffffdd][0xfffffffb][0xffffffe3])[0xffffffed][0xffffffbe]?[0xffffffda]E[0xffffffbb][0xffffff81]GJ[0xffffffbb][0xffffff82]JJ[0xffffffbb][0xffffff81]MB[0xffffffbb][0x1b][0xffffffa1][0xfffffff9][0xffffffda][0xffffffdd]8}I[0xffffffbb][0xffffffe3]4[0xffffffd3][0xffffffee]8q[0xffffffed][0xffffffde][0xffffff8f][0xffffffc0]k[0xfffffff7][0xffffffe3][0x10][0xffffff94]v[0xffffffef][0xffffff8f][0xffffffa7][0xffffffb4][0xfffffffb][0xfffffffe]h[0x17][0xffffffed][0x6][0x1e])[0xffffffed][\n]"
12:49:33.282 [main] DEBUG org.apache.hc.client5.http.wire - http-outgoing-1 << "*)[0xffffffed][0x6]6[0x9][0xffffffed]n[0xffffff84][0xffffffe6]kw[0xffffffe3][0xfffffff4]%[0xffffffed][0xffffffae]xi[0xffffff81][0xffffffd5][0xffffffee][0xffffff82]o-[0xffffffbc][0x1f][0xffffff81][0xffffffd7][0xffffffee][0xffffffc7]!([0xffffffed].[0xffffffe8][0xffffffe2][0xffffffc2][0xfffffff7]G[0xffffffbb]h7[0xfffffff0]HiWPIi7[0xffffffb0]Ihw[0xffffffa1][0xffffffb7][0x17]"[0xffffffa7][0xffffffaf]iw[0xffffffba]iw[0xfffffff2][0xffffffda][0xffffff9d][0xe][0xffffffda][0xffffff9d][0xffffffac]v'[0xffffffa7][0xffffffdd]i[0xffffffa5][0xffffffdd][0xffffff9d]GL[0xffffffbb][0xffffff91]JL[0xffffffbb];[0xffffff9b][0xffffff88]v'[0xffffffad][0xffffffdd]y][0xffffffbb][0xffffffc7][0xffffffad][0xffffff98]y[0xfffffff7]~"\[0xffffffbc]og[0xffffffe0][0xffffffcd][0xfffffffb][0xffffffed][0x14][0xffffff94]z[0xffffffdf][0xffffff9e]O[0xffffffb9][0xfffffff7][0xffffffe3][0xffffffd9].[0xfffffff2][0xffffff8d]PR[0xfffffff6]UhR[0xfffffffa][0xffffff8d][0xffffff80][0x12][0xfffffffe][0xffffffdd]1[0xffffffcd][0x17][0xfffffff0][0xe][0xffffffeb]k[0x6][0x1e]n/[0x1c][0xffffffee]'[0xffffffe2][\r]|?[0xffffff83][0xffffff81][0xffffff81]?N[0xffffff81][0x19]xp/[0x1d]>[0xffffff9e]mc[0xffffffe0][0x0]%f`[0xffffff81]&f[0xffffffe0][0x0](b[0xffffffe0]A[0xffffffbf]"
12:49:33.284 [main] DEBUG org.apache.hc.client5.http.wire - http-outgoing-1 << "y[0xffffffd8]a[0xfffffffd]-[0x6][0xffffffee][0xffffffef][0x7f][0xffffffac][0xffffffb6]/[0xffffffcc]Q[0xfffffff3][0xfffffffd][0xfffffffb]y[0x1e][0xffffffca][0xffffffbe]_N[0xffffff80][0xffffffb9]w;C[0xffffffb2]y[0xffffffbf]<=[0xffffffd9][0xffffffbb][0xffffffbf]~2l[0xffffffdd][0xffffffa7](&;[0xfffffff7][0x7]@&[0x1b][0xfffffff7])[0xffffff96][0xffffff89][0xffffffbe]}[0x2]g[0xffffff9a]m[0xffffff9f] [0xfffffffa][0xffffff82]k[0xffffffd5]f[0xfffffff2]U{[0xffffffa1]\[0xb]n&[0xffffffff]r[0x2][0xffffffda][0xffffffb5][0xffffffd0]f[0xfffffff2]/Og\[0xffffffeb][0xffffffb1][0xffffff99][0xfffffffc])[0xffffff8a][0xffffff8c]k[\r]6[0xffffff93]?[0xffffffc5]2[0xffffffdf][0xffffffb5][0xffffffd8]f[0xfffffff2]'[0xffffff88][0xffffffbe][0xffffffe0][0xffffffda][0xffffffa6]\[0xffffffdb][0xffffffcf][0xfffffffc][0xffffffcd][0xffffffe4][0xffffff9f][0xffffffe7][0xffffff81]][0xffffffdb][0xc]\[0xffffffdb][0x2][0xffffffd4][0xffffff99]87[0xffffffcc][0xffffffb5][0xffffffcd][0xffffffc9][0xffffffb5][0x11]E[0xffffffc6][0xffffffb5][\n]"
12:49:33.284 [main] DEBUG org.apache.hc.client5.http.wire - http-outgoing-1 << "H[0xffffffc6][0xffffffb5][0x11][0xffffffcb]|[0xffffffd7][0xffffffee]pf[0xffffffbb]vG[0xfffffff4][0x5][0xffffffd7][0xffffff9e][0xffffffca][0xffffffb5][0xffffffeb][0xffffffc0]\{[0xffffffe2][0xffffffae]=[\r]\{[0x6][0xffffffa8]3q>1[0xffffffd7][0xffffff9e]N[0xffffffae][0xffffff8d](2[0xffffffae]U@2[0xffffffae][0xffffff8d]X[0xffffffe6][0xffffffbb]v[0xffffff87]3[0xffffffdb][0xffffffb5];[0xffffffa2]/[0xffffffb8][0xffffffb6]G[0xffffffd7][0xffffff9e][0xffffffb7][[0xffffffc7]\[0xffffffdb]q[0xffffffd7]v[0x3][0xffffffd7][0xfffffff6][0x0]u&[0xffffffce][0x1d]smwrmD[0xffffff91]q[0xffffffad][0x2][0xffffff92]qm[0xffffffc4]2[0xffffffdf][0xffffffb5];[0xffffff9c][0xffffffd9][0xffffffae][0xffffffdd][0x11]}[0xffffffc1][0xffffffb5][0xffffffe2]+[0x10]w[0xffffffd7].[0xffffffec]}-[0xfffffff8][0x15][0xffffff88]/'[0xffffffa0]][0xb]}[0x5][0xffffffe2][0xffffffcb][0xffffffd3][0x19][0xffffffd7]z|[0x5][0xffffffe2])[0xffffff8a][0xffffff8c]k[\r][0xffffffbe][0x2][0xfffffff1][0x14][0xffffffcb]|[0xffffffd7]b_[0xffffff81]x[0xffffff82][0xffffffe8][0xb][0xffffffae][0xffffff9d][0xffffffca][0xffffffb5][0xffffffc7][0xffffff91][0xffffffff][0x15][0xffffff88][0xffffffcf][0xfffffff3][0xffffffc0][0xffffffae][0xffffff9d][0x6][0xffffffae][0xffffff9d][0x1][0xffffffea]L[0xffffff9c]'[0xffffffe6][0xffffffda][0xffffffe9][0xffffffe4][0xffffffda][0xffffff88]"[0xffffffe3]Z[0x5]$[0xffffffe3][0xffffffda][0xffffff88]e[0xffffffbe]kw8[0xffffffb3]][0xffffffbb]#[0xfffffffa][0xffffff82]k[0xffffffc5]f[0xfffffff2][0xffffffbb]k[0xffffff81][0xffffffaf][0xffffff9b]}[0xffffff9e][0x7]v-[0xffffffba][0xffffff99]|;[0x3][0xffffffe3]Z`3[0xfffffff9][0xffffffaf][0xffffff9f][0xffffffec][0xffffffe1]Z|3[0xfffffff9][0xf][0xffffff80]d\[0xffffff8b]n&[0x7f][0x2]g[0xffffffb6]k[0xffffffaf]l&[0x7f][0xfffffffc][0xffffffe9][0xffffffbc][0xffffffdd][0xffffff94]kK[0xffffff85]\[0xfffffffb]8[0xf][0xffffffea][0xffffffda][0xfffffff7][0x13][0xffffffb0][0xffffffae][0xfffffffd]<[0x3][0xffffffe1][0xffffffda][0xfffffff7][0xffffffa7][0x13][0xffffffae][0xfffffffd][0xfffffffe]d[0x7][0xffffffd7]*[0x14][0x9][0xffffffd7]j [0x9][0xffffffd7]*,[0xffffffb3]][0x1b][0xffffffe1][0xffffffcc]umD[0xfffffff4][0x5][0xffffffd7][0xffffff8a]Y[0xffffff86][0xfffffff3]V+[0xfffffff4][0xe][0xffffffe1]q[0x1e][0xffffffd8][0xffffffb5][0xfffffffc],[0xffffffc3][0xffffffe7][0x19][0x18][0xffffffd7]R[0xffffffb3][0xc][0xffffffdf][0xffffff9f][0xffffffec][0xffffffe1]Z[0xffffff8f]Y[0x6][\r]$[0xffffffe3]Z~[0xffffff96]![0xffffffc2][0xffffff99][0xffffffed][0xffffffda][0xffffffcb][0xffffffb3][0xc][0xfffffff3]V[0xffffff94]k[[0x1f][0xffffff94]k[0xb][0xffffffee][0xffffffda]b[0xffffffe0][0xffffffda][0x12][0xffffffa0][0xffffffce][0xffffffc4][0xffffffb9]`[0xffffffae]-N[0xffffffae][0xffffff8d](2[0xffffffae]U@2[0xffffffae][0xffffff8d]X[0xffffffe6][0xffffffbb]v[0xffffff87]3[0xffffffdb][0xffffffb5];[0xffffffa2]/[0xffffffb8][0xffffffb6][0xfffffffe][0x12][0xffffffb6][0xffffffd4][0xffffff9c][0xffffffb7]U0[0xffffffd7][0xffffffde][0xffffffcf][0x3][0xffffffbb][0xfffffff6][0xffffffed][0x4][0xffffffb4]k[0xffffffbf][0xffffff9d][0xffffff81]q[0xffffffed][0xffffffdb][0xffffffd3][0x19][0xffffffd7]~<[0xffffffd9][0xffffffc3][0xffffffb5][0x11]E[0xffffffc6][0xffffffb5][\n]"
12:49:33.284 [main] DEBUG org.apache.hc.client5.http.wire - http-outgoing-1 << "H[0xffffffc6][0xffffffb5][0x11][0xffffffcb]|[0xffffffd7][0xffffffee]pf[0xffffffbb]vG[0xfffffff4][0x5][0xffffffd7][0xffffff8a][0xffffffb9][0xffffffb1][0xfffffff3]8*[0xffffffe6]Zzn[0xffffffec][0xfffffffd][0x4][0xffffffb4]k[0xffffffc9][0xffffffb9][0xffffffb1][0xfffffff7][0xffffffa7]3[0xffffffae]5[0xffffff9a][0x1b]S(2[0xffffffae]u[0xffffff99][0x1b]SX[0xffffffe6][0xffffffbb][0xffffff96][0xffffff9d][0x1b][0xffffff8b][0xffffff88][0xffffffbe][0xffffffe0]Z17v[0x1e][0xffffffed][0xffffff9c][0xffffff94]k[0xffffffe9][0xffffffb9][0xffffffb1][0xfffffff7][0x13][0xffffffd0][0xffffffae]%[0xffffffe7][0xffffffc6][0xffffffde][0xffffff9f][0xffffffce][0xffffffb8][0xffffffd6]hnL[0xffffffa1][0xffffffc8][0xffffffb8][0xffffffd6]enLa[0xffffff99][0xffffffef]Zvn,"[0xfffffffa][0xffffff82]k[0xffffffbb]r[0xffffffed]hX[0xffffffd7]v[0xffffffdc][0xffffffb5][0xffffffdd][0xffffffc0][0xffffffb5]=@[0xffffff9d][0xffffff89]s[0xffffffc7]\[0xffffffdb][0xffffff9d]\[0x1b]Qd\[0xffffffab][0xffffff80]d\[0x1b][0xffffffb1][0xffffffcc]w[0xffffffed][0xe]g[0xffffffb6]kwD_p[0xffffffad][0xffffff9a][0x1b]+[0xffffffc7][0xffffffc0]\K[0xffffffcf][0xffffff8d][0xffffffbd][0xffffff9f][0xffffff80]v-97[0xfffffff6][0xfffffffe]t[0xffffffc6][0xffffffb5]Fsc[\n]"
12:49:33.284 [main] DEBUG org.apache.hc.client5.http.wire - http-outgoing-1 << "E[0xffffffc6][0xffffffb5].sc[\n]"
12:49:33.284 [main] DEBUG org.apache.hc.client5.http.wire - http-outgoing-1 << "[0xffffffcb]|[0xffffffd7][0xffffffb2]sc[0x11][0xffffffd1][0x17]\[0xffffffab][0xffffffe6][0xffffffc6]J[0xffffffbb]a[0xffffffef][0x10][0xffffffe8][0xffffffb9][0xffffffb1][0xfffffff7][0x13][0xffffffd0][0xffffffae]%[0xffffffe7][0xffffffc6][0xffffffde][0xffffff9f][0xffffffce][0xffffffb8][0xffffffd6]hnL[0xffffffa1][0xffffffc8][0xffffffb8][0xffffffd6]enLa[0xffffff99][0xffffffef]Zvn,"[0xfffffffa][0xffffff92]k[0xffffffe3]=[0x4][0xffffffd6][0xffffffb5][0xfffffff4]=[0xffffff84]ip[0xf]a[0xffffff86][0x1f]|sq[0xffffffa6][0xffffffee]!L[0xffffffa7]{[0x8][0x11]E[0xffffffca][0xffffffb5].[0xfffffff7][0x10]"[0xffffff96][0xffffff84]k[0xffffffd9]{[0x8];[0xffffffa2]/[0xffffffb8]V[0xffffffcd][0xffffffe8][0xffffff96]1[0xffffffb0]Y[0x6]zF[0xfffffff7][0xfffffffd][0x4][0xffffffb4]k[0xffffffc9][0x19][0xffffffdd][0xfffffff7][0xffffffa7]3[0xffffffae]5[0xffffff9a][0xffffffd1]U(2[0xffffffae]u[0xffffff99][0xffffffd1]UX[0xffffffe6][0xffffffbb][0xffffff96][0xffffff9d][0xffffffd1][0xffffff8d][0xffffff88][0xffffffbe][0xffffffe4]Z[0xffffffd1][0xffffffb5][0xffffffa8]k[0xffffffe9][0xffffffae]][0x6]][0xffffffbb]B@[0xffffffe4][0xffffffe2]Lu[0xffffffed]r[0xffffffea][0xffffffda][0xffffff88]"[0xffffffe5]Z[0xffffff97][0xffffffae][0xffffff8d]X[0x12][0xffffffae]e[0xffffffbb]vG[0xfffffff4][0xffffffb7][0xffffffbb][0xfffffff6]P[0xfffffffb][0x10][0xffffffca]:[0xe][0xffffffc8][0xffffffb5][0x7][0xffffffbe][0xf][0xffffffe1]0[0xffffffd8][0xffffff87]p[0xffffffc4][0xffffffc1][0xfffffff3]D[0xffffff9c][0xf]l[0x1f][0xffffffc2][0xffffffb1][0xf][0xffffff9b][0xffffff93][0xffffffae][0x15]("[0xffffffae][0xffffff95]@"[0xffffffae][0x15]X[0xffffffa6][0xffffffbb]6[0xffffffc0][0xffffff99][0xffffffec][0xffffffda][0xffffff80][0xffffffe8][0xb][0xffffffae]U3[0xffffffba]e[0xffffffcd]B[0xffffffb9][0x16][0xffffff9f][0xffffffd1]=[0xc]ft[0xffffff8f]8[0xc][0xffffff99][0xffffff89]36[0xffffffa3]{[0xffffffec][0x3][0xffffff90][0xffffffa8]kMft%[0xffffff90][0xffffff8c]k[\r]ft[0x3][0xffffff9c][0xffffffd9][0xffffffae][0xffffffbd]>[0xffffffa3]{[0xffffffa8]Y[0xffffff86]z[0xffffffde]N[0xffffffca][0xffffffb5][0xfffffff8],[0xffffffc3]a0[0xffffffcb]p[0xffffffc4]K[0xffffffe3][0xffffff99]8c[0xffffffb3][0xc][0xffffffc7]~Q[0x1c]u[0xffffffad][0xffffffc9],[0xffffff83][0x4][0xffffff92]q[0xffffffad][0xffffffc1],C[0xffffff80]3[0xffffffdb][0xffffffb5][0xffffffd7]g[0x19][0xffffffde][0xfffffffe][0xffffffaf][0xffffffe8][0xffffffda]1[0xffffffb1]w[0x8][0x1d]wm7pm[0xf]Pg[0xffffffe2][0xffffffdc]1[0xffffffd7]v'[0xffffffd7]F[0x14][0x19][0xffffffd7]* [0x19][0xffffffd7]F,[0xfffffff3]][0xffffffbb][0xffffffc3][0xffffff99][0xffffffed][0xffffffda][0x1d][0xffffffd1][0x17]\[0xffffffab]f[0x19][0xffffffda][0xffffffd1][0xffffffb0]w[0x8][0xfffffff8],[0xffffffc3]a0[0xffffffcb]p[0xffffffc4]K[0xffffffe3][0xffffff99]8c[0xffffffb3][0xc][0xffffffc7]~Q[0x1c]u[0xffffffad][0xffffffc9],[0xffffff83][0x4][0xffffff92]q[0xffffffad][0xffffffc1],C[0xffffff80]3[0xffffffdb][0xffffffb5][0xffffffd7]g[0x19][0xe]5[0xffffffcb][0xffffffd0]j[0xffffffc3][0xffffffba][0x16][0xffffff9f]e8[0xc]f[0x19][0xffffff8e]xi<[0x13]gl[0xffffff96][0xffffffe1][0xffffffd8]/[0xffffff8a][0xffffffa3][0xffffffae]5[0xffffff99]e[0xffffff90]@2[0xffffffae]5[0xffffff98]e[0x8]pf[0xffffffbb][0xfffffff6][0xfffffffa],CQ[0xffffffef]k[0xffffffcf][0xffffffd5][0xffffffa0][0xffffffef][0xffffffe8]>[0xffffffce][0xffffffc3][0xffffffba][0xffffffb6][0x18][0xffffffbc][0xffffffaf]-[0xfffffff1][0xffffffc5]X"[0xffffffce][0x5]{_[[0xfffffff6][0xffffff97]a[0xffffffa4]k[0x5][0xffffff8a][0xffffff88]k%[0xffffff90][0xffffff88]k[0x5][0xffffff96][0xffffffe9][0xffffffae][\r]p&[0xffffffbb]6 [0xfffffffa][0xffffff82]k[0xffffffd5];[0xffffff84]~[0xffffffa3][0xffffffbe][0xffffffed][0xfffffff8]8[0xf][0xffffffec]Z[0xffffff83]w[0x8]%[0xfffffffe][0xffffff87][0xffffffb5]L[0xffffff9c][0xffffffb1]w[0x8]e[0xffffffff][0xf]h[0xffffffa8]kM[0xffffffde]!H [0x19][0xffffffd7][0x1a][0xffffffbc]C[0x8]pf[0xffffffbb][0xfffffff6][0xfffffffa];[0xffffff84][0xffffffa2][0xffffffde]![0xfffffff4][0x3][0xfffffffb][0xffffffde]X[0xffffffc1][0xffffffdf]![0x14][0xffffff83]w[0x8]%[0xfffffffe][0xffffff87][0xffffffb5]L[0xffffff9c][0xffffffb1]w[0x8]e[0xffffffff][0xf]h[0xffffffa8]kM[0xffffffde]!H [0x19][0xffffffd7][0x1a][0xffffffbc]C[0x8]pf[0xffffffbb][0xfffffff6]'[0xffffffde]![0xffffffa8][0x19][0xffffffdd][0xffffffde]F[0xffffffa3]\[0xffffff8b][0xffffffcf][0xffffffe8][0x16][0xffffff83][0x19][0xffffffdd][0x12][0xffffff87]!3q[0xffffffc6]ft"
12:49:33.285 [main] DEBUG org.apache.hc.client5.http.wire - http-outgoing-1 << "[0xffffffcb]>[0x0][0xffffff89][0xffffffba][0xffffffd6]dFW[0x2][0xffffffc9][0xffffffb8][0xffffffd6]`F7[0xffffffc0][0xffffff99][0xffffffed][0xffffffda][0xffffffeb]3[0xffffffba]U[0xffffffcd]2[0xffffff8c]vR[0xffffffae][0xffffffad][0xfffffff8],C5[0xffffff98]e[0xffffffa8][0xfffffff1][0xffffffd2]x"[0xffffffce][0x15][0xffffff9b]e[0xffffffa8][0xfffffffb]Eq[0xffffffd2][0xffffffb5][0x2]E[0xffffffc4][0xffffffb5][0x12]H[0xffffffc4][0xffffffb5][0x2][0xffffffcb]t[0xffffffd7][0x6]8[0xffffff93]][0x1b][0x10]}[0xffffffc1][0xffffffb5][0xffffffea][0xffffffb7][0xffffffb1][0xffffffd9][0x6][0xfffffff5][0xe][0xffffffa1][0xffffffe2][0xffffffbf][0xffffff8d]U[0xffffff83][0xffffffdf][0xffffffc6]j[0xfffffffc][0x11]"[0x13]g[0xffffffec][0xffffffb7][0xffffffb1][0xffffffba][0xffffffff][0xfffffff0][0xffffff80][0xffffffba][0xffffffd6][0xffffffe4][0xffffffb7]1[0x9]$[0xffffffe3]Z[0xffffff83][0xffffffdf][0xffffffc6][0x2][0xffffff9c][0xffffffd9][0xffffffae][0xffffffbd][0xfffffffe][0xffffffdb]XU[0xffffffef][0x10]V[0xffffffad][0xffffffd4]N[0xffffffc5][0xffffff8a][0xffffffbf]C[0xffffffa8][0x6][0xffffffef][0x10]j[0xfffffffc][0xf]k[0xffffff99]8c[0xffffffef][0x10][0xffffffea][0xfffffffe][0x1f][0xffffffd0]P[0xffffffd7][0xffffff9a][0xffffffbc]C[0xffffff90]@2[0xffffffae]5x[0xffffff87][0x10][0xffffffe0][0xffffffcc]v[0xffffffed][0xfffffff5]w[0x8]M[0xffffffed][0xffffff9e]Y[0x15][0xffffff9b][0x1b]k[0xfffffff8][0xffffffee][0xffffff99]f[0xffffffb0]{[0xffffffa6][0xffffffc5]%[0x1f][0xffffff89]87l[0xfffffff7]L[0xffffffdb][0x17]{[0xffffff90][0xffffffae][0x15]("[0xffffffae][0xffffff95]@"[0xffffffae][0x15]X[0xffffffa6][0xffffffbb]6[0xffffffc0][0xffffff99][0xffffffec][0xffffffda][0xffffff80][0xffffffe8][0xb][0xffffffae]=[0xffffff94]k[0xffffffdb]A}[0x3][0xffffffe7][0xffffffed]<[0xffffffb0]k[0xf][0x3][0xffffffd7][0x1e][0x1][0xffffffea]L[0xffffff9c][0xf][0xffffffcc][0xffffffb5][0xffffff87][0xffffff93]k#[0xffffff8a][0xffffff8c]k[0x15][0xffffff90][0xffffff8c]k#[0xffffff96][0xfffffff9][0xffffffae][0xffffffdd][0xffffffe1][0xffffffcc]v[0xffffffed][0xffffff8e][0xffffffe8][0xb][0xffffffae]U[0xffffffbf][0xffffff8d][0xffffffad][0xffffffb3]R[0xfffffff7]k[0x1b][0xfffffffe][0xffffffdb]X3[0xfffffff8]m[0xffffffac][0xffffffc5][0x1f]!2q[0xffffffc6]~[0x1b]k[0xfffffffb][0xf][0xf][0xffffffa8]kM~[0x1b][0xffffff93]@2[0xffffffae]5[0xfffffff8]m,[0xffffffc0][0xffffff99][0xffffffed][0xffffffda][0xffffffeb][0xffffffbf][0xffffff8d][0xffffffb5][0xffffffaa]\;[0xffffffb0]}[0x8]o[0xffffffe7][0xffffff81]][[\r]\[[0x3][0xffffffd4][0xffffff99]8W[0xffffffcc][0xffffffb5][0xffffffd5][0xffffffc9][0xffffffb5][0x11]E[0xffffffc6][0xffffffb5][\n]"
12:49:33.285 [main] DEBUG org.apache.hc.client5.http.wire - http-outgoing-1 << "H[0xffffffc6][0xffffffb5][0x11][0xffffffcb]|[0xffffffd7][0xffffffee]pf[0xffffffbb]vG[0xfffffff4][0x5][0xffffffd7]6[0xffffffe5][0xffffffda][0xffffffd5][0xffffffb0][0xffffffae]m[0xffffffb8]k[0xffffff9b][0xffffff81]k[[0xffffff80]:[0x13][0xffffffe7][0xffffff86][0xffffffb9][0xffffffb6]9[0xffffffb9]6[0xffffffa2][0xffffffc8][0xffffffb8]V[0x1][0xffffffc9][0xffffffb8]6b[0xffffff99][0xffffffef][0xffffffda][0x1d][0xffffffce]l[0xffffffd7][0xffffffee][0xffffff88][0xffffffbe][0xffffffe0]Zq[0xffffffe7][0xffffffab][0xffffffdf]j[0xffffffc1]~[0x1b][0xffffffc3][0xffffffef]|5[0xffffff83];_-^[0xffffffae][0xffffffc9][0xffffffc4][0x19][0xffffffbb][0xfffffff3][0xffffffd5][0xfffffff6][0xb]5[0xffffffa8]kM[0xffffffee]|I [0x19][0xffffffd7][0x1a][0xffffffdc][0xfffffff9][\n]"
12:49:33.285 [main] DEBUG org.apache.hc.client5.http.wire - http-outgoing-1 << "pf[0xffffffbb][0xfffffff6][0xfffffffa][0xffffff9d][0xffffffaf][0xfffffffb][0xffffff9f][0x16]3[0xffffffd7][0xffffffc2][0xffffffdf][0x1b]{[0xffffff9c][0xffffff80]w-[0xfffffff8][0xffffffbd][0xffffffb1][0xffffffc7][0xffffffd3])[0xffffffd7][0xfffffffa]|oL[0xffffffa0]H[0xffffffb9][0xffffffd6][0xffffffe4]{c[0x2]K[0xffffffc2][0xffffffb5][0xffffffe8][0xfffffff7][0xffffffc6][0x2][0xffffffa2]/[0xffffffb9][0xffffffb6][0xffffff9a][0xffffffb9][0xffffffb6][0xffffffe2][0xffffffae][0xffffffad][0x6][0xffffffae][0xffffffad][0xffffffa8]k+[0xffffffe6][0xffffffda][0xffffffea][0xffffffe4][0xffffffda][0x1d]E[0xffffffca][0xffffffb5][0x11]H[0xffffffca][0xffffffb5];[0xffffff96][0xffffff84]k+[0xffffffec][0xffffffda]z[0xffffffdd][0xffffffb5][0xffffffcd][0xffffffcc][0xffffffb5][\r]wm3pmC][0xffffffdb]0[0xffffffd7]6'[0xffffffd7][0xffffffee](R[0xffffffae][0xffffff8d]@R[0xffffffae][0xffffffdd][0xffffffb1]$\[0xffffffdb]`[0xffffffd7][0xffffffb6][0xffffffeb][0xffffffae]=[0xffffffdc]d{[0xfffffff0][0xffffffb6]=[0x1c]t{[0xffffffb0][0xffffffbe]=8[0xffffffe1][0x1e]V[0xffffffc6][\r]<R[0xffffffca][0x15]TR[0xffffffce][\r]l[0x12][0xffffffd2]=h[0xffffffeb][0x1e]?[0xffffffa1][0xffffffdd][0xffffffea][0xfffffff6][0xffffffee][0xffffffb6][0xfffffff2]/o[0xffffffab][0xffffffc3][0xffffffdb][0xffffffdb][0xffffffca][0xffffffbe][0xffffffbe][0xffffffad][0xffffffdc][0xfffffffb][0xffffffdb]j[0xfffffff5][0x2]7[0xfffffff0]HiWPIi7[0xffffffb0]Ih[0xffffffb7][0xffffffd2]/q[0xffffffeb]O[0xffffffbc][0xffffffc5]mn[0xffffffda]m[0xffffffbc]v[0xffffff9b][0xffffff83]v[0x1b][0xffffffab][0xffffffdd][0xffffffc6]i[0xffffffb7]Yi7[0xfffffff0]HiWPIi7[0xffffffb0]Ih[0xffffffb7][0xffffffd1][0xffffffda]m?[0xffffffa3][0xffffffdd][0xffffffe5][0xffffffa6][0xffffffdd][0xffffffc5]kw9hw[0xffffffb1][0xffffffda]][0xffffff9c]v[0xffffff97][0xffffff95]vw[0x1e]1[0xffffffed]F*1[0xffffffed][0xffffffee]l"[0xffffffda]][0xffffffb4]v[0xffffffd7]u[0xffffffed]v[0xffffffb7][0xffffffda][0xffffffed]|[0xffffffed]v[0xffffff87][0xffffffda][0xffffffed]l[0xffffffed]v[0xffffffae]v[0xffffffbb]U[0xffffffed][0x6][0x1e])[0xffffffed][\n]"
12:49:33.285 [main] DEBUG org.apache.hc.client5.http.wire - http-outgoing-1 << "*)[0xffffffed][0x6]6[0x9][0xffffffed]v[0xffffffba]v[0xfffffffb]O[0xffffffd4][0xffffffee]t[0xffffffd3][0xffffffee][0xffffffe4][0xffffffb5];[0x1d][0xffffffb4];Y[0xffffffed]NN[0xffffffbb][0xffffffd3]J[0xffffffbb][0xffffff81]GJ[0xffffffbb][0xffffff82]JJ[0xffffffbb][0xffffff81]MB[0xffffffbb][0xffffff93][0xffffffd6][0xffffffee][0xfffffffc][0x9][0xffffffed][0xffffffae]n[0xffffffa6][0xffffffdd][0xffffffd5]q[0xffffffed][0xffffffde][0xffffff8f][0xffffffc0]k[0xfffffff7][0xffffffe3][0x10][0xffffff94]v[0xffffffef][0xffffff8f][0xffffffa7][0xffffffb4][0xfffffffb][0xfffffffe]h[0x17][0xffffffed][0x6][0x1e])[0xffffffed][\n]"
12:49:33.285 [main] DEBUG org.apache.hc.client5.http.wire - http-outgoing-1 << "*)[0xffffffed][0x6]6[0x9][0xffffffed]n[0xffffff84][0xffffffe6]kw[0xffffffe3][0xfffffff4][0xffffffb7]hw[0xffffffbc][0xffffffff]mW[0x3][0xffffffbf][0xffffffab][0xffffffb4]t[0xffffffeb]~[0xffffff9e][0xffffff87][0xffffff92][0xffffffee][0xffffff97][0x13]`[0xffffffce][0xffffffdd][0xffffffce][0xffffff90][0xffffffac][0xffffffdc]/OO6[0xffffffee][0xffffffaf][0xffffff9f][0xc][0xb][0xfffffff7])[0xffffff8a][0xffffffc9][0xffffffbe][0xfffffffd][0x1][0xffffff90][0xffffffc9][0xffffffba]}[0xffffff8a]e[0xffffffa2]m[0xffffff9f][0xffffffc0][0xffffff99]&[0xffffffdb]'[0xffffff88][0xffffffbe][0xffffffe0]Z[0xfffffff1][0x1][0xfffffff4]~[0x1c][0xffffffc0][0xffffff82][0xffffffc6][0xffffffcf][0xfffffff3][0xffffffc0][0xffffffae]E?[0xffffff80][0xffffffbe][0xffffff9d][0xffffff81]q-[0xfffffff0][0x1][0xfffffff4]_?[0xffffffd9][0xffffffc3][0xffffffb5][0xfffffff8][0x7][0xffffffd0][0x7f][0x0]$[0xffffffe3]Z[0xfffffff4][0x3][0xffffffe8]O[0xffffffe0][0xffffffcc]v[0xffffffed][0xffffff8e][0xffffffe8][0xb][0xffffffae][0xffffff9d]b[0xffffffb9][0xffffffc2][0xffffffd1]J[0xfffffffe][0x7]u>[0xffffffcf][0x3][0xffffffbb]v[0xffffff92][0xffffffcb][0x15][0xffffffb6]30[0xffffffae][0xffffff9d][0xfffffff9][0xffffffcb][0x15]~[0xfffffffd]d[0xf][0xffffffd7]F[0x14][0x19][0xffffffd7]* [0x19][0xffffffd7]F,[0xfffffff3]][0xffffffbb][0xffffffc3][0xffffff99][0xffffffed][0xffffffda][0x1d][0xffffffd1][0x17]\[0xffffffbb][0xffffff94]k[0xfffffffb][0xffffffc8][0xffffffff][0xffffffc8][0xffffffc3][0xffffffe7]y`[0xffffffd7].[0x3][0xffffffd7][0xffffffae][0x0]u&[0xffffffce][0xb]s[0xffffffed]rrmD[0xffffff91]q[0xffffffad][0x2][0xffffff92]qm[0xffffffc4]2[0xffffffdf][0xffffffb5];[0xffffff9c][0xffffffd9][0xffffffae][0xffffffdd][0x11][0xfffffffd][0xffffffed][0xffffffae]=[0xffffffc5][0x7]uz[0xffffffb9][0xffffffad][0xfffffffc]_[0xffffffc9]>[0xffffffcf][0xffffffc3][0xffffffba][0xfffffff6]D?[0xffffffa8][0xffffffb3][0xffffff9d][0x1]q[0xffffffed][0x9]|P[0xffffffe7][0xffffffd7]O[0xffffffb6]p[0xffffffad]@[0x11]q[0xffffffad][0x4][0x12]q[0xffffffad][0xffffffc0]2[0xffffffdd][0xffffffb5][0x1][0xffffffce]d[0xffffffd7][0x6]D_p[0xffffffad][0xfffffff8][0xffffffc8]C/G[0xffffffa7][0xffffffde][0xffffffd7][0xffffff9e][0xffffffe0]G[0x1e][0xffffffbe][0xffffff9c][0xffffff80]v-[0xfffffff4][0xffffff91][0xffffff87]/Og\[0xffffffeb][0xfffffff1][0xffffff91][0xffffff87][0xffffffa7](2[0xffffffae]5[0xfffffff8][0xffffffc8][0xffffffc3]S,[0xfffffff3]][0xffffff8b]}[0xffffffe4][0xffffffe1][0x9][0xffffffa2]/[0xffffffb8]V|[0xffffffe4][0xffffffa1][0xffffff97]r[0xffffffab][0xffffff94]k[0xffffffc1][0xffffff8f]<|9[0x1][0xffffffed]Z[0xffffffe8]#[0xf]_[0xffffff9e][0xffffffce][0xffffffb8][0xffffffd6][0xffffffe3]#[0xf]OQd\k[0xfffffff0][0xffffff91][0xffffff87][0xffffffa7]X[0xffffffe6][0xffffffbb][0x16][0xfffffffb][0xffffffc8][0xffffffc3][0x13]D_p[0xffffffad][0xfffffffa][0xffffffc8]C[0xffffffa9]7[0xffffffac]k[0xffffffc1][0xffffff8f]<|9[0x1][0xffffffed]Z[0xffffffe8]#[0xf]_[0xffffff9e][0xffffffce][0xffffffb8][0xffffffd6][0xffffffe3]#[0xf]OQd\k[0xfffffff0][0xffffff91][0xffffff87][0xffffffa7]X[0xffffffe6][0xffffffbb][0x16][0xfffffffb][0xffffffc8][0xffffffc3][0x13]D_p[0xffffffed]P[0xffffffae][0xffffff9d][0xfffffffd][0xffffffa4]\;p[0xffffffd7][0xe][0x3][0xffffffd7][0xffffff8e][0x0]u&[0xffffffce][0x3]s[0xffffffed]prmD[0xffffff91]q[0xffffffad][0x2][0xffffff92]qm[0xffffffc4]2[0xffffffdf][0xffffffb5];[0xffffff9c][0xffffffd9][0xffffffae][0xffffffdd][0x11]}[0xffffffc9][0xffffffb5][0xfffffff1][0x1e][0x2][0xffffffeb]Z[0xfffffff8][0x1e][0xffffffc2][0xffffffe3][0x4][0xffffffbc]k[0xffffffc1]{[0x8][0xffffff8f][0xffffffa7]S[0xffffffae][0xfffffff5][0xffffffb9][0xffffff87] P[0xffffffa4]\kr[0xf]A`I[0xffffffb8][0x16][0xffffffbd][0xffffff87][0x10][0x10]}[0xffffffc1][0xffffffb5]Stm-[0x3]{_;[0xfffffff1][0xffffffae][0xffffff9d][0x6]];C@d[0xffffffe2]<[0xffffffb1][0xffffffae][0xffffff9d]N][0x1b]Qd\[0xffffffab][0xffffff80]d\[0x1b][0xffffffb1][0xffffffcc]w[0xffffffed][0xe]g[0xffffffb6]kwD_p[0xffffffed]R[0xffffffae]m[0xffffffa3]P[0xffffffae]][0xffffffb8]k[0xffffff97][0xffffff81]kW[0xffffff80]"
12:49:33.286 [main] DEBUG org.apache.hc.client5.http.wire - http-outgoing-1 << ":[0x13][0xffffffe7][0xffffff85][0xffffffb9]v9[0xffffffb9]6[0xffffffa2][0xffffffc8][0xffffffb8]V[0x1][0xffffffc9][0xffffffb8]6b[0xffffff99][0xffffffef][0xffffffda][0x1d][0xffffffce]l[0xffffffd7][0xffffffee][0xffffff88][0xfffffffe]v[0xffffffd7][0xfffffff6][0xffffff9b]x[0xffffff87]P[0x7]67[0xfffffff6]v[0x1e][0xffffffd6][0xffffffb5][0xffffff8f][0x13][0xffffffc0][0xffffffae][0xfffffffd]~[0x6][0xffffffc4][0xffffffb5][0xffffff8f][0xffffffa7]#[0xffffffae][0xfffffffd][0xfffffff6]d[0xb][0xffffffd7][\n]"
12:49:33.286 [main] DEBUG org.apache.hc.client5.http.wire - http-outgoing-1 << "[0x14][0x11][0xffffffd7]J [0x11][0xffffffd7][\n]"
12:49:33.286 [main] DEBUG org.apache.hc.client5.http.wire - http-outgoing-1 << ",[0xffffffd3]][0x1b][0xffffffe0]Lvm@[0xfffffff4][0x5][0xffffffd7][0xffffffaa][0xfffffffb][0xffffffb5][0xffffffed][0xffffffc4][0xffffffba][0xffffffb6][0xffffffe3][0xfffffff7]k[0xffffffbb][0xffffffc1][0xfffffffd][0xffffffda][0x1e]/2f[0xffffffe2][0xffffff8c][0xffffffdd][0xffffffaf][0xffffffed][0xfffffffb][0xffffffe5]E[0xffffffd4][0xffffffb5]&[0xfffffff7]k%[0xffffff90][0xffffff8c]k[\r][0xffffffee][0xffffffd7][0x6]8[0xffffffb3]]{[0xfffffffd]~mW[0xfffffff7]k[0xffffffdb]*[0xffffff98]k[0xfffffff1][0xfffffffb][0xffffffb5][0xffffffdd][0xffffffe0]~m[0xffffff8f][0x17][0x19]3q[0xffffffc6][0xffffffee][0xffffffd7][0xfffffff6][0xfffffffd][0xfffffff2]"[0xffffffea]Z[0xffffff93][0xfffffffb][0xffffffb5][0x12]H[0xffffffc6][0xffffffb5][0x6][0xfffffff7]k[0x3][0xffffff9c][0xffffffd9][0xffffffae][0xffffffbd]~[0xffffffbf][0xffffffb6][0xffffffab][0xfffffffb][0xffffffb5][0xffffffe7][0xffffffad]v[0xffffffca][0xffffffb5][0xfffffff8][0xfffffffd][0xffffffda]np[0xffffffbf][0xffffffb6][0xffffffc7][0xffffff8b][0xffffff8c][0xffffff99]8c[0xfffffff7]k[0xfffffffb]~y[0x11]u[0xffffffad][0xffffffc9][0xfffffffd]Z[0x9]$[0xffffffe3]Z[0xffffff83][0xfffffffb][0xffffffb5][0x1][0xffffffce]l[0xffffffd7]^[0xffffffbf]_[0xffffffdb][0xffffffd5][0xfffffffe][0xffffffda][0xfffffff3]6[0xffffffa9]}[0x8][0x1d][0xffffffdf]_[0xffffffdb][\r][0xfffffff6][0xffffffd7][0xfffffff6][0xffffffb8](4[0x13]gl[0x7f]m[0xffffffdf][0xffffff97][0xffffff83][0xffffffa2][0xffffffae]5[0xffffffd9]_+[0xffffff81]d\k[0xffffffb0][0xffffffbf]6[0xffffffc0][0xffffff99][0xffffffed][0xffffffda][0xffffffeb][0xfffffffb]k[0xfffffffb]P[0xffffffae]=n[0xffffffd4][0xffffff9e][0xffffffaf][0xffffffb7][0xfffffff3][0xffffffc0][0xffffffae][0x1d][0x6][0xffffffae][0x1d][0x1][0xffffffea]L[0xffffff9c][0x7][0xffffffe6][0xffffffda][0xffffffe1][0xffffffe4][0xffffffda][0xffffff88]"[0xffffffe3]Z[0x5]$[0xffffffe3][0xffffffda][0xffffff88]e[0xffffffbe]kw8[0xffffffb3]][0xffffffbb]#[0xfffffffa][0xffffff82]k[0xffffffd5][0xffffff9d][0xffffffaf][0xffffffb3][0xffffff9c][0xffffffd8];[0x4][0xfffffffc][0xffffffce]W7[0xffffffb8][0xfffffff3][0xffffffd5][0xffffffe3][0xffffffe5][0xffffff9a]L[0xffffff9c][0xffffffb1];_}[0xffffffbf]P[0xffffff83][0xffffffba][0xffffffd6][0xffffffe4][0xffffffce][0xffffff97][0x4][0xffffff92]q[0xffffffad][0xffffffc1][0xffffff9d][0xffffffaf][0x0]g[0xffffffb6]k[0xffffffaf][0xffffffdf][0xfffffff9][0x1a]7[0xffffffe5][0xffffffda][0xffffff86][0xffffffed]Cx;[0xf][0xffffffeb][0xffffffda][0xffffffc7][0x9]`[0xffffffd7]~?[0x3][0xffffffe2][0xffffffda][0xffffffc7][0xffffffd3][0x11][0xffffffd7]~{[0xffffffb2][0xffffff85]k[0x5][0xffffff8a][0xffffff88]k%[0xffffff90][0xffffff88]k[0x5][0xffffff96][0xffffffe9][0xffffffae][\r]p&[0xffffffbb]6 [0xfffffffa][0xffffff82]k[0xffffffd5][0xfffffffe][0xffffffda][0xfffffff3][0xffffffac][0xffffffd4][0xffffffdc][0xffffffd8][0xffffffc0][0xfffffff7][0xffffffd7][0xe][0xffffff83][0xfffffffd][0xffffffb5]#.[\n]"
12:49:33.286 [main] DEBUG org.apache.hc.client5.http.wire - http-outgoing-1 << "[0xffffffcd][0xffffffc4][0x19][0xffffffdb]_;[0xfffffff6][0xffffffe5][0xffffffa0][0xffffffa8]kM[0xfffffff6][0xffffffd7]J [0x19][0xffffffd7][0x1a][0xffffffec][0xffffffaf][\r]pf[0xffffffbb][0xfffffff6][0xfffffffa][0xfffffffe][0xffffffda]Q[0xffffff94]k[0xffffffc7][0xffffff8d][0xfffffffa]m[0xffffffec][0xffffffed]<[0xffffffb0]k[0xffffff8b][0xffffff81]kK[0xffffff80]:[0x13][0xffffffe7][0xffffff82][0xffffffb9][0xffffffb6]8[0xffffffb9]6[0xffffffa2][0xffffffc8][0xffffffb8]V[0x1][0xffffffc9][0xffffffb8]6b[0xffffff99][0xffffffef][0xffffffda][0x1d][0xffffffce]l[0xffffffd7][0xffffffee][0xffffff88][0xffffffbe][0xffffffe0]Z5[0xffffffcb]p[0xffffffce][0xffffff8e]u->[0xffffffcb]0[0xc]f[0x19]F[0xffffffbc]4[0xffffff9e][0xffffff89]36[0xffffffcb]0[0xfffffff6][0xffffff8b][0xffffffe2][0xffffffa8]kMf[0x19]$[0xffffff90][0xffffff8c]k[\r]f[0x19][0x2][0xffffff9c][0xffffffd9][0xffffffae][0xffffffbd]>[0xffffffcb]0[0xffffffd4],C/[0xffffffed]F[0xffffffb9][0x16][0xffffff9f]e[0x18][0x6][0xffffffb3][0xc]#^[0x1a][0xffffffcf][0xffffffc4][0x19][0xffffff9b]e[0x18][0xfffffffb]Eq[0xffffffd4][0xffffffb5]&[0xffffffb3][0xc][0x12]H[0xffffffc6][0xffffffb5][0x6][0xffffffb3][0xc][0x1][0xffffffce]l[0xffffffd7]^[0xffffff9f]e[0x18]j[0xffffff96][0xffffffa1][0xffffffd7]I[0xffffffed]C[0x18][0xfffffff8],[0xffffffc3]0[0xffffff98]e[0x18][0xfffffff1][0xffffffd2]x&[0xffffffce][0xffffffd8],[0xffffffc3][0xffffffd8]/[0xffffff8a][0xffffffa3][0xffffffae]5[0xffffff99]e[0xffffff90]@2[0xffffffae]5[0xffffff98]e[0x8]pf[0xffffffbb][0xfffffff6][0xfffffffa],[0xffffffc3]P[0xffffffb3][0xc]}[0xffffff9c][0xffffffd4][0xfffffffd][0xffffffda][0xffffff81][0xffffffcf]2[0xc][0xffffff83]Y[0xffffff86][0x11]/[0xffffff8d]g[0xffffffe2][0xffffff8c][0xffffffcd]2[0xffffff8c][0xfffffffd][0xffffffa2]8[0xffffffea]Z[0xffffff93]Y[0x6][0x9]$[0xffffffe3]Z[0xffffff83]Y[0xffffff86][0x0]g[0xffffffb6]k[0xffffffaf][0xffffffcf]2[0xffffff8c]!\;*[0xffffffe7][0xffffffda][0xffffff81][0xffffffbb]v[0x18][0xffffffb8]v[0x4][0xffffffa8]3q[0x1e][0xffffff98]k[0xffffff87][0xffffff93]k#[0xffffff8a][0xffffff8c]k[0x15][0xffffff90][0xffffff8c]k#[0xffffff96][0xfffffff9][0xffffffae][0xffffffdd][0xffffffe1][0xffffffcc]v[0xffffffed][0xffffff8e][0xffffffe8][0xb][0xffffffae]U[0xffffffbb][0xffffffc2]Go[0xffffffd4],[0xffffffc3][0xffffffc0]w[0xffffff85][0xf][0xffffff83]][0xffffffe1]#.e[0xffffffce][0xffffffc4][0x19][0xffffffdb][0x15]>[0xfffffff6]E[0xffffffcc][0xffffffa8]kMv[0xffffff85]K [0x19][0xffffffd7][0x1a][0xffffffec][\n]"
12:49:33.295 [main] DEBUG org.apache.hc.client5.http.wire - http-outgoing-1 << "[0xf]pf[0xffffffbb][0xfffffff6][0xfffffffa][0xffffffae][0xfffffff0][0xffffffa1][0xffffffe6][0xffffffc6][0xffffffc6]8[0xffffffb1][0xffffffdf][0xffffffc6][0xfffffff0][0xffffffb9][0xffffffb1]a076[0xffffffe2][0xffffff80]N&[0xffffffce][0xffffffd8][0xffffffdc][0xffffffd8][0xffffffd8][0xffffff87]rP[0xffffffd7][0xffffff9a][0xffffffcc][0xffffff8d]I [0x19][0xffffffd7][0x1a][0xffffffcc][0xffffff8d][0x5]8[0xffffffb3]]{}nl[0xffffffde]~i[0xffffffd1][0xffffffb5][0x13][0xffffffbb]_[0xfffffffb]v[0x1e][0xffffffd6][0xffffffb5][0xffffff8f][0x13][0xffffffc0][0xffffffae][0xfffffffd]~[0x6][0xffffffc4][0xffffffb5][0xffffff8f][0xffffffa7]#[0xffffffae][0xfffffffd][0xfffffff6]d[0xb][0xffffffd7][\n]"
12:49:33.295 [main] DEBUG org.apache.hc.client5.http.wire - http-outgoing-1 << "[0x14][0x11][0xffffffd7]J [0x11][0xffffffd7][\n]"
12:49:33.295 [main] DEBUG org.apache.hc.client5.http.wire - http-outgoing-1 << ",[0xffffffd3]][0x1b][0xffffffe0]Lvm@[0xfffffff4][0x5][0xffffffd7][0xffffffaa][0xffffffb9][0xffffffb1][0xffffffb1]N[0xffffffcc][0xffffffb5][0xfffffff8][0xffffffdc][0xffffffd8]4[0xffffff98][0x1b][0xffffff9b]q@'[0x13]glnl[0xffffffee]C9[0xffffffa8]kM[0xffffffe6][0xffffffc6]$[0xffffff90][0xffffff8c]k[\r][0xffffffe6][0xffffffc6][0x2][0xffffff9c][0xffffffd9][0xffffffae][0xffffffbd]>76[0xffffffd5][0xffffffdc][0xffffffd8],[0xffffff93][0xfffffffa][0xffffff8e][0xffffffee][0xffffffc4][0xffffffe7][0xffffffc6][0xffffffa6][0xffffffc1][0xffffffdc][0xffffffd8][0xffffff8c][0x3]:[0xffffff99]8cscs[0x1f][0xffffffca]A]k27&[0xffffff81]d\k07[0x16][0xffffffe0][0xffffffcc]v[0xffffffed][0xfffffff5][0xffffffb9][0xffffffb1][0xffffffa9][0xffffffe6][0xffffffc6][0xffffffe6][0xffffffb9][0xffffffa8][0xffffffdd]3[0x13][0xffffff9f][0x1b][0xffffff9b][0x6]sc3[0xe][0xffffffe8]d[0xffffffe2][0xffffff8c][0xffffffcd][0xffffff8d][0xffffffcd]}([0x7]u[0xffffffad][0xffffffc9][0xffffffdc][0xffffff98][0x4][0xffffff92]q[0xffffffad][0xffffffc1][0xffffffdc]X[0xffffff80]3[0xffffffdb][0xffffffb5][0xffffffd7][0xffffffe7][0xffffffc6][0xffffffa6][0xffffff9a][0x1b][0xffffff9b][0xffffffab]Q3[0xffffffba][0x13][0xffffff9f][0x1b][0xffffff9b][0x6]sc3[0xe][0xffffffe8]d[0xffffffe2][0xffffff8c][0xffffffcd][0xffffff8d][0xffffffcd]}([0x7]u[0xffffffad][0xffffffc9][0xffffffdc][0xffffff98][0x4][0xffffff92]q[0xffffffad][0xffffffc1][0xffffffdc]X[0xffffff80]3[0xffffffdb][0xffffffb5][0xffffffd7][0xffffffe7][0xffffffc6][0xffffffa6][0xffffff9a][0x1b][[0xffffffe5][0xffffffa0][0xffffffe6][0xffffffc6]&>76[\r][0xffffffe6][0xffffffc6]f[0x1c][0xffffffd0][0xffffffc9][0xffffffc4][0x19][0xffffff9b][0x1b][0xffffff9b][0xfffffffb]P[0xe][0xffffffea]Z[0xffffff93][0xffffffb9]1[0x9]$[0xffffffe3]Z[0xffffff83][0xffffffb9][0xffffffb1][0x0]g[0xffffffb6]k[0xffffffaf][0xffffffcf][0xffffff8d]M57[0xffffffb6][0x1a]v[0xffffffe7]k[0xffffffe2]sc[0xffffffd3]`nl[0xffffffc6][0x1][0xffffff9d]L[0xffffff9c][0xffffffb1][0xffffffb9][0xffffffb1][0xffffffb9][0xf][0xffffffe5][0xffffffa0][0xffffffae]5[0xffffff99][0x1b][0xffffff93]@2[0xffffffae]5[0xffffff98][0x1b][0xb]pf[0xffffffbb][0xfffffff6][0xfffffffa][0xffffffdc][0xffffffd8][0x1c][0xffffffca][0xffffffb5][0xffffffb3]Rsco[0xffffffe7][0xffffff81]];[0xc]\;[0x2][0xffffffd4][0xffffff99]8[0xf][0xffffffcc][0xffffffb5][0xffffffc3][0xffffffc9][0xffffffb5][0x11]E[0xffffffc6][0xffffffb5][\n]"
12:49:33.295 [main] DEBUG org.apache.hc.client5.http.wire - http-outgoing-1 << "H[0xffffffc6][0xffffffb5][0x11][0xffffffcb]|[0xffffffd7][0xffffffee]pf[0xffffffbb]vG[0xfffffff4][0x5][0xffffffd7][0xffffff8a][0xffffffb9][0xffffffb1]q[0xffffffbb]u[0xffffffec][0xffffffce][0x17]>76[\r][0xffffffe6][0xffffffc6]f[0x1c][0xffffffd0][0xffffffc9][0xffffffc4][0x19][0xffffff9b][0x1b][0xffffff9b][0xfffffffb]P[0xe][0xffffffea]Z[0xffffff93][0xffffffb9]1[0x9]$[0xffffffe3]Z[0xffffff83][0xffffffb9][0xffffffb1][0x0]g[0xffffffb6]k[0xffffffaf][0xffffffcf][0xffffff8d]M176n[0xffffff95][0xffffffbb][0xfffffff3][0xffffff85][0xffffffcf][0xffffff8d]M[0xffffff83][0xffffffb9][0xffffffb1][0x19][0x7]t2q[0xffffffc6][0xffffffe6][0xffffffc6][0xffffffe6]>[0xffffff94][0xffffff83][0xffffffba][0xffffffd6]dnL[0x2][0xffffffc9][0xffffffb8][0xffffffd6]`n,[0xffffffc0][0xffffff99][0xffffffed][0xffffffda][0xffffffeb]scK|ol[0xffffffdc]:[0xffffffb6]+|[0xffffffe1][0xffffffdf][0x1b][[0x6][0xffffffdf][0x1b][[0xfffffff1][0xffffffc3]N[0xffffff89]8/[0xffffffec]{ck[0xffffffff][0xffffff98][0x13][0xffffffe9]Z[0xffffff81]"[0xffffffe2]Z[0x9]$[0xffffffe2]Z[0xffffff81]e[0xffffffba]k[0x3][0xffffff9c][0xffffffc9][0xffffffae][\r][0xffffff88][0xffffffbe][0xffffffe0]Z1[0xffffffcb]0n[0xffffffab]`[0xffffffae][0xffffffc5]g[0x19][0xffffff96][0xffffffc1],[0xffffffc3][0xffffff8a][0xffffff97][0xffffffc6]3q[0xffffffc6]f[0x19][0xffffffd6]~Q[0x1c]u[0xffffffad][0xffffffc9],[0xffffff83][0x4][0xffffff92]q"
12:49:33.296 [main] DEBUG org.apache.hc.client5.http.wire - http-outgoing-1 << "[0xffffffad][0xffffffc1],C[0xffffff80]3[0xffffffdb][0xffffffb5][0xffffffd7]g[0x19][0xffffff96][0xffffff98]e[0xffffffb8][0xffffffbb][0x16][0xffffffdb][0x15][0xffffffbe][0xfffffff0]Y[0xffffff86]e0[0xffffffcb][0xffffffb0][0xffffffe2][0xffffffa5][0xfffffff1]L[0xffffff9c][0xffffffb1]Y[0xffffff86][0xffffffb5]_[0x14]G]k2[0xffffffcb] [0xffffff81]d\k0[0xffffffcb][0x10][0xffffffe0][0xffffffcc]v[0xffffffed][0xfffffff5]Y[0xffffff86]%f[0x19][0xffffffc6]q[0xffffffdc][0x1a][0xffffffe5]Z|[0xffffff96]a[0x19][0xffffffcc]2[0xffffffac]xi<[0x13]gl[0xffffff96]a[0xffffffed][0x17][0xffffffc5]Q[0xffffffd7][0xffffff9a][0xffffffcc]2H [0x19][0xffffffd7][0x1a][0xffffffcc]2[0x4]8[0xffffffb3]]{}[0xffffff96]a[0xffffff89]Y[0xffffff86]q[0xffffffd4][0xffffffa3]P[0xffffffae][0xffffffc5]g[0x19][0xffffff96][0xffffffc1],[0xffffffc3][0xffffff8a][0xffffff97][0xffffffc6]3q[0xffffffc6]f[0x19][0xffffffd6]~Q[0x1c]u[0xffffffad][0xffffffc9],[0xffffff83][0x4][0xffffff92]q[0xffffffad][0xffffffc1],C[0xffffff80]3[0xffffffdb][0xffffffb5][0xffffffd7]g[0x19][0xffffff96][0xffffff98]e[0x18]GoX[0xffffffd7][0xffffffe2][0xffffffb3][0xc][0xffffffcb]`[0xffffff96]a[0xffffffc5]K[0xffffffe3][0xffffff99]8c[0xffffffb3][0xc]k[0xffffffbf]([0xffffff8e][0xffffffba][0xffffffd6]d[0xffffff96]A[0x2][0xffffffc9][0xffffffb8][0xffffffd6]`[0xffffff96]![0xffffffc0][0xffffff99][0xffffffed][0xffffffda][0xffffffeb][0xffffffb3][0xc]k([0xffffffd7][0xffffffae][0xffffff89]u[0xffffffed][0xffffffc0]];[0xc]\;[0x2][0xffffffd4][0xffffff99]8[0xf][0xffffffcc][0xffffffb5][0xffffffc3][0xffffffc9][0xffffffb5][0x11]E[0xffffffc6][0xffffffb5][\n]"
12:49:33.296 [main] DEBUG org.apache.hc.client5.http.wire - http-outgoing-1 << "H[0xffffffc6][0xffffffb5][0x11][0xffffffcb]|[0xffffffd7][0xffffffee]pf[0xffffffbb]vG[0xfffffff4]%[0xffffffd7]V3[0xffffffd7]V[0xffffffdc][0xffffffb5][0xffffffd5][0xffffffc0][0xffffffb5][0x15]um[0xffffffc5]\[[0xffffff9d]\[0xffffffbb][0xffffffa3]H[0xffffffb9]6[0x2]I[0xffffffb9]v[0xffffffc7][0xffffff92]pm[0xffffff85]][[0xffffffaf][0xffffffba]V[0xffffffcd][0xffffff8d][0xffffff95][0xffffff82][0xffffffed]CX[0xfffffff8][0xffffffdc][0xffffffd8]2[0xffffff98][0x1b][q@'[0x13]glnl[0xffffffed]C9[0xffffffa8]kM[0xffffffe6][0xffffffc6]$[0xffffff90][0xffffff8c]k[\r][0xffffffe6][0xffffffc6][0x2][0xffffff9c][0xffffffd9][0xffffffae][0xffffffbd]>7[0xffffffb6][0xffffffd4][0xffffffdc]X9[0x1b]57[0xffffffb6][0xfffffff0][0xffffffb9][0xffffffb1]e07[0xffffffb6][0xffffffe2][0xffffff80]N&[0xffffffce][0xffffffd8][0xffffffdc][0xffffffd8][0xffffffda][0xffffff87]rP[0xffffffd7][0xffffff9a][0xffffffcc][0xffffff8d]I [0x19][0xffffffd7][0x1a][0xffffffcc][0xffffff8d][0x5]8[0xffffffb3]]{ynl[0xffffffdd][0xffffffd4][0xffffffdc]X[0xffffff99][0x15][0xffffffba]_[0xfffffffb]8[0xf][0xffffffea][0xffffffda][0xfffffff7][0x13][0xffffffb0][0xffffffae][0xfffffffd]<[0x3][0xffffffe1][0xffffffda][0xfffffff7][0xffffffa7][0x13][0xffffffae][0xfffffffd][0xfffffffe]d[0x7][0xffffffd7]*[0x14][0x9][0xffffffd7]j [0x9][0xffffffd7]*,[0xffffffb3]][0x1b][0xffffffe1][0xffffffcc]umD[0xfffffff4]%[0xffffffd7][0x16]3[0xffffffd7][0x16][0xffffffdc][0xffffffb5][0xffffffc5][0xffffffc0][0xffffffb5][0x5]um[0xffffffc1]\[[0xffffff9c]\[0xffffffbb][0xffffffa3]H[0xffffffb9]6[0x2]I[0xffffffb9]v[0xffffffc7][0xffffff92]pm[0xffffff81]][[0xffffffae][0xffffffba]V|[0xffffffdb]q[0xffffffd4]cB{[0xffffffbe][0x1e][0xffffffe7][0xffffff81]][0xffffffcb][0x7f][0xffffffdb][0xfffffff1][0xfffffff3][0xc][0xffffff8c]k[0xffffffa9]o;~[0x7f][0xffffffb2][0xffffff87]k=[0xffffffbe][0xffffffed][0xffffffa8][0xffffff81]d\[0xffffffcb][0x7f][0xffffffdb]1[0xffffffc2][0xffffff99][0xffffffed][0xffffffda][0xffffffcb][0xffffffdf]v\7[0xffffffb5][0xf][0xffffffa1][0xffffffd6][0x1][0xffffffed][0xffffffaf]}[0xffffff9c][0x7]v-[0xffffffbf][0xf][0xffffffe1][0xfffffff3][0xc][0xffffff8c]k[0xffffffa9]}[0x8][0xffffffdf][0xffffff9f][0xffffffec][0xffffffe1]Z[0xffffff8f]}[0x8][0x1a]H[0xffffffc6][0xffffffb5][0xfffffffc]>[0xffffff84][0x8]g[0xffffffb6]k/[0xffffffef]Cx[0xfffffffb][0xffffffd3][0xfffffff8][0xe][0xffffff81]u-[0xfffffffd][0xe][0xffffffa1][0x18][0xffffffbc]C([0xffffffe1]?[0xffffffac][0xffffffe5][0xffffffe2]L[0xffffffbd]C(N[0xffffffef][0x10]"[0xffffff8a][0xffffff94]k][0xffffffde]!D,[0x9][0xffffffd7][0xffffffb2][0xffffffef][0x10]vD_pmU[0xffffffae][0xffffffed][0xb][0xffffffda][0xfffffff3][0xfffffff5]8[0xf][0xffffffec][0xffffffda]j[0xffffffe0][0xffffffda][0x1a][0xffffffa0][0xffffffce][0xffffffc4][0xffffffb9]b[0xffffffae][0xffffffad]N[0xffffffae][0xffffff8d](2[0xffffffae]U@2[0xffffffae][0xffffff8d]X[0xffffffe6][0xffffffbb]v[0xffffff87]3[0xffffffdb][0xffffffb5];[0xffffffa2]/[0xffffffb8]V[0xffffffed][0xffffff9e][0xffffffa9][0xffffffe0]oc[0xfffffff4][0xffffffee][0xffffff99][0xfffffff7][0x13][0xffffffd0][0xffffffae]%w[0xffffffcf][0xffffffbc]?[0xffffff9d]q[0xffffffad][0xffffffd1][0xffffffee][0x19][0xffffff85]"[0xffffffe3]Z[0xffffff97][0xffffffdd]3[\n]"
12:49:33.296 [main] DEBUG org.apache.hc.client5.http.wire - http-outgoing-1 << "[0xffffffcb]|[0xffffffd7][0xffffffb2][0xffffffbb]g"[0xffffffa2]/[0xffffffb8]V[0xffffffed][0xffffff9e][0xffffffa9]sa[0xffffffef][0x10][0xffffffe8][0xffffffdd]3[0xffffffef]'[0xffffffa0]]K[0xffffffee][0xffffff9e]y[0x7f]:[0xffffffe3]Z[0xffffffa3][0xffffffdd]3[\n]"
12:49:33.297 [main] DEBUG org.apache.hc.client5.http.wire - http-outgoing-1 << "E[0xffffffc6][0xffffffb5].[0xffffffbb]g[0x14][0xffffff96][0xfffffff9][0xffffffae]ew[0xffffffcf]DD_p[0xffffffad][0xffffffda]=SW[0xffffff83]ft[0x1f][0xffffffe7][0xffffff81]][0xffffffcb][0xffffffef][0xffffff9e][0xfffffff9]<[0x3][0xffffffe3]Zj[0xfffffff7][0xffffffcc][0xfffffff7]'{[0xffffffb8][0xffffffd6]c[0xfffffff7][0xffffff8c][0x6][0xffffff92]q-[0xffffffbf]{&[0xffffffc2][0xffffff99][0xffffffed][0xffffffda][0xffffffcb][0xffffffbb]g[0xffffffd6]m[0x8][0xffffffd7][0xffffffb6][0xffffffdb][\r][0xffffff9a][0xffffffd1]}[0xffffff9c][0x7]v[0xffffffed]0p[0xffffffed][0x8]Pg[0xffffffe2]<0[0xffffffd7][0xe]'[0xffffffd7]F[0x14][0x19][0xffffffd7]* [0x19][0xffffffd7]F,[0xfffffff3]][0xffffffbb][0xffffffc3][0xffffff99][0xffffffed][0xffffffda][0x1d][0xffffffd1][0x17]\[0xffffffab][0xfffffff6]![0xffffffb4][0xffffffa3]4[0xffffffca][0xffffffb5][0xfffffff4]>[0xffffff84][0xfffffff7][0x13][0xffffffd0][0xffffffae]%[0xfffffff7]![0xffffffbc]?[0xffffff9d]q[0xffffffad][0xffffffd1]>[0x4][0xffffff85]"[0xffffffe3]Z[0xffffff97]}[0x8][\n]"
12:49:33.297 [main] DEBUG org.apache.hc.client5.http.wire - http-outgoing-1 << "[0xffffffcb]|[0xffffffd7][0xffffffb2][0xfffffffb][0x10]"[0xffffffa2][0xffffffbf][0xffffffdd][0xffffffb5][0xffffff87][0xffffff9a][0xffffffd1]m[0xffffff83][0xffffffda]_[0xfffffffb]8[0xf][0xffffffeb][0xffffffda][0xffffffc3]`F[0xfffffff7][0xffffff88][0xffffffc3][0xffffff90][0xffffff89]8[0x1f][0xffffffd8][0xffffff8c][0xffffffee][0xffffffb1][0xf]@[0xffffff92][0xffffffae][0x15]("[0xffffffae][0xffffff95]@"[0xffffffae][0x15]X[0xffffffa6][0xffffffbb]6[0xffffffc0][0xffffff99][0xffffffec][0xffffffda][0xffffff80][0xffffffe8][0xb][0xffffffae]Usc[0xffffffe7]mP[0xfffffff7][0x10][0xe]|n[0xffffffec]0[0xffffff98][0x1b];[0xffffffe2][0xffffff80]N&[0xffffffce][0xffffffd8][0xffffffdc][0xffffffd8][0xffffffb1][0xf][0xffffffe5][0xffffffa0][0xffffffae]5[0xffffff99][0x1b][0xffffff93]@2[0xffffffae]5[0xffffff98][0x1b][0xb]pf[0xffffffbb][0xfffffff6][0xfffffffa][0xffffffdc][0xffffffd8][0xfffffffd]O[0xffffffe3][0xfffffffd]Z[0xffffffd6][0xffffffb5][0xfffffff0][0xfffffffd][0xffffffda][0xffffffc7][0x9]x[0xffffffd7][0xffffff82][0xfffffff7]k[0x1f]O[0xffffffa7]\[0xffffffeb]s[0xffffffbf]V[0xffffffa0]H[0xffffffb9][0xffffffd6][0xffffffe4]~[0xffffffad][0xffffffc0][0xffffff92]p-z[0xffffffbf]6 [0xfffffffa][0xffffff82]k[0xffffffd5][0xffffff8c][0xffffffee]Y;5[0xffffffcb]p[0xffffffe0]3[0xffffffba][0xffffff87][0xffffffc1][0xffffff8c][0xffffffee][0x11][0xffffff87]!3q[0xffffffc6]ft[0xffffff8f]}[0x0][0x12]u[0xffffffad][0xffffffc9][0xffffff8c][0xffffffae][0x4][0xffffff92]q[0xffffffad][0xffffffc1][0xffffff8c]n[0xffffff80]3[0xffffffdb][0xffffffb5][0xffffffd7]gt[0xf]5[0xffffffcb]p[0xffffffae]A[0xffffffdd]C8[0xfffffff0]Y[0xffffff86][0xffffffc3]`[0xffffff96][0xffffffe1][0xffffff88][0xffffff97][0xffffffc6]3q[0xffffffc6]f[0x19][0xffffff8e][0xfffffffd][0xffffffa2]8[0xffffffea]Z[0xffffff93]Y[0x6][0x9]$[0xffffffe3]Z[0xffffff83]Y[0xffffff86][0x0]g[0xffffffb6]k[0xffffffaf][0xffffffcf]2[0x1c]j[0xffffff96][0xffffffa1]W[0xffffffea][0xffffff9b][0xffffffe5][0xffffff8f][0xfffffff3][0xffffffc0][0xffffffae]5[0xffffff98]e8[0xffffffe2][0xffffffa5][0xfffffff1]L[0xffffff9c][0xffffffb1]Y[0xffffff86]c[0xffffffbf]([0xffffff8e][0xffffffba][0xffffffd6]d[0xffffff96]A[0x2][0xffffffc9][0xffffffb8][0xffffffd6]`[0xffffff96]![0xffffffc0][0xffffff99][0xffffffed][0xffffffda][0xffffffeb][0xffffffb3][0xc][0xffffff87][0xffffff9a]e[0xffffffe8]g[0xffffffe9][0xffffff94]k[0xfffffff1]Y[0xffffff86][0xffffffc3]`[0xffffff96][0xffffffe1][0xffffff88][0xffffff97][0xffffffc6]3q[0xffffffc6]f[0x19][0xffffff8e][0xfffffffd][0xffffffa2]8[0xffffffea]Z[0xffffff93]Y[0x6][0x9]$[0xffffffe3]Z[0xffffff83]Y[0xffffff86][0x0]g[0xffffffb6]k[0xffffffaf][0xffffffcf]2[0xffffffbc][0xfffffffd]_[0xffffffd1][0xffffffb5][0xffffffa3]c];p[0xffffffd7][0xe][0x3][0xffffffd7][0xffffff8e][0x0]u&[0xffffffce][0x3]s[0xffffffed]prmD[0xffffff91]q[0xffffffad][0x2][0xffffff92]qm[0xffffffc4]2[0xffffffdf][0xffffffb5];[0xffffff9c][0xffffffd9][0xffffffae][0xffffffdd][0x11]}[0xffffffc1][0xffffffb5]j[0xffffff96][0xffffffa1]/l[0xfffffff7][0xffffffcc][0xffffff81][0xffffffcf]2[0x1c][0x6][0xffffffb3][0xc]G[0xffffffbc]4[0xffffff9e][0xffffff89]36[0xffffffcb]p[0xffffffec][0x17][0xffffffc5]Q[0xffffffd7][0xffffff9a][0xffffffcc]2H [0x19][0xffffffd7][0x1a][0xffffffcc]2[0x4]8[0xffffffb3]]{}[0xffffff96][0xffffffa1][0xffffffa8]Y[0xffffff86]q+[0xffffffd4]oc[0x5][0xffffff9f]e([0x6][0xffffffb3][0xc]%^[0x1a]O[0xffffffc4][0xffffffb9]`[0xffffffb3][0xc]e[0xffffffbf](N[0xffffffba]V[0xffffffa0][0xffffff88][0xffffffb8]V[0x2][0xffffff89][0xffffffb8]V`[0xffffff99][0xffffffee][0xffffffda][0x0]g[0xffffffb2]k[0x3][0xffffffa2]/[0xffffffb8]V[0xffffffdd][0xfffffff9][0x1a][0xffffffc7]I[0xffffffed][0xffffff9e])[0xfffffff8][0xffffff9d][0xffffffaf]bp[0xffffffe7][0xffffffab][0xffffffc4][0xffffffcb]5[0xffffff99]8cw[0xffffffbe][0xffffffca]~[0xffffffa1][0x6]u[0xffffffad][0xffffffc9][0xffffff9d]/[0x9]$[0xffffffe3]Z[0xffffff83];_[0x1][0xffffffce]l[0xffffffd7]^"
12:49:33.302 [main] DEBUG org.apache.hc.client5.http.wire - http-outgoing-1 << "[0xffffffbf][0xfffffff3]U[0xffffffd4]w[0x19]X[0xffffffd7][0xffffffc2][0xffffffb3][0xc][0xffffffc5][0xffffffe0][0xffffffbb][0xc]%.[0xffffffc0][0xffffffcf][0xffffffc5][0x19][0xffffff9a]e([0xfffffffb][0xffffffd2]{[0xffffffd8][0xffffffb5][0x16][0xffffffb3][0xc][0x12]H[0xffffffca][0xffffffb5][0xfffffff8],C[0xffffff80]3[0xffffffdf][0xffffffb5]Wg[0x19]JU][0xffffffdb]Nj[0xffffff96][0xffffffe1][0xffffffed]<[0xffffffb0]k[0xffffffab]A[0xffffffd7][0xffffffd6][0x10][0x10][0xffffff99]8W[0xffffffac]k[0xffffffab]S[0xffffffd7]F[0x14][0x19][0xffffffd7]* [0x19][0xffffffd7]F,[0xfffffff3]][0xffffffbb][0xffffffc3][0xffffff99][0xffffffed][0xffffffda][0x1d][0xffffffd1][0x17]\[0xffffffdb]T[0xffffffd7][0xfffffff6][0xffffff89]um[0xffffffc3][0xffffffbb][0xffffffb6][0x19]tm[0xb][0x1][0xffffff91][0xffffff89]s[0xffffffc3][0xffffffba][0xffffffb6]9umD[0xffffff91]q[0xffffffad][0x2][0xffffff92]qm[0xffffffc4]2[0xffffffdf][0xffffffb5];[0xffffff9c][0xffffffd9][0xffffffae][0xffffffdd][0x11]}[0xffffffc1][0xffffffb5]j[0xffffff96]a[0xffffffde][0xfffffffa]I[0xffffffb9][0x16][0xffffff9f]e([0x6][0xffffffb3][0xc]%^[0x1a][0xffffffcf][0xffffffc4][0x19][0xffffff9b]e([0xfffffffb]Eq[0xffffffd4][0xffffffb5]&[0xffffffb3][0xc][0x12]H[0xffffffc6][0xffffffb5][0x6][0xffffffb3][0xc][0x1][0xffffffce]l[0xffffffd7]^[0xffffff9f]e(j[0xffffff96]a[0xffffffd6][0xffffffb6]([0xffffffd7][0xffffffe2][0xffffffb3][0xc][0xffffffc5]`[0xffffff96][0xffffffa1][0xffffffc4]K[0xffffffe3][0xffffff99]8c[0xffffffb3][0xc]e[0xffffffbf]([0xffffff8e][0xffffffba][0xffffffd6]d[0xffffff96]A[0x2][0xffffffc9][0xffffffb8][0xffffffd6]`[0xffffff96]![0xffffffc0][0xffffff99][0xffffffed][0xffffffda][0xffffffeb][0xffffffb3][0xc]e([0xffffffd7][0xfffffff6][0xffffff82][0xffffffb9]v[0xffffffe0][0xffffffae][0x1d][0x6][0xffffffae][0x1d][0x1][0xffffffea]L[0xffffff9c][0x7][0xffffffe6][0xffffffda][0xffffffe1][0xffffffe4][0xffffffda][0xffffff88]"[0xffffffe3]Z[0x5]$[0xffffffe3][0xffffffda][0xffffff88]e[0xffffffbe]kw8[0xffffffb3]][0xffffffbb]#[0xfffffffa][0xffffff82]k[0xffffffd5],[0xffffffc3][0xffffffe4][0xffffffbe]7V[0xfffffff0]Y[0xffffff86]b0[0xffffffcb]P[0xffffffe2][0xffffffa5][0xfffffff1]L[0xffffff9c][0xffffffb1]Y[0xffffff86][0xffffffb2]_[0x14]G]k2[0xffffffcb] [0xffffff81]d\k0[0xffffffcb][0x10][0xffffffe0][0xffffffcc]v[0xffffffed]O[0xffffffcc]2,[0xffffffe1][0xffffffda]UNj[0x1f][0xffffffc2][0xffffffdb]y`[0xffffffd7].[0x3][0xffffffd7][0xffffffae][0x0]u&[0xffffffce][0xb]s[0xffffffed]rrmD[0xffffff91]q[0xffffffad][0x2][0xffffff92]qm[0xffffffc4]2[0xffffffdf][0xffffffb5];[0xffffff9c][0xffffffd9][0xffffffae][0xffffffdd][0x11][0xfffffffd][0xffffffed][0xffffffae][0xffffffad]jnl[0xffffffb5][0xffffffd9] [0xffffffd7]V|n[0xffffffac][0x1a][0xffffffcc][0xffffff8d][0xffffffd5]8[0xffffffa0][0xffffff93][0xffffff88]s[0xffffffc5][0xffffffe6][0xffffffc6][0xffffffea]>[0xffffff94]C[0xffffffba]V[0xffffffa0][0xffffff88][0xffffffb8]V[0x2][0xffffff89][0xffffffb8]V`[0xffffff99][0xffffffee][0xffffffda][0x0]g[0xffffffb2]k[0x3][0xffffffa2]/[0xffffffb8]V}[0x3]g[\r][0xffffffec][0x1d]B[0xffffffc5][0xffffffbf][0xffffff81]S[\r][0xffffffbe][0xffffff81]S[0xffffffe3][0xffffffc7]F2q[0xffffffc6][0xffffffbe][0xffffff81]S[0xfffffff7][0xf][0xffffff8c][0xffffffa0][0xffffffae]5[0xfffffff9][0x6][0xffffff8e][0x4][0xffffff92]q[0xffffffad][0xffffffc1]7p[0x2][0xffffff9c][0xffffffd9][0xffffffae][0xffffffbd][0xfffffffe][\r][0xffffff9c]*ft[0xffffffe7][0xffffffed]V[0xe][0xffffffca][0xffffffb5][0xfffffff8][0xffffff8c]n5[0xffffff98][0xffffffd1][0xffffffad]q[0x18]2[0x13]glF[0xffffffb7][0xffffffee][0x3][0xffffff90][0xffffffa8]kMft%[0xffffff90][0xffffff8c]k[\r]ft[0x3][0xffffff9c][0xffffffd9][0xffffffae][0xffffffbd]>[0xffffffa3][[0xffffffc5][0xffffffdc][0xffffffd8][0xffffffdd][0xffffffb5]\[0xffffffd7][0xffffffe2]sc[0xffffffd5]`n[0xffffffac][0xffffffc6][0x1][0xffffff9d]L[0xffffff9c][0xffffffb1][0xffffffb9][0xffffffb1][0xffffffba][0xf][0xffffffe5][0xffffffa0][0xffffffae]5[0xffffff99][0x1b][0xffffff93]@2[0xffffffae]5[0xffffff98][0x1b][0xb]pf[0xffffffbb][0xfffffff6][0xfffffffa][0xffffffdc]X[0x15][0xffffffdf][0xffffffc0][0xffffffb9][0xffffffbb]vR{[0xffffffbe]*[0xfffffffe][\r][0xffffff9c]j[0xfffffff0][\r][0xffffff9c][0x1a]?6[0xffffff92][0xffffff89]3[0xfffffff6][\r][0xffffff9c][0xffffffba][0x7f]`[0x4]u[0xffffffad][0xffffffc9]7p$[0xffffff90][0xffffff8c]k[\r][0xffffffbe][0xffffff81][0x13][0xffffffe0][0xffffffcc]v[0xffffffed][0xfffffff5]o[0xffffffe0]T176o[0xffffffe5]F[0xffffffdd]C[0xffffffa8][0xfffffff8][0xffffffdc]X5[0xffffff98][0x1b][0xffffffab]q@'[0x13]gln[0xffffffac][0xffffffee]C9[0xffffffa8]kM[0xffffffe6][0xffffffc6]$[0xffffff90][0xffffff8c]k[\r][0xffffffe6][0xffffffc6][0x2][0xffffff9c][0xffffffd9][0xffffffae][0xffffffbd]>7V[0xffffffc5][0xffffffdc][0xffffffd8][0xffffffbc][0xffffff9d][0x15][0xffffffeb]Z|n[0xffffffac][0x1a][0xffffffcc][0xffffff8d][0xffffffd5]8[0xffffffa0][0xffffff93][0xffffff89]367V[0xfffffff7][0xffffffa1][0x1c][0xffffffd4][0xffffffb5]&sc[0x12]H[0xffffffc6][0xffffffb5][0x6]sc[0x1][0xffffffce]l[0xffffffd7]^[0xffffff9f][0x1b][0xffffffab]C[0xffffffb9]v[0x1e][0xffffffd8]oc[0x3]w[0xffffffed]0p[0xffffffed][0x8]Pg[0xffffffe2]<0[0xffffffd7][0xe]'[0xffffffd7]F[0x14][0x19][0xffffffd7]* [0x19][0xffffffd7]F,[0xfffffff3]][0xffffffbb][0xffffffc3][0xffffff99][0xffffffed][0xffffffda][0x1d][0xffffffd1][0x17]\+[0xffffffe6][0xffffffc6][0xffffffe6]Qn[0xffffffd4][0xffffffee][0xffffff99][0xffffff8a][0xffffffcf][0xffffff8d]U[0xffffff83][0xffffffb9][0xffffffb1][0x1a][0x7]t2q[0xffffffc6][0xffffffe6][0xffffffc6][0xffffffea]>[0xffffff94][0xffffff83][0xffffffba][0xffffffd6]dnL[0x2][0xffffffc9][0xffffffb8][0xffffffd6]`n,[0xffffffc0][0xffffff99][0xffffffed][0xffffffda][0xffffffeb]sc[0xfffffff7]?-f[0xffffffae][0xffffff85]w*>N[0xffffffc0][0xffffffbb][0x16][0xffffffdc][0xffffffa9][0xfffffff8]x:[0xffffffe5]Z[0xffffff9f][0xffffff9d][0xffffff8a][0x2]E[0xffffffca][0xffffffb5]&;[0x15][0x5][0xffffff96][0xffffff84]k[0xffffffd1][0xffffff9d][0xffffff8a][0x1][0xffffffd1][0xffffff97]\[0xffffffdb][0xffffffcc]\[0xffffffdb]p[0xffffffd7]6[0x3][0xffffffd7]6[0xffffffd4][0xffffffb5][\r]smsr[0xffffffed][0xffffff8e]"[0xffffffe5][0xffffffda][0x8]$[0xffffffe5][0xffffffda][0x1d]K[0xffffffc2][0xffffffb5][\r]vm[0xffffffbb][0xffffffee][0xffffffda][0xffffffc7][0xffffffbb]Y'[0xffffffd9][0x1e][0x7]n[0xffffffdb][0xfffffffb][0x11]x[0xffffffdd]~[0x1c][0xffffff82][0xfffffff2][0xffffffed][0xfffffffd][0xfffffff1][0xffffff94]p[0xffffffdf][0x1f][0xffffffed]b[0xffffffdc][0xffffffc0]#[0xffffffa5]\A%[0xffffffe5][0xffffffdc][0xffffffc0]&![0xffffffdd][0xffffff8d][0xffffffd0]|[0xffffffeb]n[0xffffff9c][0xffffffbe][0xffffffa4][0xffffffdd]b[0xfffffff7]>[0xffffffc1][0xffffffe0][0xffffff85][0xffffff82][0xffffffc5][0x1b][0x5][0xfffffff8][0xffffff95][0x2][0xfffffff8]N[0xffffffc1][0xffffffeb][0xffffffa5][0xffffff82][0xffffffcd][[0x5][0xffffffa3][0xffffffd7][\n]"
12:49:33.303 [main] DEBUG org.apache.hc.client5.http.wire - http-outgoing-1 << "[0x16][0xffffffef][0x15][0xfffffff0][0x17][0xb]?[0xfffffff1]f[0xffffffa1][0xffffff9e]f[0xffffffda][0xffffffad]'[0xffffffae][0xffffffdd][0xfffffffb][0x11]x[0xffffffed]~[0x1c][0xffffff82][0xffffffd2][0xffffffee][0xfffffffd][0xfffffff1][0xffffff94]v[0xffffffdf][0x1f][0xffffffed][0xffffffa2][0xffffffdd][0xffffffc0]#[0xffffffa5]]A%[0xffffffa5][0xffffffdd][0xffffffc0]&[0xffffffa1][0xffffffdd][0xffffff8d][0xffffffd0]|[0xffffffed]n[0xffffff9c][0xffffffbe][0xffffffa4][0xffffffdd]6[0xffffffcd][0xffffffb4][0xffffffdb]&[0xffffffae][0xffffffdd][0xfffffffb][0x11]x[0xffffffed]~[0x1c][0xffffff82][0xffffffd2][0xffffffee][0xfffffffd][0xfffffff1][0xffffff94]v[0xffffffdf][0x1f][0xffffffed][0xffffffa2][0xffffffdd][0xffffffc0]#[0xffffffa5]]A%[0xffffffa5][0xffffffdd][0xffffffc0]&[0xffffffa1][0xffffffdd][0xffffff8d][0xffffffd0]|[0xffffffed]n[0xffffff9c][0xffffffbe][0xffffffa4][0xffffffdd][0xffffffee][0xfffffff6][0xffffff92][0xffffffa1][0xfffffff3]/[0x19][0xffffffba][0xffffffc3]K[0xffffff86][0xffffffce][0xffffffbe]d[0xffffffe8][0xffffffdc]K[0xffffff86]n[0xfffffff5][0xffffff92]![0xfffffff0]HiWPIi7[0xffffffb0]Ih[0xffffffb7][0xffffffd3]/[0x19][0xfffffffa]O[0xffffffbc]d[0xffffff98]n[0xffffffb5];[0xfffffff9][0xffffffda][0xffffff9d][0xe][0xffffffb5];[0xffffffd9][0xffffffda][0xffffff9d]\[0xffffffed]N[0xffffffab][0xffffffda][\r]<R[0xffffffda][0x15]TR[0xffffffda][\r]l[0x12][0xffffffda][0xffffff9d]t[0xffffffed][0xffffffce][0xffffff9f][0xffffffa8][0xffffffdd][0xffffffe5]V[0xffffffbb][0xffffff8b][0xffffffaf][0xffffffdd][0xffffffe5]P[0xffffffbb][0xffffff8b][0xffffffad][0xffffffdd][0xffffffc5][0xffffffd5][0xffffffee][0xffffffb2][0xffffffaa][0xffffffdd][0xffffffc0]#[0xffffffa5]]A%[0xffffffa5][0xffffffdd][0xffffffc0]&[0xffffffa1][0xffffffdd]E[0xffffffd7][0xffffffee][0xfffffffa][0xffffff89][0xffffffda]=[0x1e]_[0xffffffe0]u[0xfffffff2][0xffffffee][0xfffffffd]D[0xffffffb8]x[0xffffffdf][0xffffffce][0xffffffc0][0xffffff9b][0xfffffff7][0xffffffdb])([0xfffffff5][0xffffffbe]=[0xffffff9f]r[0xffffffef][0xffffffc7][0xffffffb3]][0xffffffe4][0x1b][0xffffffa1][0xffffffa4][0xffffffec][0xffffffab][0xffffffd0][0xffffffa4][0xfffffff4][0x1b][0x1]%[0xfffffffc][0xffffffbb]c[0xffffff9a]/[0xffffffe0][0x1d][0xffffffd6][0xffffffdf]b[0xffffffe0][0xfffffff9][0xfffffffe][0xffffffc7][0xffffffe2][0xffffff93]f[0xfffffff3][0xffffffe8]+[0xffffffff]S[0xffffffbd][0xffffff9f][0xffffffe7][0xffffffa1][0xffffffec][0xfffffffb][0xffffffe5][0x4][0xffffff98]{[0xffffffb7]3$[0xffffff9b][0xfffffff7][0xffffffcb][0xffffffd3][0xffffff93][0xffffffbd][0xfffffffb][0xffffffeb]'[0xffffffc3][0xffffffd6]}[0xffffff8a]b[0xffffffb2]s[0x7f][0x0]d[0xffffffb2]q[0xffffff9f]b[0xffffff99][0xffffffe8][0xffffffdb]'p[0xffffffa6][0xffffffd9][0xfffffff6][0x9][0xffffffa2][0xffffffbf][0xffffffdd][0xffffffb5]M|[0xffffffd2]l[0x1e]k[0xffffffe5][0xffffffaf][0x12][0xfffffffb]<[0xf][0xffffffeb][0xffffffda][0xffffff86]~[0xffffffd2]l;[0x3][0xffffffe2][0xffffffda][0x6]|[0xffffffd2][0xffffffec][0xffffffd7]O[0xffffffb6]p[0xffffffad]@[0x11]q[0xffffffad][0x4][0x12]q[0xffffffad][0xffffffc0]2[0xffffffdd][0xffffffb5][0x1][0xffffffce]d[0xffffffd7][0x6]D_p[0xffffffad][0xfffffff8][0xffffffa4][0xffffffd9],[0xffffffb5]a[0xffffffae][0x5]?i[0xfffffff6][0xffffffe5][0x4][0xffffffb4]k[0xffffffa1]O[0xffffff9a]}y:[0xffffffe3]Z[0xffffff8f]O[0xffffff9a]=E[0xffffff91]q[0xffffffad][0xffffffc1]'[0xffffffcd][0xffffff9e]b[0xffffff99][0xffffffef]Z[0xffffffec][0xffffff93]fO[0x10]}[0xffffffc1][0xffffffb5][0xffffffea][0xffffff93]f[0xffffffe5][0x4][0xffffffd6]6~[0xffffff9e][0x7]v"
12:49:33.303 [main] DEBUG org.apache.hc.client5.http.wire - http-outgoing-1 << "-[0xfffffffa]I[0xffffffb3][0xffffffed][0xc][0xffffff8c]k[0xffffff81]O[0xffffff9a][0xfffffffd][0xfffffffa][0xffffffc9][0x1e][0xffffffae][0xffffffc5]?i[0xfffffff6][0x3] [0x19][0xffffffd7][0xffffffa2][0xffffff9f]4{[0x2]g[0xffffffb6]k[0xffffffaf]|[0xffffffd2][0xffffffec][0xffffffe3]O[0xffffffd5]'[0xffffffcd][0xffffffca]X[0xffffff95]r-[0xfffffff8]I[0xffffffb3]/'[0xffffffa0]][0xb]}[0xffffffd2][0xffffffec][0xffffffcb][0xffffffd3][0x19][0xffffffd7]z|[0xffffffd2][0xffffffec])[0xffffff8a][0xffffff8c]k[\r]>i[0xfffffff6][0x14][0xffffffcb]|[0xffffffd7]b[0xffffff9f]4{[0xffffff82][0xffffffe8]ow[0xffffffed][0xffffffa9][0xffffffde][0xffffffd7][0xffffffd6][0xffffffb3][0xffffffe5][0x7f]f[0xffffffe7][0xfffffff3]<[0xffffffac]kO[0xffffff83][0xfffffff7][0xffffffb5]g|1[0xffffff96][0xffffff88][0xfffffff3][0xffffff89][0xffffffbd][0xffffffaf]=[0xfffffff7][0xffffff97]a[0xffffffa4]k[0x5][0xffffff8a][0xffffff88]k%[0xffffff90][0xffffff88]k[0x5][0xffffff96][0xffffffe9][0xffffffae][\r]p&[0xffffffbb]6 [0xfffffffa][0xffffff82]k[0xffffffd5][0xfffffffb][0xffffffda]::[0xffffffd5][0xffffffb5]'[0xfffffffe][0xffffffbe][0xfffffff6]4x_{[0xffffffc6][0x17]c[0xffffff99]8c[0xffffffef]k[0xffffffcf][0xfffffffd]e[0x18][0xffffffea]Z[0xffffff93][0xfffffff7][0xffffffb5][0x12]H[0xffffffc6][0xffffffb5][0x6][0xffffffef]k[0x3][0xffffff9c][0xffffffd9][0xffffffae][0xffffffbd][0xfffffffe][0xffffffbe][0xfffffff6],b[0x1d]y[0xffffffbb][0xffffffcd][0xfffffffc];[0xffffffb7][0xffffff9f][0xffffffe7][0xffffff81]][[0xffffffc8]u[0xffffffe4][0xffffffdb][0x19][0x18][0xffffffd7][0xffffff96][0xfffffffc]u[0xffffffe4][0xffffffbf]~[0xffffffb2][0xffffff87]k#[0xffffff8a][0xffffff8c]k[0x15][0xffffff90][0xffffff8c]k#[0xffffff96][0xfffffff9][0xffffffae][0xffffffdd][0xffffffe1][0xffffffcc]v[0xffffffed][0xffffff8e][0xffffffe8][0xb][0xffffffae]U[0xffffffef]k[Y[0xffffffd8];[0x4][0xfffffffc]}[0xffffffed]i[0xfffffff0][0xffffffbe][0xfffffff6][0xffffff8c]/[0xffffffc6]2q[0xffffffc6][0xffffffde][0xffffffd7][0xffffff9e][0xfffffffb][0xffffffcb]0[0xffffffd4][0xffffffb5]&[0xffffffef]k%[0xffffff90][0xffffff8c]k[\r][0xffffffde][0xffffffd7][0x6]8[0xffffffb3]][0xfffffffb][0x13][0xffffffef]k[0xffffff9b]rm[0xffffffbf]a[0xffffffef][0x10][0x1a][0xffffffee][0xffffffda]f[0xffffffe0][0xffffffda][0x16][0xffffffa0][0xffffffce][0xffffffc4][0xffffffb9]a[0xffffffae]mN[0xffffffae][0xffffff8d](2[0xffffffae]U@2[0xffffffae][0xffffff8d]X[0xffffffe6][0xffffffbb]v[0xffffff87]3[0xffffffdb][0xffffffb5];[0xffffffa2]/[0xffffffb8][0xfffffff6]T[0xffffffae][0xffffff9d][0xffffffdc][0xfffffffb][0xffffffda][0x13]w[0xffffffed]i[0xffffffe0][0xffffffda]3@[0xffffff9d][0xffffff89][0xfffffff3][0xffffff89][0xffffffb9][0xfffffff6]trmD[0xffffff91]q[0xffffffad][0x2][0xffffff92]qm[0xffffffc4]2[0xffffffdf][0xffffffb5];[0xffffff9c][0xffffffd9][0xffffffae][0xffffffdd][0x11]}[0xffffffc1][0xffffffb5]]|[0xffffffd2][0xffffffec]<[0xe][0xffffffec]}m[0xffffffe7]>i[0xfffffff6][0xffffffe5][0x4][0xffffffb4]k{[0xfffffff8]vT&[0xffffffce]=[0xffffffff][0xffffff93]f[0xffffffbf]~[0xffffffb2][0xffffff87]k#[0xffffff8a][0xffffff8c]k[0x15][0xffffff90][0xffffff8c]k#[0xffffff96][0xfffffff9][0xffffffae][0xffffffdd][0xffffffe1][0xffffffcc]v[0xffffffed][0xffffff8e][0xffffffe8][0xb][0xffffffae][0x1d][0xffffffa2]k[0xffffffcf]v[0x1b][0xffffff94]k[0x7][0xffffffde][0xffffffb5][0xffffffc3][0xffffffa0]kG[0x8][0xffffff88]L[0xffffff9c][0x7][0xffffffd6][0xffffffb5][0xffffffc3][0xffffffa9]k#[0xffffff8a][0xffffff8c]k[0x15][0xffffff90][0xffffff8c]k#[0xffffff96][0xfffffff9][0xffffffae][0xffffffdd][0xffffffe1][0xffffffcc]v[0xffffffed][0xffffff8e][0xffffffe8][0xb][0xffffffae][0xffffff9d][0xffffffca][0xffffffb5]gi[0xffffff94]k'[0xffffffee][0xffffffda]i[0xffffffe0][0xffffffda][0x19][0xffffffa0][0xffffffce][0xffffffc4]yb[0xffffffae][0xffffff9d]N[0xffffffae][0xffffff8d](2[0xffffffae]U@2[0xffffffae][0xffffff8d]X[0xffffffe6][0xffffffbb]v[0xffffff87]3[0xffffffdb][0xffffffb5];[0xffffffa2]/[0xffffffb8]V[0xffffffed][0xfffffff9]:[0xffffffcf][0xffffffc7]'[0x1e][0x10][0xffffffd7][0xffffffe2]{[0xffffffbe]N[0xffffff83]=_g\[0xffffffa8][0xffffff94][0xffffff89]3[0xffffffb6][0xffffffe7][0xffffffeb][0xffffffdc][0xffffff97]([0xffffffa1][0xffffffae]5[0xffffffd9][0xfffffff3]%[0xffffff81]d\k[0xffffffb0][0xffffffe7]+[0xffffffc0][0xffffff99][0xffffffed][0xffffffda][0xffffffeb]{[0xffffffbe][0xffffffba][0xffffff9a][0x1b];[0xfffffffb]1![0xffffffd7]v|n[0xffffffac][0x1b][0xffffffcc][0xffffff8d][0xfffffff5]8[0xffffffa0][0xffffff93][0xffffff88]s[0xffffffc7][0xffffffe6][0xffffffc6][0xfffffffa]>[0xffffff94]C[0xffffffba]V[0xffffffa0][0xffffff88][0xffffffb8]V[0x2][0xffffff89][0xffffffb8]V`[0xffffff99][0xffffffee][0xffffffda][0x0]g[0xffffffb2]k[0x3][0xffffffa2]/[0xffffffb8]V[0xffffffcd][0xffffff8d][0xffffff9d][0xfffffffd][0xffffffa4][0xffffffee]!t|n[0xffffffac][0x1b][0xffffffcc][0xffffff8d][0xfffffff5]8[0xffffffa0][0xffffff93][0xffffff89]367[0xffffffd6][0xfffffff7][0xffffffa1][0x1c][0xffffffd4][0xffffffb5]&sc[0x12]H[0xffffffc6][0xffffffb5][0x6]sc[0x1][0xffffffce]l[0xffffffd7]^[0xffffff9f][0x1b][0xffffffeb]j[0xffffffcf][0xffffffd7]9:[0xffffffb5]+[0xffffffbc][0xffffffe3]{[0xffffffbe][0xffffffba][0xffffffc1][0xffffff9e][0xffffffaf][0x1e][0x17]*e[0xffffffe2][0xffffff8c][0xffffffed][0xfffffff9][0xffffffea][0xfffffffb][0x12]%[0xffffffd4][0xffffffb5]&{[0xffffffbe]$[0xffffff90][0xffffff8c]k[\r][0xfffffff6]|[0x5]8[0xffffffb3]]{}[0xffffffcf]WW[0xffffffb3][0xc][0xffffffbd]vjn[0xffffffac][0xffffffe3][0xffffffb3][0xc][0xffffffdd]`[0xffffff96][0xffffffa1][0xffffffc7]K[0xffffffe3][0xffffff99]8c[0xffffffb3][0xc]}[0xffffffbf]([0xffffff8e][0xffffffba][0xffffffd6]d[0xffffff96]A[0x2][0xffffffc9][0xffffffb8][0xffffffd6]`[0xffffff96]![0xffffffc0][0xffffff99][0xffffffed][0xffffffda][0xffffffeb][0xffffffb3][0xc][0xffffffbd][0xb][0xffffffd7][0xffffff8e][0xffffffe3][0xffffffa4][0xfffffff6][0xffffffd7][0xffffffbe][0xffffff9d][0x7]vm7pm[0xf]Pg[0xffffffe2][0xffffffdc]1[0xffffffd7]v'[0xffffffd7]F[0x14][0x19][0xffffffd7]* [0x19][0xffffffd7]F,[0xfffffff3]][0xffffffbb][0xffffffc3][0xffffff99][0xffffffed][0xffffffda][0x1d][0xffffffd1][0x17]\;[0xffffff95]k[0x7]v[0xffffffbf][0xfffffff6][0xffffffed]<[0xffffffb0]k[0xffffffa7][0xffffff81]kg[0xffffff80]:[0x13][0xffffffe7][0xffffff89][0xffffffb9]v:[0xffffffb9]6[0xffffffa2][0xffffffc8][0xffffffb8]V[0x1][0xffffffc9][0xffffffb8]6b[0xffffff99][0xffffffef][0xffffffda][0x1d][0xffffffce]l[0xffffffd7][0xffffffee][0xffffff88][0xffffffbe][0xffffffe0]Zu[0xffffffe7]k[0xffffffde]:v[0xf][0x1][0xffffffbf][0xfffffff3][0xffffffd5][\r][0xffffffee]|[0xfffffff5]x[0xffffffb9]&[0x13]g[0xffffffec][0xffffffce]W[0xffffffdf]/[0xffffffd4][0xffffffa0][0xffffffae]5[0xffffffb9][0xfffffff3]%[0xffffff81]d\kp[0xffffffe7]+[0xffffffc0][0xffffff99][0xffffffed][0xffffffda][0xffffffeb]w[0xffffffbe][0xffffff86][0xffffffba][0xfffffff3]5Kk[0xffffff90]k[0x7]~[0xffffffe7]k[0x18][0xffffffdc][0xfffffff9][0x1a][0xfffffff1]rM"[0xffffffce][0x3][0xffffffbb][0xfffffff3]5[0xfffffff6][0xb]5[0xffffffa4]k[0x5][0xffffff8a][0xffffff88]k%[0xffffff90][0xffffff88]k[0x5][0xffffff96][0xffffffe9][0xffffffae][\r]p&[0xffffffbb]6 [0xfffffffa][0xffffff82]k[0xffffffd5][0xffffff9d][0xffffffaf]y6j[0x1f][0xffffffc2][0xffffffc0][0xffffffef]|[\r][0xffffff83];_#^[0xffffffae][0xffffffc9][0xffffffc4][0x19][0xffffffbb][0xfffffff3]5[0xfffffff6][0xb]5[0xffffffa8]kM[0xffffffee]|I [0x19][0xffffffd7][0x1a][0xffffffdc][0xfffffff9][\n]"
12:49:33.303 [main] DEBUG org.apache.hc.client5.http.wire - http-outgoing-1 << "pf[0xffffffbb][0xfffffff6][0xfffffffa][0xffffff9d][0xffffffaf][0xffffffa1][0xffffffee]|[0xffffffcd]>[0xffffffa8];_[0x3][0xffffffbf][0xfffffff3]5[0xc][0xffffffee]|[0xffffff8d]x[0xffffffb9]&[0x13]g[0xffffffec][0xffffffce][0xffffffd7][0xffffffd8]/[0xffffffd4][0xffffffa0][0xffffffae]5[0xffffffb9][0xfffffff3]%[0xffffff81]d\kp[0xffffffe7]+[0xffffffc0][0xffffff99][0xffffffed][0xffffffda][0xffffffeb]w[0xffffffbe][0xffffff86][0xffffffda][0x15]>G[0xffffffa1]f[0x19][0x6][0xffffffbe]+|[0x18][0xffffffec][\n]"
12:49:33.303 [main] DEBUG org.apache.hc.client5.http.wire - http-outgoing-1 << "[0x1f]q)s&[0xffffffce][0xffffffd8][0xffffffae][0xfffffff0][0xffffffb1]/bF]k[0xffffffb2]+\[0x2][0xffffffc9][0xffffffb8][0xffffffd6]`Wx[0xffffff80]3[0xffffffdb][0xffffffb5][0xffffffd7]w[0xffffff85][0xf]u[0xffffffbf]v[0xffffff8e][0xffffffc7][0xffffffe9][0x10][0xffffffd7][0xffffffe2][0xfffffff7]k[0xffffff87][0xffffffc1][0xfffffffd][0xffffffda][0x11]/2f[0xffffffe2][0xffffff8c][0xffffffdd][0xffffffaf][0x1d][0xfffffffb][0xffffffe5]E[0xffffffd4][0xffffffb5]&[0xfffffff7]k%[0xffffff90][0xffffff8c]k[\r][0xffffffee][0xffffffd7][0x6]8[0xffffffb3]]{[0xfffffffd]~[0xffffffed]P[0xffffffbb][0xffffffc2][0xffffffe7]X[0xffffffd8];[0x4]|W[0xfffffff8]0[0xffffffd8][0x15]>[0xffffffe2]R[0xffffffe6]L[0xffffff9c][0xffffffb1]][0xffffffe1]c_[0xffffffc4][0xffffff8c][0xffffffba][0xffffffd6]dW[0xffffffb8][0x4][0xffffff92]q[0xffffffad][0xffffffc1][0xffffffae][0xfffffff0][0x0]g[0xffffffb6]k[0xffffffaf][0xffffffef][\n]"
12:49:33.303 [main] DEBUG org.apache.hc.client5.http.wire - http-outgoing-1 << "[0x1f]j[0xffffff96]a[0xffffffae][0x1b][0xfffffff6][0xffffffdb][0x18]>[0xffffffcb]0[0xc]f[0x19]F[0xffffffbc]4[0xffffff9e][0xffffff89]36[0xffffffcb]0[0xfffffff6][0xffffff8b][0xffffffe2][0xffffffa8]kMf[0x19]$[0xffffff90][0xffffff8c]k[\r]f[0x19][0x2][0xffffff9c][0xffffffd9][0xffffffae][0xffffffbd]>[0xffffffcb]0[0xffffffd4][0xffffffae][0xfffffff0]U[0xe]j[0xffffff96]a[0xffffffe0][0xffffffbb][0xffffffc2][0xffffff87][0xffffffc1][0xffffffae][0xfffffff0][0x11][0xffffff97]2g[0xffffffe2][0xffffff8c][0xffffffed][\n]"
12:49:33.303 [main] DEBUG org.apache.hc.client5.http.wire - http-outgoing-1 << "[0x1f][0xfffffffb]"f[0xffffffd4][0xffffffb5]&[0xffffffbb][0xffffffc2]%[0xffffff90][0xffffff8c]k[\r]v[0xffffff85][0x7]8[0xffffffb3]]{}W[0xfffffff8][0xffffff98][0xffffffca][0xffffffb5][\r][0xffffffdb][0xffffffa9][0xfffffff8]v[0x1e][0xffffffd8][0xffffffb5][0xffffffd3][0xffffffc0][0xffffffb5]3@[0xffffff9d][0xffffff89][0xfffffff3][0xffffffc4]\;[0xffffff9d]\[0x1b]Qd\[0xffffffab][0xffffff80]d\[0x1b][0xffffffb1][0xffffffcc]w[0xffffffed][0xe]g[0xffffffb6]kwD_p[0xffffffad][0xffffff9a][0x1b][[0xffffffe3][0xffffffc4][0xffffffba][0x16][0xffffff9f][0x1b][0x1b][0x6]sc#[0xe][0xffffffe8]d[0xffffffe2][0xffffff8c][0xffffffcd][0xffffff8d][0xffffff8d]}([0x7]u[0xffffffad][0xffffffc9][0xffffffdc][0xffffff98][0x4][0xffffff92]q[0xffffffad][0xffffffc1][0xffffffdc]X[0xffffff80]3[0xffffffdb][0xffffffb5][0xffffffd7][0xffffffe7][0xffffffc6][0xffffffa6][0xffffff9a][0x1b][[0xb][0xfffffffb]ml[0xffffffe2]sc[0xffffffd3]`n"
12:49:33.304 [main] DEBUG org.apache.hc.client5.http.wire - http-outgoing-1 << "l[0xffffffc6][0x1][0xffffff9d]D[0xffffff9c]'676[0xfffffff7][0xffffffa1][0x1c][0xffffffd2][0xffffffb5][0x2]E[0xffffffc4][0xffffffb5][0x12]H[0xffffffc4][0xffffffb5][0x2][0xffffffcb]t[0xffffffd7][0x6]8[0xffffff93]][0x1b][0x10]}[0xffffffc1][0xffffffb5]bnl[0xffffffdd][0xffffffea],[0xffffff94]k[0xfffffff1][0xffffffb9][0xffffffb1]i076[0xffffffe3][0xffffff80]N&[0xffffffce][0xffffffd8][0xffffffdc][0xffffffd8][0xffffffdc][0xffffff87]rP[0xffffffd7][0xffffff9a][0xffffffcc][0xffffff8d]I [0x19][0xffffffd7][0x1a][0xffffffcc][0xffffff8d][0x5]8[0xffffffb3]]{}nl[0xffffff8a][0xffffffb9][0xffffffb1]u[0xffffffeb][0xffffff8d][0xffffffda]_;[0xfffffff1][0xffffffb9][0xffffffb1]i076[0xffffffe3][0xffffff80]N&[0xffffffce][0xffffffd8][0xffffffdc][0xffffffd8][0xffffffdc][0xffffff87]rP[0xffffffd7][0xffffff9a][0xffffffcc][0xffffff8d]I [0x19][0xffffffd7][0x1a][0xffffffcc][0xffffff8d][0x5]8[0xffffffb3]]{}nl[0xffffff89][0xffffffb9][0xffffffb1]U[0xffffffce][0xffffffd5] [0xffffffd7].|nl[0x19][0xffffffcc][0xffffff8d][0xffffffad]8[0xffffffa0][0xffffff93][0xffffff88][0xfffffff3][0xffffffc2][0xffffffe6][0xffffffc6][0xffffffd6]>[0xffffff94]C[0xffffffba]V[0xffffffa0][0xffffff88][0xffffffb8]V[0x2][0xffffff89][0xffffffb8]V`[0xffffff99][0xffffffee][0xffffffda][0x0]g[0xffffffb2]k[0x3][0xffffffa2]/[0xffffffb9][0xffffffb6][0xffffff9a][0xffffffb9][0xffffffb6][0xffffffe2][0xffffffae][0xffffffad][0x6][0xffffffae][0xffffffad][0xffffffa8]k+[0xffffffe6][0xffffffda][0xffffffea][0xffffffe4][0xffffffda][0x1d]E[0xffffffca][0xffffffb5][0x11]H[0xffffffca][0xffffffb5];[0xffffff96][0xffffff84]k+[0xffffffec][0xffffffda]z[0xffffffdd][0xffffffb5][0xffffff8f][0xfffffffb]]N[0xffffffb2]=&n[0xffffffdb][0xfffffffb][0x11]x[0xffffffdd]~[0x1c][0xffffff82][0xfffffff2][0xffffffed][0xfffffffd][0xfffffff1][0xffffff94]p[0xffffffdf][0x1f][0xffffffed]b[0xffffffdc][0xffffffc0]#[0xffffffa5]\A%[0xffffffe5][0xffffffdc][0xffffffc0]&![0xffffffdd][0xffffff8d][0xffffffd0]|[0xffffffeb]n[0xffffff9c][0xffffffbe][0xffffffa4][0xffffffdd][0xffffffc7][0xffffffff].[0xffffff9c][0xffffffb4]{[0xffffffff][0xffffffdf]#[0xffffffad][0xffffffdd][0xfffffffb][0x11]x[0xffffffed]~[0x1c][0xffffff82][0xffffffd2][0xffffffee][0xfffffffd][0xfffffff1][0xffffff94]v[0xffffffdf][0x1f][0xffffffed][0xffffffa2][0xffffffdd][0xffffffc0]#[0xffffffa5]]A%[0xffffffa5][0xffffffdd][0xffffffc0]&[0xffffffa1][0xffffffdd][0xffffff8d][0xffffffd0]|[0xffffffed]n[0xffffff9c][0xffffffbe][0xffffffa4][0xffffffdd][0xffffffb3][0xffffff99]i[0xfffffff7]l[0xffffffb8]v[0xffffffef]G[0xffffffe0][0xffffffb5][0xfffffffb]q[0x8]J[0xffffffbb][0xfffffff7][0xffffffc7]S[0xffffffda]}[0x7f][0xffffffb4][0xffffff8b]v[0x3][0xffffff8f][0xffffff94]v[0x5][0xffffff95][0xffffff94]v[0x3][0xffffff9b][0xffffff84]v7B[0xfffffff3][0xffffffb5][0xffffffbb]q[0xfffffffa][0xffffff92]v[0xffffff87][0xffffffdb][0xffffffaf]g[0xffffff83][0xffffffff][0xfffffff9][0xffffffec]~[0x4]^[0xffffffbb][0x1f][0xffffff87][0xffffffa0][0xffffffb4];[0xffffffb8]_[0xffffffd0][0xffffff86][0xffffffd5]Oh[0xffffff81]GJ[0xffffffbb][0xffffff82]JJ[0xffffffbb][0xffffff81]MB[0xffffffbb][0xffffff83][0xfffffffe][0x19]m[0xffffffbc][0xfffffffe];[0xffffffda]z[0xffffffff][[0xffffffb1];aUb[0xffffffee][0xffffffe1][0xfffffff3]<[0xffffff94]t[0xffffffbf][0xffffff9c][0x0]s[0xffffffee]v[0xffffff86]d[0xffffffe5]~yz[0xffffffb2]q[0x7f][0xfffffffd]dX[0xffffffb8]OQL[0xfffffff6][0xffffffed][0xf][0xffffff80]L[0xffffffd6][0xffffffed]S,[0x13]m[0xfffffffb][0x4][0xffffffce]4[0xffffffd9]>A[0xfffffff4][0x5][0xffffffd7][0xffffff8a]y[0xffffffde][0xffffffd5]Z[0xffffffcf][0xffffff9f]{[0xfffffff8]<[0xf][0xffffffec]Zt[0xffffff9e]w;[0x3][0xffffffe3]Z`[0xffffff9e][0xfffffff7][0xffffffd7]O[0xfffffff6]p->[0xffffffcf][0xfffffffb][0x3] [0x19][0xffffffd7][0xffffffa2][0xfffffff3][0xffffffbc]O[0xffffffe0][0xffffffcc]v[0xffffffed][0xffffff8e][0xffffffe8]oum[0xffffffbf][0xffffffdd][0xffffffc4]<[0xffffffef]jg[0xffffffc9][0xffffffdf][0xffffff9d][0xfffffff0]y[0x1e][0xffffffd2][0xffffffb5][0x1f]'@][0xfffffffb][0xffffffe5][0xc][0xffffff80]k?[0xffffff9e][0xe][0xffffffb8][0xfffffff6][0xfffffff3][0xffffffc9][0x6][0xffffffae][0xffffff95]([0x2][0xffffffae]}[0x2]$[0xffffffe0]Z[0xffffff89]e[0xffffffb2]k[0x5][0xffffff9c][0xffffffa9][0xffffffae][0x15][0xffffff88][0xffffffbe][0xffffffe0]Z5[0xffffffcf][0xffffffdb][0xffffffce][0xffffffc7][0xffffffeb]\[0xffffffc4][0xffffffb5][0xffffffe0]<[0xffffffef][0xffffff97][0x13][0xffffffd0][0xffffffae][0xffffff85][0xffffffe6]y[0xffffffbf]<[0xffffff9d]q[0xffffffad][0xffffffc7]<[0xffffffef]S[0x14][0x19][0xffffffd7][0x1a][0xffffffcc][0xfffffff3]>[0xffffffc5]2[0xffffffdf][0xffffffb5][0xffffffd8]<[0xffffffef][0x13]D_p[0xffffffad][0xffffff9a][0xffffffe7]m[0xffffff9d][0xffffffeb]Zp[0xffffff9e][0xfffffff7][0xffffffcb][0x9]h[0xffffffd7]B[0xfffffff3][0xffffffbc]_[0xffffff9e][0xffffffce][0xffffffb8][0xffffffd6]c[0xffffff9e][0xfffffff7])[0xffffff8a][0xffffff8c]k[\r][0xffffffe6]y[0xffffff9f]b[0xffffff99][0xffffffef]Zl[0xffffff9e][0xfffffff7][0x9][0xffffffa2]/[0xffffffb8]V[0xffffffcd][0xfffffff3][0xffffffb6]q[0xffffffe6][0x7f][0xffffffc3][0xffffffe1][0xfffffff3]<[0xffffffb0]k[0xffffffd1]y[0xffffffde][0xffffffed][0xc][0xffffff8c]k[0xffffff81]y[0xffffffde]_?[0xffffffd9][0xffffffc3][0xffffffb5][0xfffffff8]<[0xffffffef][0xf][0xffffff80]d\[0xffffff8b][0xffffffce][0xfffffff3]>[0xffffff81]3[0xffffffdb][0xffffffb5]W[0xffffffe6]y?[0xfffffffe]T|[0x7]r[0xffffffb5]u2[0xfffffff7][0x10][0xffffffde][0xffffffcf][0x3][0xffffffbb][0x16][0xfffffffd][0xe][0xffffffe4]v[0x6][0xffffffc6][0xffffffb5][0xffffffc0]w [0x7f][0xfffffffd]d[0xf][0xffffffd7][0xffffffe2][0xffffffdf][0xffffff81][0xfffffffc][0x1][0xffffff90][0xffffff8c]k[0xffffffd1][0xffffffef]@>[0xffffff81]3[0xffffffdb][0xffffffb5]W[0xffffffbe][0x3][0xfffffff9][0xfffffff1][0xffffffa7][0xffffffe2];[0xffffff90][0xffffffeb],[0xffffff8b][0xffffffb9][0xffffff87][0xfffffff0]~[0x1e][0xffffffd8][0xffffffb5][0xffffffe8]w [0xffffffb7]30[0xffffffae][0x5][0xffffffbe][0x3][0xfffffff9][0xffffffeb]'{[0xffffffb8][0x16][0xffffffff][0xe][0xffffffe4][0xf][0xffffff80]d\[0xffffff8b]~[0x7][0xfffffff2][0x9][0xffffff9c][0xffffffd9][0xffffffae][0xffffffbd][0xfffffff2][0x1d][0xffffffc8][0xffffff8f]?U[0xfffffff7]k[0xffffffcf]9[0xf][0xffffffca][0xffffffb5][0xfffffff0][0xfffffffd][0xffffffda][0xffffff8f][0x13][0xffffffd0][0xffffffae][0x5][0xffffffef][0xffffffd7]~<[0xffffff9d]q[0xffffffad][0xffffffcf][0xfffffffd]Z[0xffffff89]"[0xffffffe3]Z[0xffffff93][0xfffffffb][0xffffffb5][0x12][0xffffffcb]|[0xffffffd7][0xffffffa2][0xfffffff7]k[0x5][0xffffffa2]/[0xffffffb8]v[\n]"
12:49:33.304 [main] DEBUG org.apache.hc.client5.http.wire - http-outgoing-1 << "[0xffffffd7][0xfffffff6][0xffffffa3]W[0xffffffca][0xffffffb5][0x13]w[0xffffffed]4p[0xffffffed][0xc]Pg[0xffffffe2]<1[0xffffffd7]N'[0xffffffd7]F[0x14][0x19][0xffffffd7]* [0x19][0xffffffd7]F,[0xfffffff3]][0xffffffbb][0xffffffc3][0xffffff99][0xffffffed][0xffffffda][0x1d][0xffffffd1][0xffffffdf][0xffffffee][0xffffffda]C[0xffffffb9]v[0xffffff96][0xffffffd9] [0xffffffd7][0x1e][0xffffffb8]k[0xf][0x3][0xffffffd7][0x1e][0x11][0xffffffea]D[0xffffff9c][0xf][0xffffffcc][0xffffffb5][0xffffffc7][0xe]2[0xffffffe9]Z[0xffffff81]"[0xffffffe2]Z[0x9]$[0xffffffe2]Z[0xffffff81]e[0xffffffba]k[0x3][0xffffff9c][0xffffffc9][0xffffffae][\r][0xffffff88][0xffffffbe][0xffffffe4][0xffffffda]f[0xffffffe6]Zl[0x1f][0xffffffcd][0xffffff97][0x13][0xfffffff0][0xffffffae]E[0xffffffb6][0xffffffd1]|y:[0xffffffe5]Z[0xffffff87]]4OQ[0xffffffa4]\[0xffffff8b]o[0xffffffa2]y[0xffffff8a]%[0xffffffe1]Zh[0xf][0xffffffcd][0x13]D[0x7f][0xffffffbb]k[0xffffffcb][0xffffffed][0xffffff97][0x12]][0xffffffbb][\n]"
12:49:33.304 [main] DEBUG org.apache.hc.client5.http.wire - http-outgoing-1 << "u[0xf][0xffffffe1][0xffffffed]<[0xffffffac]k[0x1f]'[0xffffff80]][0xfffffffb][0xfffffffd][0xc][0xffffff88]k[0x1f]OG\[0xfffffffb][0xffffffed][0xffffffc9][0x16][0xffffffae][0x15]("[0xffffffae][0xffffff95]@"[0xffffffae][0x15]X[0xffffffa6][0xffffffbb]6[0xffffffc0][0xffffff99][0xffffffec][0xffffffda][0xffffff80][0xffffffe8][0xb][0xffffffae]U[0xffffffb3][0xc][0xffffffab][\r]j[0xffffff96][0xffffffa1][0xffffffe0][0xffffffb3][0xc][0xffffffc5]`[0xffffff96][0xffffffa1][0xffffffc4]K[0xffffffe3][0xffffff99]8c[0xffffffb3][0xc]e[0xffffffbf]([0xffffff8e][0xffffffba][0xffffffd6]d[0xffffff96]A[0x2][0xffffffc9][0xffffffb8][0xffffffd6]`[0xffffff96]![0xffffffc0][0xffffff99][0xffffffed][0xffffffda][0xffffffeb][0xffffffb3][0xc]E[0xffffffcd]2[0xffffffac]Y[0xffffffa8]Y[0xffffff86][0xffffff82][0xffffffcf]2[0x14][0xffffff83]Y[0xffffff86][0x12]/[0xffffff8d]g[0xffffffe2][0xffffff8c][0xffffffcd]2[0xffffff94][0xfffffffd][0xffffffa2]8[0xffffffea]Z[0xffffff93]Y[0x6][0x9]$[0xffffffe3]Z[0xffffff83]Y[0xffffff86][0x0]g[0xffffffb6]k[0xffffffaf][0xffffffcf]2[0xffffff94]8[0xffffffcb]Pn[0xffffffb7][0xffffffdb][0xffffffa2][0xfffffff6]![0x14]|[0xffffff96][0xffffffa1][0x18][0xffffffcc]2[0xffffff94]xi<[0x13]gl[0xffffff96][0xffffffa1][0xffffffec][0x17][0xffffffc5]Q[0xffffffd7][0xffffff9a][0xffffffcc]2H [0x19][0xffffffd7][0x1a][0xffffffcc]2[0x4]8[0xffffffb3]]{}[0xffffff96][0xffffffa1]t[0xffffffe5][0xffffffda]^'[0xffffffe5][0xffffffda][0xffffff8e][0xffffffbb][0xffffffb6][0x1b][0xffffffb8][0xffffffb6][0x7][0xffffffa8]3q[0xffffffee][0xffffff98]k[0xffffffbb][0xffffff93]k#[0xffffff8a][0xffffff8c]k[0x15][0xffffff90][0xffffff8c]k#[0xffffff96][0xfffffff9][0xffffffae][0xffffffdd][0xffffffe1][0xffffffcc]v[0xffffffed][0xffffff8e][0xffffffe8][0xb][0xffffffae][0xffffff8d][0xffffffb3][0xc]o[0xffffffae][0xffffff9d][0xffffffd4][0xffffffdc]X[0xffffffc1]g[0x19][0xffffff8a][0xffffffc1],C[0xffffff89][0xffffff97][0xffffffc6]3q[0xffffffc6]f[0x19][0xffffffca]~Q[0x1c]u[0xffffffad][0xffffffc9],[0xffffff83][0x4][0xffffff92]q[0xffffffad][0xffffffc1],C[0xffffff80]3[0xffffffdb][0xffffffb5][0xffffffd7]g[0x19]J[0xffffffbc]_{w[0xffffffed][0xffffffe0][0xffffffde][0xffffffd7][0xffffffe2][0xfffffff7]k[0xffffff8b][0xffffffc1][0xfffffffd][0xffffffda][0x12]/2f[0xffffffe2][0xffffff8c][0xffffffdd][0xffffffaf]-[0xfffffffb][0xffffffe5]E[0xffffffd4][0xffffffb5]&[0xfffffff7]k%[0xffffff90][0xffffff8c]k[\r][0xffffffee][0xffffffd7][0x6]8[0xffffffb3]]{[0xfffffffd]~mY[0xffffffd2][0xffffffb5][0xffffffd8][0xffffff8c][0xffffffee][0xffffffdb]y`[0xffffffd7].[0x3][0xffffffd7][0xffffffae][0x0]u&[0xffffffce][0xb]s[0xffffffed]rrmD[0xffffff91]q[0xffffffad][0x2][0xffffff92]qm[0xffffffc4]2[0xffffffdf][0xffffffb5];[0xffffff9c][0xffffffd9][0xffffffae][0xffffffdd][0x11][0xfffffffd][0xffffffed][0xffffffae][0xffffffad][0xffffffed][0xffffff97][0x1a]\{[0xffffffac][0xffffffd1] [0xffffffd7][0xffffffbe][0xffffff9d][0xffffff87]u[0xffffffed][0xffffffe3][0x4][0xffffffb0]k[0xffffffbf]"
12:49:33.305 [main] DEBUG org.apache.hc.client5.http.wire - http-outgoing-1 << "[0xffffff9f][0x1]q[0xffffffed][0xffffffe3][0xffffffe9][0xffffff88]k[0xffffffbf]=[0xffffffd9][0xffffffc2][0xffffffb5][0x2]E[0xffffffc4][0xffffffb5][0x12]H[0xffffffc4][0xffffffb5][0x2][0xffffffcb]t[0xffffffd7][0x6]8[0xffffff93]][0x1b][0x10]}[0xffffffc1][0xffffffb5][0xffffffea][0xffffffb7][0xffffffb1]r[0xffffff8e]N[0xffffffb9][0x16][0xffffffff]m[0xffffffac][0x1a][0xfffffffc]6V[0xffffffe3][0xffffff8f][0x10][0xffffff99]8c[0xffffffbf][0xffffff8d][0xffffffd5][0xfffffffd][0xffffff87][0x7][0xffffffd4][0xffffffb5]&[0xffffffbf][0xffffff8d]I [0x19][0xffffffd7][0x1a][0xfffffffc]6[0x16][0xffffffe0][0xffffffcc]v[0xffffffed][0xfffffff5][0xffffffdf][0xffffffc6][0xffffffea][0x12][0xffffffae][0xffffffad][0xffffffe7][0xffffff8d][0xffffffda]=[0xfffffff3]v[0x1e][0xffffffd8][0xffffffb5]K[0xffffffa0][0xffffff9d][\r][0xfffffff5][\n]"
12:49:33.305 [main] DEBUG org.apache.hc.client5.http.wire - http-outgoing-1 << "Pg[0xffffffe2][0xffffffbc]0[0xffffffd7].'[0xffffffd7]F[0x14][0x19][0xffffffd7]* [0x19][0xffffffd7]F,[0xfffffff3]][0xffffffbb][0xffffffc3][0xffffff99][0xffffffed][0xffffffda][0x1d][0xffffffd1][0xffffffdf][0xffffffee][0xffffffda][0x16][0xffffffbf][0xffffffed]xwm[0xffffffef][0xffffffd4][0xfffffffb][0xffffffda][0xffffff86][0x7f][0xffffffdb][0xffffffb1][0x19]|[0xffffffdb][0xffffffb1][0xffffffc5][0xffffff8f][0xffffffe8]%[0xffffffe2][0xffffffdc][0xffffffb0]o;[0xffffffb6][0xfffffffd][0xffffffc3]y[0xffffffa4]k[0x5][0xffffff8a][0xffffff88]k%[0xffffff90][0xffffff88]k[0x5][0xffffff96][0xffffffe9][0xffffffae][\r]p&[0xffffffbb]6 [0xfffffffa][0xffffff82]k[0xffffffe3][0xffffffb7][0x1d][0xffffffef][0xffffffae][0x1d][0x7]5[0xffffffa3][0xffffffdb][0xfffffff0]o;6[0xffffff83]o;[0xffffffb6][0xfffffff8][0x11][0xffffffbd]L[0xffffff9c][0xffffffb1]o;[0xffffffb6][0xfffffffd][0xffffffc3]y[0xffffffa8]kM[0xffffffbe][0xffffffed]([0xffffff81]d\k[0xfffffff0]m[0xffffffc7][0x0]g[0xffffffb6]k[0xffffffaf][0x7f][0xffffffdb][0xffffffb1][0xffffffc5]}[0x8]o[0xffffffae]=[0xffffffa9]Y[0xffffff86][0xffffff86][0xffffffef]Ch[0x6][0xfffffffb][0x10]Z[0x1c]<[0xffffffcf][0xffffffc4][0x19][0xffffffdb][0xffffff87][0xffffffd0][0xfffffff6]as[0xffffffd4][0xffffffb5]&[0xfffffffb][0x10]$[0xffffff90][0xffffff8c]k[\r][0xfffffff6]![0x4]8[0xffffffb3]]{}[0x1f]BS3[0xffffffba]uvj[0xffffffcf]W[0xffffffc3]gt[0xffffff9b][0xffffffc1][0xffffff8c]n[0xffffff8b][0xffffffc3][0xffffff90][0xffffff99]8c3[0xffffffba]m[0x1f][0xffffff80]D]k2[0xffffffa3]+[0xffffff81]d\k0[0xffffffa3][0x1b][0xffffffe0][0xffffffcc]v[0xffffffed][0xfffffff5][0x19][0xffffffdd][0x16][0xffffffbf]7V[0xffffffee][0xffffffee][0xffffffae][0xffffffd4][0xffffffdc]X[0xffffffc3][0xffffffbf]7[0xffffffd6][0xc][0xffffffbe]7[0xffffffd6][0xffffffe2][0xffffff87][0xffffff9d]2q[0xffffffc6][0xffffffbe]7[0xffffffd6][0xfffffff6][0xffffff8f]9[0xffffffa1][0xffffffae]5[0xfffffff9][0xffffffde][0xffffff98][0x4][0xffffff92]q[0xffffffad][0xffffffc1][0xfffffff7][0xffffffc6][0x2][0xffffff9c][0xffffffd9][0xffffffae][0xffffffbd][0xfffffffe][0xffffffbd][0xffffffb1][0xfffffffb][0xffffff9f]v3[0xffffffd7]v[0xffffffdc][0xffffffb5][0xffffffdd][0xffffffc0][0xffffffb5][0x1d]um[0xffffffc7]\[0xffffffdb][0xffffff9d]\[0xffffffbb][0xffffffa3]H[0xffffffb9]6[0x2]I[0xffffffb9]v[0xffffffc7][0xffffff92]pm[0xffffff87]][0xffffffdb][0xffffffaf][0xffffffbb]v[0xffffff99][0xffffffb9]v[0xffffffe1][0xffffffae]][0x6][0xffffffae]][0xffffffa8]k[0x17][0xffffffe6][0xffffffda][0xffffffe5][0xffffffe4][0xffffffda][0x1d]E[0xffffffca][0xffffffb5][0x11]H[0xffffffca][0xffffffb5];[0xffffff96][0xffffff84]k[0x17][0xffffffec][0xffffffda]u[0xffffffdd][0xffffffb5][0xffffffe5]0[0xffffff93]m9p[0xffffffdb][0xffffffde][0xffffff8f][0xffffffc0][0xffffffeb][0xfffffff6][0xffffffe3][0x10][0xffffff94]o[0xffffffef][0xffffff8f][0xffffffa7][0xffffff84][0xfffffffb][0xfffffffe]h[0x17][0xffffffe3][0x6][0x1e])[0xffffffe5][\n]"
12:49:33.305 [main] DEBUG org.apache.hc.client5.http.wire - http-outgoing-1 << "*)[0xffffffe7][0x6]6[0x9][0xffffffe9]n[0xffffff84][0xffffffe6][w[0xffffffe3][0xfffffff4]%[0xffffffed][0xffffff9e]n[0xffffff8d]{[0xfffffff2][0xffffff91]{:T[0xffffffee][0xffffffc9]f[0xffffffee][0xffffffc9]u[0xffffffee]i[0x15][0xffffffba][0xffffff81]GJ[0xffffffbb][0xffffff82]JJ[0xffffffbb][0xffffff81]MB[0xffffffbb]'[0x1d][0xffffffbb][0xffffffe7]O[0xffffffd4][0xffffffee]q;[0xffffffcd][0xffffffbc]{?[0x11].[0xffffffde][0xffffffb7]3[0xfffffff0][0xffffffe6][0xfffffffd]v[\n]"
12:49:33.305 [main] DEBUG org.apache.hc.client5.http.wire - http-outgoing-1 << "J[0xffffffbd]o[0xffffffcf][0xffffffa7][0xffffffdc][0xfffffffb][0xfffffff1]l[0x17][0xfffffff9]F()[0xfffffffb]*4)[0xfffffffd]F@[0x9][0xffffffff][0xffffffee][0xffffff98][0xffffffe6][0xb]x[0xffffff87][0xfffffff5]7[0x18][0xffffffb8][0xffffffdc][0xffffffde][0xffffffff]X[0xffffffed]Nh[0xffffffeb]H[0xffffffdf][0xffffff9d][0xfffffff0][0xffffffe5]<[0xffffff90]}[0xffffffbf][0xffffff9e][0xffffff80]r[0xffffffef]~[0xffffff86]\[0xfffffff3]~}z[0xffffffae]w[0xffffffb7]'[0xffffffb3][0xffffffd6]}[0xffffff8e]b[0xffffffae]s[0x7f][0x4]d[0xffffffae]q[0xffffff9f]c[0xffffff99][0xffffffe7][0xffffffdb]gpf[0xffffffd9][0xfffffff6][0x19][0xffffffa2]/[0xffffffb8]V[0xffffffed][0xffffffba]=[0xffffffcf][0xffffff95][0xffffffbe];[0xffffffe1][0xffffffcb]y`[0xffffffd7][0xffffff92][0xffffffbb]n[0xfffffff7]30[0xffffffae][0xffffffcd][0xffffffdf]u[0xffffffbb]=[0xffffffd9][0xffffffc3][0xffffffb5][0xfffffff4][0xffffffae][0xffffffdb][0x1f][0x1][0xffffffc9][0xffffffb8][0xffffff96][0xffffffdc]u[0xfffffffb][0xc][0xffffffce]l[0xffffffd7]^[0xffffffd8]u[0xfffffffb][0xffffffed]O[0xffffff97]r[0xffffffed][0xffffffbc][0xffffffa5][0xffffffcf]=|9[0xf][0xffffffec][0xffffffda]e[0xffffffe0][0xffffffda][0x15][0xffffffa0][0xffffffce][0xffffffc4]ya[0xffffffae]]N[0xffffffae][0xffffff8d](2[0xffffffae]U@2[0xffffffae][0xffffff8d]X[0xffffffe6][0xffffffbb]v[0xffffff87]3[0xffffffdb][0xffffffb5];[0xffffffa2][0xffffffbf][0xffffffdd][0xffffffb5][0xffffffe7]M[0xffffffb8][0xffffffb6][0x1f]=}w[0xffffffc2][0xffffff97][0xfffffff3][0xffffffb0][0xffffffae]}[0xffffff9c][0x0]v[0xffffffed][0xfffffff7]3 [0xffffffae]}<[0x1d]q[0xffffffed][0xffffffb7]'[[0xffffffb8]V[0xffffffa0][0xffffff88][0xffffffb8]V[0x2][0xffffff89][0xffffffb8]V`[0xffffff99][0xffffffee][0xffffffda][0x0]g[0xffffffb2]k[0x3][0xffffffa2]/[0xffffffb8]V[0xffffffed][0xffffffa9][0xffffffe9][0xffffffb5][0xffffffa5][0xffffffef][0x4][0xfffffffb]r[0x1e][0xffffffd8][0xffffffb5][0xffffffe4][0xffffff9e][0xffffff9a][0xfffffffd][0xc][0xffffff8c]k[0xfffffff3][0xfffffff7][0xffffffd4]lO[0xfffffff6]p-[0xffffffbd][0xffffffa7][0xffffffe6]G@2[0xffffffae]%[0xfffffff7][0xffffffd4]<[0xffffff83]3[0xffffffdb][0xffffffb5][0x17][0xfffffff6][0xffffffd4]|[0xfffffffe]i1sm[0xffffffc1]][[0xc]\[P[0xffffffd7][0x16][0xffffffcc][0xffffffb5][0xffffffc5][0xffffffc9][0xffffffb5];[0xffffff8a][0xffffff94]k#[0xffffff90][0xffffff94]kw,[0x9][0xffffffd7][0x16][0xffffffd8][0xffffffb5][0xffffffe5][0xffffffaa]k[0xffffffd5][0xffffffee][0xffffff84]>g[0xfffffffa]N[0xffffffb0]/[0xffffffe7][0xffffff81]]K[0xffffffee]N[0xffffffd8][0xffffffcf][0xffffffc0][0xffffffb8]6[0x7f]w[0xffffffc2][0xfffffff6]d[0xf][0xffffffd7][0xffffffd2][0xffffffbb][0x13]~[0x4]$[0xffffffe3]Zrw[0xffffffc2]38[0xffffffb3]]{aw[0xffffffc2][0xffffffb7]?U[0xffffffdf]7[0x1f][0xffffffb7][0xffffffb3]Q[0xffffffae][0xffffffe5][0xffffffbe]o[0xfffffffe][0xfffffff5][0x4][0xffffffb4]k[0xffffff99][0xffffffef][0xffffff9b][0x7f]}:[0xffffffe3]Z[0xffffff8b][0xffffffef][0xffffff9b]?G[0xffffff91]q-[0xffffffff]}[0xfffffff3][0xffffffe7]X[0xffffffe6][0xffffffbb][0xffffff96][0xfffffffa][0xffffffbe][0xfffffff9]3D[0x7f][0xffffffbb]k[0xffffffbb]z_;[0xffffff8f]E[0xffffffb9][0xffffffb6][0xffffffe3][0xffffffef]k[0xffffffbb][0xffffffc1][0xfffffffb][0xffffffda][0x1e]_[0xffffff8c]%[0xffffffe2][0xffffffdc][0xffffffb1][0xfffffff7][0xffffffb5]}[0x7f][0x19]F[0xffffffba]V[0xffffffa0][0xffffff88][0xffffffb8]V[0x2][0xffffff89][0xffffffb8]V`[0xffffff99][0xffffffee][0xffffffda][0x0]g[0xffffffb2]k[0x3][0xffffffa2]/[0xffffffb8][0xffffffb6][0xffffff88][0xfffffff7][0xffffffb5][0xfffffff3][0xffffffec][0xffffffd4];[0xffffff84][0xffffffb7][0xfffffff3][0xffffffc0][0xffffffae]-[0xfffffffc][0xfffffffb][0xffffffda][0xffffffef]g`\[[0xffffffa8][0xfffffff7][0xffffffb5][0xffffffdf][0xffffff9e][0xffffffec][0xffffffe1][0xffffffda][0xffffff88]"[0xffffffe3]Z[0x5]$[0xffffffe3][0xffffffda][0xffffff88]e[0xffffffbe]kw8[0xffffffb3]][0xffffffbb]#[0xfffffffa][0xffffff82]k[0xffffffd5][0xfffffffb][0xffffffda][0xffffffd5]n[0xffffffd4]oc[0x1d][0x7f]_[0xffffffdb][\r][0xffffffde][0xffffffd7][0xfffffff6][0xfffffff8]b,[0x13]g[0xffffffec]}m[0xffffffdf]_[0xffffff86][0xffffffa1][0xffffffae]5y_+[0xffffff81]d\k[0xfffffff0][0xffffffbe]6[0xffffffc0][0xffffff99][0xffffffed][0xffffffda][0xffffffeb][0xffffffef]k[0xffffffbb][0xffffff9a][0xffffffd1]]#[0x7f]G[0xffffffc2][0xffffff97][0xfffffff3][0xffffffc0][0xffffffae]5[0xffffff98][0xffffffd1][0xffffffed]q[0x18]2[0x13]glF[0xffffffb7][0xffffffef][0x3][0xffffff90][0xffffffa8]kMft%[0xffffff90][0xffffff8c]k[\r]ft[0x3][0xffffff9c][0xffffffd9][0xffffffae][0xffffffbd]>[0xffffffa3][0xffffffdb][0xffffffd5]ock[0x1e]7[0xffffffca][0xffffffb5][0xfffffff8]oc[0xffffffdd][0xffffffe0][0xffffffb7][0xffffffb1][0x1e][0x7f][0xffffff84][0xffffffc8][0xffffffc4][0x19][0xfffffffb]m[0xffffffac][0xffffffef]?<[0xffffffa0][0xffffffae]5[0xfffffff9]mL[0x2][0xffffffc9][0xffffffb8][0xffffffd6][0xffffffe0][0xffffffb7][0xffffffb1][0x0]g[0xffffffb6]k[0x7f][0xffffffe2][0xffffffb7]1[0xffffffb5][0xf]a[0xffffffcd][0xffffffc7][0xffffffe9][0x10][0xffffffd7][0xffffffe2][0xfffffffb][0x10][0xffffffba][0xffffffc1]>[0xffffff84][0x1e][0x7][0xffffffcf]3q[0xffffffc6][0xfffffff6]![0xfffffff4]}[0xffffffd8][0x1c]u[0xffffffad][0xffffffc9]>[0x4][0x9]$[0xffffffe3]Z[0xffffff83]}[0x8][0x1][0xffffffce]l[0xffffffd7]^[0xffffffdf][0xffffff87][0xffffffd0][0xffffffd5]>[0xffffff84][0xffffffb5][0xe][0xffffffec][0x1d][0x2][0xffffffbe][0xf][0xffffffa1][0x1b][0xffffffec]C[0xffffffe8]q[0xfffffff0]<[0x13]gl[0x1f]B[0xffffffdf][0xffffff87][0xffffffcd]Q[0xffffffd7][0xffffff9a][0xffffffec]C[0xffffff90]@2[0xffffffae]5[0xffffffd8][0xffffff87][0x10][0xffffffe0][0xffffffcc]v[0xffffffed][0xfffffff5]}[0x8][0xffffffe3]&];[0xffffffa8]=_o[0xffffffe7]a][0xfffffffb]8[0x1][0xffffffec][0xffffffda][0xffffffef]g@\[0xfffffffb]x:[0xffffffe2][0xffffffda]oO[0xffffffb6]p[0xffffffad]@[0x11]q[0xffffffad][0x4][0x12]q[0xffffffad][0xffffffc0]2[0xffffffdd][0xffffffb5][0x1][0xffffffce]d[0xffffffd7][0x6]D_p[0xffffffad][0xffffffb8]_{[0xffffffdc][0xffffff8e][0xffffff93][0xffffffda][0xfffffff3]5[0xfffffff0][0xfffffffb][0xffffffb5][0xffffffc3][0xffffffe0]~[0xffffffed][0xffffff88][0x17]"
12:49:33.306 [main] DEBUG org.apache.hc.client5.http.wire - http-outgoing-1 << "[0x19]3q[0xffffffc6][0xffffffee][0xffffffd7][0xffffff8e][0xfffffffd][0xfffffff2]"[0xffffffea]Z[0xffffff93][0xfffffffb][0xffffffb5][0x12]H[0xffffffc6][0xffffffb5][0x6][0xfffffff7]k[0x3][0xffffff9c][0xffffffd9][0xffffffae][0xffffffbd]~[0xffffffbf]v[0x14][0xffffffe5][0xffffffda]sR[0xffffffbb][0xffffffc2][0xffffffdf][0xffffffce][0x3][0xffffffbb][0xffffffb6][0x18][0xffffffb8][0xffffffb6][0x4][0xffffffa8]3q.[0xffffff98]k[0xffffff8b][0xffffff93]k#[0xffffff8a][0xffffff8c]k[0x15][0xffffff90][0xffffff8c]k#[0xffffff96][0xfffffff9][0xffffffae][0xffffffdd][0xffffffe1][0xffffffcc]v[0xffffffed][0xffffff8e][0xffffffe8][0xb][0xffffffae][0xffffffad][0xffffffca][0xffffffb5][0x3][0xffffffdb][0x15][0xfffffffe]v[0x1e][0xffffffd8][0xffffffb5][0xffffffd5][0xffffffc0][0xffffffb5]5@[0xffffff9d][0xffffff89]s[0xffffffc5]\[[0xffffff9d]\[0x1b]Qd\[0xffffffab][0xffffff80]d\[0x1b][0xffffffb1][0xffffffcc]w[0xffffffed][0xe]g[0xffffffb6]kwD_p[0xffffffad][0xffffff98]e8[0xffffff8e][0xffffffc6][0xffffffbd][0xffffffaf][0xffffffc5]g[0x19][0xffffff86][0xffffffc1],[0xffffffc3][0xffffff88][0xffffff97][0xffffffc6]3q[0xffffffc6]f[0x19][0xffffffc6]~Q[0x1c]u[0xffffffad][0xffffffc9],[0xffffff83][0x4][0xffffff92]q[0xffffffad][0xffffffc1],C[0xffffff80]3[0xffffffdb][0xffffffb5][0xffffffd7]g[0x19][0xffffff86][0xffffffb8]_{[0xffffffff][0x7f];[0xffffffa8][0x19][0xffffffdd][0xffffff81][0xffffffdf][0xffffffaf][0x1d][0x6][0xfffffff7]kG[0xffffffbc][0xffffffc8][0xffffff98][0xffffff89]3v[0xffffffbf]v[0xffffffec][0xffffff97][0x17]Q[0xffffffd7][0xffffff9a][0xffffffdc][0xffffffaf][0xffffff95]@2[0xffffffae]5[0xffffffb8]_[0x1b][0xffffffe0][0xffffffcc]v[0xffffffed][0xfffffff5][0xfffffffb][0xffffffb5]C[0xffffffdc][0xffffffaf]=[0xffffffca]y4[0xffffffca][0xffffffb5][0xfffffff8][0xfffffffd][0xffffffda]ap[0xffffffbf]v[0xffffffc4][0xffffff8b][0xffffff8c][0xffffff99]8c[0xfffffff7]k[0xffffffc7]~y[0x11]u[0xffffffad][0xffffffc9][0xfffffffd]Z[0x9]$[0xffffffe3]Z[0xffffff83][0xfffffffb][0xffffffb5][0x1][0xffffffce]l[0xffffffd7]^[0xffffffbf]_;[0xffffffc4][0xfffffffd][0xffffffda][0xffffffa3][0xffffff8c][0xffffffe3][0xffffffa4]\[0xffffff8b][0xffffffdf][0xffffffaf][0x1d][0x6][0xfffffff7]kG[0xffffffbc][0xffffffc8][0xffffff98][0xffffff89]3v[0xffffffbf]v[0xffffffec][0xffffff97][0x17]Q[0xffffffd7][0xffffff9a][0xffffffdc][0xffffffaf][0xffffff95]@2[0xffffffae]5[0xffffffb8]_[0x1b][0xffffffe0][0xffffffcc]v[0xffffffed][0xfffffff5][0xfffffffb][0xffffffb5][0xfffffff3]&\[o'[0xfffffff5][0xffffffbd][0xffffffb1][0xffffffb7][0xfffffff3][0xffffffb0][0xffffffae]}[0xffffff9c][0x0]v[0xffffffed][0xfffffff7]3 [0xffffffae]}<[0x1d]q[0xffffffed][0xffffffb7]'[[0xffffffb8]V[0xffffffa0][0xffffff88][0xffffffb8]V[0x2][0xffffff89][0xffffffb8]V`[0xffffff99][0xffffffee][0xffffffda][0x0]g[0xffffffb2]k[0x3][0xffffffa2]/[0xffffffb8]V[0xffffffdd][0xffffffaf][0xffffffad][0xffffffb7]E[0xffffffdd][0xffffffaf][0xffffff9d][0xfffffff8][0xfffffffd][0xffffffda]ip[0xffffffbf]v[0xffffffc6][0xffffff8b][0xffffff8c][0xffffff99]8c[0xfffffff7]k[0xffffffe7]~y[0x11]u[0xffffffad][0xffffffc9][0xfffffffd]Z[0x9]$[0xffffffe3]Z[0xffffff83][0xfffffffb][0xffffffb5][0x1][0xffffffce]l[0xffffffd7]^[0xffffffbf]_;[0xffffffd5][0xfffffffd][0xffffffda]zt[0xffffffcc][0xffffffb5][0xfffffff8][0xfffffffd][0xffffffda]ip[0xffffffbf]v[0xffffffc6][0xffffff8b][0xffffff8c][0xffffff99]8c[0xfffffff7]k[0xffffffe7]~y[0x11]u[0xffffffad][0xffffffc9][0xfffffffd]Z[0x9]$[0xffffffe3]Z[0xffffff83][0xfffffffb][0xffffffb5][0x1][0xffffffce]l[0xffffffd7]^[0xffffffbf]_;[0xffffff9b]rm[0xffffffe9][0xffffffd4]>[0xffffff84][0xffffffb7][0xfffffff3][0xffffffc0][0xffffffae]m[0x6][0xffffffae]m[0x1][0xffffffea]L[0xffffff9c][0x1b][0xffffffe6][0xffffffda][0xffffffe6][0xffffffe4][0xffffffda][0xffffff88]"[0xffffffe3]Z[0x5]$[0xffffffe3][0xffffffda][0xffffff88]e[0xffffffbe]kw8[0xffffffb3]][0xffffffbb]#[0xfffffffa][0xffffff82]k[0xffffffc5][0xfffffffe][0xffffffda][0xffffffa3][0xffffffce][0xffffff89][0xffffffb9][0x16][0xffffffdf]_;[\r][0xfffffff6][0xffffffd7][0xffffffce][0xffffffb8](4[0x13]gl[0x7f][0xffffffed][0xffffffdc][0xffffff97][0xffffff83][0xffffffa2][0xffffffae]5[0xffffffd9]_+[0xffffff81]d\k[0xffffffb0][0xffffffbf]6[0xffffffc0][0xffffff99][0xffffffed][0xffffffda][0xffffffeb][0xfffffffb]k[0xffffffa7][0xffffffba]_[0xffffffdb][0xe][0xffffffec]~[0xffffffed][0xffffffc4][0xffffffef][0xffffffd7]N[0xffffff83][0xfffffffb][0xffffffb5]3^d[0xffffffcc][0xffffffc4][0x19][0xffffffbb]_;[0xfffffff7][0xffffffcb][0xffffff8b][0xffffffa8]kM[0xffffffee][0xffffffd7]J [0x19][0xffffffd7][0x1a][0xffffffdc][0xffffffaf][\r]pf[0xffffffbb][0xfffffff6][0xfffffffa][0xfffffffd][0xffffffda]9[0xffffffe3][0xfffffff7][0xffffffc6][0xffffff8e]v>N[0xffffff87][0xffffffb8]v[0xffffffd2][0xffffffdf][0x1b]{[0xffffff9c][0xffffff80]v[0xffffffed][0xc][0x1f]v[0xffffffca][0xffffffc4]yR[0xffffffdf][0x1b][0xfffffffb][0xfffffff6]d[0xf][0xffffffd7]F[0x14][0x19][0xffffffd7]* [0x19][0xffffffd7]F,[0xfffffff3]][0xffffffbb][0xffffffc3][0xffffff99][0xffffffed][0xffffffda][0x1d][0xffffffd1][0x17]\[0xffffffab][0xffffffee][0xffffffd7][0xffffffb6][0xffffffc1][0xfffffffd]6[0xffffff86][0xffffffdf][0xffffffaf][0xffffff9d][0x6][0xfffffff7]kg[0xffffffbc][0xffffffc8][0xffffff98][0xffffff89]3v[0xffffffbf]v[0xffffffee][0xffffff97][0x17]Q[0xffffffd7][0xffffff9a][0xffffffdc][0xffffffaf][0xffffff95]@2[0xffffffae]5[0xffffffb8]_[0x1b][0xffffffe0][0xffffffcc]v[0xffffffed]O[0xffffffdc][0xffffffaf]][0xffffffbf]T3[0xffffffd7]V[0xffffffdc][0xffffffb5][0xffffffd5][0xffffffc0][0xffffffb5][0x15]um[0xffffffc5]\[[0xffffff9d]\[0xffffffbb][0xffffffa3]H[0xffffffb9]6[0x2]I[0xffffffb9]v[0xffffffc7][0xffffff92]pm[0xffffff85]][/[0xffffffba]v[0xffffffa9][0xfffffffb][0xffffffb5]g[0xffffffc5][0xffffffde][0xffffffd7].[0xfffffffc]~[0xffffffed]2[0xffffffb8]_[0xffffffbb][0xffffffe2]E[0xffffffc6]D[0xffffff9c][0x17]v[0xffffffbf]v[0xffffffed][0xffffff97][0x17]I[0xffffffd7][\n]"
12:49:33.306 [main] DEBUG org.apache.hc.client5.http.wire - http-outgoing-1 << "[0x14][0x11][0xffffffd7]J [0x11][0xffffffd7][\n]"
12:49:33.306 [main] DEBUG org.apache.hc.client5.http.wire - http-outgoing-1 << ",[0xffffffd3]][0x1b][0xffffffe0]Lvm@[0xfffffff4][0x5][0xffffffd7][0xffffffaa][0xfffffffb][0xffffffb5][0xfffffffd][0xffffffc0][0xffffffee]!,[0xfffffffc]~[0xffffffed]2[0xffffffb8]_[0xffffffbb][0xffffffe2]E[0xffffffc6]L[0xffffff9c][0xffffffb1][0xfffffffb][0xffffffb5]k[0xffffffbf][0xffffffbc][0xffffff88][0xffffffba][0xffffffd6][0xffffffe4]~[0xffffffad][0x4][0xffffff92]q[0xffffffad][0xffffffc1][0xfffffffd][0xffffffda][0x0]g[0xffffffb6]k[0xffffffaf][0xffffffdf][0xffffffaf]]j[0x7f]m?[0xf]j[0xffffffa7][0xffffffe2][0xffffffc2][0xfffffff7][0xffffffd7].[0xffffff83][0xfffffffd][0xffffffb5]+.[\n]"
12:49:33.306 [main] DEBUG org.apache.hc.client5.http.wire - http-outgoing-1 << "[0xffffffcd][0xffffffc4][0x19][0xffffffdb]_[0xffffffbb][0xfffffff6][0xffffffe5][0xffffffa0][0xffffffa8]kM[0xfffffff6][0xffffffd7]J [0x19][0xffffffd7][0x1a][0xffffffec][0xffffffaf][\r]pf[0xffffffbb][0xfffffff6][0xfffffffa][0xfffffffe][0xffffffda][0xffffffa5]f[0x19][0xfffffffa]9[0xe][0xffffffca][0xffffffb5][0xfffffff8],[0xffffffc3]2[0xffffff98]eX[0xfffffff1][0xffffffd2]x&[0xffffffce][0xffffffd8],[0xffffffc3][0xffffffda]/[0xffffff8a][0xffffffa3][0xffffffae]5[0xffffff99]e[0xffffff90]@2[0xffffffae]5[0xffffff98]e[0x8]pf[0xffffffbb][0xfffffff6][0xfffffffa],[0xffffffc3]R[0xffffffbb][0xffffffc2]{[0xffffffc7][0xfffffff6]|-|W[0xfffffff8]2[0xffffffd8][0x15][0xffffffbe][0xffffffe2]R[0xffffffe6]L[0xffffff9c][0xffffffb1]][0xffffffe1]k_[0xffffffc4][0xffffff8c][0xffffffba][0xffffffd6]dW[0xffffffb8][0x4][0xffffff92]q[0xffffffad][0xffffffc1][0xffffffae][0xfffffff0][0x0]g[0xffffffb6]k[0xffffffaf][0xffffffef][\n]"
12:49:33.306 [main] DEBUG org.apache.hc.client5.http.wire - http-outgoing-1 << "_jn[0xffffffac][0xfffffff7][0xffffff8e][0xfffffffd]6[0xffffff86][0xffffffcf][0xffffff8d]-[0xffffff83][0xffffffb9][0xffffffb1][0x15][0x7]t2q[0xffffffc6][0xffffffe6][0xffffffc6][0xffffffd6]>[0xffffff94][0xffffff83][0xffffffba][0xffffffd6]dnL[0x2][0xffffffc9][0xffffffb8][0xffffffd6]`n,[0xffffffc0][0xffffff99][0xffffffed][0xffffffda][0xffffffeb]scK[0xffffffcd][0xffffff8d][0xfffffff5][0xffffffd1][0xffffffa8]o;.|nl[0x19][0xffffffcc][0xffffff8d][0xffffffad]8[0xffffffa0][0xffffff93][0xffffff89]367[0xffffffb6][0xfffffff6][0xffffffa1][0x1c][0xffffffd4][0xffffffb5]&sc[0x12]H[0xffffffc6][0xffffffb5][0x6]sc[0x1][0xffffffce]l[0xffffffd7]^[0xffffff9f][0x1b][[0xffffffea][0xffffffbb][0xc]}[0xffffffdd][0xffffffa8][0xfffffffd][0xffffffb5][0xb][0xffffffff].[0xffffffc3]2[0xfffffff8].[0xffffffc3][0xffffff8a][0xb][0xfffffff0]3q[0xffffffc6][0xffffffbe][0xffffffcb][0xffffffb0][0xfffffff6][0xffffffa5][0xfffffff7][0xffffffa8]kM[0xffffffbe][0xffffffcb] [0xffffff81]d\k[0xfffffff0]][0xffffff86][0x0]g[0xffffffb6]k[0x7f][0xffffffc3]w[0x19][0xffffffbe][0xffffff81][0xfffffffa][0xfffffffb][0x7f][0xfffffffd][0xffffffe3][0x1f][0xfffffffe][0xfffffff9][0xffffffcf][0x7f][0xfffffffc][0xffffffdb][0xffffffdf]~[0xffffffff][0xffffffb7][0x7f][0xfffffffd][0xffffffe3][0xffffff9f][0xffffffff]L[0x10][0xffffffbb][0x1d][0xffffffc1][0x1][0xffffffdd][0xfffffffd]H8[0xffffffc3][0xffffffea]@[0x10][0xffffffcc][0xfffffffb]Q0[0xffffffaa][0xffffffc5]A[0xfffffffe][0x7f]SB[0xffffff8d]E[0xffffff8e][0xffffff8a][0xffffffad][0xffffffb1][[0xfffffff8]X[0xffffffe4]2[0x18][0xffffff8b]\q[0xfffffffe],[0x13]pl,r[0xffffffed]3ghJ[0xffffff98][0xffffff8c]EJ [0xffffff99][0xffffff94]0[0x18][0xffffff8b][0xc]pf[0xffffffa7][0xffffffc4]o[0x18][0xffffff8b][0xffffffc4]RB[0xffffffc8][0xffffff93]M[0x9][0xffffffe9]R6%[0xffffff84]Z[0xffffffb9][0xffffff94][0x8][0xffffffa6][0xffffffa5]R"[0xffffff88][0xfffffff7]RJ[0xffffffc4]m6lJ[0xffffffc0][0xffffffdb]l[0x1e]'[0xffffffe0]S[0x2][0xffffffdc]f[0xfffffff3]x:[0xffffff95][0x12]>[0xffffffdb]l[0x4][0xffffff8a]TJ[0xffffff98]l[0xffffffb3][0x11]X[0x12])[0xffffff81]n[0xffffffb3][0x9][0xffffff88]z[0xffffffa5]D[0xffffff90]'[0xffffff9d][0x12][0xffffffc2][0xffffffa5]tJ[0x4][0xffffffb5][0xffffff92])Q\R[0xffffffa2][0xfffffffc][0x1d]R[0xffffffe2]4K[0xffffff89][0x13]O[0xffffff89][0xffffffd3] %N4%N,%N[0xffffffa7][0xffffff94][0xffffffd8]Q[0xffffffa4]R"[0x2]I[0xffffffa5][0xffffffc4][0xffffff8e]%[0xffffff91][0x12]'[0xffffff9c][0x12][0xffffffa7]qJ[0x4]y[0xffffffd2])!\J[0xffffffa7]DP+[0xffffff99][0x12][0xffffffa7]KJ[0xffffff9c][0x7f][0xffffff87][0xffffff94]x[0xffffffec][0xffffffc2]qj[0xffffff89]c[0xffffffe2]1q?[0x2]_[0x13][0x1f][0xffffff87][0xffffffa0]r[0xffffffe2][0xfffffffe]x[0xffffffaa]'[0xffffffde][0x1f][0xffffffed][0x12][0x14][0xffffff81]G"
12:49:33.306 [main] DEBUG org.apache.hc.client5.http.wire - http-outgoing-1 << "[0xffffffaa]([0x4][0xffffff95]TR[0x4]6[0xffffff89][0xffffffa6][0xffffffd8][0x8][0xffffffcd][0xffffff8f][0xffffff8a][0xffffff8d]S[0xffffffaf][0xffffffaa][0xffffff88][0x1a][0xffffffa5][0xffffffb3]BY[0xffffff95][0xffffffee][0xffffff8a](Y2,v[0xffffffe7]re[0xffffffb1]+[0xfffffff8]RZ[0x14][0xffffffb7][0xffffffb4](|Z[0x14][0xffffff87][0xffffffb4](lZ[0x14].-[0xffffff8a]UZ[0x4][0x1e][0xffffffa9][0xffffffb4][0x10]TRi[0x11][0xffffffd8]$[0xffffffd2][0xffffffa2][0xffffffd0]iQ[0xffffff9c][0xffffffd3]"j[0xffffff94]N[0xb]eU:-[0xffffffa2]d[0xffffffc9][0xffffffb4][0xffffffd8][0xffffff9d][0xffffffcb][0xffffffa5][0xffffffc5][0xffffffae][0xffffffe0]KiQ[0xffffffdd]~[0x1][0xffffffa9][0xfffffffc]O [0xffffffd5][0xffffffe1]7[0xffffff90][0xffffffca][0xfffffffe][0x8]R[0xffffffb9]_A[0xffffffaa][0xffffffd5][0xffffffcf] [0xffffff81]G*-[0x4][0xffffff95]TZ[0x4]6[0xffffff89][0xffffffb4][0xffffffa8][0xfffffff4]O![0xffffffd5][0xfffffff9][0xffffffb7][0xffffff90][0xffffffa8]Q:-[0xffffff94]U[0xffffffe9][0xffffffb4][0xffffff88][0xffffff92]%[0xffffffd3]bw.[0xffffff97][0x16][0xffffffbb][0xffffff82]/[0xffffffa5][0xffffffc5][0xffffffd9][0xffffffcd][0xffffffd2][0xffffffe2][0xffffffec]xZ[0xffffffdc][0xffffff8f][0xffffffc0][0xffffffa7][0xffffffc5][0xffffffc7]![0xffffffa8][0xffffffb4][0xffffffb8]?[0xffffff9e]J[0xffffff8b][0xfffffff7]G[0xffffffbb][0xffffffa4]E[0xffffffe0][0xffffff91]J[0xb]A%[0xffffff95][0x16][0xffffff81]M"-6B[0xfffffff3][0xffffffd3]b[0xffffffe3][0xffffffd4]+-[0xffffffa2]F[0xffffffe9][0xffffffb4]PV[0xffffffa5][0xffffffd3]"J[0xffffff96]L[0xffffff8b][0xffffffdd][0xffffffb9]\Z[0xffffffec][\n]"
12:49:33.306 [main] DEBUG org.apache.hc.client5.http.wire - http-outgoing-1 << "[0xffffffbe][0xffffff94][0x16][0xffffffdd]m[0x4][0xffffffa4][0xfffffff3]3 [0xffffffdd]a[0x8][0xffffffa4][0xffffffb3]S [0xffffff9d][0x1b][0x3][0xffffffe9]Vs [0xffffff81]G*-[0x4][0xffffff95]TZ[0x4]6[0xffffff89][0xffffffb4][0xffffffe8][0xfffffff4],Hw[0x1e][0x6][0xffffff89][0x1a][0xffffffa5][0xffffffd3]BY[0xffffff95]N[0xffffff8b](Y2-v[0xffffffe7]ri[0xffffffb1]+[0xfffffff8]RZ<>G[0xffffffe0][0xffffff94][0x16][0xffffffe3][0xffffffc0][0xffffffd3][0xffffffe2]~[0x4]>->[0xe]A[0xffffffa5][0xffffffc5][0xfffffffd][0xfffffff1]TZ[0xffffffbc]?[0xffffffda]%-[0x2][0xffffff8f]TZ[0x8]*[0xffffffa9][0xffffffb4][0x8]l[0x12]i[0xffffffb1][0x11][0xffffff9a][0xffffff9f][0x16][0x1b][0xffffffa7]^i[0x11]5J[0xffffffa7][0xffffff85][0xffffffb2]*[0xffffff9d][0x16]Q[0xffffffb2]dZ[0xffffffec][0xffffffce][0xffffffe5][0xffffffd2]bW[0xfffffff0][0xffffffa5][0xffffffb4]8n[0xffffffcb][0xffffffac]-[0xffffffee]'[0xffffffc2][0xffffffe3][0xffffffe2][0xffffffed][0xc]|]|;[0x5][0xffffff95][0x17]o[0xffffffcf][0xffffffa7][0xfffffffa][0xffffffe2][0xffffffe3][0xffffffd9].[0xffffff81][0x11][0xffffffa1][0xffffffa4][\n]"
12:49:33.307 [main] DEBUG org.apache.hc.client5.http.wire - http-outgoing-1 << "C[0xffffffa1]I%F[0x4][0xffffff94]h[0xffffff8c][0x1d][0xffffffd3][0xfffffffc][0xffffffc8][0xffffffd8]a[0xfffffff5][0xffffffaa][0xc]!T:"
12:49:33.307 [main] DEBUG org.apache.hc.client5.http.wire - http-outgoing-1 << "3[0xffffffa4]_[0xffffffe9][0xffffffce][0x10][0xffffffba]%C#[0xffffffd8][0xffffff97]+[0xffffff8d] [0xffffffe3]WR[0xffffffe3]x[0xfffffffb]W[0xffffff8e][0xffffffdb]Mm[0xffffffdb]\s[0xffffffa5][0xffffff87][0xffffffc6][0xffffffe7]y[0xffffffa8][0xffffffcc][0xfffffff8]r[0x2],2[0xffffffb6]3$'[0xffffffc6][0xffffff97][0xffffffa7]'[0x7][0xffffffc6][0xffffffaf][0xffffff9f][0xc][0xffffffe7][0xffffffc5]S[0x14][0xffffff93][0xffffffe3][0xffffffe2][0x7]@&[0xffffffa7][0xffffffc5]S,[0x13][0xffffffc3][0xffffffe2][0x9][0xffffff9c]iY[0xfffffff1][0x4]Q[0xffffff8b][0xffffffa8]x.O()~[0xffffffe4]R(([0xffffff9e][0xffffffab][0x15][0xffffffc8][0xffffff89]g[0xffffffa6]M[0xffffff8f][0xffffff89]g[0xffffffe2][0xffffffbd][0xffffff90][0x12][0xffffff87]H[0xffffff89]y[0xffffff8c][0xfffffffc]o[0xffffffdb]}[0xffffff9e][0x7]N[0xffffff89][0xffffffc3] %[0xffffff8e][0xffffffc8]{"[0xffffffe0][0x7][0xffffff96][0x12][0xffffff87]SJD[0x14][0xffffff99][0xffffff94]P@2)[0x11][0xffffffb1][0xffffffcc]O[0xffffff89][0x1d][0xffffffce][0xffffffec][0xffffff94][0xffffffd8][0x11]uJ[0x9]!O6%[0xffffffa4]K[0xffffffd9][0xffffff94][0x10]j[0xffffffe5]R"[0xffffff98][0xffffff96]J[0xffffff89] [0xffffffde][0xb])QTJ[0xffffff9c]+[0xffffffff][0xffffffd3][0xffffff8d][0xffffff9f][0xffffffe7][0xffffff81]S[0xffffffa2][0x18][0xffffffa4]D[0xffffff89][0xffffffbc]'[0x2]^[0xffffffb0][0xffffff94](N)[0x11]QdRB[0x1][0xffffffc9][0xffffffa4]D[0xffffffc4]2?%v8[0xffffffb3]SbG[0xffffffd4])%[0xffffff84]<[0xffffffd9][0xffffff94][0xffffff90].eSB[0xffffffa8][0xffffff95]K[0xffffff89]`Z*%[0xffffff82]x/[0xffffffa4]DU)1f[0xfffffffe]M[0xffffff8a][0xffffffcf][0xfffffff3][0xffffffc0])Q[\r]R[0xffffffa2]F[0xffffffde][0x13][0x1][0xffffffaf]XJT[0xffffffa7][0xffffff94][0xffffff88](2)[0xffffffa1][0xffffff80]dR"b[0xffffff99][0xffffff9f][0x12];[0xffffff9c][0xffffffd9])[0xffffffb1]#[0xffffffea][0xffffff94][0x12]B[0xffffff9e]lJH[0xffffff97][0xffffffb2])![0xffffffd4][0xffffffca][0xffffffa5]D0-[0xffffff95][0x12]A[0xffffffbc][0xffffff97]R[0xffffffa2][0xffffff9a][0xffffffa5]D[0xffffffc5]S[0xffffffa2][0x1a][0xffffffa4]DES[0xffffffa2]b)Q[0xffffff9d]RbG[0xffffff91]J[0xffffff89][0x8]$[0xffffff95][0x12];[0xffffff96]DJT8%[0xffffffaa]qJ[0x4]y[0xffffffd2])!\J[0xffffffa7]DP+[0xffffff99][0x12][0xffffffd5]%%[0xffffffea]O[0xffffffa7]D[0x13]o%V9+[0xffffff95][0x12][\r][0x7f]+[0xffffffd1][0xc][0xffffffde]J[0xffffffb4][0xffffff98][0xffffffce][0xffffff89][0xffffff80]7[0xffffffec][0xffffffad]Dsz+[0x11]QdRB[0x1][0xffffffc9][0xffffffa4]D[0xffffffc4]2?%v8[0xffffffb3]SbG[0xffffffd4])%[0xffffff84]<[0xffffffd9][0xffffff94][0xffffff90].eSB[0xffffffa8][0xffffff95]K[0xffffff89]`Z*%[0xffffff82]x/[0xffffffa4][0xffffffc4][0xffffffa9]R[0xffffffa2][0xffffffb5][0xffffff83]J[0xffffff89][0x13]O[0xffffff89][0xffffffd3] %[0xffffffce][0xffffffc8]{"[0xffffffe0]'[0xffffff96][0x12][0xffffffa7]SJD[0x14][0xffffff99][0xffffff94]P@2)[0x11][0xffffffb1][0xffffffcc]O[0xffffff89][0x1d][0xffffffce][0xffffffec][0xffffff94][0xffffffd8][0x11]uJ[0x9]!O6%[0xffffffa4]K[0xffffffd9][0xffffff94][0x10]j[0xffffffe5]R"[0xffffff98][0xffffff96]J[0xffffff89] [0xffffffde]K)Q[0xffffffcc]R[0x2][0xffffffdb][0xffffff95][0xfffffff9][0xffffffe5][0x4]|J [0xffffff9b]2[0xffffffbf]<[0xffffff9d]J[0x9][0xffffff87]=[0xffffff99]OQ[0xffffffa4]R[0x2][0xffffffdf][0xffffff92][0xfffffff9][0x14]K"%[0xffffffa0][0x1d][0xffffff99]O[0x10][0xfffffff5]J[0x9][0xffffff97][\r][0xffffff99]?r)[0xffffff9d][0x12][0xe][0xfffffffb]1[0xffffff9f][0xffffff99][0xffffff96]K[0xffffff89][0xffffff9f][0xffffffd8][0xffffff8e][0xfffffff9][0xfffffff1]ot[0xfffffff5]Vb[0xffffffb6]A[0xffffffa5]D[0xffffffc7][0xffffffdf]Jt[0xffffff83][0xffffffb7][0x12]=[0xffffffa6]s"[0xffffffe0][0x1d]{+[0xffffffd1][0xffffff9d][0xffffffde]JD[0x14][0xffffff99][0xffffff94]P@2)[0x11][0xffffffb1][0xffffffcc]O[0xffffff89][0x1d][0xffffffce][0xffffffec][0xffffff94][0xffffffd8][0x11]uJ[0x9]!O6%[0xffffffa4]K[0xffffffd9][0xffffff94][0x10]j[0xffffffe5]R"[0xffffff98][0xffffff96]J[0xffffff89] [0xffffffde][0xb])1TJ[0xffffffac][0x3]{+1[0xfffffff0][0xffffff94][0x18][0x6])1"[0xffffffef][0xffffff89][0xffffff80][0xf],%[0xffffff86]SJD[0x14][0xffffff99][0xffffff94]P@2)[0x11][0xffffffb1][0xffffffcc]O[0xffffff89][0x1d][0xffffffce][0xffffffec][0xffffff94][0xffffffd8][0x11]uJ[0x9]!O6%[0xffffffa4]K[0xffffffd9][0xffffff94][0x10]j[0xffffffe5]R"[0xffffff98][0xffffff96]J[0xffffff89] [0xffffffde][0xb])1eJtl[0xffffffdb][0xffffffe5][0xffffffc4]Sb[0x1a][0xffffffa4][0xffffffc4][0xffffff8c][0xffffffbc]'[0x2]>[0xffffffb1][0xffffff94][0xffffff98]N)[0x11]QdRB[0x1][0xffffffc9][0xffffffa4]D[0xffffffc4]2?%v8[0xffffffb3]SbG[0xffffffd4])%[0xffffff84]<[0xffffffd9][0xffffff94][0xffffff90].eSB[0xffffffa8][0xffffff95]K[0xffffff89]`Z*%[0xffffff82]x/[0xffffffa4][0xffffffc4][0xffffff8a])Qn7[0xffffffee][0xffffffad][0xffffffc4][0xffffffc2]Sb[0x19][0xffffffa4][0xffffffc4][0xffffff8a][0xffffffbc]'[0x2][0xffffffbe][0xffffffb0][0xffffff94]XN)[0x11]QdRB[0x1][0xffffffc9][0xffffffa4]D[0xffffffc4]2?%v8[0xffffffb3]SbG[0xffffffd4])%[0xffffff84]<[0xffffffd9][0xffffff94][0xffffff90].eSB[0xffffffa8][0xffffff95]K[0xffffff89]`Z*%[0xffffff82]x_O[0xffffff89][0xffffffe3]P)Q*[0xffffffb5]W[0xffffffe2][0xffffffed]<lJ<N[0x0][0xffffffa7][0xffffffc4][0xfffffff7]3 )[0xfffffff1]x:[0xffffff92][0x12][0xffffffdf][0xffffff9e]l[0xffffff91][0x12][0x2]E$%$[0xffffff90]HJ[0x8],[0xffffffd3]S"[0xffffffc0][0xffffff99][0xffffff9c][0x12][0x1]Q[0xffffffa3][0xffffff94]P[0xfffffff2]DSB[0xffffffbb][0x14]M[0x9][0xffffffa5]V,%[0xffffffa2]i[0xffffffa1][0xffffff94][0xffffff88][0xffffffe2][0xffffffbd][0xffffff90][0x12]b[0xffffffaf]D[0xffffffb9][0xffffffad][[0xffffffa3]R[0x2][0xffffffdf]+q[0x18][0xffffffec][0xffffff95]8[0xffffffc4][0xfffffff0]s"[0xffffffe0][0xffffffd8]^[0xffffff89]#[0xffffff8c]7[0xffffff93])a[0xffffffb2]WB[0x2][0xffffffc9][0xffffffa4][0xffffff84][0xffffffc1]^[0xffffff89][0x0]gvJ[0x18][0xffffffef][0xffffff95]P[0xfffffff2]dS[0xffffffc2]o[0xffffffaf][0xffffff84]R+[0xffffff97][0x12].{%[0xffffffa2]x/[0xffffffa4][0xffffff84][0x18][0x6]-GY'[0xffffff95][0x12][0xfffffff8]0[0xffffffe8]a0[0xc]z[0xffffff88][0xffffff89][0xffffffa5]D[0xffffffc0][0xffffffb1]a[0xffffffd0]#[0xffffffcc]$[0xffffff91])a2[0xc]*[0xffffff81]dR[0xffffffc2]`[0x18]4[0xffffffc0][0xffffff99][0xffffff9d][0x12][0xffffffc6][0xffffffc3][0xffffffa0]J[0xffffff9e]lJ[0xfffffff8][\r][0xffffff83]*[0xffffffb5]r)[0xffffffe1]2[0xc][0x1a][0xffffffc5]{!%[0xffffffd4]][0xffffff89][0xffffffd2]'[0xfffffff5]e[0xffffffd0][0x3][0xffffffbf]+q[0x18][0xffffffdc][0xffffff95]8[0xffffffc4][0xf]z[0xffffff89][0xffffff80]cw%[0xffffff8e][0xfffffff0][0xffffff93][0x1d][0xffffff99][0x12]&w%$[0xffffff90]LJ[0x18][0xffffffdc][0xffffff95][0x8]pf[0xffffffa7][0xffffff84][0xfffffff1]][0x9]%O6%[0xfffffffc][0xffffffee]J([0xffffffb5]r)[0xffffffe1]rW"[0xffffff8a][0xfffffff7][0xfffffff5][0xffffff94](7[0xffffff95][0x12][0xffffffeb]F[0xffffffdd][0xffffff95]x;[0xf][0xffffff9b][0x12][0xffffffe5][0xffffffa6][0xfffffff0][0xffffffcf][0xffffffe5][0xfffffffd][0xfffffffb][0x19][0xffffff90][0xffffff94](7*%[0xffffffbe]=[0xffffffd9]"%[0x4][0xffffff8a]HJH [0xffffff91][0xffffff94][0x10]X[0xffffffa6][0xffffffa7]D[0xffffff80]39%[0x2][0xffffffa2]F)[0xffffffa1][0xffffffe4][0xffffff89][0xffffffa6][0xffffff84]v)[0xffffff9a][0x12]J[0xffffffad]XJD[0xffffffd3]B)[0x11][0xffffffc5]{!%[0xffffffc4]G[0xffffffc6]K[0xffffffad][0xffffffe5]F[0xffffffa5][0x4][0xfffffffe][0xffffff91][0xfffffff1]b[0xfffffff0][0xffffff91][0xfffffff1]"[0xffffffbe][0xffffff84][0xffffff9b][0x8]8[0xfffffff6][0xffffff91][0xfffffff1][0x12][0xffffffbe]uK[0xffffffa6][0xffffff84][0xffffffc9]G[0xffffffc6]%[0xffffff90]LJ[0x18]|d<[0xffffffc0][0xffffff99][0xffffff9d][0x12][0xffffffc6][0x1f][0x19]W[0xfffffff2]dS[0xffffffc2][0xffffffef]#[0xffffffe3]J[0xffffffad]\J[0xffffffb8]|d<[0xffffff8a][0xfffffff7]BJ[0xffffff88][0xffffff8f][0xffffff8c][0xffffffdf]S[0x2][0xfffffffb][0xffffff9c]W[0xffffffc1]?2^[0xc]>2^[0xffffffc4][0xffffff97]p[0x13][0x1][0xffffffc7]>2^[0xffffffc2][0xffffffb7]n[0xffffffc9][0xffffff94]0[0xfffffff9][0xffffffc8][0xffffffb8][0x4][0xffffff92]I[0x9][0xffffff83][0xffffff8f][0xffffff8c][0x7]8[0xffffffb3]S[0xffffffc2][0xfffffff8]#[0xffffffe3]J[0xffffff9e]lJ[0xfffffff8]}d\[0xffffffa9][0xffffff95]K[0x9][0xffffff97][0xffffff8f][0xffffff8c]G[0xfffffff1]^H[0x9]5[0xffffffc1]Q[0xffffffeb][0xffffffc4][0xffffffde]J[0xffffffe0][0x13][0x1c][0xffffffc5]`[0xffffff82][0xffffffa3][0xffffff88]k[0xffffffc6][0xffffff89][0xffffff80]c[0x13][0x1c]%\$&S[0xffffffc2]d[0xffffff82]C[0x2][0xffffffc9][0xffffffa4][0xffffff84][0xffffffc1][0x4]G[0xffffff80]3;%[0xffffff8c]'8[0xffffff94]<"
12:49:33.308 [main] DEBUG org.apache.hc.client5.http.wire - http-outgoing-1 << "[0xffffffd9][0xffffff94][0xfffffff0][0xffffff9b][0xffffffe0]Pj[0xffffffe5]R[0xffffffc2]e[0xffffff82]#[0xffffff8a][0xfffffff7]BJ[0xffffff88]/[0xffffff83][0xffffff96][0xffffffda]*[0xfffffff5][\r][0xffffff8e][0xffffff82][0x7f][0x19][0xffffffb4][0x18]|[0x19][0xffffffb4][0xffffff88][0xffffffcf][0xffffffd7]%[0x2][0xffffff8e]}[0x19][0xffffffb4][0xffffff84][0xf][0xffffffd4][0xffffff91])a[0xfffffff2]eP[0x9]$[0xffffff93][0x12][0x6]_[0x6][\r]pf[0xffffffa7][0xffffff84][0xfffffff1][0xffffff97]A[0xffffff95]<[0xffffffd9][0xffffff94][0xfffffff0][0xfffffffb]2[0xffffffa8]R+[0xffffff97][0x12]._[0x6][0xffffff8d][0xffffffe2][0xffffffbd][0xffffff90][0x12][0xffffffe2]s^[0xffffffa5][0xffffff9e][0xffffff8b][0xffffff9a][0xffffffe0]([0xfffffff8][0xffffffe7][0xffffffbc][0xffffff8a][0xffffffc1][0xffffffe7][0xffffffbc][0xffffff8a][0xfffffff8][0xffffffe6]L"[0xffffffe0][0xffffffd8][0xffffffe7][0xffffffbc]J[0xfffffff8][0xffffffaa][0xc][0xffffff99][0x12]&[0xffffff9f][0xfffffff3][0xffffff92]@2)a[0xfffffff0]9[0xffffffaf][0x0]gvJ[0x18][0x7f][0xffffffce]K[0xffffffc9][0xffffff93]M[0x9][0xffffffbf][0xffffffcf]y)[0xffffffb5]r)[0xffffffe1][0xfffffff2]9[0xffffffaf]([0xffffffde][0xb])!>[0xffffffe7]U[0xffffffda][0xffffffed][0xffffffa4][0xfffffff6]J[0x14][0xfffffffc]s^[0xffffffc5][0xffffffe0]s^E|s&[0x11]p[0xffffffec]s^%|U[0xffffff86]L[0x9][0xffffff93][0xffffffcf]yI [0xffffff99][0xffffff94]0[0xfffffff8][0xffffff9c]W[0xffffff80]3;%[0xffffff8c]?[0xffffffe7][0xffffffa5][0xffffffe4][0xffffffc9][0xffffffa6][0xffffff84][0xffffffdf][0xffffffe7][0xffffffbc][0xffffff94]Z[0xffffffb9][0xffffff94]p[0xfffffff9][0xffffff9c]W[0x14][0xffffffef][0xffffff85][0xffffff94][0x10][0xffffff9f][0xfffffff3]*[0xffffffad][0xffffff8c]F[0xffffffa5][0x4][0xfffffffe]9[0xffffffaf]b[0xfffffff0]9[0xffffffaf]"[0xffffffbe]9[0xffffff93][0x8]8[0xfffffff6]9[0xffffffaf][0x12][0xffffffbe]*C[0xffffffa6][0xffffff84][0xffffffc9][0xffffffe7][0xffffffbc]$[0xffffff90]LJ[0x18]|[0xffffffce]+[0xffffffc0][0xffffff99][0xffffff9d][0x12][0xffffffc6][0xffffff9f][0xfffffff3]R[0xfffffff2]dS[0xffffffc2][0xffffffef]s^J[0xffffffad]\J[0xffffffb8]|[0xffffffce]+[0xffffff8a][0xfffffff7]RJ[0xffffffc4]m[0xffffff97]lJ[0xffffffc0][0xffffffdb].[0x1f]'[0xffffffe0]S[0x2][0xffffffdc]v[0xfffffff9]x:[0xffffff95][0x12]>[0xffffffdb].[0x5][0xffffff8a]TJ[0xffffff98]l[0xffffffbb][0x14]X[0x12])[0xffffff81]n[0xffffffbb][0xc][0xffffff88]z[0xffffffa5][0xffffff84][0xffffffd7][0xffffffb6]K[0xffffffed]R:%|[0xffffffb6]]F[0xffffffd3]r)[0xfffffff1][0xffffffd3][0xffffffdb].[0xffffff8b][0xffffffda]v[0xffffffd9][0xffffffc6][0xffffff8d][0xfffffffa]2h[0xffffffc1][0xffffffb7]][0x16][0xffffff83]m[0xffffff97]E[0xffffffac]dK[0x4][0x1c][0xffffffdb]vY[0xffffffc2][0xffffffd2]52%L[0xffffffb6]]J [0xffffff99][0xffffff94]0[0xffffffd8]v[0x19][0xffffffe0][0xffffffcc]N[0x9][0xffffffe3]m[0xffffff97]J[0xffffff9e]lJ[0xfffffff8]m[0xffffffbb]Tj[0xffffffe5]R[0xffffffc2]e[0xffffffdb]e[0x14][0xffffffef][0xffffffeb])Q[0xffffffd5][0xffffffb6][0xffffffcb][0xffffffc6]m[0xffffffbb][0xffffffac][0xfffffff8][0xffffffb6][0xffffffcb]j[0xffffffb0][0xffffffed][0xffffffb2][0xffffff8a][0xffffff95]ly[0xffffff80]Wl[0xffffffdb]e[\r]K[0xffffffd7][0xffffffc0][0xffffff94][0x10](")![0xffffff81]DRB`[0xffffff99][0xffffff9e][0x12][0x1][0xffffffce][0xffffffe4][0xffffff94][0x8][0xffffff88][0x1a][0xffffffa5][0xffffff84][0xffffff92]'[0xffffff9a][0x12][0xffffffda][0xffffffa5]hJ([0xffffffb5]b)[0x11]M[0xb][0xffffffa5]D[0x14][0xffffffef][0xffffff85][0xffffff94]P+[0xffffffaa][0xffffffce][0xffffffd9][0xffffffa9]a[0xffffffd0][0xffffff8a][0xffffffaf][0xffffffa8][0xffffffaa][0x6]+[0xffffffaa][0xffffffaa][0xffffffd8][0xffffffa3][0xffffff92][0x8]8[0xffffffb6][0xffffffa2][0xffffffaa][0xffffff86]M)dJ[0xffffff98][0xffffffac][0xffffffa8][0xffffff92]@2)a[0xffffffb0][0xffffffa2]*[0xffffffc0][0xffffff99][0xffffff9d][0x12][0xffffffc6]+[0xffffffaa][0xffffff94]<[0xffffffd9][0xffffff94][0xfffffff0][Q[0xffffffa5][0xffffffd4][0xffffffca][0xffffffa5][0xffffff84][0xffffffcb][0xffffff8a][0xffffffaa]([0xffffffde][0xb])[0xffffffa1]VT[0xfffffff5][0xffffffdb][0xffffffc0][0xffffffde]J[0xffffffe0]+[0xffffffaa][0xffffffaa][0xffffffc1][0xffffff8a][0xffffffaa]*[0xfffffff6][0xffffffa8]$[0x2][0xffffff8e][0xffffffad][0xffffffa8][0xffffffaa]aS[\n]"
12:49:33.308 [main] DEBUG org.apache.hc.client5.http.wire - http-outgoing-1 << "[0xffffff99][0x12]&+[0xffffffaa]$[0xffffff90]LJ[0x18][0xffffffac][0xffffffa8][\n]"
12:49:33.308 [main] DEBUG org.apache.hc.client5.http.wire - http-outgoing-1 << "pf[0xffffffa7][0xffffff84][0xfffffff1][0xffffff8a]*%O6%[0xfffffffc]VT)[0xffffffb5]r)[0xffffffe1][0xffffffb2][0xffffffa2]*[0xffffff8a][0xfffffff7]BJ[0xffffffa8][0xffffffbd][0x12][0xfffffffd][0xffffffc4]VTU|[0xffffffaf]D5[0xffffffd8]+Q[0xffffffc5][0xfffffff0]s"[0xffffffe0][0xffffffd8]^[0xffffff89][0x1a][0xffffffc6][0xffffff9b][0xffffffc9][0xffffff94]0[0xffffffd9]+![0xffffff81]dR[0xffffffc2]`[0xffffffaf]D[0xffffff80]3;%[0xffffff8c][0xfffffff7]J(y[0xffffffb2])[0xffffffe1][0xffffffb7]WB[0xffffffa9][0xffffff95]K[0x9][0xffffff97][0xffffffbd][0x12]Q[0xffffffbc][0x17]RB[0xffffffed][0xffffff95][0xffffffe8][0xffffffbd]5*%[0xfffffff0][0xffffffbd][0x12][0xffffffd5]`[0xffffffaf]D[0x15][0xffffffc3][0xffffffcf][0xffffff89][0xffffff80]c{%j[0x18]o&S[0xffffffc2]d[0xffffffaf][0xffffff84][0x4][0xffffff92]I[0x9][0xffffff83][0xffffffbd][0x12][0x1][0xffffffce][0xffffffec][0xffffff94]0[0xffffffde]+[0xffffffa1][0xffffffe4][0xffffffc9][0xffffffa6][0xffffff84][0xffffffdf]^[0x9][0xffffffa5]V.%\[0xfffffff6]JD[0xfffffff1]^H[0x9]5[0xffffffc1]1[0xffffff8e]I}[0xffffffce][0xffffffab][0xffffffe2][0x13][0x1c][0xffffffd5]`[0xffffff82][0xffffffa3][0xffffff8a]k[0xffffffc6][0xffffff89][0xffffff80]c[0x13][0x1c]5\$&S[0xffffffc2]d[0xffffff82]C[0x2][0xffffffc9][0xffffffa4][0xffffff84][0xffffffc1][0x4]G[0xffffff80]3;%[0xffffff8c]'8[0xffffff94]<[0xffffffd9][0xffffff94][0xfffffff0][0xffffff9b][0xffffffe0]Pj[0xffffffe5]R[0xffffffc2]e[0xffffff82]#[0xffffff8a][0xfffffff7][0xfffffff5][0xffffff94]hj[0xffffff82]c[0xffffffd4][0xffffffb3]C)[0xffffffd1][0xfffffff0][0x9][0xffffff8e]f0[0xffffffc1][0xffffffd1][0xffffffc4]5[0xffffffe3]<[0xffffffc0][0x1b]6[0xffffffc1][0xffffffd1][0xffffffc2]Eb0%[0x4][0xffffff8a]HJH [0xffffff91][0xffffff94][0x10]X[0xffffffa6][0xffffffa7]D[0xffffff80]39%[0x2][0xffffffa2]F)[0xffffffa1][0xffffffe4][0xffffff89][0xffffffa6][0xffffff84]v)[0xffffff9a][0x12]J[0xffffffad]XJD[0xffffffd3]B)[0x11][0xffffffc5]{!%[0xe][0xffffff95][0x12][0xffffffe3][0xffffffa4][0xffffffbe][0xffffffc1][0xfffffff1]v[0x1e]8%[0xe][0xffffff83][0xffffff94]8"[0xffffffef][0xffffff89][0xffffff80][0x1f]XJ[0x1c]N)[0x11]QdRB[0x1][0xffffffc9][0xffffffa4]D[0xffffffc4]2?%v8[0xffffffb3]SbG[0xffffffd4])%[0xffffff84]<[0xffffffd9][0xffffff94][0xffffff90].eSB[0xffffffa8][0xffffff95]K[0xffffff89]`Z*%[0xffffff82]x/[0xffffffa4]DQ)[0xffffffb1][0xffffffce]E[0xffffffa5]D[0xffffffc1]S[0xffffffa2][0x18][0xffffffa4]D[0xffffff89][0xffffffbc]'[0x2]^[0xffffffb0][0xffffff94](N)[0x11]QdRB[0x1][0xffffffc9][0xffffffa4]D[0xffffffc4]2?%v8[0xffffffb3]SbG[0xffffffd4])%[0xffffff84]<[0xffffffd9][0xffffff94][0xffffff90].eSB[0xffffffa8][0xffffff95]K[0xffffff89]`Z*%[0xffffff82]x/[0xffffffa4][0xffffff84][0xffffffda]+1[0xffffffcb]I[\r][0xffffff83]6|[0xffffffaf]D3[0xffffffd8]+[0xffffffd1][0xffffffc4][0xfffffff0]s"[0xffffffe0][0xffffffd8]^[0xffffff89][0x16][0xffffffc6][0xffffff9b][0xffffffc9][0xffffff94]0[0xffffffd9]+![0xffffff81]dR[0xffffffc2]`[0xffffffaf]D[0xffffff80]3;%[0xffffff8c][0xfffffff7]J(y[0xffffffb2])[0xffffffe1][0xffffffb7]WB[0xffffffa9][0xffffff95]K[0x9][0xffffff97][0xffffffbd][0x12]Q[0xffffffbc][0x17]RB[0xffffffed][0xffffff95][0xffffff98][0xffffffad]Q[0xffffff8b][0xffffffb3][0x1b][0xffffffbe]W[0xffffffa2][0x19][0xffffffec][0xffffff95]hb[0xfffffff8]9[0x11]pl[0xffffffaf]D[0xb][0xffffffe3][0xffffffcd]dJ[0xffffff98][0xffffffec][0xffffff95][0xffffff90]@2)a[0xffffffb0]W"[0xffffffc0][0xffffff99][0xffffff9d][0x12][0xffffffc6]{%[0xffffff94]<[0xffffffd9][0xffffff94][0xfffffff0][0xffffffdb]+[0xffffffa1][0xffffffd4][0xffffffca][0xffffffa5][0xffffff84][0xffffffcb]^[0xffffff89]([0xffffffde][0xb])q[0xffffffaa][0xffffff94][0xffffffe8][0x15]{+q[0xffffffe2])q[0x1a][0xffffffa4][0xffffffc4][0x19]yO[0x4][0xfffffffc][0xffffffc4]R[0xffffffe2]tJ[0xffffff89][0xffffff88]"[0xffffff93][0x12][\n]"
12:49:33.308 [main] DEBUG org.apache.hc.client5.http.wire - http-outgoing-1 << "H&%"[0xffffff96][0xfffffff9])[0xffffffb1][0xffffffc3][0xffffff99][0xffffff9d][0x12];[0xffffffa2]N)![0xffffffe4][0xffffffc9][0xffffffa6][0xffffff84]t)[0xffffff9b][0x12]B[0xffffffad]\J[0x4][0xffffffd3]R)[0x11][0xffffffc4]{!%[0xffffffd4][0xffffff8a][0xffffffaa]9[0xffffffc6]I[0xffffffa5][0x4][0xffffffbe][0xffffffa2][0xffffffaa][0x19][0xffffffac][0xffffffa8]jb[0xffffff8f]J"[0xffffffe0][0xffffffd8][0xffffff8a][0xffffffaa][0x16]6[0xffffffa5][0xffffff90])a[0xffffffb2][0xffffffa2]J[0x2][0xffffffc9][0xffffffa4][0xffffff84][0xffffffc1][0xffffff8a][0xffffffaa][0x0]gvJ[0x18][0xffffffaf][0xffffffa8]R[0xfffffff2]dS[0xffffffc2]oE[0xffffff95]R+[0xffffff97][0x12].+[0xffffffaa][0xffffffa2]x/[0xffffffa4][0xffffff84]ZQ5[0xffffffd7][0xffffff81][0xffffffbd][0xffffff95][0xffffffc0]WT5[0xffffff83][0x15]UM[0xffffffec]QI[0x4][0x1c][Q[0xffffffd5][0xffffffc2][0xffffffa6][0x14]2%LVTI [0xffffff99][0xffffff94]0XQ[0x15][0xffffffe0][0xffffffcc]N[0x9][0xffffffe3][0x15]UJ[0xffffff9e]lJ[0xfffffff8][0xffffffad][0xffffffa8]Rj[0xffffffe5]R[0xffffffc2]eEU[0x14][0xffffffef][0xffffff85][0xffffff94][0xffffff98]2%[0x1e][0xffffffc7]DRb[0xffffffe2])1[\r]RbF[0xffffffde]"
12:49:33.309 [main] DEBUG org.apache.hc.client5.http.wire - http-outgoing-1 << "[0x13][0x1][0xffffff9f]XJL[0xffffffa7][0xffffff94][0xffffff88](2)[0xffffffa1][0xffffff80]dR"b[0xffffff99][0xffffff9f][0x12];[0xffffff9c][0xffffffd9])[0xffffffb1]#[0xffffffea][0xffffff94][0x12]B[0xffffff9e]lJH[0xffffff97][0xffffffb2])![0xffffffd4][0xffffffca][0xffffffa5]D0-[0xffffff95][0x12]A[0xffffffbc][0xffffffaf][0xffffffa7][0xffffffc4][0xffffffa9]VT[0xffffffad][0xffffffdb][0xffffffb8]A)q[0xffffffe2]+[0xffffffaa]N[0xffffff83][0x15]U[0xffffffa7][0xffffffd8][0xffffffa3][0xffffff92][0x7][0xfffffff8][0xffffff89][0xffffffad][0xffffffa8]:[0xffffffc3][0xffffffa6][0x14]0%[0x4][0xffffff8a]HJH [0xffffff91][0xffffff94][0x10]X[0xffffffa6][0xffffffa7]D[0xffffff80]39%[0x2][0xffffffa2]F)[0xffffffa1][0xffffffe4][0xffffff89][0xffffffa6][0xffffff84]v)[0xffffff9a][0x12]J[0xffffffad]XJD[0xffffffd3]B)[0x11][0xffffffc5]{!%[0xffffffd4]^[0xffffff89]Uo[0xffffffd4][0xffffffe7][0xffffffbc]N|[0xffffffaf][0xffffffc4]i[0xffffffb0]W[0xffffffe2][0x14][0xffffffc3][0xffffffcf][0xffffff89][0xffffff80]c{%[0xffffffce]0[0xffffffde]L[0xffffffa6][0xffffff84][0xffffffc9]^[0x9][0x9]$[0xffffff93][0x12][0x6]{%[0x2][0xffffff9c][0xffffffd9])a[0xffffffbc]WB[0xffffffc9][0xffffff93]M[0x9][0xffffffbf][0xffffffbd][0x12]J[0xffffffad]\J[0xffffffb8][0xffffffec][0xffffff95][0xffffff88][0xffffffe2][0xffffffbd][0xffffff90][0x12]j[0x18]t[0xffffffcd]A[\r][0xffffff83][0xffffff9e][0xfffffff8]0[0xffffffe8]i0[0xc]z[0xffffff8a][0xffffff89][0xffffffa5]D[0xffffffc0][0xffffffb1]a[0xffffffd0]3[0xffffffcc]$[0xffffff91])a2[0xc]*[0xffffff81]dR[0xffffffc2]`[0x18]4[0xffffffc0][0xffffff99][0xffffff9d][0x12][0xffffffc6][0xffffffc3][0xffffffa0]J[0xffffff9e]lJ[0xfffffff8][\r][0xffffff83]*[0xffffffb5]r)[0xffffffe1]2[0xc][0x1a][0xffffffc5]{!%[0xffffffc4][0x4]G[0xffffffbd][0xffffff9d]7,%[0xfffffff0][0x9][0xffffff8e][0xffffffd3]`[0xffffff82][0xffffffe3][0x14][0xffffffd7][0xffffff8c][0x13][0x1][0xffffffc7]&8[0xffffffce]p[0xffffff91][0xffffff98]L[0x9][0xffffff93][0x9][0xe][0x9]$[0xffffff93][0x12][0x6][0x13][0x1c][0x1][0xffffffce][0xffffffec][0xffffff94]0[0xffffff9e][0xffffffe0]P[0xfffffff2]dS[0xffffffc2]o[0xffffff82]C[0xffffffa9][0xffffff95]K[0x9][0xffffff97][0x9][0xffffff8e]([0xffffffde]K)Q[0xffffffcc]R[0xffffffa2][0xffffffe0])Q[0xc]R[0xffffffa2][0xffffffa0])Q[0xffffffb0][0xffffff94](N)[0xffffffb1][0xffffffa3]H[0xffffffa5]D[0x4][0xffffff92]J[0xffffff89][0x1d]K"%[\n]"
12:49:33.309 [main] DEBUG org.apache.hc.client5.http.wire - http-outgoing-1 << "[0xffffff9c][0x12][0xffffffc5]8%[0xffffff82]<[0xffffffe9][0xffffff94][0x10].[0xffffffa5]S"[0xffffffa8][0xffffff95]L[0xffffff89][0xffffffe2][0xffffff92][0x12][0xffffffe5]gS[0xffffffa2][0xffffffab][0xffffffb7][0x12][0xffffffa5]/j[0xffffffaf]D[0xffffffc7][0xffffffdf]Jt[0xffffff83][0xffffffb7][0x12]][0xffffffa4]s[0x1e][0xffffffe0][0x1d]{+[0xffffffd1]C[0x1c][0xffffff83])!PDRB[0x2][0xffffff89][0xffffffa4][0xffffff84][0xffffffc0]2=%[0x2][0xffffff9c][0xffffffc9])[0x11][0x10]5J[0x9]%O4%[0xffffffb4]K[0xffffffd1][0xffffff94]Pj[0xffffffc5]R"[0xffffff9a][0x16]J[0xffffff89]([0xffffffde][0xb])![0xfffffff6]J[0xffffffd4]z`[0xffffffd7].;[0xffffffbe]W[0xffffffa2][0x1b][0xffffffec][0xffffff95][0xffffffe8]b[0xfffffff8]9[0x11]pl[0xffffffaf]D[0xf][0xffffffe3][0xffffffcd]dJ[0xffffff98][0xffffffec][0xffffff95][0xffffff90]@2)a[0xffffffb0]W"[0xffffffc0][0xffffff99][0xffffff9d][0x12][0xffffffc6]{%[0xffffff94]<[0xffffffd9][0xffffff94][0xfffffff0][0xffffffdb]+[0xffffffa1][0xffffffd4][0xffffffca][0xffffffa5][0xffffff84][0xffffffcb]^[0xffffff89]([0xffffffde]K)[0x11][0x7f][0xffffffe0]`S[0x2][0xfffffffe][0xffffff81][0xffffffe3]q[0x2]>%[0xffffffc0][0x1f]8[0x1e]O[0xffffffa7]R[0xffffffc2][0xffffffe7][0x7][0xe][0xffffff81]"[0xffffff95][0x12]&?p[0x8],[0xffffff89][0xffffff94]@[0x7f][0xffffffe0][0x8][0xffffff88]z[0xffffffa5][0xffffff84][0xffffffd7][0xf][0x1c][0xffffffda][0xffffffa5]tJ[0xfffffff8][0xfffffffc][0xffffffc0][0x11]M[0xffffffcb][0xffffffa5][0xffffffc4][0xffffffcf][0xffffffff][0xffffffc0]1~[0xffffff99]f)1[0xfffffff1][0xffffff94][0xffffff98][0x6])1[0xffffffd1][0xffffff94][0xffffff98]XJL[0xffffffa7][0xffffff94][0xffffffd8]Q[0xffffffa4]R"[0x2]I[0xffffffa5][0xffffffc4][0xffffff8e]%[0xffffff91][0x12][0x13]N[0xffffff89]i[0xffffff9c][0x12]A[0xffffff9e]tJ[0x8][0xffffff97][0xffffffd2])[0x11][0xffffffd4]J[0xffffffa6][0xffffffc4]tI[0xffffff89][0xfffffff9]wH[0xffffff89][0xffffffa3][0xffffff9b][0xffffffb5][0xffffffc4][0xffffffd1][0xfffffff1][0xffffff98][0xffffffb8][0x1f][0xffffff81][0xffffffaf][0xffffff89][0xffffff8f]CP9q[0x7f]<[0xffffffd5][0x13][0xffffffef][0xffffff8f]v[0x9][0xffffff8a][0xffffffc0]#U[0x14][0xffffff82]J*)[0x2][0xffffff9b]DSl[0xffffff84][0xffffffe6]G[0xffffffc5][0xffffffc6][0xffffffa9]WUD[0xffffff8d][0xffffffd2]Y[0xffffffa1][0xffffffac]JwE[0xffffff94],[0x19][0x16][0xffffffbb]s[0xffffffb9][0xffffffb2][0xffffffd8][0x15]|)-[0xffffffda]0K[0xffffff8b]6[0xfffffff0][0xffffffb4][0xffffffb8][0x1f][0xffffff81]O[0xffffff8b][0xffffff8f]CPiq[0x7f]<[0xffffff95][0x16][0xffffffef][0xffffff8f]vI[0xffffff8b][0xffffffc0]#[0xffffff95][0x16][0xffffff82]J*-[0x2][0xffffff9b]DZl[0xffffff84][0xffffffe6][0xffffffa7][0xffffffc5][0xffffffc6][0xffffffa9]WZD[0xffffff8d][0xffffffd2]i[0xffffffa1][0xffffffac]J[0xffffffa7]E[0xffffff94],[0xffffff99][0x16][0xffffffbb]s[0xffffffb9][0xffffffb4][0xffffffd8][0x15]|)-N[0xffffffb7][0xffffffb4]8[0xfffffff9][0xffffffb4]8[0x1d][0xffffffd2][0xffffffe2]d[0xffffffd3][0xffffffe2][0xffffffe4][0xffffffd2][0xffffffe2][0xffffffb4]J[0xffffff8b][0xffffffc0]#[0xffffff95][0x16][0xffffff82]J*-[0x2][0xffffff9b]DZ[0xffffff9c]tZ[0xffffff9c][0xffffffce]i[0x11]5J[0xffffffa7][0xffffff85][0xffffffb2]*[0xffffff9d][0x16]Q[0xffffffb2]dZ[0xffffffec][0xffffffce][0xffffffe5][0xffffffd2]bW[0xfffffff0][0xffffffa5][0xffffffb4][0xffffff98][0xffffffa7]YZ[0xffffffcc][0x13]O[0xffffff8b][0xfffffffb][0x11][0xfffffff8][0xffffffb4][0xfffffff8]8[0x4][0xffffff95][0x16][0xfffffff7][0xffffffc7]Si[0xfffffff1][0xfffffffe]h[0xffffff97][0xffffffb4][0x8]<Ri![0xffffffa8][0xffffffa4][0xffffffd2]"[0xffffffb0]I[0xffffffa4][0xffffffc5]Fh~Zl[0xffffff9c]z[0xffffffa5]E[0xffffffd4]([0xffffff9d][0x16][0xffffffca][0xffffffaa]tZD[0xffffffc9][0xffffff92]i[0xffffffb1];[0xffffff97]K[0xffffff8b]][0xffffffc1][0xffffff97][0xffffffd2][0xffffffe2][0xffffff98][0xffffffcd][0xffffffac]-[0xffffffee]'[0xffffffc2][0xffffffe3][0xffffffe2][0xffffffed][0xc]|]|;[0x5][0xffffff95][0x17]o[0xffffffcf][0xffffffa7][0xfffffffa][0xffffffe2][0xffffffe3][0xffffffd9].[0xffffff81][0x11][0xffffffa1][0xffffffa4][\n]"
12:49:33.309 [main] DEBUG org.apache.hc.client5.http.wire - http-outgoing-1 << "C[0xffffffa1]I%F[0x4][0xffffff94]h[0xffffff8c][0x1d][0xffffffd3][0xfffffffc][0xffffffc8][0xffffffd8]a[0xfffffff5][0xffffffaa][0xc]!T:3[0xffffffa4]_[0xffffffe9][0xffffffce][0x10][0xffffffba]%C#[0xffffffd8][0xffffff97]+[0xffffff8d] [0xffffffe3]WR[0xffffffa3][0xffffffbc][0xffffffff]+[0xffffffe2]#[0xffffffe6][0xffffffb5][0xffffff8e]Z[0xffffffd3]C[0xffffffe3][0xfffffff3]<Tf|9[0x1][0x16][0x19][0xffffffdb][0x19][0xffffff92][0x13][0xffffffe3][0xffffffcb][0xffffffd3][0xffffff93][0x3][0xffffffe3][0xffffffd7]O[0xffffff86][0xfffffff3][0xffffffe2])[0xffffff8a][0xffffffc9]q[0xfffffff1][0x3] [0xffffff93][0xffffffd3][0xffffffe2])[0xffffff96][0xffffff89]a[0xfffffff1][0x4][0xffffffce][0xffffffb4][0xffffffac]x[0xffffff82][0xffffffa8]ET<[0xffffff97]'[0xffffff94][0x14]?r)[0x14][0x14][0xffffffcf][0xffffffd5][\n]"
12:49:33.309 [main] DEBUG org.apache.hc.client5.http.wire - http-outgoing-1 << "[0xffffffe4][0xffffffc4]3[0xffffffd3][0xffffffa6][0xffffffc7][0xffffffc4]3[0xfffffff1]^H[0xffffff89][0xffffffa5]Rb[0x1d][0xfffffff9][0xffffff8b][0xffffffb9]?[0xffffffcf][0x3][0xffffffa7][0xffffffc4]2H[0xffffff89][0x15]yO[0x4]|a)[0xffffffb1][0xffffff9c]R"[0xffffffa2][0xffffffc8][0xffffffa4][0xffffff84][0x2][0xffffff92]I[0xffffff89][0xffffff88]e~J[0xffffffec]pf[0xffffffa7][0xffffffc4][0xffffff8e][0xffffffa8]SJ[0x8]y[0xffffffb2])!][0xffffffca][0xffffffa6][0xffffff84]P+[0xffffff97][0x12][0xffffffc1][0xffffffb4]TJ[0x4][0xfffffff1][0xffffffbe][0xffffff9e][0x12][0xffffffe3]&R[0xffffffa2][0x1d][0xfffffff5][0x6][0xffffffa5][0xffffffc4][0xffffffdb]y[0xffffffd8][0xffffff94]x[0xffffff9c][0x0]N[0xffffff89][0xffffffef]g@R[0xffffffe2][0xfffffff1]t$%[0xffffffbe]=[0xffffffd9]"%[0x4][0xffffff8a]HJH [0xffffff91][0xffffff94][0x10]X[0xffffffa6][0xffffffa7]D[0xffffff80]39%[0x2][0xffffffa2]F)[0xffffffa1][0xffffffe4][0xffffff89][0xffffffa6][0xffffff84]v)[0xffffff9a][0x12]J[0xffffffad]XJD[0xffffffd3]B)[0x11][0xffffffc5]{)%[0xffffffaa]YJT<%[0xffffffaa]AJT4%*[0xffffff96][0x12][0xffffffd5])%v[0x14][0xffffffa9][0xffffff94][0xffffff88]@R)[0xffffffb1]cI[0xffffffa4]D[0xffffff85]S[0xffffffa2][0x1a][0xffffffa7]D[0xffffff90]'[0xffffff9d][0x12][0xffffffc2][0xffffffa5]tJ[0x4][0xffffffb5][0xffffff92])Q]R[0xffffffa2][0xfffffffe][0x1d]R"[0xe]|[0xffffffb0])[0xffffff81][0xffffffcd]{|9[0x1][0xffffff9f][0x12][0xffffffc8][0xffffffb4][0xffffffc7][0xffffff97][0xffffffa7]S)[0xffffffe1]0[0xffffffeb][0xfffffff1][0x14]E*%[0xfffffff0]I[0xffffff8f][0xffffffa7]X[0x12])[0x1][0xffffffcd]y<A[0xffffffd4]+%\[0xffffffa6]<~[0xffffffe4]R:%[0x1c]f<[0xffffff9e][0xffffff99][0xffffff96]K[0xffffff89][0xffffff9f][0xffffff98][0xfffffff0][0xfffffff8][0xfffffff8]7[0xe][0xfffffff5][0x3]G[0x1b][0xfffffff9][0xfffffff3][0x1d][0xffffff9f][0xffffffe7][0xffffff81]S[0xffffffe2]0[0xfffffff8][0xffffff81][0xffffffe3][0xffffff88]o[0xffffffe1][0x12][0x1]?[0xffffffb0][0x1f]8[0xe][0xffffffa7][0x1f]8"[0xffffff8a]LJ( [0xffffff99][0xffffff94][0xffffff88]X[0xffffffe6][0xffffffa7][0xffffffc4][0xe]gvJ[0xffffffec][0xffffff88]:[0xffffffa5][0xffffff84][0xffffff90]"
12:49:33.309 [main] DEBUG org.apache.hc.client5.http.wire - http-outgoing-1 << "'[0xffffff9b][0x12][0xffffffd2][0xffffffa5]lJ[0x8][0xffffffb5]r)[0x11]LK[0xffffffa5]D[0x10][0xffffffef][0xffffff85][0xffffff94](*%f[0xffffffc1][0xffffffde]J[0x14]<%[0xffffff8a]AJ[0xffffff94][0xffffffc8]{"[0xffffffe0][0x5]K[0xffffff89][0xffffffe2][0xffffff94][0x12][0x11]E&%[0x14][0xffffff90]LJD,[0xfffffff3]Sb[0xffffff87]3;%vD[0xffffff9d]RB[0xffffffc8][0xffffff93]M[0x9][0xffffffe9]R6%[0xffffff84]Z[0xffffffb9][0xffffff94][0x8][0xffffffa6][0xffffffa5]R"[0xffffff88][0xfffffff7]BJT[0xffffff99][0x12]cR)Q[0xfffffff1][0xffffff94][0xffffffa8][0x6])Q#[0xffffffef][0xffffff89][0xffffff80]W,%[0xffffffaa]SJD[0x14][0xffffff99][0xffffff94]P@2)[0x11][0xffffffb1][0xffffffcc]O[0xffffff89][0x1d][0xffffffce][0xffffffec][0xffffff94][0xffffffd8][0x11]uJ[0x9]!O6%[0xffffffa4]K[0xffffffd9][0xffffff94][0x10]j[0xffffffe5]R"[0xffffff98][0xffffff96]J[0xffffff89] [0xffffffde][0xb])[0xffffffd1]DJ[0xffffff9c][0xffffffb5]/*%[0x1a][0xffffff9e][0x12][0xffffffcd] %Z[0xffffffe4]=[0x11][0xfffffff0][0xffffff86][0xffffffa5]DsJ[0xffffff89][0xffffff88]"[0xffffff93][0x12][\n]"
12:49:33.309 [main] DEBUG org.apache.hc.client5.http.wire - http-outgoing-1 << "H&%"[0xffffff96][0xfffffff9])[0xffffffb1][0xffffffc3][0xffffff99][0xffffff9d][0x12];[0xffffffa2]N)![0xffffffe4][0xffffffc9][0xffffffa6][0xffffff84]t)[0xffffff9b][0x12]B[0xffffffad]\J[0x4][0xffffffd3]R)[0x11][0xffffffc4]{!%N[0xffffff95][0x12][0xffffffed][0xffffffa0]VT[0xffffffbd][0xffffff9d][0x7]N[0xffffff89][0xffffffd3] %[0xffffffce][0xffffffc8]{"[0xffffffe0]'[0xffffff96][0x12][0xffffffa7]SJD[0x14][0xffffff99][0xffffff94]P@2)[0x11][0xffffffb1][0xffffffcc]O[0xffffff89][0x1d][0xffffffce][0xffffffec][0xffffff94][0xffffffd8][0x11]uJ[0x9]!O6%[0xffffffa4]K[0xffffffd9][0xffffff94][0x10]j[0xffffffe5]R"[0xffffff98][0xffffff96]J[0xffffff89] [0xffffffde][0xb])[0xffffffd1]eJ[0xffffff9c][0xffffff9d]J[0xffffff89][0xffffff8e][0xffffffa7]D7H[0xffffff89][0x1e]yO[0x4][0xffffffbc]c)[0xffffffd1][0xffffff9d]R"[0xffffffa2][0xffffffc8][0xffffffa4][0xffffff84][0x2][0xffffff92]I[0xffffff89][0xffffff88]e~J[0xffffffec]pf[0xffffffa7][0xffffffc4][0xffffff8e][0xffffffa8]SJ[0x8]y[0xffffffb2])!][0xffffffca][0xffffffa6][0xffffff84]P+[0xffffff97][0x12][0xffffffc1][0xffffffb4]TJ[0x4][0xfffffff1]^H[0xffffff89]!Sbaw%[0x6][0xffffff9e][0x12][0xffffffc3] %F[0xffffffe4]=[0x11][0xfffffff0][0xffffff81][0xffffffa5][0xffffffc4]pJ[0xffffff89][0xffffff88]"[0xffffff93][0x12][\n]"
12:49:33.309 [main] DEBUG org.apache.hc.client5.http.wire - http-outgoing-1 << "H&%"[0xffffff96][0xfffffff9])[0xffffffb1][0xffffffc3][0xffffff99][0xffffff9d][0x12];[0xffffffa2]N)![0xffffffe4][0xffffffc9][0xffffffa6][0xffffff84]t)[0xffffff9b][0x12]B[0xffffffad]\J[0x4][0xffffffd3]R)[0x11][0xffffffc4]{!%[0xffffffd4]78[0xffffffce][0xfffffff3][0xffffffc4][0xffffffee]J[0xffffffe0][0xffffffdf][0xffffffe0][0x18][0x6][0xffffffdf][0xffffffe0][0x18]bQ|"[0xffffffe0][0xffffffd8]78FX[0x5]O[0xffffffa6][0xffffff84][0xffffffc9]78$[0xffffff90]LJ[0x18]|[0xffffff83]#[0xffffffc0][0xffffff99][0xffffff9d][0x12][0xffffffc6][0xffffffdf][0xffffffe0]P[0xfffffff2]dS[0xffffffc2][0xffffffef][0x1b][0x1c]J[0xffffffad]\J[0xffffffb8]|[0xffffff83]#[0xffffff8a][0xfffffff7]BJ[0xffffffa8]op[0xffffff9c][0xffffffe3][0xffffff86][0xffffffbd][0xffffff95][0xffffffc0][0xffffffbf][0xffffffc1]1[0xc][0xffffffbe][0xffffffc1]1[0xffffffc4][0xffffffa2][0xfffffff8]D[0xffffffc0][0xffffffb1]op[0xffffff8c][0xffffffb0][\n]"
12:49:33.311 [main] DEBUG org.apache.hc.client5.http.wire - http-outgoing-1 << "[0xffffff9e]L[0x9][0xffffff93]opH [0xffffff99][0xffffff94]0[0xfffffff8][0x6]G[0xffffff80]3;%[0xffffff8c][0xffffffbf][0xffffffc1][0xffffffa1][0xffffffe4][0xffffffc9][0xffffffa6][0xffffff84][0xffffffdf]78[0xffffff94]Z[0xffffffb9][0xffffff94]p[0xfffffff9][0x6]G[0x14][0xffffffef][0xffffffa5][0xffffff94](f)Q[0xfffffff0][0xffffff94]([0x6])Q[0xffffffd0][0xffffff94](XJ[0x14][0xffffffa7][0xffffff94][0xffffffd8]Q[0xffffffa4]R"[0x2]I[0xffffffa5][0xffffffc4][0xffffff8e]%[0xffffff91][0x12][0x5]N[0xffffff89]b[0xffffff9c][0x12]A[0xffffff9e]tJ[0x8][0xffffff97][0xffffffd2])[0x11][0xffffffd4]J[0xffffffa6]DqI[0xffffff89][0xfffffff2][0xffffffb3])1[0xffffffd5][0xffffffe7][0xffffffbc][0xfffffffa]q[0xffffffa3]~[0xffffffe0][0xffffff98][0xfffffff8][0xffffffe7][0xffffffbc][0xffffffa6][0xffffffc1][0xffffffe7][0xffffffbc][0xffffffa6][0xfffffff8][0xffffffe6]L[0x1e][0xffffffe0][0x13][0xfffffffb][0xffffff9c][0xffffffd7][0xc]_[0xffffff95][0x1]SB[0xffffffa0][0xffffff88][0xffffffa4][0xffffff84][0x4][0x12]I[0x9][0xffffff81]ezJ[0x4]8[0xffffff93]S" j[0xffffff94][0x12]J[0xffffff9e]hJh[0xffffff97][0xffffffa2])[0xffffffa1][0xffffffd4][0xffffff8a][0xffffffa5]D4-[0xffffff94][0x12]Q[0xffffffbc][0x17]RB-[0xffffffce][0xffffffee]eRo%&[0xffffffbe]8{[0x1a],[0xffffffce][0xffffff9e]b[0xffffffbb]k"[0xffffffe0][0xffffffd8][0xffffffe2][0xffffffec][0x19][0xfffffff6][0xffffffb7][0xffffff92])a[0xffffffb2]8[[0x2][0xffffffc9][0xffffffa4][0xffffff84][0xffffffc1][0xffffffe2][0xffffffec][0x0]gvJ[0x18]/[0xffffffce]V[0xfffffff2]dS[0xffffffc2]oq[0xffffffb6]R+[0xffffff97][0x12].[0xffffff8b][0xffffffb3][0xffffffa3]x/[0xffffffa4]DQ)1[0x1a][0xffffff96][0x12][0x5]O[0xffffff89]b[0xffffff90][0x12]%[0xfffffff2][0xffffff9e][0x8]x[0xffffffc1]R[0xffffffa2]8[0xffffffa5]DD[0xffffff91]I[0x9][0x5]$[0xffffff93][0x12][0x11][0xffffffcb][0xfffffffc][0xffffff94][0xffffffd8][0xffffffe1][0xffffffcc]N[0xffffff89][0x1d]Q[0xffffffa7][0xffffff94][0x10][0xfffffff2]dSB[0xffffffba][0xffffff94]M[0x9][0xffffffa1]V.%[0xffffff82]i[0xffffffa9][0xffffff94][0x8][0xffffffe2][0xffffffbd][0xffffff90][0x12]jqv_[0x7][0xffffff96][0x12][0xfffffff8][0xffffffe2][0xffffffec]i[0xffffffb0]8{[0xffffff8a][0xffffffed][0xffffffae][0xffffff89][0xffffff80]c[0xffffff8b][0xffffffb3]g[0xffffffd8][0xffffffdf]J[0xffffffa6][0xffffff84][0xffffffc9][0xffffffe2]l[0x9]$[0xffffff93][0x12][0x6][0xffffff8b][0xffffffb3][0x3][0xffffff9c][0xffffffd9])a[0xffffffbc]8[[0xffffffc9][0xffffff93]M[0x9][0xffffffbf][0xffffffc5][0xffffffd9]J[0xffffffad]\J[0xffffffb8],[0xffffffce][0xffffff8e][0xffffffe2][0xffffffbd][0xffffff90][0x12]jq[0xfffffff6][0xffffffa8][0xffffffb7][0xffffff93]J[0x9]|q[0xfffffff6]4X[0xffffff9c]=[0xffffffc5]v[0xffffffd7]D[0xffffffc0][0xffffffb1][0xffffffc5][0xffffffd9]3[0xffffffec]o%S[0xffffffc2]dq[0xffffffb6][0x4][0xffffff92]I[0x9][0xffffff83][0xffffffc5][0xffffffd9][0x1][0xffffffce][0xffffffec][0xffffff94]0^[0xffffff9c][0xffffffad][0xffffffe4][0xffffffc9][0xffffffa6][0xffffff84][0xffffffdf][0xffffffe2]l[0xffffffa5]V.%\[0x16]gG[0xfffffff1]^H[0x9][0xffffffb5]8{[0xffffffb4][0xffffff85]][0xffffffbb][0xffffffc4][0x17]gO[0xffffff83][0xffffffc5][0xffffffd9]SlwM[0x4][0x1c][[0xffffff9c]=[0xffffffc3][0xfffffffe]V2%L[0x16]gK [0xffffff99][0xffffff94]0X[0xffffff9c][0x1d][0xffffffe0][0xffffffcc]N[0x9][0xffffffe3][0xffffffc5][0xffffffd9]J[0xffffff9e]lJ[0xfffffff8]-[0xffffffce]Vj[0xffffffe5]R[0xffffffc2]eqv[0x14][0xffffffef][0xffffff85][0xffffff94]P[0xffffff8b][0xffffffb3][0xffffffc7]\[0xffffffd4]G[0xffffffc6]'[0xffffffbe]8{[0x1a],[0xffffffce][0xffffff9e]b[0xffffffbb]k"[0xffffffe0][0xffffffd8][0xffffffe2][0xffffffec][0x19][0xfffffff6][0xffffffb7][0xffffff92])a[0xffffffb2]8[[0x2][0xffffffc9][0xffffffa4][0xffffff84][0xffffffc1][0xffffffe2][0xffffffec][0x0]gvJ[0x18]/[0xffffffce]V[0xfffffff2]dS[0xffffffc2]oq[0xffffffb6]R+[0xffffff97][0x12].[0xffffff8b][0xffffffb3][0xffffffa3]x/[0xffffffa4][0xffffff84]Z[0xffffff9c]=o[0xffffffd8]78&[0xffffffbe]8{[0x1a],[0xffffffce][0xffffff9e]b[0xffffffbb]k"[0xffffffe0][0xffffffd8][0xffffffe2][0xffffffec][0x19][0xfffffff6][0xffffffb7][0xffffff92])a[0xffffffb2]8[[0x2][0xffffffc9][0xffffffa4][0xffffff84][0xffffffc1][0xffffffe2][0xffffffec][0x0]gvJ[0x18]/[0xffffffce]V[0xfffffff2]dS[0xffffffc2]oq[0xffffffb6]R+[0xffffff97][0x12].[0xffffff8b][0xffffffb3][0xffffffa3]x/[0xffffffa4][0xffffff84]Z[0xffffff9c]=+[0xffffffb6]8{[0xffffffe2][0xffffff8b][0xffffffb3][0xffffffa7][0xffffffc1][0xffffffe2][0xffffffec])[0xffffffb6][0xffffffbb]&[0x2][0xffffff8e]-[0xffffffce][0xffffff9e]a[0x7f]+[0xffffff99][0x12]&[0xffffff8b][0xffffffb3]%[0xffffff90]LJ[0x18],[0xffffffce][0xe]pf[0xffffffa7][0xffffff84][0xfffffff1][0xffffffe2]l%O6%[0xfffffffc][0x16]g+[0xffffffb5]r)[0xffffffe1][0xffffffb2]8;[0xffffff8a][0xfffffff7]BJ[0xffffffa8][0xffffffc5][0xffffffd9][0xffffff93][0xfffffffb][0xffffffc8][0xfffffff8][0xffffffc4][0x17]gO[0xffffff83][0xffffffc5][0xffffffd9]SlwM[0x4][0x1c][[0xffffff9c]=[0xffffffc3][0xfffffffe]V2%L[0x16]gK [0xffffff99][0xffffff94]0X[0xffffff9c][0x1d][0xffffffe0][0xffffffcc]N[0x9][0xffffffe3][0xffffffc5][0xffffffd9]J[0xffffff9e]lJ[0xfffffff8]-[0xffffffce]Vj[0xffffffe5]R[0xffffffc2]eqv[0x14][0xffffffef][0xffffffeb])[0xffffffb1][0xffffffd4][0xffffffb6][0xffffffcb][0xffffffd9]*[0xfffffff5]Vb[0xffffffe1][0xffffffdb].[0xffffff97][0xffffffc1][0xffffffb6][0xffffffcb]%V[0xffffffb2][0xffffffe5][0x1][0xffffffbe][0xffffffb0]m[0xffffff97]+,][0x3]SB[0xffffffa0][0xffffff88][0xffffffa4][0xffffff84][0x4][0x12]I[0x9][0xffffff81]ezJ[0x4]8[0xffffff93]S" j[0xffffff94][0x12]J[0xffffff9e]hJh[0xffffff97][0xffffffa2])[0xffffffa1][0xffffffd4][0xffffff8a][0xffffffa5]D4-[0xffffff94][0x12]Q[0xffffffbc][0x17]R[0xffffffa2][0xffffffc8][0xffffff94]X[0x7][0xffffff95][0x12][0x5]O[0xffffff89]b[0xffffff90][0x12]%[0xfffffff2][0xffffff9e][0x8]x[0xffffffc1]R[0xffffffa2]8[0xffffffa5]"
12:49:33.311 [main] DEBUG org.apache.hc.client5.http.wire - http-outgoing-1 << "DD[0xffffff91]I[0x9][0x5]$[0xffffff93][0x12][0x11][0xffffffcb][0xfffffffc][0xffffff94][0xffffffd8][0xffffffe1][0xffffffcc]N[0xffffff89][0x1d]Q[0xffffffa7][0xffffff94][0x10][0xfffffff2]dSB[0xffffffba][0xffffff94]M[0x9][0xffffffa1]V.%[0xffffff82]i[0xffffffa9][0xffffff94][0x8][0xffffffe2][0xffffffbd][0xffffff90][0x12]jE[0xffffffd5]<'[0xfffffff5][0x3][0xffffffc7][0xffffffc2]WT-[0xffffff83][0x15]UK[0xffffffec]QI[0x4][0x1c][Q[0xffffffb5][0xffffffc2][0xffffffa6][0x14]2%LVTI [0xffffff99][0xffffff94]0XQ[0x15][0xffffffe0][0xffffffcc]N[0x9][0xffffffe3][0x15]UJ[0xffffff9e]lJ[0xfffffff8][0xffffffad][0xffffffa8]Rj[0xffffffe5]R[0xffffffc2]eEU[0x14][0xffffffef][0xffffff85][0xffffff94]P+[0xffffffaa][0xffffffe6]:[0xffffffa8][0x9][0xffffff8e][0xffffff85][0xffffffaf][0xffffffa8]Z[0x6]+[0xffffffaa][0xffffff96][0xffffffd8][0xffffffa3][0xffffff92][0x8]8[0xffffffb6][0xffffffa2]j[0xffffff85]M)dJ[0xffffff98][0xffffffac][0xffffffa8][0xffffff92]@2)a[0xffffffb0][0xffffffa2]*[0xffffffc0][0xffffff99][0xffffff9d][0x12][0xffffffc6]+[0xffffffaa][0xffffff94]<[0xffffffd9][0xffffff94][0xfffffff0][Q[0xffffffa5][0xffffffd4][0xffffffca][0xffffffa5][0xffffff84][0xffffffcb][0xffffff8a][0xffffffaa]([0xffffffde][0xb])[0xffffffa1]VT[0xffffffad][0x3][[0xffffff9c][0xffffffbd][0xfffffff0][0x15]U[0xffffffcb]`E[0xffffffd5][0x12]{T[0x12][0x1][0xffffffc7]VT[0xffffffad][0xffffffb0])[0xffffff85]L[0x9][0xffffff93][0x15]U[0x12]H&%[0xc]VT[0x5]8[0xffffffb3]S[0xffffffc2]xE[0xffffff95][0xffffff92]'[0xffffff9b][0x12]~+[0xffffffaa][0xffffff94]Z[0xffffffb9][0xffffff94]pYQ[0x15][0xffffffc5]{)%[0xffffff8a]YJ[0x14]<%[0xffffff8a]AJ[0x14]4%[\n]"
12:49:33.311 [main] DEBUG org.apache.hc.client5.http.wire - http-outgoing-1 << "[0xffffff96][0x12][0xffffffc5])%v[0x14][0xffffffa9][0xffffff94][0xffffff88]@R)[0xffffffb1]cI[0xffffffa4]D[0xffffff81]S[0xffffffa2][0x18][0xffffffa7]D[0xffffff90]'[0xffffff9d][0x12][0xffffffc2][0xffffffa5]tJ[0x4][0xffffffb5][0xffffff92])Q\R[0xffffffa2][0xfffffffc]tJ[0xffffffa8]m[0xffffff97][0xffffffeb]<[0x6][0xffffff95][0x12][0xfffffff8][0xffffffb6][0xffffffcb]e[0xffffffb0][0xffffffed]r[0xffffff89][0xffffff95]l[0xffffff89][0xffffff80]c[0xffffffdb].WX[0xffffffba]F[0xffffffa6][0xffffff84][0xffffffc9][0xffffffb6]K[0x9]$[0xffffff93][0x12][0x6][0xffffffdb].[0x3][0xffffff9c][0xffffffd9])a[0xffffffbc][0xffffffed]R[0xffffffc9][0xffffff93]M[0x9][0xffffffbf]m[0xffffff97]J[0xffffffad]\J[0xffffffb8]l[0xffffffbb][0xffffff8c][0xffffffe2][0xffffffbd][0xffffff90][0x12]j[0xffffffdb][0xffffffe5][0xffffffea][\r][0xffffff9b][0xffffffe0][0xffffffc0][0xffffffb7]].[0xffffff83]m[0xffffff97]K[0xffffffac]dK[0x4][0x1c][0xffffffdb]v[0xffffffb9][0xffffffc2][0xffffffd2]52%L[0xffffffb6]]J [0xffffff99][0xffffff94]0[0xffffffd8]v[0x19][0xffffffe0][0xffffffcc]N[0x9][0xffffffe3]m[0xffffff97]J[0xffffff9e]lJ[0xfffffff8]m[0xffffffbb]Tj[0xffffffe5]R[0xffffffc2]e[0xffffffdb]e[0x14][0xffffffef][0xffffff85][0xffffff94][0x10]+[0xffffffaa][0xffffffda][0xffffffed][0xffffffb8]5*%[0xfffffff0][0x15]U[0xffffffcb]`E[0xffffffd5][0x12]{T[0x12][0x1][0xffffffc7]VT[0xffffffad][0xffffffb0])[0xffffff85]L[0x9][0xffffff93][0x15]U[0x12]H&%[0xc]VT[0x5]8[0xffffffb3]S[0xffffffc2]xE[0xffffff95][0xffffff92]'[0xffffff9b][0x12]~+[0xffffffaa][0xffffff94]Z[0xffffffb9][0xffffff94]pYQ[0x15][0xffffffc5][0xfffffffb]rJ[0xffffff94][0xffffff9b]XQ[0xffffffd5]n[0xffffffad]@?p<[0xffffffce][0xffffff83][0xffffffa6][0xffffffc4][0xfffffffb][0x9][0xffffffd8][0xffffff94][0xfffffff8]<[0x3][0xffffff91][0x12][0xffffffef]O'R[0xffffffe2][0xfffffffb][0xffffff93][0x1d]RB[0xffffffa1]H[0xffffffa4][0xffffff84][0x6][0xffffff92]H[0x9][0xffffff85]evJD8sS""[0xffffffea][0xffffff93][0x12]R[0xffffff9e]dJ<q)[0xffffff99][0x12]R[0xffffffad]TJ[0x8][0xffffffd3]2)![0xffffffc4]{!%[0xe][0xffffff95][0x12]g[0xffffff87]~[0xffffffe0]x[0xffffff9c][0x7]N[0xffffff89][0xffffffc3] %[0xffffff8e][0xffffffc8]{"[0xffffffe0][0x7][0xffffff96][0x12][0xffffff87]SJD[0x14][0xffffff99][0xffffff94]P@2)[0x11][0xffffffb1][0xffffffcc]O[0xffffff89][0x1d][0xffffffce][0xffffffec][0xffffff94][0xffffffd8][0x11]uJ[0x9]!O6%[0xffffffa4]K[0xffffffd9][0xffffff94][0x10]j[0xffffffe5]R"[0xffffff98][0xffffff96]J[0xffffff89] [0xffffffde][0xb])QTJ[0xfffffff4][0x13]ZQ[0xfffffff5]8[0xf][0xffffff9c][0x12][0xffffffc5] %J[0xffffffe4]=[0x11][0xfffffff0][0xffffff82][0xffffffa5]DqJ[0xffffff89][0xffffff88]"[0xffffff93][0x12][\n]"
12:49:33.311 [main] DEBUG org.apache.hc.client5.http.wire - http-outgoing-1 << "H&%"[0xffffff96][0xfffffff9])[0xffffffb1][0xffffffc3][0xffffff99][0xffffff9d][0x12];[0xffffffa2]N)![0xffffffe4][0xffffffc9][0xffffffa6][0xffffff84]t)[0xffffff9b][0x12]B[0xffffffad]\J[0x4][0xffffffd3]R)[0x11][0xffffffc4]{!%[0xffffffc4][0xffffffb6][0xffffffcb]v[0x1b][0xffffffb7][0x1b][0xffffff95][0x12][0xfffffff4][0xffffffb6][0xffffffcb][0xfffffff7][0x13][0xffffffd0])An[0xffffffbb]|[0x7f]:[0xffffff93][0x12]F[0xffffffdb].[0x15][0xffffff8a]LJ[0xffffffb8]l[0xffffffbb]TX[0xffffffe6][0xffffffa7][0x4][0xffffffbb][0xffffffed]2"[0xffffffea][0xffffff94][0x12]f[0xffffffdb].[0xffffff9f][0xffffffb8][0xffffff94]M[0x9][0xffffffa3]m[0xffffff97][0xffffffc2][0xffffffb4]TJ[0xfffffffc][0xfffffffc][0xffffffb6][0xffffffcb]r[0x13][0xffffffdb].[0xffffffef])AMp<[0xffffffce][0x3][0xffffffa7][0x4][0xffffffbf][0xffffffed][0xfffffff2][0xfffffff3][0xc]LJP[0xffffffdb].[0xffffffbf]?[0xffffffd9]#%<[0xffffffb6]]j [0xffffff99][0xffffff94][0xffffffe0][0xffffffb7]]F8[0xffffffb3]S[0xffffffc2]w[0xffffffdb][0xffffffa5][0xffffff94]'[0xffffff9b][0x12]v[0xffffffdb].[0xffffffa5]Z[0xffffffb9][0xffffff94]0[0xffffffd9]v)[0xffffffc4]{!%[0xffffffc4]^[0xffffff89]v[0xffffff9b][0x15][0xfffffffb][0xffffff81][0xffffff83][0xffffffde]+[0xfffffff1]~[0x2]:%[0xffffffc8][0xffffffbd][0x12][0xffffffef]OgR[0xffffffc2]h[0xffffffaf][0xffffff84]B[0xffffff91]I[0x9][0xffffff97][0xffffffbd][0x12][\n]"
12:49:33.311 [main] DEBUG org.apache.hc.client5.http.wire - http-outgoing-1 << "[0xffffffcb][0xfffffffc][0xffffff94]`[0xfffffff7]JDD[0xffffff9d]R[0xffffffc2]l[0xffffffaf][0xffffffc4][0x13][0xffffff97][0xffffffb2])a[0xffffffb4]WB[0xffffff98][0xffffff96]J[0xffffff89][0xffffff9f][0xffffffdf]+Qnb[0xffffffaf][0xffffffc4]=%&[0xfffffff4][0xffffff91][0xfffffff1][0xffffffc7]y[0xffffffe0][0xffffff94][0xffffffe0][0xfffffff7]J|[0xffffff9e][0xffffff81]I[0x9]j[0xffffffaf][0xffffffc4][0xfffffff7]'{[0xffffffa4][0xffffff84][0xffffffc7]^[0x9][\r]$[0xffffff93][0x12][0xfffffffc]^[0xffffff89][0x8]gvJ[0xfffffff8][0xffffffee][0xffffff95][0xffffff90][0xfffffff2]dS[0xffffffc2]n[0xffffffaf][0xffffff84]T+[0xffffff97][0x12]&{%[0xffffff84]x/[0xffffffa4][0xffffffc4]T)[0xffffffb1][0x1a]vWb[0xffffffe2])1[\r]RbF[0xffffffde][0x13][0x1][0xffffff9f]XJL[0xffffffa7][0xffffff94][0xffffff88](2)[0xffffffa1][0xffffff80]dR"b[0xffffff99][0xffffff9f][0x12];[0xffffff9c][0xffffffd9])[0xffffffb1]#[0xffffffea][0xffffff94][0x12]B[0xffffff9e]lJH[0xffffff97][0xffffffb2])![0xffffffd4][0xffffffca][0xffffffa5]D0-[0xffffff95][0x12]A[0xffffffbc][0x17]RB[0xffffffae][0xffffffa8]Z[0xffffffab]Q)A[0xffffffaf][0xffffffa8]z?[0x1][0xffffff9d][0x12][0xffffffe4][0xffffff8a][0xffffffaa][0xfffffff7][0xffffffa7]3)a[0xffffffb4][0xffffffa2]J[0xffffffa1][0xffffffc8][0xffffffa4][0xffffff84][0xffffffcb][0xffffff8a]*[0xffffff85]e~J[0xffffffb0]+[0xffffffaa]"[0xffffffa2]N)a[0xffffffb6][0xffffffa2][0xffffffea][0xffffff89]K[0xffffffd9][0xffffff94]0ZQ%LK[0xffffffa5][0xffffffc4][0xffffffdf]aE[0xffffffd5][0xffffffa1]VT[0x1d]7[0xffffffec][0x7][0xffffff8e][0x3]_Qu[0x18][0xffffffac][0xffffffa8]:[0xffffffc4][0x1e][0xffffff95]<[0xffffffc0][0xf]lE[0xffffffd5][0x11]6[0xffffffa5][0xffffff80])!PDRB[0x2][0xffffff89][0xffffffa4][0xffffff84][0xffffffc0]2=%[0x2][0xffffff9c][0xffffffc9])[0x11][0x10]5J[0x9]%O4%[0xffffffb4]K[0xffffffd1][0xffffff94]Pj[0xffffffc5]R"[0xffffff9a][0x16]J[0xffffff89]([0xffffffde][0xb])[0xffffffa1]VT[0x1d][0x7][0xffffffb6]W[0xffffffe2][0xffffffc0]WT[0x1d][0x6]+[0xffffffaa][0xe][0xffffffb1]G%[0x11]plE[0xffffffd5][0x11]6[0xffffffa5][0xffffff90])a[0xffffffb2][0xffffffa2]J[0x2][0xffffffc9][0xffffffa4][0xffffff84][0xffffffc1][0xffffff8a][0xffffffaa][0x0]gvJ[0x18][0xffffffaf][0xffffffa8]R[0xfffffff2]dS[0xffffffc2]oE[0xffffff95]R+[0xffffff97][0x12].+[0xffffffaa][0xffffffa2]x/[0xffffffa4]DQ)Q[0x16]uW[0xffffffe2][0xffffffed]<pJ[0x14][0xffffff83][0xffffff94]([0xffffff91][0xfffffff7]D[0xffffffc0][0xb][0xffffff96][0x12][0xffffffc5])%"[0xffffff8a]LJ( [0xffffff99][0xffffff94][0xffffff88]X[0xffffffe6][0xffffffa7][0xffffffc4][0xe]gvJ[0xffffffec][0xffffff88]:[0xffffffa5][0xffffff84][0xffffff90]'[0xffffff9b][0x12][0xffffffd2][0xffffffa5]lJ[0x8][0xffffffb5]r)[0x11]LK[0xffffffa5]D[0x10][0xffffffef][0xffffff85][0xffffff94]P{%[0xffffff8e]V[0xffffffa9]op[0x1c][0xfffffff8]^[0xffffff89][0xffffffc3]`[0xffffffaf][0xffffffc4]![0xffffff86][0xffffff9f][0x13][0x1][0xffffffc7][0xfffffff6]J[0x1c]a[0xffffffbc][0xffffff99]L[0x9][0xffffff93][0xffffffbd][0x12][0x12]H&%[0xc][0xfffffff6]J[0x4]8[0xffffffb3]S[0xffffffc2]x[0xffffffaf][0xffffff84][0xffffff92]'[0xffffff9b][0x12]~{%[0xffffff94]Z[0xffffffb9][0xffffff94]p[0xffffffd9]+[0x11][0xffffffc5]{!"
12:49:33.312 [main] DEBUG org.apache.hc.client5.http.wire - http-outgoing-1 << "%N[0xffffff95][0x12][0xffffffe7][\r][0xffffffbb]+q[0xffffffe2])q[0x1a][0xffffffa4][0xffffffc4][0x19]yO[0x4][0xfffffffc][0xffffffc4]R[0xffffffe2]tJ[0xffffff89][0xffffff88]"[0xffffff93][0x12][\n]"
12:49:33.312 [main] DEBUG org.apache.hc.client5.http.wire - http-outgoing-1 << "H&%"[0xffffff96][0xfffffff9])[0xffffffb1][0xffffffc3][0xffffff99][0xffffff9d][0x12];[0xffffffa2]N)![0xffffffe4][0xffffffc9][0xffffffa6][0xffffff84]t)[0xffffff9b][0x12]B[0xffffffad]\J[0x4][0xffffffd3]R)[0x11][0xffffffc4]{!%[0xffffffd4][0xffffff8a][0xffffffaa][0xffffffe3][0xffffffec][0xffffff9d]J[0x9]|E[0xffffffd5]a[0xffffffb0][0xffffffa2][0xffffffea][0x10]{T[0x12][0x1][0xffffffc7]VT[0x1d]aS[\n]"
12:49:33.312 [main] DEBUG org.apache.hc.client5.http.wire - http-outgoing-1 << "[0xffffff99][0x12]&+[0xffffffaa]$[0xffffff90]LJ[0x18][0xffffffac][0xffffffa8][\n]"
12:49:33.312 [main] DEBUG org.apache.hc.client5.http.wire - http-outgoing-1 << "pf[0xffffffa7][0xffffff84][0xfffffff1][0xffffff8a]*%O6%[0xfffffffc]VT)[0xffffffb5]r)[0xffffffe1][0xffffffb2][0xffffffa2]*[0xffffff8a][0xfffffff7]BJ[0xffffffa8][0x15]U[0xffffffc7][0xffffffb9][\n]"
12:49:33.312 [main] DEBUG org.apache.hc.client5.http.wire - http-outgoing-1 << "[0xffffff95][0x12][0xfffffff8][0xffffff8a][0xffffffaa][0xffffffc3]`E[0xffffffd5]![0xfffffff6][0xffffffa8]$[0x2][0xffffff8e][0xffffffad][0xffffffa8]:[0xffffffc2][0xffffffa6][0x14]2%LVTI [0xffffff99][0xffffff94]0XQ[0x15][0xffffffe0][0xffffffcc]N[0x9][0xffffffe3][0x15]UJ[0xffffff9e]lJ[0xfffffff8][0xffffffad][0xffffffa8]Rj[0xffffffe5]R[0xffffffc2]eEU[0x14][0xffffffef][0xffffff85][0xffffff94]P+[0xffffffaa][0xffffff8e]^'[0xffffff95][0x12][0xfffffff8][0xffffff8a][0xffffffaa][0xffffffc3]`E[0xffffffd5]![0xfffffff6][0xffffffa8]$[0x2][0xffffff8e][0xffffffad][0xffffffa8]:[0xffffffc2][0xffffffa6][0x14]2%LVTI [0xffffff99][0xffffff94]0XQ[0x15][0xffffffe0][0xffffffcc]N[0x9][0xffffffe3][0x15]UJ[0xffffff9e]lJ[0xfffffff8][0xffffffad][0xffffffa8]Rj[0xffffffe5]R[0xffffffc2]eEU[0x14][0xffffffef][0xffffffeb])Q[0xffffffd4][0xffffff97]A[0xffffff8f]9[0xffffffa9][0xffffff94]([0xfffffff8][0xffffff97]A[0xffffff8b][0xffffffc1][0xffffff97]A[0xffffff8b][0xfffffff8]|][0x1e][0xffffffe0][0x5][0xfffffffb]2h[0x9][0x1f][0xffffffa8][0x3]SB[0xffffffa0][0xffffff88][0xffffffa4][0xffffff84][0x4][0x12]I[0x9][0xffffff81]ezJ[0x4]8[0xffffff93]S" j[0xffffff94][0x12]J[0xffffff9e]hJh[0xffffff97][0xffffffa2])[0xffffffa1][0xffffffd4][0xffffff8a][0xffffffa5]D4-[0xffffff94][0x12]Q[0xffffffbc][0x17]RBMp[0xffffffdc][0xffffffff]e[0xffffffea][0xffffffda]e[0xffffffc1]'8[0xffffff8a][0xffffffc1][0x4]G[0x11][0xffffffd7][0xffffff8c][0x13][0x1][0xffffffc7]&8J[0xffffffb8]HL[0xffffffa6][0xffffff84][0xffffffc9][0x4][0xffffff87][0x4][0xffffff92]I[0x9][0xffffff83][0x9][0xffffff8e][0x0]gvJ[0x18]Op(y[0xffffffb2])[0xffffffe1]7[0xffffffc1][0xffffffa1][0xffffffd4][0xffffffca][0xffffffa5][0xffffff84][0xffffffcb][0x4]G[0x14][0xffffffef][0xffffff85][0xffffff94]P[0x13][0x1c]o?qP)[0xffffff81]Op[0x14][0xffffff83][0x9][0xffffff8e]"[0xffffffae][0x19]'[0x2][0xffffff8e]Mp[0xffffff94]p[0xffffff91][0xffffff98]L[0x9][0xffffff93][0x9][0xe][0x9]$[0xffffff93][0x12][0x6][0x13][0x1c][0x1][0xffffffce][0xffffffec][0xffffff94]0[0xffffff9e][0xffffffe0]P[0xfffffff2]dS[0xffffffc2]o[0xffffff82]C[0xffffffa9][0xffffff95]K[0x9][0xffffff97][0x9][0xffffff8e]([0xffffffde][0xb])[0xffffffa1]&8[0xffffffca][0xffffffe8][0x7][0xffffff95][0x12][0xfffffff8][0x4]G1[0xffffff98][0xffffffe0]([0xffffffe2][0xffffff9a]q"[0xffffffe0][0xffffffd8][0x4]G[0x9][0x17][0xffffff89][0xffffffc9][0xffffff94]0[0xffffff99][0xffffffe0][0xffffff90]@2)a0[0xffffffc1][0x11][0xffffffe0][0xffffffcc]N[0x9][0xffffffe3][0x9][0xe]%O6%[0xfffffffc]&8[0xffffff94]Z[0xffffffb9][0xffffff94]p[0xffffff99][0xffffffe0][0xffffff88][0xffffffe2][0xffffffbd][0xffffff94][0x12][0xffffffc5],%[\n]"
12:49:33.312 [main] DEBUG org.apache.hc.client5.http.wire - http-outgoing-1 << "[0xffffff9e][0x12][0xffffffc5] %[\n]"
12:49:33.312 [main] DEBUG org.apache.hc.client5.http.wire - http-outgoing-1 << "[0xffffff9a][0x12][0x5]K[0xffffff89][0xffffffe2][0xffffff94][0x12];[0xffffff8a]TJD [0xffffffa9][0xffffff94][0xffffffd8][0xffffffb1]$R[0xffffffa2][0xffffffc0])Q[0xffffff8c]S"[0xffffffc8][0xffffff93]N[0x9][0xffffffe1]R:%[0xffffff82]Z[0xffffffc9][0xffffff94](.)Q~:%[0xffffffc6]/5[0xffffffa6][0xffffffc4][0xffffffc4][0x16]g[0xffffffbf][0xffffff9d][0x7]N[0xffffff89][0xffffffb7][0x13][0xffffffd0])[0xfffffff1][0xffffffed][0xc]LJ[0xffffffbc]=[0xffffff9d]I[0xffffff89][0xffffff8f]'{[0xffffffa4]DD[0xffffff91]I[0x9][0x5]$[0xffffff93][0x12][0x11][0xffffffcb][0xfffffffc][0xffffff94][0xffffffd8][0xffffffe1][0xffffffcc]N[0xffffff89][0x1d]Q[0xffffffa7][0xffffff94][0x10][0xfffffff2]dSB[0xffffffba][0xffffff94]M[0x9][0xffffffa1]V.%[0xffffff82]i[0xffffffa9][0xffffff94][0x8][0xffffffe2][0xffffffbd][0xffffff90][0x12]j[0x18][0xffffffb4][0xffffff96][0x13]K[0x9]|[0x18][0xffffffb4][0x18][0xc][0xffffff83][0x16]1[0xffffffb1][0xffffff94][0x8]86[0xc]Z[0xffffffc2]L[0x12][0xffffff99][0x12]&[0xffffffc3][0xffffffa0][0x12]H&%[0xc][0xffffff86]A[0x3][0xffffff9c][0xffffffd9])a<[0xc][0xffffffaa][0xffffffe4][0xffffffc9][0xffffffa6][0xffffff84][0xffffffdf]0[0xffffffa8]R+[0xffffff97][0x12].[0xffffffc3][0xffffffa0]Q[0xffffffbc][0x17]Rb[0xffffffa9][0xffffff94]h[0xffffff85]ZQ[0xfffffff5]v[0x1e]8%[0xffffff96][0xffffffc2]?[0xffffff99][0xfffffff7][0x15]yO[0x4]|a)[0xffffffb1][0xffffff9c]R"[0xffffffa2][0xffffffc8][0xffffffa4][0xffffff84][0x2][0xffffff92]I[0xffffff89][0xffffff88]e~J[0xffffffec]pf[0xffffffa7][0xffffffc4][0xffffff8e][0xffffffa8]SJ[0x8]y[0xffffffb2])!][0xffffffca][0xffffffa6][0xffffff84]P+[0xffffff97][0x12][0xffffffc1][0xffffffb4]TJ[0x4][0xfffffff1][0xffffffbe][0xffffff9e][0x12]U}d[0xffffffbc][0xffffff8e][0xffffff93]J[0xffffff89][0xffffff8a][0x7f]d[0xffffffbc][0x1a]|d[0xffffffbc][0xffffff8a]/[0xffffffe1][0xffffffe6][0x1]^[0xffffffb1][0xffffff8f][0xffffff8c][0xffffffd7][0xfffffff0][0xffffffad][0%[0x4][0xffffff8a]HJH [0xffffff91][0xffffff94][0x10]X[0xffffffa6][0xffffffa7]D[0xffffff80]39%[0x2][0xffffffa2]F)[0xffffffa1][0xffffffe4][0xffffff89][0xffffffa6][0xffffff84]v)[0xffffff9a][0x12]J[0xffffffad]XJD[0xffffffd3]B)[0x11][0xffffffc5]{!%[0xffffffd4][0xffffff8a][0xffffffaa]:k[0xffffffa5]R[0x2]_QU[\r]VTU[0xffffffb1]G%[0x11]plEU[\r][0xffffff9b]R[0xffffffc8][0xffffff94]0YQ%[0xffffff81]dR[0xffffffc2]`EU[0xffffff80]3;%[0xffffff8c]WT)y[0xffffffb2])[0xffffffe1][0xffffffb7][0xffffffa2]J[0xffffffa9][0xffffff95]K[0x9][0xffffff97][0x15]UQ[0xffffffbc][0x17]RB[0xffffffad][0xffffffa8][0xffffffaa]s`)[0xffffff81][0xffffffaf][0xffffffa8][0xffffffaa][0x6]+[0xffffffaa][0xffffffaa][0xffffffd8][0xffffffa3][0xffffff92][0x8]8[0xffffffb6][0xffffffa2][0xffffffaa][0xffffff86]M)dJ[0xffffff98][0xffffffac][0xffffffa8][0xffffff92]@2)a[0xffffffb0][0xffffffa2]*[0xffffffc0][0xffffff99][0xffffff9d][0x12][0xffffffc6]+[0xffffffaa][0xffffff94]<[0xffffffd9][0xffffff94][0xfffffff0][Q[0xffffffa5][0xffffffd4][0xffffffca][0xffffffa5][0xffffff84][0xffffffcb][0xffffff8a][0xffffffaa]([0xffffffde][0xb])[0xffffffa1]VT[0xffffffb5][iTJ[0xffffffe0]+[0xffffffaa][0xffffffaa][0xffffffc1][0xffffff8a][0xffffffaa]*[0xfffffff6][0xffffffa8]$[0x2][0xffffff8e][0xffffffad][0xffffffa8][0xffffffaa]aS[\n]"
12:49:33.312 [main] DEBUG org.apache.hc.client5.http.wire - http-outgoing-1 << "[0xffffff99][0x12]&+[0xffffffaa]$[0xffffff90]LJ[0x18][0xffffffac][0xffffffa8][\n]"
12:49:33.313 [main] DEBUG org.apache.hc.client5.http.wire - http-outgoing-1 << "pf[0xffffffa7][0xffffff84][0xfffffff1][0xffffff8a]*%O6%[0xfffffffc]VT)[0xffffffb5]r)[0xffffffe1][0xffffffb2][0xffffffa2]*[0xffffff8a][0xfffffff7]RJ[0xffffffc4]aP6%[0xffffffe0]a[0xffffffd0][0xffffffc7][0x9][0xfffffff8][0xffffff94][0x0][0xffffff87]A[0x1f]O[0xffffffa7]R[0xffffffc2]g[0x18]T[0xffffffa0]H[0xffffffa5][0xffffff84][0xffffffc9]0[0xffffffa8][0xffffffc0][0xffffff92]H[0x9]t[0x18]4 [0xffffffea][0xffffff95][0x12]^[0xffffffc3][0xffffffa0][0xffffffda][0xffffffa5]tJ[0xfffffff8][0xc][0xffffff83]F[0xffffffd3]r)[0xfffffff1][0xffffffd3][0xffffffc3][0xffffffa0]U[0xffffffad][0xffffffa8]j[0xffffff85][0xfffffffb][0xffffff81][0x3]_QU[\r]VTU[0xffffffb1]G%[0x11]plEU[\r][0xffffff9b]R[0xffffffc8][0xffffff94]0YQ%[0xffffff81]dR[0xffffffc2]`EU[0xffffff80]3;%[0xffffff8c]WT)y[0xffffffb2])[0xffffffe1][0xffffffb7][0xffffffa2]J[0xffffffa9][0xffffff95]K[0x9][0xffffff97][0x15]UQ[0xffffffbc][0x17]Rb[0xffffffa8][0x1f]8N[0xffffffec]#[0xffffffe3]o[0xffffffe7][0xffffff81]Sb[0xffffffa8][0xffffff97]r[0xffffffc9][0xffffffbc][0xffffff8f][0xfffffff8][0x16].[0x11][0xfffffff0][0xffffff81][0xfffffffd][0xffffffc0]1[0xffffff9c]~[0xffffffe0][0xffffff88](2)[0xffffffa1][0xffffff80]dR"b[0xffffff99][0xffffff9f][0x12];[0xffffff9c][0xffffffd9])[0xffffffb1]#[0xffffffea][0xffffff94][0x12]B[0xffffff9e]lJH[0xffffff97][0xffffffb2])![0xffffffd4][0xffffffca][0xffffffa5]D0-[0xffffff95][0x12]A[0xffffffbc][0x17]Rb[0xffffffaa][0xffffffb7][0x12]s[0xffffff9d]TJL[0xfffffffc][0xffffffad][0xffffffc4]4x+1c:'[0x2]>[0xffffffb1][0xffffffb7][0x12][0xffffffd3][0xffffffe9][0xffffffad]DD[0xffffff91]I[0x9][0x5]$[0xffffff93][0x12][0x11][0xffffffcb][0xfffffffc][0xffffff94][0xffffffd8][0xffffffe1][0xffffffcc]N[0xffffff89][0x1d]Q[0xffffffa7][0xffffff94][0x10][0xfffffff2]dSB[0xffffffba][0xffffff94]M[0x9][0xffffffa1]V.%[0xffffff82]i[0xffffffa9][0xffffff94][0x8][0xffffffe2][0xffffffbd][0xffffff90][0x12]jE[0xffffffd5]Yn[0xffffffd4][0xffffff97]A+[0xffffffbe][0xffffffa2][0xffffffaa][0x1a][0xffffffac][0xffffffa8][0xffffffaa]b[0xffffff8f]J"[0xffffffe0][0xffffffd8][0xffffff8a][0xffffffaa][0x1a]6[0xffffffa5][0xffffff90])a[0xffffffb2][0xffffffa2]J[0x2][0xffffffc9][0xffffffa4][0xffffff84]"
12:49:33.313 [main] DEBUG org.apache.hc.client5.http.wire - http-outgoing-1 << "[0xffffffc1][0xffffff8a][0xffffffaa][0x0]gvJ[0x18][0xffffffaf][0xffffffa8]R[0xfffffff2]dS[0xffffffc2]oE[0xffffff95]R+[0xffffff97][0x12].+[0xffffffaa][0xffffffa2]x/[0xffffffa5]D|+[0xffffffc1][0xffffffa6][0x4][0xfffffffd]Vb[0x19][0xffffffbc][0xffffff95]X1[0xffffff9d]S[0x1][0xffffffa7][0xffffffde]J,[0xffffffa7][0xffffffb7][0x12][0x11]E*%\[0xffffffde]JD,[0xffffff89][0xffffff94]`[0xffffffdf]J[0xffffffec][0xffffff88]z[0xffffffa5][0xffffff84][0xffffffd9][[0x9][0xffffffe9]R:%[0xffffff8c][0xffffffde]J[0x4][0xffffffd3]r)[0xfffffff1][0xffffffd3]o%[0xffffffda]M[0xffffffbd][0xffffff95]8W[0xffffff83]R[0xffffffe2][0xffffffed]<lJ<N[0x0][0xffffffa7][0xffffffc4][0xfffffff7]3 )[0xfffffff1]x:[0xffffff92][0x12][0xffffffdf][0xffffff9e]l[0xffffff91][0x12][0x2]E$%$[0xffffff90]HJ[0x8],[0xffffffd3]S"[0xffffffc0][0xffffff99][0xffffff9c][0x12][0x1]Q[0xffffffa3][0xffffff94]P[0xfffffff2]DSB[0xffffffbb][0x14]M[0x9][0xffffffa5]V,%[0xffffffa2]i[0xffffffa1][0xffffff94][0xffffff88][0xffffffe2][0xffffffbd][0xffffff90][0x12]jq[0xfffffff6][0xffffffc9]m[0xffffffbb]l[0xfffffff8][0xffffffe2][0xffffffec]f[0xffffffb0]8[0xffffffbb][0xffffff89][0xffffffed][0xffffffae][0xffffff89][0xffffff80]c[0xffffff8b][0xffffffb3][[0xffffffd8][0xffffffdf]J[0xffffffa6][0xffffff84][0xffffffc9][0xffffffe2]l[0x9]$[0xffffff93][0x12][0x6][0xffffff8b][0xffffffb3][0x3][0xffffff9c][0xffffffd9])a[0xffffffbc]8[[0xffffffc9][0xffffff93]M[0x9][0xffffffbf][0xffffffc5][0xffffffd9]J[0xffffffad]\J[0xffffffb8],[0xffffffce][0xffffff8e][0xffffffe2][0xffffffbd][0xffffff94][0x12]q[0xffffffaf][0x4][0xffffff9b][0x12][0xfffffff0]^[0xffffff89][0xffffffc7][0x9][0xfffffff8][0xffffff94][0x0][0xfffffff7]J<[0xffffff9e]N[0xffffffa5][0xffffff84][0xffffffcf]^[0x9][0xffffff81]"[0xffffff95][0x12]&{%[0x4][0xffffff96]DJ[0xffffffa0]{%[0x2][0xffffffa2]^)[0xffffffe1][0xffffffb5]WB[0xffffffbb][0xffffff94]N[0x9][0xffffff9f][0xffffffbd][0x12][0xffffffd1][0xffffffb4]\J[0xfffffffc][0xfffffff4]^[0xffffff89][0xfffffffb][0xffffffbf][0xffffffd1][0xffffffcc]R[0xffffffa2][0xffffffe1])[0xffffffd1][0xc]R[0xffffffa2][0xffffffa1])[0xffffffd1][0xffffffb0][0xffffff94]hN)[0xffffffb1][0xffffffa3]H[0xffffffa5]D[0x4][0xffffff92]J[0xffffff89][0x1d]K"%[0x1a][0xffffff9c][0x12][0xffffffcd]8%[0xffffff82]<[0xffffffe9][0xffffff94][0x10].[0xffffffa5]S"[0xffffffa8][0xffffff95]L[0xffffff89][0xffffffe6][0xffffff92][0x12][0xffffffed][0xffffffef][0xffffff90][0x12][0xffffffa7]YJ[0xffffff9c]xJ[0xffffff9c][0x6])q[0xffffffa2])qb)q:[0xffffffa5][0xffffffc4][0xffffff8e]"[0xffffff95][0x12][0x11]H*%v,[0xffffff89][0xffffff94]8[0xffffffe1][0xffffff94]8[0xffffff8d]S"[0xffffffc8][0xffffff93]N[0x9][0xffffffe1]R:%[0xffffff82]Z[0xffffffc9][0xffffff94]8]R[0xffffffe2][0xfffffffc][0xffffffe9][0xffffff94]P[0xffffff9f][0xfffffff3][0xffffffea][0xffffffbd]P[0x13][0x1c][\r][0xffffffff][0xffffff9c]W3[0xfffffff8][0xffffff9c]W[0x13][0xffffffdf][0xffffff9c]I[0x4][0x1c][0xfffffffb][0xffffff9c]W[0xb]_[0xffffff95]!S[0xffffffc2][0xffffffe4]s^[0x12]H&%[0xc]>[0xffffffe7][0x15][0xffffffe0][0xffffffcc]N[0x9][0xffffffe3][0xffffffcf]y)y[0xffffffb2])[0xffffffe1][0xfffffff7]9/[0xffffffa5]V.%\>[0xffffffe7][0x15][0xffffffc5]{!%[0xffffffd4][0xffffffe7][0xffffffbc][0xfffffffa]X[0xffffffd4][0xffffffb6][0xffffffcb][0xffffff86][0x7f][0xffffffce][0xffffffab][0x19]|[0xffffffce][0xffffffab][0xffffff89]o[0xffffffce]$[0x2][0xffffff8e]}[0xffffffce][0xffffffab][0xffffff85][0xffffffaf][0xffffffca][0xffffff90])a[0xfffffff2]9/[0x9]$[0xffffff93][0x12][0x6][0xffffff9f][0xfffffff3][\n]"
12:49:33.313 [main] DEBUG org.apache.hc.client5.http.wire - http-outgoing-1 << "pf[0xffffffa7][0xffffff84][0xfffffff1][0xffffffe7][0xffffffbc][0xffffff94]<[0xffffffd9][0xffffff94][0xfffffff0][0xfffffffb][0xffffff9c][0xffffff97]R+[0xffffff97][0x12].[0xffffff9f][0xfffffff3][0xffffff8a][0xffffffe2][0xffffffbd][0xffffff90][0x12]][0xffffffa5][0xffffffc4][0xffffffec][0xffffffd8][[0xffffff89][0xffffff8e][0xffffffa7]D7H[0xffffff89][0x1e]yO[0x4][0xffffffbc]c)[0xffffffd1][0xffffff9d]R"[0xffffffa2][0xffffffc8][0xffffffa4][0xffffff84][0x2][0xffffff92]I[0xffffff89][0xffffff88]e~J[0xffffffec]pf[0xffffffa7][0xffffffc4][0xffffff8e][0xffffffa8]SJ[0x8]y[0xffffffb2])!][0xffffffca][0xffffffa6][0xffffff84]P+[0xffffff97][0x12][0xffffffc1][0xffffffb4]TJ[0x4][0xfffffff1]^H[0xffffff89][0xffffffa9]RbU,%&[0xffffff9e][0x12][0xffffffd3] %f[0xffffffe4]=[0x11][0xfffffff0][0xffffff89][0xffffffa5][0xffffffc4]tJ[0xffffff89][0xffffff88]"[0xffffff93][0x12][\n]"
12:49:33.313 [main] DEBUG org.apache.hc.client5.http.wire - http-outgoing-1 << "H&%"[0xffffff96][0xfffffff9])[0xffffffb1][0xffffffc3][0xffffff99][0xffffff9d][0x12];[0xffffffa2]N)![0xffffffe4][0xffffffc9][0xffffffa6][0xffffff84]t)[0xffffff9b][0x12]B[0xffffffad]\J[0x4][0xffffffd3]R)[0x11][0xffffffc4]{!%[0xffffffd4][0xffffffe2][0xffffffec][0xffffffbe][0xffffffd6][0xffffffa0]R[0x2]_[0xffffff9c][0xffffffdd][0xc][0x16]g7[0xffffffb1][0xffffffdd]5[0x11]plqv[0xb][0xfffffffb][[0xffffffc9][0xffffff94]0Y[0xffffff9c]-[0xffffff81]dR[0xffffffc2]`qv[0xffffff80]3;%[0xffffff8c][0x17]g+y[0xffffffb2])[0xffffffe1][0xffffffb7]8[[0xffffffa9][0xffffff95]K[0x9][0xffffff97][0xffffffc5][0xffffffd9]Q[0xffffffbc][0xffffffaf][0xffffffa7][0xffffffc4][0xffffffa9]VT[0xffffff8d][0xffffffda][0xffffffa8][0xffffffcf]y[0xffffff9d][0xfffffff8][0xffffff8a][0xffffffaa][0xffffffd3]`E[0xffffffd5])[0xfffffff6][0xffffffa8][0xffffffe4][0x1]~b+[0xffffffaa][0xffffffce][0xffffffb0])[0x5]L[0x9][0xffffff81]"[0xffffff92][0x12][0x12]H$%[0x4][0xffffff96][0xffffffe9])[0x11][0xffffffe0]LN[0xffffff89][0xffffff80][0xffffffa8]QJ(y[0xffffffa2])[0xffffffa1]][0xffffff8a][0xffffffa6][0xffffff84]R+[0xffffff96][0x12][0xffffffd1][0xffffffb4]PJD[0xfffffff1]^H[0xffffff89]"[0xfffffff6]J[0xffffff8c][0xffffffd6][\n]"
12:49:33.313 [main] DEBUG org.apache.hc.client5.http.wire - http-outgoing-1 << "[0xffffff95][0x12][0xffffff85][0xffffffde]+[0xfffffff1]8[0x1][0xffffff9d][0x12]%[0xe]?'[0x2]^[0xffffffa8][0xffffffbd][0x12][0xffffffdf][0xffffff9e][0xffffffec][0xffffff91][0x12][0x11]E&%[0x14][0xffffff90]LJD,[0xfffffff3]Sb[0xffffff87]3;%vD[0xffffff9d]RB[0xffffffc8][0xffffff93]M[0x9][0xffffffe9]R6%[0xffffff84]Z[0xffffffb9][0xffffff94][0x8][0xffffffa6][0xffffffa5]R"[0xffffff88][0xfffffff7]BJT[0xfffffff5]Vb.j[0xffffffaf][0xffffffc4][0xffffffdb]y[0xffffffe0][0xffffff94][0xffffffa8][0x6]o%jL[0xffffffe7]D[0xffffffc0]+[0xfffffff6]V[0xffffffa2]:[0xffffffbd][0xffffff95][0xffffff88](2)[0xffffffa1][0xffffff80]dR"b[0xffffff99][0xffffff9f][0x12];[0xffffff9c][0xffffffd9])[0xffffffb1]#[0xffffffea][0xffffff94][0x12]B[0xffffff9e]lJH[0xffffff97][0xffffffb2])![0xffffffd4][0xffffffca][0xffffffa5]D0-[0xffffff95][0x12]A[0xffffffbc][0xffffff97]R".[0xffffffce]fS[0x2]^[0xffffff9c][0xfffffffd]8[0x1][0xffffff9f][0x12][0xffffffe0][0xffffffe2][0xffffffec][0xffffffc7][0xffffffd3][0xffffffa9][0xffffff94][0xfffffff0]Y[0xffffff9c]-P[0xffffffa4]R[0xffffffc2]dq[0xffffffb6][0xffffffc0][0xffffff92]H[0x9]tqv@[0xffffffd4]+%[0xffffffbc][0x16]gk[0xffffff97][0xffffffd2])[0xffffffe1][0xffffffb3]8;[0xffffff9a][0xffffff96]K[0xffffff89][0xffffff9f]^[0xffffff9c]}[0xffffffaa][0x15]U[0xfffffff3][0xffffffb8]Q[0xffffffd7].O|E[0xffffffd5]i[0xffffffb0][0xffffffa2][0xffffffea][0x14]{T[0x12][0x1][0xffffffc7]VT[0xffffff9d]aS[\n]"
12:49:33.313 [main] DEBUG org.apache.hc.client5.http.wire - http-outgoing-1 << "[0xffffff99][0x12]&+[0xffffffaa]$[0xffffff90]LJ[0x18][0xffffffac][0xffffffa8][\n]"
12:49:33.313 [main] DEBUG org.apache.hc.client5.http.wire - http-outgoing-1 << "pf[0xffffffa7][0xffffff84][0xfffffff1][0xffffff8a]*%O6%[0xfffffffc]VT)[0xffffffb5]r)[0xffffffe1][0xffffffb2][0xffffffa2]*[0xffffff8a][0xfffffff7]BJ[0xffffffa8][0x15]U[0xfffffff3]l[0xffffffd8][[0x9]|E[0xffffffd5]i[0xffffffb0][0xffffffa2][0xffffffea][0x14]{T[0x12][0x1][0xffffffc7]VT[0xffffff9d]aS[\n]"
12:49:33.314 [main] DEBUG org.apache.hc.client5.http.wire - http-outgoing-1 << "[0xffffff99][0x12]&+[0xffffffaa]$[0xffffff90]LJ[0x18][0xffffffac][0xffffffa8][\n]"
12:49:33.314 [main] DEBUG org.apache.hc.client5.http.wire - http-outgoing-1 << "pf[0xffffffa7][0xffffff84][0xfffffff1][0xffffff8a]*%O6%[0xfffffffc]VT)[0xffffffb5]r)[0xffffffe1][0xffffffb2][0xffffffa2]*[0xffffff8a][0xfffffff7]BJ[0xfffffff4]_JL[0xffffff89]Q[0xf]*%[0xffffffee][0xffffffe7][0xffffff81]S[0xffffffe2][0xffffffed][0x4]tJ|;[0x3][0xffffff93][0x12]oOgR[0xffffffe2][0xffffffe3][0xffffffc9][0x1e])[0x11]QdRB[0x1][0xffffffc9][0xffffffa4]D[0xffffffc4]2?%v8[0xffffffb3]SbG[0xffffffd4])%[0xffffff84]<[0xffffffd9][0xffffff94][0xffffff90].eSB[0xffffffa8][0xffffff95]K[0xffffff89]`Z*%[0xffffff82]x/[0xffffffa4][0xffffffc4][0x10]o%[0xffffffd6][0xffffff81]-[0xffffffce]~;[0xf][0xffffff9c][0x12][0xffffffc3][0xffffffe0][0xffffffad][0xffffffc4][0xffffff88][0xffffffe9][0xffffff9c][0x8][0xfffffff8][0xffffffc0][0xffffffde]J[0xc][0xffffffa7][0xffffffb7][0x12][0x11]E&%[0x14][0xffffff90]LJD,[0xfffffff3]Sb[0xffffff87]3;%vD[0xffffff9d]RB[0xffffffc8][0xffffff93]M[0x9][0xffffffe9]R6%[0xffffff84]Z[0xffffffb9][0xffffff94][0x8][0xffffffa6][0xffffffa5]R"[0xffffff88][0xfffffff7]BJ[0xffffffa8]m[0xffffff97][0xffffffab]r[0xffffffc3][0xffffffa0][0xfffffff8][0xffffffb6][0xffffffcb][0xffffffd3]`[0xffffffdb][0xffffffe5])V[0xffffffb2]%[0x2][0xffffff8e]m[0xffffffbb]<[0xffffffc3][0xffffffd2]52%L[0xffffffb6]]J [0xffffff99][0xffffff94]0[0xffffffd8]v[0x19][0xffffffe0][0xffffffcc]N[0x9][0xffffffe3]m[0xffffff97]J[0xffffff9e]lJ[0xfffffff8]m[0xffffffbb]Tj[0xffffffe5]R[0xffffffc2]e[0xffffffdb]e[0x14][0xffffffef][0xffffff85][0xffffff94]P[0xffffffdb].[0xffffffd7]yb[0xffffffd7].[0xfffffff1]m[0xffffff97]"
12:49:33.314 [main] DEBUG org.apache.hc.client5.http.wire - http-outgoing-1 << "[0xffffffa7][0xffffffc1][0xffffffb6][0xffffffcb]S[0xffffffac]dK[0x4][0x1c][0xffffffdb]vy[0xffffff86][0xffffffa5]kdJ[0xffffff98]l[0xffffffbb][0xffffff94]@2)a[0xffffffb0][0xffffffed]2[0xffffffc0][0xffffff99][0xffffff9d][0x12][0xffffffc6][0xffffffdb].[0xffffff95]<[0xffffffd9][0xffffff94][0xfffffff0][0xffffffdb]v[0xffffffa9][0xffffffd4][0xffffffca][0xffffffa5][0xffffff84][0xffffffcb][0xffffffb6][0xffffffcb]([0xffffffde][0xffffffd7]S[0xffffffa2][0xffffffdf]bJ[0xffffff9c][0xffffffb7][[0xffffffa5][0xffffffb6]][0xffffffbe][0xffffff9d][0xffffff87]M[0xffffff89][0xffffffc7][0x9][0xffffffe0][0xffffff94][0xfffffff8]~[0x6]$%[0x1e]OGR[0xffffffe2][0xffffffdb][0xffffff93]-RB[0xffffffa0][0xffffff88][0xffffffa4][0xffffff84][0x4][0x12]I[0x9][0xffffff81]ezJ[0x4]8[0xffffff93]S" j[0xffffff94][0x12]J[0xffffff9e]hJh[0xffffff97][0xffffffa2])[0xffffffa1][0xffffffd4][0xffffff8a][0xffffffa5]D4-[0xffffff94][0x12]Q[0xffffffbc][0x17]RB,[0xffffffce]>o[0xffffffe7][0xffffffbc]Q)[0xffffff81]/[0xffffffce][0xffffffee][0x6][0xffffff8b][0xffffffb3][0xffffffbb][0xffffffd8][0xffffffee][0xffffff9a][0x8]8[0xffffffb6]8[0xffffffbb][0xffffff87][0xfffffffd][0xffffffad]dJ[0xffffff98],[0xffffffce][0xffffff96]@2)a[0xffffffb0]8;[0xffffffc0][0xffffff99][0xffffff9d][0x12][0xffffffc6][0xffffff8b][0xffffffb3][0xffffff95]<[0xffffffd9][0xffffff94][0xfffffff0][[0xffffff9c][0xffffffad][0xffffffd4][0xffffffca][0xffffffa5][0xffffff84][0xffffffcb][0xffffffe2][0xffffffec]([0xffffffde]K)[0x11]VT[0xffffffc1])[0x1][0xffffffaf][0xffffffa8]z[0xffffff9c][0xffffff80]O[0x9]pE[0xffffffd5][0xffffffe3][0xffffffe9]TJ[0xfffffff8][0xffffffac][0xffffffa8][0x12](R)a[0xffffffb2][0xffffffa2]J`I[0xffffffa4][0x4][0xffffffba][0xffffffa2]* [0xffffffea][0xffffff95][0x12]^+[0xffffffaa][0xffffffb4]K[0xffffffe9][0xffffff94][0xfffffff0]YQ[0x15]M[0xffffffcb][0xffffffa5][0xffffffc4]O[0xffffffaf][0xffffffa8][0xffffffba][0xffffffff][0x1b][0xffffffdd],%:[0xffffff9e][0x12][0xffffffdd] %:[0xffffff9a][0x12][0x1d]K[0xffffff89][0xffffffee][0xffffff94][0x12];[0xffffff8a]TJD [0xffffffa9][0xffffff94][0xffffffd8][0xffffffb1]$R[0xffffffa2][0xffffffc3])[0xffffffd1][0xffffff8d]S"[0xffffffc8][0xffffff93]N[0x9][0xffffffe1]R:%[0xffffff82]Z[0xffffffc9][0xffffff94][0xffffffe8].)[0xffffffd1][0xffffffff][0xe])qL[0xffffffb3][0xffffff96]8&[0x1e][0x13][0xfffffff7]#[0xfffffff0]5[0xfffffff1]q[0x8]*'[0xffffffee][0xffffff8f][0xffffffa7]z[0xffffffe2][0xfffffffd][0xffffffd1].A[0x11]x[0xffffffa4][0xffffff8a]BPI%E`[0xffffff93]h[0xffffff8a][0xffffff8d][0xffffffd0][0xfffffffc][0xffffffa8][0xffffffd8]8[0xfffffff5][0xffffffaa][0xffffff8a][0xffffffa8]Q:+[0xffffff94]U[0xffffffe9][0xffffffae][0xffffff88][0xffffff92]%[0xffffffc3]bw.W[0x16][0xffffffbb][0xffffff82]/[0xffffffa5]EYfiQ[0x16][0xffffff9e][0x16][0xfffffff7]#[0xfffffff0]i[0xfffffff1]q[0x8]*-[0xffffffee][0xffffff8f][0xffffffa7][0xffffffd2][0xffffffe2][0xfffffffd][0xffffffd1].i[0x11]x[0xffffffa4][0xffffffd2]BPI[0xffffffa5]E`[0xffffff93]H[0xffffff8b][0xffffff8d][0xffffffd0][0xfffffffc][0xffffffb4][0xffffffd8]8[0xfffffff5]J[0xffffff8b][0xffffffa8]Q:-[0xffffff94]U[0xffffffe9][0xffffffb4][0xffffff88][0xffffff92]%[0xffffffd3]bw.[0xffffff97][0x16][0xffffffbb][0xffffff82]/[0xffffffa5]EuK[0xffffff8b][0xffffffca][0xffffffa7]EuH[0xffffff8b][0xffffffca][0xffffffa6]E[0xffffffe5][0xffffffd2][0xffffffa2]Z[0xffffffa5]E[0xffffffe0][0xffffff91]J[0xb]A%[0xffffff95][0x16][0xffffff81]M"-*[0xffffff9d][0x16][0xffffffd5]9-[0xffffffa2]F[0xffffffe9][0xffffffb4]PV[0xffffffa5][0xffffffd3]"J[0xffffff96]L[0xffffff8b][0xffffffdd][0xffffffb9]\Z[0xffffffec][\n]"
12:49:33.314 [main] DEBUG org.apache.hc.client5.http.wire - http-outgoing-1 << "[0xffffffbe][0xffffff94][0x16][0xffffff8f][0xffffff9d][0x13]Niq[0xe]<-[0xffffffee]G[0xffffffe0][0xffffffd3][0xffffffe2][0xffffffe3][0x10]TZ[0xffffffdc][0x1f]O[0xffffffa5][0xffffffc5][0xfffffffb][0xffffffa3]][0xffffffd2]"[0xfffffff0]H[0xffffffa5][0xffffff85][0xffffffa0][0xffffff92]J[0xffffff8b][0xffffffc0]&[0xffffff91][0x16][0x1b][0xffffffa1][0xfffffff9]i[0xffffffb1]q[0xffffffea][0xffffff95][0x16]Q[0xffffffa3]tZ([0xffffffab][0xffffffd2]i[0x11]%K[0xffffffa6][0xffffffc5][0xffffffee]\.-v[0x5]_J[0xffffff8b][0xffffffee][0xfffffff6][0xffffffd6][0xffffffa2][0xfffffff3]o-[0xffffffba][0xffffffc3][[0xffffff8b][0xffffffce][0xffffffbe][0xffffffb5][0xffffffe8][0xffffffdc][[0xffffff8b]n[0xfffffff5][0xffffffd6]"[0xfffffff0]H[0xffffffa5][0xffffff85][0xffffffa0][0xffffff92]J[0xffffff8b][0xffffffc0]&[0xffffff91][0x16][0xffffff9d]~k[0xffffffd1][0xffffff9d][0xffffffdf]ZD[0xffffff8d][0xffffffd2]i[0xffffffa1][0xffffffac]J[0xffffffa7]E[0xffffff94],[0xffffff99][0x16][0xffffffbb]s[0xffffffb9][0xffffffb4][0xffffffd8][0x15]|)-V3K[0xffffff8b][0xffffffd5][0xfffffff0][0xffffffb4][0xffffffb8][0x1f][0xffffff81]O[0xffffff8b][0xffffff8f]CPiq[0x7f]<[0xffffff95][0x16][0xffffffef][0xffffff8f]vI[0xffffff8b][0xffffffc0]#[0xffffff95][0x16][0xffffff82]J*-[0x2][0xffffff9b]DZl[0xffffff84][0xffffffe6][0xffffffa7][0xffffffc5][0xffffffc6][0xffffffa9]WZD[0xffffff8d][0xffffffd2]i[0xffffffa1][0xffffffac]J[0xffffffa7]E[0xffffff94],[0xffffff99][0x16][0xffffffbb]s[0xffffffb9][0xffffffb4][0xffffffd8][0x15][0xfffffffc]JZ[0xffffffd4][0xfffffff7][0x7f][0xffffffa4][0xffffff88][0x15]X[0xffffffc7][0xffffffb1][0xfffffff2]?b[0xfffffffe]y[0x1e]*,[0xffffffbe][0xffffff9c][0x0][0xffffffeb][0xffffff8a][0xffffffed][0xc][0xffffffc9]Y[0xfffffff1][0xffffffe5][0xffffffe9][0xffffffc9]U[0xfffffff1][0xffffffeb]'[0xffffffc3]Q[0xfffffff1][0x14][0xffffffc5][0xffffffe4][0xffffffa6][0xfffffff8][0x1][0xffffff90][0xffffffc9]I[0xfffffff1][0x14][0xffffffcb][0xffffffc4][0xffffffa2]x[0x2]gZP<A[0xffffffd4][0xffffffa2]'[0xffffff9e][0xffffffcb][0x13][0xffffffca][0xffffff89][0x1f][0xffffffb9][0x14][0xffffffaa][0xffffff89][0xffffffe7]j[0x5]b[0xffffffe2][0xffffff99]i[0xffffffd3][[0xffffffe2][0xffffff99]x/[0xffffffa5][0xffffffc4]i[0xffffff96][0x12]'[0xffffff9e][0x12][0xffffffa7]AJ[0xffffff9c]hJ[0xffffff9c]XJ[0xffffff9c]N)[0xffffffb1][0xffffffa3]H[0xffffffa5]D[0x4][0xffffff92]J[0xffffff89][0x1d]K"%N8%N[0xffffffe3][0xffffff94][0x8][0xfffffff2][0xffffffa4]SB[0xffffffb8][0xffffff94]N[0xffffff89][0xffffffa0]V2%N[0xffffff97][0xffffff94]8[0x7f]:%[0xffffffaa]z+Qg[0xffffffa1]R[0xffffffa2][0xffffffe2]o%[0xffffffaa][0xffffffc1][[0xffffff89][0x1a][0xffffffd3]9[0x11][0xfffffff0][0xffffff8a][0xffffffbd][0xffffff95][0xffffffa8]No%"[0xffffff8a]LJ( [0xffffff99][0xffffff94][0xffffff88]X[0xffffffe6][0xffffffa7][0xffffffc4][0xe]gvJ[0xffffffec][0xffffff88]:[0xffffffa5][0xffffff84][0xffffff90]'[0xffffff9b][0x12][0xffffffd2][0xffffffa5]lJ[0x8][0xffffffb5]r)[0x11]LK[0xffffffa5]D[0x10][0xffffffef][0xffffff85][0xffffff94]8EJ[0xffffff94][[0xffffffe9]TJ[0xffffff9c]xJ[0xffffff9c][0x6])qF[0xffffffde][0x13][0x1]?[0xffffffb1][0xffffff94]8[0xffffff9d]R"[0xffffffa2][0xffffffc8][0xffffffa4][0xffffff84][0x2][0xffffff92]I[0xffffff89][0xffffff88]e~J[0xffffffec]pf[0xffffffa7][0xffffffc4][0xffffff8e][0xffffffa8]SJ[0x8]y[0xffffffb2])!][0xffffffca][0xffffffa6][0xffffff84]P+[0xffffff97][0x12][0xffffffc1][0xffffffb4]TJ[0x4][0xfffffff1]^H[0xffffff89][0xffffffa9]Rb[0xfffffff5][0xffffff83]J[0xffffff89][0xffffff89][0xffffffa7][0xffffffc4]4H[0xffffff89][0x19]yO[0x4]|b)1[0xffffff9d]R"[0xffffffa2][0xffffffc8][0xffffffa4][0xffffff84][0x2][0xffffff92]I[0xffffff89][0xffffff88]e~J[0xffffffec]pf[0xffffffa7][0xffffffc4][0xffffff8e][0xffffffa8]SJ[0x8]y[0xffffffb2])!][0xffffffca][0xffffffa6][0xffffff84]P+[0xffffff97][0x12][0xffffffc1][0xffffffb4]TJ[0x4][0xfffffff1]^H[0xffffff89]%R[0xffffffa2][0xffffff96]sQ)[0xffffffb1][0xfffffff0][0xffffff94]X[0x6])[0xffffffb1]"[0xffffffef][0xffffff89][0xffffff80]/,%[0xffffff96]SJD[0x14][0xffffff99][0xffffff94]P@2)[0x11][0xffffffb1][0xffffffcc]O[0xffffff89][0x1d][0xffffffce][0xffffffec][0xffffff94][0xffffffd8][0x11]uJ[0x9]!O6%[0xffffffa4]K[0xffffffd9][0xffffff94][0x10]j[0xffffffe5]R"[0xffffff98][0xffffff96]J[0xffffff89] [0xffffffde]K)Q[0xffffffcc]R[0xffffffa2][0xffffffe0])Q[0xc]R[0xffffffa2][0xffffffa0])Q[0xffffffb0][0xffffff94](N)[0xffffffb1][0xffffffa3]H[0xffffffa5]D[0x4][0xffffff92]J[0xffffff89][0x1d]K"%[\n]"
12:49:33.315 [main] DEBUG org.apache.hc.client5.http.wire - http-outgoing-1 << "[0xffffff9c][0x12][0xffffffc5]8%[0xffffff82]<[0xffffffe9][0xffffff94][0x10].[0xffffffa5]S"[0xffffffa8][0xffffff95]L[0xffffff89][0xffffffe2][0xffffff92][0x12][0xffffffe5]gSb[0xffffffdc][0xffffffd4][[0xffffff89][0xffffff8e]][0xffffffbb]|;[0xf][0xffffff9b][0x12][0xffffff8f][0x13][0xffffffc0])[0xfffffff1][0xfffffffd][0xc]HJ<[0xffffff9e][0xffffff8e][0xffffffa4][0xffffffc4][0xffffffb7]'[[0xffffffa4][0xffffff84]@[0x11]I[0x9][0x9]$[0xffffff92][0x12][0x2][0xffffffcb][0xfffffff4][0xffffff94][0x8]p&[0xffffffa7]D@[0xffffffd4](%[0xffffff94]<[0xffffffd1][0xffffff94][0xffffffd0].ESB[0xffffffa9][0x15]K[0xffffff89]hZ(%[0xffffffa2]x/[0xffffffa4][0xffffffc4][0xffffffa1]Rb[0xffffff8e]F[0xffffffa5][0xffffffc4][0xffffff81][0xffffffa7][0xffffffc4]a[0xffffff90][0x12]G[0xffffffe4]=[0x11][0xfffffff0][0x3]K[0xffffff89][0xffffffc3])%"[0xffffff8a]LJ( [0xffffff99][0xffffff94][0xffffff88]X[0xffffffe6][0xffffffa7][0xffffffc4][0xe]gvJ[0xffffffec][0xffffff88]:[0xffffffa5][0xffffff84][0xffffff90]'[0xffffff9b][0x12][0xffffffd2][0xffffffa5]lJ[0x8][0xffffffb5]r)[0x11]LK[0xffffffa5]D[0x10][0xffffffef][0xffffff85][0xffffff94]P+[0xffffffaa]Z[0xffffffbd]Q?p[0xc]|E[0xffffffd5]0XQ5[0xffffffc4][0x1e][0xffffff95]D[0xffffffc0][0xffffffb1][0x15]U#lJ!S[0xffffffc2]dE[0xffffff95][0x4][0xffffff92]I[0x9][0xffffff83][0x15]U[0x1][0xffffffce][0xffffffec][0xffffff94]0^Q"
12:49:33.315 [main] DEBUG org.apache.hc.client5.http.wire - http-outgoing-1 << "[0xffffffa5][0xffffffe4][0xffffffc9][0xffffffa6][0xffffff84][0xffffffdf][0xffffff8a]*[0xffffffa5]V.%\VTE[0xfffffff1]^J[0xffffff89]xW[0xffffff82]M[0x9][0xfffffff8][0xffffffae][0xffffffc4][0xffffffe3][0x4]|J[0xffffff80]w%[0x1e]O[0xffffffa7]R[0xffffffc2][0xffffffe7][0xffffffae][0xffffff84]@[0xffffff91]J[0x9][0xffffff93][0xffffffbb][0x12][0x2]K"%[0xffffffd0][0xffffffbb][0x12][0x1]Q[0xffffffaf][0xffffff94][0xfffffff0][0xffffffba]+[0xffffffa1]]J[0xffffffa7][0xffffff84][0xffffffcf]][0xffffff89]hZ.%~[0xfffffffe][0xffffffae]DUo%[0xffffffda]8[0xffffffa9][0xffffff94][0xffffffa8][0xfffffff8][[0xffffff89]j[0xfffffff0]V[0xffffffa2][0xffffffc6]tN[0x4][0xffffffbc]bo%[0xffffffaa][0xffffffd3][[0xffffff89][0xffffff88]"[0xffffff93][0x12][\n]"
12:49:33.315 [main] DEBUG org.apache.hc.client5.http.wire - http-outgoing-1 << "H&%"[0xffffff96][0xfffffff9])[0xffffffb1][0xffffffc3][0xffffff99][0xffffff9d][0x12];[0xffffffa2]N)![0xffffffe4][0xffffffc9][0xffffffa6][0xffffff84]t)[0xffffff9b][0x12]B[0xffffffad]\J[0x4][0xffffffd3]R)[0x11][0xffffffc4]{!%[0xffffff9a]J[0xffffff89]9[0x1b][0xffffff95][0x12][\r]O[0xffffff89]f[0xffffff90][0x12]-[0xfffffff2][0xffffff9e][0x8]x[0xffffffc3]R[0xffffffa2]9[0xffffffa5]DD[0xffffff91]I[0x9][0x5]$[0xffffff93][0x12][0x11][0xffffffcb][0xfffffffc][0xffffff94][0xffffffd8][0xffffffe1][0xffffffcc]N[0xffffff89][0x1d]Q[0xffffffa7][0xffffff94][0x10][0xfffffff2]dSB[0xffffffba][0xffffff94]M[0x9][0xffffffa1]V.%[0xffffff82]i[0xffffffa9][0xffffff94][0x8][0xffffffe2][0xffffffbd][0xffffff90][0x12]j[0xffffffdb][0xffffffe5]y+[0xfffffff9][0x1f][\n]"
12:49:33.316 [main] DEBUG org.apache.hc.client5.http.wire - http-outgoing-1 << "[0xfffffffd]<[0xf][0xffffff9c][0x12][0x6][0xffffffdb].[0xffffff87]X[0xffffffc9][0xffffff96][0x8]8[0xffffffb6][0xffffffed]r[0xffffff84][0xffffffa5]kdJ[0xffffff98]l[0xffffffbb][0xffffff94]@2)a[0xffffffb0][0xffffffed]2[0xffffffc0][0xffffff99][0xffffff9d][0x12][0xffffffc6][0xffffffdb].[0xffffff95]<[0xffffffd9][0xffffff94][0xfffffff0][0xffffffdb]v[0xffffffa9][0xffffffd4][0xffffffca][0xffffffa5][0xffffff84][0xffffffcb][0xffffffb6][0xffffffcb]([0xffffffde][0xb])[0xffffffd1]UJ[0xffffffb4][0xffffff83]Z[0xffffff9c][0xfffffffd]v[0x1e]8%[0xffffffba]AJ[0xfffffff4][0xffffffc8]{"[0xffffffe0][0x1d]K[0xffffff89][0xffffffee][0xffffff94][0x12][0x11]E&%[0x14][0xffffff90]LJD,[0xfffffff3]Sb[0xffffff87]3;%vD[0xffffff9d]RB[0xffffffc8][0xffffff93]M[0x9][0xffffffe9]R6%[0xffffff84]Z[0xffffffb9][0xffffff94][0x8][0xffffffa6][0xffffffa5]R"[0xffffff88][0xfffffff7]BJ[0xc][0xffffff95][0x12]'[0xffffffb6][0xffffffa2][0xffffffea][0xffffffed]<pJ[0xc][0xffffff83][0xffffff94][0x18][0xffffff91][0xfffffff7]D[0xffffffc0][0x7][0xffffff96][0x12][0xffffffc3])%"[0xffffff8a]LJ( [0xffffff99][0xffffff94][0xffffff88]X[0xffffffe6][0xffffffa7][0xffffffc4][0xe]gvJ[0xffffffec][0xffffff88]:[0xffffffa5][0xffffff84][0xffffff90]'[0xffffff9b][0x12][0xffffffd2][0xffffffa5]lJ[0x8][0xffffffb5]r)[0x11]LK[0xffffffa5]D[0x10][0xffffffef][0xffffff85][0xffffff94]P[0xffffffdf][0xffffffe0]8[0xffffffe7][0xffffffa4][0xffffffbe][0xffffffc1]1[0xfffffff0]op[0xc][0xffffff83]op[0xc][0xffffffb1](>[0x11]p[0xffffffec][0x1b][0x1c]#[0xffffffac][0xffffff82]'S[0xffffffc2][0xffffffe4][0x1b][0x1c][0x12]H&%[0xc][0xffffffbe][0xffffffc1][0x11][0xffffffe0][0xffffffcc]N[0x9][0xffffffe3]op(y[0xffffffb2])[0xffffffe1][0xfffffff7][\r][0xe][0xffffffa5]V.%\[0xffffffbe][0xffffffc1][0x11][0xffffffc5]{!%[0xffffffd4]78[0xffffffce]U[0xffffffb1]m[0xffffff97][0xfffffff8]78[0xffffff86][0xffffffc1]78[0xffffff86]X[0x14][0xffffff9f][0x8]8[0xfffffff6][\r][0xffffff8e][0x11]V[0xffffffc1][0xffffff93])a[0xfffffff2][\r][0xe][0x9]$[0xffffff93][0x12][0x6][0xffffffdf][0xffffffe0][0x8]pf[0xffffffa7][0xffffff84][0xfffffff1]78[0xffffff94]<[0xffffffd9][0xffffff94][0xfffffff0][0xfffffffb][0x6][0xffffff87]R+[0xffffff97][0x12].[0xffffffdf][0xffffffe0][0xffffff88][0xffffffe2]}=%[0xffffffa6]Z[0xffffff9c]}[0xffffffae]N[0xffffffdd][0xffffff95][0xffffff98][0xfffffff8][0xffffffe2][0xffffffec]i[0xffffffb0]8{[0xffffff8a][0xffffffed][0xffffffae]y[0xffffff80]Olq[0xfffffff6][0xc][0xfffffffb][[0xffffffc1][0xffffff94][0x10](")![0xffffff81]DRB`[0xffffff99][0xffffff9e][0x12][0x1][0xffffffce][0xffffffe4][0xffffff94][0x8][0xffffff88][0x1a][0xffffffa5][0xffffff84][0xffffff92]'[0xffffff9a][0x12][0xffffffda][0xffffffa5]hJ([0xffffffb5]b)[0x11]M[0xb][0xffffffa5]D[0x14][0xffffffef][0xffffff85][0xffffff94]P[0xffffff8b][0xffffffb3][0xffffffcf][0xffffffb5][0xffffffa8][0xffffffbd][0x12][0x13]_[0xffffff9c]=[\r][0x16]gO[0xffffffb1][0xffffffdd]5[0x11]plq[0xfffffff6][0xc][0xfffffffb][[0xffffffc9][0xffffff94]0Y[0xffffff9c]-[0xffffff81]dR[0xffffffc2]`qv[0xffffff80]3;%[0xffffff8c][0x17]g+y[0xffffffb2])[0xffffffe1][0xffffffb7]8[[0xffffffa9][0xffffff95]K[0x9][0xffffff97][0xffffffc5][0xffffffd9]Q[0xffffffbc][0x17]R[0xffffffa2][0xffffff8a][0xffffff94][0xffffffe8][0xffffffc7][0xffffffaa]TJT<%[0xffffffaa]AJ[0xffffffd4][0xffffffc8]{"[0xffffffe0][0x15]K[0xffffff89][0xffffffea][0xffffff94][0x12][0x11]E&%[0x14][0xffffff90]LJD,[0xfffffff3]Sb[0xffffff87]3;%vD[0xffffff9d]RB[0xffffffc8][0xffffff93]M[0x9][0xffffffe9]R6%[0xffffff84]Z[0xffffffb9][0xffffff94][0x8][0xffffffa6][0xffffffa5]R"[0xffffff88][0xfffffff7]BJ[0xffffffa8][0x15]U[0xfffffffd][0xffffffec][0xffffff93]J[0x9]|E[0xffffffd5]4XQ5[0xffffffc5][0x1e][0xffffff95]D[0xffffffc0][0xffffffb1][0x15]U3lJ!S[0xffffffc2]dE[0xffffff95][0x4][0xffffff92]I[0x9][0xffffff83][0x15]U[0x1][0xffffffce][0xffffffec][0xffffff94]0^Q[0xffffffa5][0xffffffe4][0xffffffc9][0xffffffa6][0xffffff84][0xffffffdf][0xffffff8a]*[0xffffffa5]V.%\VTE[0xfffffff1]^H[0x9][0xffffffb5][0xffffffa2][0xffffffaa][0xffffff8f][0xffffff82][0xffffffa5][0x4][0xffffffbe][0xffffffa2]j[0x1a][0xffffffac][0xffffffa8][0xffffff9a]b[0xffffff8f]J"[0xffffffe0][0xffffffd8][0xffffff8a][0xffffffaa][0x19]6[0xffffffa5][0xffffff90])a[0xffffffb2][0xffffffa2]J[0x2][0xffffffc9][0xffffffa4][0xffffff84][0xffffffc1][0xffffff8a][0xffffffaa][0x0]gvJ[0x18][0xffffffaf][0xffffffa8]R[0xfffffff2]dS[0xffffffc2]oE[0xffffff95]R+[0xffffff97][0x12].+[0xffffffaa][0xffffffa2]x/[0xffffffa4][0xffffff84]ZQ5[0xffffff8e][0xffffff86][0xfffffffd][0xffffffc0][0xffffff81][0xffffffaf][0xffffffa8][0xffffff9a][0x6]+[0xffffffaa][0xffffffa6][0xffffffd8][0xffffffa3][0xffffff92][0x8]8[0xffffffb6][0xffffffa2]j[0xffffff86]M)dJ[0xffffff98][0xffffffac][0xffffffa8][0xffffff92]@2)a[0xffffffb0][0xffffffa2]*[0xffffffc0][0xffffff99][0xffffff9d][0x12][0xffffffc6]+[0xffffffaa][0xffffff94]<[0xffffffd9][0xffffff94][0xfffffff0][Q[0xffffffa5][0xffffffd4][0xffffffca][0xffffffa5][0xffffff84][0xffffffcb][0xffffff8a][0xffffffaa]([0xffffffde][0xb])[0xffffffa1]VT[0xffffff8d]z`)[0xffffff81][0xffffffaf][0xffffffa8][0xffffff9a][0x6]+[0xffffffaa][0xffffffa6][0xffffffd8][0xffffffa3][0xffffff92][0x8]8[0xffffffb6][0xffffffa2]j[0xffffff86]M)dJ[0xffffff98][0xffffffac][0xffffffa8][0xffffff92]@2)a[0xffffffb0][0xffffffa2]*[0xffffffc0][0xffffff99][0xffffff9d][0x12][0xffffffc6]+[0xffffffaa][0xffffff94]<[0xffffffd9][0xffffff94][0xfffffff0][Q[0xffffffa5][0xffffffd4][0xffffffca][0xffffffa5][0xffffff84][0xffffffcb][0xffffff8a][0xffffffaa]([0xffffffde][0xb])[0xffffffa1]VT[0xffffff8d][0xffffff81]-[0xffffffce][0xffffff9e][0xfffffff8][0xffffff8a][0xffffffaa]i[0xffffffb0][0xffffffa2]j[0xffffff8a]=*[0xffffff89][0xffffff80]c+[0xffffffaa]f[0xffffffd8][0xffffff94]B[0xffffffa6][0xffffff84][0xffffffc9][0xffffff8a]*[0x9]$[0xffffff93][0x12][0x6]+[0xffffffaa][0x2][0xffffff9c][0xffffffd9])a[0xffffffbc][0xffffffa2]J[0xffffffc9][0xffffff93]M[0x9][0xffffffbf][0x15]UJ[0xffffffad]\J[0xffffffb8][0xffffffac][0xffffffa8][0xffffff8a][0xffffffe2][0xffffffbd][0xffffff90][0x12]jE[0xffffffd5]X7,%[0xfffffff0][0x15]U[0xffffffd3]`E[0xffffffd5][0x14]{T[0x12][0x1][0xffffffc7]VT[0xffffffcd][0xffffffb0])[0xffffff85]L[0x9][0xffffff93][0x15]U[0x12]H&%[0xc]VT[0x5]8[0xffffffb3]S[0xffffffc2]xE[0xffffff95][0xffffff92]'[0xffffff9b][0x12]~+[0xffffffaa][0xffffff94]Z[0xffffffb9][0xffffff94]pYQ[0x15][0xffffffc5][0xfffffffb]zJ,[0xffffffb5][0xffffffa2]j[0xffffffd6][0xffffffa3]A)[0xffffffb1][0xfffffff0][0x15]U[0xffffffcb]`E[0xffffffd5][0x12]{T[0xfffffff2][0x0]_[0xffffffd8][0xffffff8a][0xffffffaa][0x15]6[0xffffffa5][0xffffff80])!PDRB[0x2][0xffffff89][0xffffffa4][0xffffff84][0xffffffc0]2=%[0x2][0xffffff9c][0xffffffc9])[0x11][0x10]5J[0x9]%O4%[0xffffffb4]K[0xffffffd1][0xffffff94]Pj[0xffffffc5]R"[0xffffff9a][0x16]J[0xffffff89]([0xffffffde][0xb])[0xffffffa1]VT[0xffffffcd]V[0xffffffa8][0xffffffbb][0x12][0xb]_Q[0xffffffb5][0xc]VT-[0xffffffb1]G%[0x11]plE[0xffffffd5][\n]"
12:49:33.316 [main] DEBUG org.apache.hc.client5.http.wire - http-outgoing-1 << "[0xffffff9b]R[0xffffffc8][0xffffff94]0YQ%[0xffffff81]dR[0xffffffc2]`EU[0xffffff80]3;%[0xffffff8c]WT)y[0xffffffb2])[0xffffffe1][0xffffffb7][0xffffffa2]J[0xffffffa9][0xffffff95]K[0x9][0xffffff97][0x15]UQ[0xffffffbc][0x17]R[0xffffffa2][0xffffffa8][0xffffff94][0xffffff98][0xffffff8d][0xfffffffa][0xffffff81][0xffffffe3][0xffffffed]<pJ[0x14][0xffffff83][0xffffff94]([0xffffff91][0xfffffff7]D[0xffffffc0][0xb][0xffffff96][0x12][0xffffffc5])%"[0xffffff8a]LJ( [0xffffff99][0xffffff94][0xffffff88]X[0xffffffe6][0xffffffa7][0xffffffc4][0xe]gvJ[0xffffffec][0xffffff88]:[0xffffffa5][0xffffff84][0xffffff90]'[0xffffff9b][0x12][0xffffffd2][0xffffffa5]lJ[0x8][0xffffffb5]r)[0x11]LK[0xffffffa5]D[0x10][0xffffffef][0xffffff85][0xffffff94][0xffffffa8]2%&[0xffffff96][0x12][0x15]O[0xffffff89]j[0xffffff90][0x12]5"
12:49:33.317 [main] DEBUG org.apache.hc.client5.http.wire - http-outgoing-1 << "[0xfffffff2][0xffffff9e][0x8]x[0xffffffc5]R[0xffffffa2]:[0xffffffa5]DD[0xffffff91]I[0x9][0x5]$[0xffffff93][0x12][0x11][0xffffffcb][0xfffffffc][0xffffff94][0xffffffd8][0xffffffe1][0xffffffcc]N[0xffffff89][0x1d]Q[0xffffffa7][0xffffff94][0x10][0xfffffff2]dSB[0xffffffba][0xffffff94]M[0x9][0xffffffa1]V.%[0xffffff82]i[0xffffffa9][0xffffff94][0x8][0xffffffe2][0xffffffbd][0xffffff90][0x12]j[0xffffffdb][0xffffffe5]\[0xffffffa5]P)[0xffffff81]o[0xffffffbb]\[0x6][0xffffffdb].[0xffffff97]X[0xffffffc9][0xffffff96][0x8]8[0xffffffb6][0xffffffed]r[0xffffff85][0xffffffa5]kdJ[0xffffff98]l[0xffffffbb][0xffffff94]@2)a[0xffffffb0][0xffffffed]2[0xffffffc0][0xffffff99][0xffffff9d][0x12][0xffffffc6][0xffffffdb].[0xffffff95]<[0xffffffd9][0xffffff94][0xfffffff0][0xffffffdb]v[0xffffffa9][0xffffffd4][0xffffffca][0xffffffa5][0xffffff84][0xffffffcb][0xffffffb6][0xffffffcb]([0xffffffde][0xb])[0xffffffa1][0xffffffb6]][0xffffffce]u[0x1e]TJ[0xffffffe0][0xffffffdb].[0xffffff97][0xffffffc1][0xffffffb6][0xffffffcb]%V[0xffffffb2]%[0x2][0xffffff8e]m[0xffffffbb]\a[0xffffffe9][0x1a][0xffffff99][0x12]&[0xffffffdb].%[0xffffff90]LJ[0x18]l[0xffffffbb][0xc]pf[0xffffffa7][0xffffff84][0xfffffff1][0xffffffb6]K%O6%[0xfffffffc][0xffffffb6]]*[0xffffffb5]r)[0xffffffe1][0xffffffb2][0xffffffed]2[0xffffff8a][0xfffffff7]BJ[0xffffffa8]m[0xffffff97][0xffffffeb]v[0x1b]TJ[0xffffffe0][0xffffffdb].[0xffffff97][0xffffffc1][0xffffffb6][0xffffffcb]%V[0xffffffb2]%[0x2][0xffffff8e]m[0xffffffbb]\a[0xffffffe9][0x1a][0xffffff99][0x12]&[0xffffffdb].%[0xffffff90]LJ[0x18]l[0xffffffbb][0xc]pf[0xffffffa7][0xffffff84][0xfffffff1][0xffffffb6]K%O6%[0xfffffffc][0xffffffb6]]*[0xffffffb5]r)[0xffffffe1][0xffffffb2][0xffffffed]2[0xffffff8a][0xfffffff7]BJ[0xffffffa8]m[0xffffff97][0xffffffeb]8[0xffffffa9]op,|[0xffffffdb][0xffffffe5]2[0xffffffd8]v[0xffffffb9][0xffffffc4]J[0xffffffb6]D[0xffffffc0][0xffffffb1]m[0xffffff97]+,]#S[0xffffffc2]d[0xffffffdb][0xffffffa5][0x4][0xffffff92]I[0x9][0xffffff83]m[0xffffff97][0x1][0xffffffce][0xffffffec][0xffffff94]0[0xffffffde]v[0xffffffa9][0xffffffe4][0xffffffc9][0xffffffa6][0xffffff84][0xffffffdf][0xffffffb6]K[0xffffffa5]V.%\[0xffffffb6]]F[0xfffffff1]^J[0xffffff89]b[0xffffff96][0x12][0x5]O[0xffffff89]b[0xffffff90][0x12][0x5]M[0xffffff89][0xffffff82][0xffffffa5]DqJ[0xffffff89][0x1d]E*%"[0xffffff90]TJ[0xffffffec]X[0x12])Q[0xffffffe0][0xffffff94]([0xffffffc6])[0x11][0xffffffe4]I[0xffffffa7][0xffffff84]p)[0xffffff9d][0x12]A[0xffffffad]dJ[0x14][0xffffff97][0xffffff94](?[0xffffff9d][0x12]jq[0xfffffff6][0xffffffea][0x15][0xffffffdb]+[0xffffff81]/[0xffffffce]^[0x6][0xffffff8b][0xffffffb3][0xffffff97][0xffffffd8][0xffffffee][0xffffff9a][0x8]8[0xffffffb6]8{[0xffffff85][0xfffffffd][0xffffffad]dJ[0xffffff98],[0xffffffce][0xffffff96]@2)a[0xffffffb0]8;[0xffffffc0][0xffffff99][0xffffff9d][0x12][0xffffffc6][0xffffff8b][0xffffffb3][0xffffff95]<[0xffffffd9][0xffffff94][0xfffffff0][[0xffffff9c][0xffffffad][0xffffffd4][0xffffffca][0xffffffa5][0xffffff84][0xffffffcb][0xffffffe2][0xffffffec]([0xffffffde][0xb])[0xffffffa1][0x16]g[0xffffffaf]y`w%[0xfffffff0][0xffffffc5][0xffffffd9][0xffffffcb]`q[0xfffffff6][0x12][0xffffffdb]][0x13][0x1][0xffffffc7][0x16]g[0xffffffaf][0xffffffb0][0xffffffbf][0xffffff95]L[0x9][0xffffff93][0xffffffc5][0xffffffd9][0x12]H&%[0xc][0x16]g[0x7]8[0xffffffb3]S[0xffffffc2]xq[0xffffffb6][0xffffff92]'[0xffffff9b][0x12]~[0xffffff8b][0xffffffb3][0xffffff95]Z[0xffffffb9][0xffffff94]pY[0xffffff9c][0x1d][0xffffffc5][0xfffffffb]rJ[0xffffffd4][0xffffffdb]-[0xfffffffe][0xffffffc0][0xffffffd1]o7j[0xffffffdb][0xffffffe5][0xffffffe3]<hJ[0xffffffbc][0xffffff9f][0xffffff80]M[0xffffff89][0xffffffcf]3[0x10])[0xfffffff1][0xfffffffe]t"%[0xffffffbe]?[0xffffffd9]!%[0x14][0xffffff8a]DJh [0xffffff89][0xffffff94]PXf[0xffffffa7]D[0xffffff84]37%"[0xffffffa2]>)![0xffffffe5]I[0xffffffa6][0xffffffc4][0x13][0xffffff97][0xffffff92])![0xffffffd5]J[0xffffffa5][0xffffff84]0-[0xffffff93][0x12]B[0xffffffbc][0xffffff97]R[0xffffffa2][0xffffff9a][0xffffffa5]D[0xffffffc5]S[0xffffffa2][0x1a][0xffffffa4]DES[0xffffffa2]b)Q[0xffffff9d]RbG[0xffffff91]J[0xffffff89][0x8]$[0xffffff95][0x12];[0xffffff96]DJT8%[0xffffffaa]qJ[0x4]y[0xffffffd2])!\J[0xffffffa7]DP+[0xffffff99][0x12][0xffffffd5]%%[0xffffffea]O[0xffffffa7][0xffffff84][0xfffffff8][0x6]G[0xffffffbf]5[0xffffffea]s^[0xffffff8f][0xfffffff3][0xffffffc0])[0xffffffc1][0x7f][0xffffff83][0xffffffe3][0xfffffff3][0xc]LJP[0xffffffdf][0xffffffe0][0xfffffff8][0xfffffffe]d[0xffffff8f][0xffffff94][0xfffffff0][0xfffffff8][0x6][0xffffff87][0x6][0xffffff92]I[0x9][0xfffffffe][0x1b][0x1c][0x11][0xffffffce][0xffffffec][0xffffff94][0xfffffff0][0xfffffffd][0x6][0xffffff87][0xffffff94]'[0xffffff9b][0x12]v[0xffffffdf][0xffffffe0][0xffffff90]j[0xffffffe5]R[0xffffffc2][0xffffffe4][0x1b][0x1c]B[0xffffffbc][0xffffff97]RB[0xfffffffc][0xffffffc0][0xffffff81][0xffffffa6][0x4][0xfffffffd][0x3][0xffffffc7]a[0xfffffff0][0x3][0xffffffc7][0x11][0xffffffdf][0xffffffc2][0xffffffa5][0x2]N[0xfffffffd][0xffffffc0]q8[0xfffffffd][0xffffffc0][0x11]Q[0xffffffa4]R[0xffffffc2][0xffffffe5][0x7][0xffffff8e][0xffffff88]%[0xffffff91][0x12][0xffffffec][0xf][0x1c];[0xffffffa2]^)a[0xfffffff6][0x3][0xffffff87]t)[0xffffff9d][0x12]F?p[0x4][0xffffffd3]r)[0xfffffff1][0xfffffff3]?p[0xffffff88][0x15]U[0xfffffffd]X[0xb][0xfffffffa][0x6][0xffffffc7][0xffffffe3]<pJ[0xfffffff0]+[0xffffffaa]>[0xffffffcf][0xffffffc0][0xffffffa4][0x4][0xffffffb5][0xffffffa2][0xffffffea][0xfffffffb][0xffffff93]=R[0xffffffc2]cE[0xffffff95][0x6][0xffffff92]I[0x9]~EU[0xffffff84]3;%|WTIy[0xffffffb2])a[0xffffffb7][0xffffffa2]J[0xffffffaa][0xffffff95]K[0x9][0xffffff93][0x15]UB[0xffffffbc][0xffffff97]R"[0xffffffbe][0xffffff95]`S[0xffffff82]~+[0xffffffd1][\r][0xffffffde]J[0xfffffff4][0xffffff98][0xffffffce][0xffffffa9][0xffffff80]So%[0xffffffba][0xffffffd3][[0xffffff89][0xffffff88]"[0xffffff95][0x12].o%"[0xffffff96]DJ[0xffffffb0]o%vD[0xffffffbd]R[0xffffffc2][0xffffffec][0xffffffad][0xffffff84]t)[0xffffff9d][0x12]Fo%[0xffffff82]i[0xffffffb9][0xffffff94][0xfffffff8][0xfffffff9][0xffffffb7][0x12]b[0xffffffdb]e/[0xffffffb7][0xffffffd9][0xffffffa8][0xffffff94][0xffffffa0][0xffffffb7]][0xffffffbe][0xffffff9f][0xffffff80]N[0x9]r[0xffffffdb][0xffffffe5][0xfffffffb][0xffffffd3][0xffffff99][0xffffff94]0[0xffffffda]v[0xffffffa9]PdR[0xffffffc2]e[0xffffffdb][0xffffffa5][0xffffffc2]2?%[0xffffffd8]m[0xffffff97][0x11]Q[0xffffffa7][0xffffff94]0[0xffffffdb]v[0xfffffff9][0xffffffc4][0xffffffa5]lJ[0x18]m[0xffffffbb][0x14][0xffffffa6][0xffffffa5]R[0xffffffe2][0xffffffe7][0xffffffb7]][0xffffffd6][0xffffff9b]XQ[0xffffffd5][0xffffffcb][0xfffffffd][0xffffffff]P)A[0xffffffaf][0xffffffa8]z?[0x1][0xffffff9d][0x12][0xffffffe4][0xffffff8a][0xffffffaa][0xfffffff7][0xffffffa7]3)a[0xffffffb4][0xffffffa2]J[0xffffffa1][0xffffffc8][0xffffffa4][0xffffff84][0xffffffcb][0xffffff8a]*[0xffffff85]e~J[0xffffffb0]+[0xffffffaa]"[0xffffffa2]N)a[0xffffffb6][0xffffffa2][0xffffffea][0xffffff89]K[0xffffffd9][0xffffff94]0ZQ%LK[0xffffffa5][0xffffffc4][0xffffffcf][0xffffffaf][0xffffffa8][0xffffffaa]7[0xffffffb1][0xffffffa2][0xffffffea][0xffffff9e][0x12][0x1d][0xfffffffa]2[0xffffffe8][0xffffffe3]<pJ[0xfffffff0]+[0xffffffaa]>[0xffffffcf][0xffffffc0][0xffffffa4][0x4][0xffffffb5][0xffffffa2][0xffffffea][0xfffffffb][0xffffff93]=R[0xffffffc2]cE[0xffffff95][0x6][0xffffff92]I[0x9]~EU[0xffffff84]3;%|WTIy[0xffffffb2])a[0xffffffb7][0xffffffa2]J[0xffffffaa][0xffffff95]K[0x9][0xffffff93][0x15]UB[0xffffffbc][0xffffffaf][0xffffffa7][0xffffffc4]q[0xffffff93])[0xffffffb1][0x16][0xffffff94][0x12]o[0xffffffe7]aS[0xffffffe2]q[0x2]8%[0xffffffbe][0xffffff9f][0x1]I[0xffffff89][0xffffffc7][0xffffffd3][0xffffff91][0xffffff94][0xfffffff8][0xfffffff6]d[0xffffff8b][0xffffff94][0x10](")![0xffffff81]DRB`[0xffffff99][0xffffff9e][0x12][0x1][0xffffffce][0xffffffe4][0xffffff94][0x8][0xffffff88][0x1a][0xffffffa5][0xffffff84][0xffffff92]'[0xffffff9a][0x12][0xffffffda][0xffffffa5]hJ([0xffffffb5]b)[0x11]M[0xb][0xffffffa5]D[0x14][0xffffffef][0xffffff85][0xffffff94]P{%J[0x1d][0xffffffd4][[0xffffff89][0x3][0xffffffdf]+q[0x18][0xffffffec][0xffffff95]8[0xffffffc4][0xfffffff0]s"[0xffffffe0][0xffffffd8]^[0xffffff89]#[0xffffff8c]7[0xffffff93])a[0xffffffb2]WB[0x2][0xffffffc9][0xffffffa4][0xffffff84][0xffffffc1]^[0xffffff89][0x0]gvJ[0x18][0xffffffef][0xffffff95]P[0xfffffff2]dS[0xffffffc2]o[0xffffffaf][0xffffff84]R+[0xffffff97][0x12].{%[0xffffffa2]x/[0xffffffa4]DQ)q[0xffffffde][0xffffffa8][0xffffffbb][0x12]o[0xffffffe7][0xffffff81]S[0xffffffa2][0x18][0xffffffa4]D[0xffffff89][0xffffffbc]'[0x2]^[0xffffffb0][0xffffff94](N)[0x11]QdRB[0x1][0xffffffc9][0xffffffa4]D[0xffffffc4]2?%v8[0xffffffb3]SbG[0xffffffd4])%[0xffffff84]<[0xffffffd9][0xffffff94][0xffffff90].eSB[0xffffffa8][0xffffff95]K[0xffffff89]`Z*%[0xffffff82]x/[0xffffffa5]D[0x1c][0x6]eS[0x2][0x1e][0x6]}[0xffffff9c][0xffffff80]O[0x9]p[0x18][0xfffffff4][0xfffffff1]t*%|[0xffffff86]A[0x5][0xffffff8a]TJ[0xffffff98][0xc][0xffffff83][\n]"
12:49:33.318 [main] DEBUG org.apache.hc.client5.http.wire - http-outgoing-1 << ",[0xffffff89][0xffffff94]@[0xffffff87]A[0x3][0xffffffa2]^)[0xffffffe1]5[0xc][0xffffffaa]]J[0xffffffa7][0xffffff84][0xffffffcf]0h4-[0xffffff97][0x12]?=[0xc]z[0xffffffff]7[0xffffff9a]YJ4<%[0xffffff9a]AJ44%[0x1a][0xffffff96][0x12][0xffffffcd])"
12:49:33.318 [main] DEBUG org.apache.hc.client5.http.wire - http-outgoing-1 << "%v[0x14][0xffffffa9][0xffffff94][0xffffff88]@R)[0xffffffb1]cI[0xffffffa4]D[0xffffff83]S[0xffffffa2][0x19][0xffffffa7]D[0xffffff90]'[0xffffff9d][0x12][0xffffffc2][0xffffffa5]tJ[0x4][0xffffffb5][0xffffff92])[0xffffffd1]\R[0xffffffa2][0xfffffffd][0x1d]R[0xffffffe2]p[0xfffffffb][0xffffff85][0xffffffe3][0xffffffe0][0x7f][0xffffffe2][0xffffffb8][0x1f][0xffffff81][0xffffffaf][0xffffff89][0xffffff8f]CP9qp[0xffffffbf]r[0x1c]V?s[0x4][0x1e][0xffffffa9][0xffffffa2][0x10]TRI[0x11][0xffffffd8]$[0xffffff9a][0xffffffe2][0xffffffa0][0x7f][0xffffffea]8[0xffffff9c][0x7f][0xffffffeb][0xffffff88][0x1a][0xffffffa5][0xffffffb3]BY[0xffffff95][0xffffffee][0xffffff8a](Y2,v[0xffffffe7]re[0xffffffb1]+[0xfffffff8]RZ[0x14][0xffffffbb]_<[0xc]~[0xfffffff2][0xffffffb0][0xfffffff8][0xffffffcd][0x3][0xfffffffe][0xffffffd1][0x3][0xfffffffc][0xffffffd5][0xffffffc3][0xffffffeb]g[0xf][0xffffff9b][0xffffffdf]=[0xffffff8c]~[0xfffffff8][0xffffffb0][0xfffffff8][0xffffffe5][0x3][0xffffffff][0xffffffe9][0xffffffc3][0xfffffffa][0xffffffb7][0xf][0xffffffbf][0x1f]?[0x1c][0x7f][0xfffffffd][0xfffffff0][0xfffffffa][0xfffffff9][0xffffffc3][0xffffffe7][0xfffffff7][0xffffff8f][0xffffff9f][0xfffffff8][0x1][0xffffffa4]=[0xfffffffe][0xffffff91]r[0xffffff8a]k[0xffffff99][0xffffffe7][0xffffffb9]FzY|[0xffffff9e][0xffffff87][\n]"
12:49:33.318 [main] DEBUG org.apache.hc.client5.http.wire - http-outgoing-1 << "[0xffffff8b]/'[0xffffffc0][0xffffffba]b;CrV|yzrU[0xfffffffc][0xfffffffa][0xffffffc9]pT<E1[0xffffffb9])~[0x0]drR<[0xffffffc5]2[0xffffffb1]([0xffffff9e][0xffffffc0][0xffffff99][0x16][0x14]O[0x10][0xffffffb5][0xffffffe8][0xffffff89][0xffffffe7][0xfffffff2][0xffffff84]r[0xffffffe2]G.[0xffffff85]j[0xffffffe2][0xffffffb9]Z[0xffffff81][0xffffff98]xf[0xffffffda][0xfffffff4][0xffffff96]x&[0xffffffde][0xb])[0xffffffa1]>[0xfffffff7]u[0xfffffff6][0xffffff81][0xffffffa5][0x4][0xfffffff8][0xffffffb9][0xffffffaf]/'[0xffffffa0]S[0x2][0xfffffffa][0xffffffdc][0xffffffd7][0xffffff97][0xffffffa7]3)[0xffffffe1][0xfffffff1][0xffffffb9][0xffffffaf][0xffffffa7](2)a[0xfffffff0][0xffffffb9][0xffffffaf][0xffffffa7]X[0xffffffe6][0xffffffa7][0x4][0xfffffff6][0xffffffb9][0xffffffaf]'[0xffffff88]:[0xffffffa5][0xffffff84][0xffffffcf][0xffffffe7][0xffffffbe]~[0xffffffe4]R6%<>[0xfffffff7][0xfffffff5][0xffffffcc][0xffffffb4]TJ[0xfffffffc][0xffffffd4][0xffffffe7][0xffffffbe]>[0xfffffffe][\r][0xffffffb5]X[0xffffffbb][0xffffffd7]U[0xffffffa9][0xffffff94][0x0][0x17]k[0x7f]9[0x1][0xffffff9d][0x12][0xffffffd0]b[0xffffffed]/OgR[0xffffffc2]c[0xffffffb1][0xfffffff6]S[0x14][0xffffff99][0xffffff94]0X[0xffffffac][0xfffffffd][0x14][0xffffffcb][0xfffffffc][0xffffff94][0xffffffc0][0x16]k?A[0xffffffd4])%|[0x16]k[0xffffffff][0xffffffc8][0xffffffa5]lJx,[0xffffffd6]~fZ*%~j[0xffffffb1][0xfffffff6][0xffffffc7][0xffffffbf][0xffffffa1][0x16]k[0xfffffff7]q[0xffffffe6]o[0xffffffc3][0xfffffffc]<[0xf][0xffffff9c][0x12][0xffffffe8]b[0xffffffed][0xffffffed][0xc]LJ[0x0][0xffffff8b][0xffffffb5][0x7f][0xfffffffd]d[0xffffff8f][0xffffff94][0xffffffc0][0x17]k[0xffffffff][0x0]H&%[0xffffffd0][0xffffffc5][0xffffffda]O[0xffffffe0][0xffffffcc]N[0x9][0xffffffcb][0xffffffc5][0xffffffda][0xffffffcf][0xffffffe5][0xffffffc9][0xffffffa6][0xffffff84][0xffffffd3]b[0xffffffed][0xffffffe7]j[0xffffffe5]R[0xffffff82]_[0xffffffac][0xfffffffd]L[0xffffffbc][0xffffffaf][0xffffffa7]DU[0xffffff8b][0xffffffb5][0xfffffffb][0xffffffea][0x13]J[0xffffff89][\n]"
12:49:33.319 [main] DEBUG org.apache.hc.client5.http.wire - http-outgoing-1 << ".[0xffffffd6][0xfffffffe]r[0x2]8%[0xffffffaa][0xffffffd8][0xfffffffe][0xffffff9a][0x7]x[0x5][0x16]k[0xffffffff][0xfffffffa][0xffffffc9][0x16])!PDRB[0x2][0xffffff89][0xffffffa4][0xffffff84][0xffffffc0]2=%[0x2][0xffffff9c][0xffffffc9])[0x11][0x10]5J[0x9]%O4%[0xffffffb4]K[0xffffffd1][0xffffff94]Pj[0xffffffc5]R"[0xffffff9a][0x16]J[0xffffff89]([0xffffffde][0xb])[0xffffffa1][0x16]k[0xffffff8f]cRo%*[0xffffffb8]X[0xfffffffb][0xffffffcb][0x9][0xffffffe8][0xffffff94][0xffffff80][0x16]k[0x7f]y:[0xffffff93][0x12][0x1e][0xffffff8b][0xffffffb5][0xffffff9f][0xffffffa2][0xffffffc8][0xffffffa4][0xffffff84][0xffffffc1]b[0xffffffed][0xffffffa7]X[0xffffffe6][0xffffffa7][0x4][0xffffffb6]X[0xfffffffb][0x9][0xffffffa2]N)[0xffffffe1][0xffffffb3]X[0xfffffffb]G.eS[0xffffffc2]c[0xffffffb1][0xfffffff6]3[0xffffffd3]R)[0xfffffff1]S[0xffffff8b][0xffffffb5]?[0xfffffffe][\r][0xffffffb5]X{[0xffffffd4]yR)[0x1].[0xffffffd6][0xfffffffe]r[0x2]:%[0xffffffa0][0xffffffc5][0xffffffda]_[0xffffff9e][0xffffffce][0xffffffa4][0xffffff84][0xffffffc7]b[0xffffffed][0xffffffa7](2)a[0xffffffb0]X[0xfffffffb])[0xffffff96][0xfffffff9])[0xffffff81]-[0xffffffd6]~[0xffffff82][0xffffffa8]SJ[0xfffffff8],[0xffffffd6][0xfffffffe][0xffffff91]K[0xffffffd9][0xffffff94][0xfffffff0]X[0xffffffac][0xfffffffd][0xffffffcc][0xffffffb4]TJ[0xfffffffc][0xffffffd4]b[0xffffffed][0xffffff8f][0x7f][0xffffffa3][0xffffffaa][0xffffff94]h\JT<%[0xffffffaa]AJ[0xffffffd4][0xffffffc8]{"[0xffffffe0][0x15]K[0xffffff89][0xffffffea][0xffffff94][0x12][0x11]E&%[0x14][0xffffff90]LJD,[0xfffffff3]Sb[0xffffff87]3;%vD[0xffffff9d]RB[0xffffffc8][0xffffff93]M[0x9][0xffffffe9]R6%[0xffffff84]Z[0xffffffb9][0xffffff94][0x8][0xffffffa6][0xffffffa5]R"[0xffffff88][0xfffffff7]BJ4[0xffffff95][0x12]g[0xffffffb9]Q)[0xffffffd1][0xfffffff0][0xffffff94]h[0x6])[0xffffffd1]"[0xffffffef][0xffffff89][0xffffff80]7,%[0xffffff9a]SJD[0x14][0xffffff99][0xffffff94]P@2)[0x11][0xffffffb1][0xffffffcc]O[0xffffff89][0x1d][0xffffffce][0xffffffec][0xffffff94][0xffffffd8][0x11]uJ[0x9]!O6%[0xffffffa4]K[0xffffffd9][0xffffff94][0x10]j[0xffffffe5]R"[0xffffff98][0xffffff96]J[0xffffff89] [0xffffffde][0xb])[0xffffffa1]VT[0xffffff8d][0xffffffb3][0x17]*%[0xfffffff0][0x15]U[0xffffffd5]`EU[0x15]{T[0x12][0x1][0xffffffc7]VT[0xffffffd5][0xffffffb0])[0xffffff85]L[0x9][0xffffff93][0x15]U[0x12]H&%[0xc]VT[0x5]8[0xffffffb3]S[0xffffffc2]xE[0xffffff95][0xffffff92]'[0xffffff9b][0x12]~+[0xffffffaa][0xffffff94]Z[0xffffffb9][0xffffff94]pYQ[0x15][0xffffffc5]{!%[0xffffffd4][0xffffff8a][0xffffffaa]q.[0xffffffec][0xffffffda]%[0xffffffbe][0xffffffa2][0xffffffaa][0x1a][0xffffffac][0xffffffa8][0xffffffaa]b[0xffffff8f]J"[0xffffffe0][0xffffffd8][0xffffff8a][0xffffffaa][0x1a]6[0xffffffa5][0xffffff90])a[0xffffffb2][0xffffffa2]J[0x2][0xffffffc9][0xffffffa4][0xffffff84][0xffffffc1][0xffffff8a][0xffffffaa][0x0]gvJ[0x18][0xffffffaf][0xffffffa8]R[0xfffffff2]dS[0xffffffc2]oE[0xffffff95]R+[0xffffff97][0x12].+[0xffffffaa][0xffffffa2]x/[0xffffffa4][0xffffffc4]P)[0xffffffd1][0x1b][0xfffffff6]Vb[0xffffffe0])1[0xc]RbD[0xffffffde][0x13][0x1][0x1f]XJ[0xc][0xffffffa7][0xffffff94][0xffffff88](2)[0xffffffa1][0xffffff80]dR"b[0xffffff99][0xffffff9f][0x12];[0xffffff9c][0xffffffd9])[0xffffffb1]#[0xffffffea][0xffffff94][0x12]B[0xffffff9e]lJH[0xffffff97][0xffffffb2])![0xffffffd4][0xffffffca][0xffffffa5]D0-[0xffffff95][0x12]A[0xffffffbc][0x17]RBm[0xffffffbb][0x1c]ca{%[0xfffffff0]m[0xffffff97][0xffffffd5]`[0xffffffdb]e[0x15]+[0xffffffd9][0x12][0x1][0xffffffc7][0xffffffb6]][0xffffffd6][0xffffffb0]t[0xffffff8d]L[0x9][0xffffff93]m[0xffffff97][0x12]H&%[0xc][0xffffffb6]][0x6]8[0xffffffb3]S[0xffffffc2]x[0xffffffdb][0xffffffa5][0xffffff92]'[0xffffff9b][0x12]~[0xffffffdb].[0xffffff95]Z[0xffffffb9][0xffffff94]p[0xffffffd9]v[0x19][0xffffffc5]{!%[0xffffffd4][0xffffffb6][0xffffffcb]yT[0xffffffec][0xffffffad][0x4][0xffffffbe][0xffffffed][0xffffffb2][0x1a]l[0xffffffbb][0xffffffac]b%["[0xffffffe0][0xffffffd8][0xffffffb6][0xffffffcb][0x1a][0xffffff96][0xffffffae][0xffffff91])a[0xffffffb2][0xffffffed]R[0x2][0xffffffc9][0xffffffa4][0xffffff84][0xffffffc1][0xffffffb6][0xffffffcb][0x0]gvJ[0x18]o[0xffffffbb]T[0xfffffff2]dS[0xffffffc2]o[0xffffffdb][0xffffffa5]R+[0xffffff97][0x12].[0xffffffdb].[0xffffffa3]x[0x7f][0xffffff98][0x12][0xffffffff][0xfffffff5][0x7f][0xfffffffd]o[0xffffffff][0x1f]A[0xffffffd6][0xffffff9f]k[0xffffffa8][0x1a][0xe][0x0]"
12:49:33.383 [main] DEBUG org.apache.hc.client5.http.impl.classic.InternalHttpClient - ep-0000000002 releasing valid endpoint
12:49:33.383 [main] DEBUG org.apache.hc.client5.http.impl.io.PoolingHttpClientConnectionManager - ep-0000000002 releasing endpoint
12:49:33.384 [main] DEBUG org.apache.hc.client5.http.impl.io.PoolingHttpClientConnectionManager - ep-0000000002 connection http-outgoing-1 can be kept alive for 3 MINUTES
12:49:33.384 [main] DEBUG org.apache.hc.client5.http.impl.io.PoolingHttpClientConnectionManager - ep-0000000002 connection released [route: {s}->https://googlechromelabs.github.io:443][total available: 2; route allocated: 1 of 5; total allocated: 2 of 25]
12:49:33.384 [main] INFO io.github.bonigarcia.wdm.WebDriverManager - Using chromedriver 122.0.6261.94 (resolved driver for Chrome 122)
12:49:33.386 [main] DEBUG io.github.bonigarcia.wdm.cache.ResolutionCache - Storing resolution chrome=122 in cache (valid until 13:49:33 06/03/2024 IST)
12:49:33.389 [main] DEBUG io.github.bonigarcia.wdm.cache.ResolutionCache - Storing resolution chrome122=122.0.6261.94 in cache (valid until 12:49:33 07/03/2024 IST)
12:49:33.411 [main] DEBUG io.github.bonigarcia.wdm.WebDriverManager - Driver chromedriver 122.0.6261.94 found in cache
12:49:33.411 [main] INFO io.github.bonigarcia.wdm.WebDriverManager - Exporting webdriver.chrome.driver as C:\Users\loges\.cache\selenium\chromedriver\win64\122.0.6261.94\chromedriver.exe
  Given user launches the browser # stepDefinitions.LoginSteps_Facebook.user_launches_the_browser()
]]></system-out>
  </testcase>
  <testcase name="Login with Valid Credentials" classname="Login to Facebook" time="17.45">
    <system-out><![CDATA[
Scenario Outline: Login with Valid Credentials                                  # src/test/resources/features/login_facebook.feature:13
12:49:34.685 [main] DEBUG io.github.bonigarcia.wdm.WebDriverManager - Using WebDriverManager 5.7.0
12:49:34.693 [main] DEBUG io.github.bonigarcia.wdm.cache.ResolutionCache - Resolution chrome=122 in cache (valid until 13:49:33 06/03/2024 IST)
12:49:34.693 [main] DEBUG io.github.bonigarcia.wdm.cache.ResolutionCache - Resolution chrome122=122.0.6261.94 in cache (valid until 12:49:33 07/03/2024 IST)
12:49:34.693 [main] INFO io.github.bonigarcia.wdm.WebDriverManager - Using chromedriver 122.0.6261.94 (resolved driver for Chrome 122)
12:49:34.699 [main] DEBUG io.github.bonigarcia.wdm.WebDriverManager - Driver chromedriver 122.0.6261.94 found in cache
12:49:34.700 [main] INFO io.github.bonigarcia.wdm.WebDriverManager - Exporting webdriver.chrome.driver as C:\Users\loges\.cache\selenium\chromedriver\win64\122.0.6261.94\chromedriver.exe
  Given User navigates to the Facebook login page at "https://www.facebook.com" # stepDefinitions.LoginSteps_Facebook.user_navigates_to_the_facebook_login_page_at(java.lang.String)
  When User enters username as "valid" and password as "valid"                  # stepDefinitions.LoginSteps_Facebook.user_enters_username_as_and_password_as(java.lang.String,java.lang.String)
  Then User should be able to login by clicking on the login button             # stepDefinitions.LoginSteps_Facebook.user_should_be_able_to_login_by_clicking_on_the_login_button()
]]></system-out>
  </testcase>
</testsuite>